 48 cpus are detected and 48 of them will be used...

generating signal for each motif and condition...

generating signal for condition 5F1 

generating signal for condition 5F2 

generating signal for condition 5F3 

generating signal for condition BG1 

generating signal for condition BG3 

generating signal for condition Fen1 

generating signal for condition Fen2 

generating signal for condition Fen3 

generating signal for condition Fluni1 

generating signal for condition Fluni2 

generating signal for condition HC1 

generating signal for condition HC2 

generating signal for condition HQ1 

generating signal for condition HQ2 

generating signal for condition Myr1 

generating signal for condition Myr2 

generating signal for condition Myr3 

generating signal for condition Nerol1 

generating signal for condition Nerol2 

generating signal for condition Nerol3 

generating signal for condition PBS1 

generating signal for condition PBS2 

generating signal for condition PBS3 

generating signal for condition PBSa1 

generating signal for condition PBSa2 

generating signal for condition PBSa3 

signal generation is done!

generating line plot for each motif...


[total time: 65h 5m 33s]
