
	Position file = /project/lbarreiro/USERS/ellen/KnightMolecules/demultiplexed/FastQ/15_transcriptionFactorMotifs//annotateInput_DOWN_fluni.txt
	Genome = mm10
	Output Directory = /project/lbarreiro/USERS/ellen/KnightMolecules/demultiplexed/FastQ/15_transcriptionFactorMotifs//tfMotifOutput_DOWN_fluni/
	Fragment size set to 500
	Will use repeat masked sequences
	Using 3 CPUs
	background position file: /project/lbarreiro/USERS/ellen/KnightMolecules/demultiplexed/FastQ/13_mashr//annotateInput.txt
	Found mset for "mouse", will check against vertebrates motifs
Argument "start" isn't numeric in addition (+) at /project/lbarreiro/USERS/ellen/programs/homer/bin/bed2pos.pl line 103, <IN> line 1.
	Peak/BED file conversion summary:
		BED/Header formatted lines: 6423
		peakfile formatted lines: 0

	Peak File Statistics:
		Total Peaks: 6423
		Redundant Peak IDs: 0
		Peaks lacking information: 0 (need at least 5 columns per peak)
		Peaks with misformatted coordinates: 1 (should be integer)
		Peaks with misformatted strand: 0 (should be either +/- or 0/1)

	Peak file looks good!

	Peak/BED file conversion summary:
		BED/Header formatted lines: 74314
		peakfile formatted lines: 0
	Max distance to merge: 500 bp
	Calculating co-bound peaks relative to reference: /project/lbarreiro/USERS/ellen/KnightMolecules/demultiplexed/FastQ/15_transcriptionFactorMotifs//tfMotifOutput_DOWN_fluni//bg.clean.pos

	Comparing peaks: (peakfile, overlapping peaks, logRatio(obs/expected), logP)
	**	/project/lbarreiro/USERS/ellen/KnightMolecules/demultiplexed/FastQ/15_transcriptionFactorMotifs//tfMotifOutput_DOWN_fluni//target.clean..pos	6422	3.30	-21420.57

	**	Pairwise stats are approx with fixed distance (-d 500) and -cobound #
		They get worse as the size increases and peaks from a single file start overlapping
		To get accurate ones, adjust peak sizes first with adjustPeakFile.pl and
		then rerun mergePeaks with the "-d given" option (only applies to -cobound #)

	Co-bound by 0 peaks: 67892
	Co-bound by 1 peaks: 6422 (max: 6422 effective total)
Argument "end" isn't numeric in addition (+) at /project/lbarreiro/USERS/ellen/programs/homer/bin/resizePosFile.pl line 65, <IN> line 1.
	Custom genome sequence directory: /project/lbarreiro/USERS/ellen/programs/homer/.//data/genomes/mm10//

	Extracting sequences from directory: /project/lbarreiro/USERS/ellen/programs/homer/.//data/genomes/mm10//
	Extracting 5382 sequences from chr1
	Extracting 5868 sequences from chr2
	Extracting 4084 sequences from chr3
	Extracting 4408 sequences from chr4
	Extracting 4489 sequences from chr5
	Extracting 4281 sequences from chr6
	Extracting 4457 sequences from chr7
	Extracting 3685 sequences from chr8
	Extracting 3850 sequences from chr9
	Extracting 4100 sequences from chr10
	Extracting 4676 sequences from chr11
	Extracting 3152 sequences from chr12
	Extracting 3723 sequences from chr13
	Extracting 2993 sequences from chr14
	Extracting 2979 sequences from chr15
	Extracting 2573 sequences from chr16
	Extracting 3101 sequences from chr17
	Extracting 2417 sequences from chr18
	Extracting 2137 sequences from chr19
	Extracting 1959 sequences from chrX
	!!Could not open file for chromosome (.fa or .fa.masked)
		6692 of 74314 removed because they had >70.00% Ns (i.e. masked repeats)

	Not removing redundant sequences


	Sequences processed:
		Auto detected maximum sequence length of 501 bp
		67622 total

	Frequency Bins: 0.2 0.25 0.3 0.35 0.4 0.45 0.5 0.6 0.7 0.8
	Freq	Bin	Count
	0.25	1	5
	0.3	2	151
	0.35	3	1403
	0.4	4	6199
	0.45	5	14138
	0.5	6	16975
	0.6	7	19482
	0.7	8	7442
	0.8	9	1824
	10	10	3
	Bin	# Targets	# Background	Background Weight
	2	2	149	0.143
	3	81	1322	0.653
	4	406	5793	0.747
	5	1165	12973	0.957
	6	1831	15144	1.289
	7	2093	17389	1.283
	8	214	7228	0.316
	9	6	1818	0.035
	Normalizing lower order oligos using homer2

	Reading input files...
	67614 total sequences read
	Autonormalization: 1-mers (4 total)
		A	25.75%	25.69%	1.002
		C	24.25%	24.31%	0.997
		G	24.25%	24.31%	0.997
		T	25.75%	25.69%	1.002
	Autonormalization: 2-mers (16 total)
		AA	7.16%	7.25%	0.987
		CA	7.84%	7.61%	1.030
		GA	6.47%	6.43%	1.007
		TA	4.28%	4.40%	0.974
		AC	5.41%	5.35%	1.011
		CC	6.66%	6.75%	0.988
		GC	5.70%	5.79%	0.985
		TC	6.47%	6.43%	1.007
		AG	8.15%	8.10%	1.005
		CG	1.60%	1.85%	0.864
		GG	6.66%	6.75%	0.988
		TG	7.84%	7.61%	1.030
		AT	5.03%	4.98%	1.010
		CT	8.15%	8.10%	1.005
		GT	5.41%	5.35%	1.011
		TT	7.16%	7.25%	0.987
	Autonormalization: 3-mers (64 total)
	Normalization weights can be found in file: /project/lbarreiro/USERS/ellen/KnightMolecules/demultiplexed/FastQ/15_transcriptionFactorMotifs//tfMotifOutput_DOWN_fluni//seq.autonorm.tsv
	Converging on autonormalization solution:
	...............................................................................
	Final normalization:	Autonormalization: 1-mers (4 total)
		A	25.75%	25.76%	1.000
		C	24.25%	24.24%	1.000
		G	24.25%	24.24%	1.000
		T	25.75%	25.76%	1.000
	Autonormalization: 2-mers (16 total)
		AA	7.16%	7.17%	0.998
		CA	7.84%	7.78%	1.007
		GA	6.47%	6.46%	1.002
		TA	4.28%	4.34%	0.988
		AC	5.41%	5.40%	1.002
		CC	6.66%	6.68%	0.998
		GC	5.70%	5.70%	1.000
		TC	6.47%	6.46%	1.002
		AG	8.15%	8.16%	0.998
		CG	1.60%	1.62%	0.990
		GG	6.66%	6.68%	0.998
		TG	7.84%	7.78%	1.007
		AT	5.03%	5.02%	1.002
		CT	8.15%	8.16%	0.998
		GT	5.41%	5.40%	1.002
		TT	7.16%	7.17%	0.998
	Autonormalization: 3-mers (64 total)
	Finished preparing sequence/group files

	----------------------------------------------------------
	Known motif enrichment

	Reading input files...
	67614 total sequences read
	440 motifs loaded
	Cache length = 11180
	Using binomial scoring
	Checking enrichment of 440 motif(s)
	|0%                                    50%                                  100%|
	=================================================================================
	Preparing HTML output with sequence logos...
		1 of 440 (1e-30) CEBP(bZIP)/ThioMac-CEBPb-ChIP-Seq(GSE21512)/Homer
		2 of 440 (1e-22) RUNX(Runt)/HPC7-Runx1-ChIP-Seq(GSE22178)/Homer
		3 of 440 (1e-21) RUNX2(Runt)/PCa-RUNX2-ChIP-Seq(GSE33889)/Homer
		4 of 440 (1e-20) Egr2(Zf)/Thymocytes-Egr2-ChIP-Seq(GSE34254)/Homer
		5 of 440 (1e-17) RUNX1(Runt)/Jurkat-RUNX1-ChIP-Seq(GSE29180)/Homer
		6 of 440 (1e-16) RUNX-AML(Runt)/CD4+-PolII-ChIP-Seq(Barski_et_al.)/Homer
		7 of 440 (1e-15) Egr1(Zf)/K562-Egr1-ChIP-Seq(GSE32465)/Homer
		8 of 440 (1e-13) Fos(bZIP)/TSC-Fos-ChIP-Seq(GSE110950)/Homer
		9 of 440 (1e-13) Atf3(bZIP)/GBM-ATF3-ChIP-Seq(GSE33912)/Homer
		10 of 440 (1e-13) AP-1(bZIP)/ThioMac-PU.1-ChIP-Seq(GSE21512)/Homer
		11 of 440 (1e-12) MITF(bHLH)/MastCells-MITF-ChIP-Seq(GSE48085)/Homer
		12 of 440 (1e-12) CEBP:AP1(bZIP)/ThioMac-CEBPb-ChIP-Seq(GSE21512)/Homer
		13 of 440 (1e-12) BATF(bZIP)/Th17-BATF-ChIP-Seq(GSE39756)/Homer
		14 of 440 (1e-11) Atf7(bZIP)/3T3L1-Atf7-ChIP-Seq(GSE56872)/Homer
		15 of 440 (1e-11) JunB(bZIP)/DendriticCells-Junb-ChIP-Seq(GSE36099)/Homer
		16 of 440 (1e-11) Fra1(bZIP)/BT549-Fra1-ChIP-Seq(GSE46166)/Homer
		17 of 440 (1e-11) Fra2(bZIP)/Striatum-Fra2-ChIP-Seq(GSE43429)/Homer
		18 of 440 (1e-11) Ronin(THAP)/ES-Thap11-ChIP-Seq(GSE51522)/Homer
		19 of 440 (1e-10) Atf1(bZIP)/K562-ATF1-ChIP-Seq(GSE31477)/Homer
		20 of 440 (1e-10) GFY-Staf(?,Zf)/Promoter/Homer
		21 of 440 (1e-9) Atf2(bZIP)/3T3L1-Atf2-ChIP-Seq(GSE56872)/Homer
		22 of 440 (1e-9) NFIL3(bZIP)/HepG2-NFIL3-ChIP-Seq(Encode)/Homer
		23 of 440 (1e-8) Elf4(ETS)/BMDM-Elf4-ChIP-Seq(GSE88699)/Homer
		24 of 440 (1e-8) HLF(bZIP)/HSC-HLF.Flag-ChIP-Seq(GSE69817)/Homer
		25 of 440 (1e-8) CREB5(bZIP)/LNCaP-CREB5.V5-ChIP-Seq(GSE137775)/Homer
		26 of 440 (1e-7) Fosl2(bZIP)/3T3L1-Fosl2-ChIP-Seq(GSE56872)/Homer
		27 of 440 (1e-7) Rfx1(HTH)/NPC-H3K4me1-ChIP-Seq(GSE16256)/Homer
		28 of 440 (1e-7) c-Jun-CRE(bZIP)/K562-cJun-ChIP-Seq(GSE31477)/Homer
		29 of 440 (1e-7) Rfx5(HTH)/GM12878-Rfx5-ChIP-Seq(GSE31477)/Homer
		30 of 440 (1e-6) RFX(HTH)/K562-RFX3-ChIP-Seq(SRA012198)/Homer
		31 of 440 (1e-6) ETS1(ETS)/Jurkat-ETS1-ChIP-Seq(GSE17954)/Homer
		32 of 440 (1e-6) ERG(ETS)/VCaP-ERG-ChIP-Seq(GSE14097)/Homer
		33 of 440 (1e-6) EHF(ETS)/LoVo-EHF-ChIP-Seq(GSE49402)/Homer
		34 of 440 (1e-6) WT1(Zf)/Kidney-WT1-ChIP-Seq(GSE90016)/Homer
		35 of 440 (1e-6) ELF5(ETS)/T47D-ELF5-ChIP-Seq(GSE30407)/Homer
		36 of 440 (1e-6) GFY(?)/Promoter/Homer
		37 of 440 (1e-5) SpiB(ETS)/OCILY3-SPIB-ChIP-Seq(GSE56857)/Homer
		38 of 440 (1e-5) X-box(HTH)/NPC-H3K4me1-ChIP-Seq(GSE16256)/Homer
		39 of 440 (1e-5) ETV1(ETS)/GIST48-ETV1-ChIP-Seq(GSE22441)/Homer
		40 of 440 (1e-5) ELF3(ETS)/PDAC-ELF3-ChIP-Seq(GSE64557)/Homer
		41 of 440 (1e-5) BMAL1(bHLH)/Liver-Bmal1-ChIP-Seq(GSE39860)/Homer
		42 of 440 (1e-5) KLF14(Zf)/HEK293-KLF14.GFP-ChIP-Seq(GSE58341)/Homer
		43 of 440 (1e-5) PU.1(ETS)/ThioMac-PU.1-ChIP-Seq(GSE21512)/Homer
		44 of 440 (1e-4) Mef2a(MADS)/HL1-Mef2a.biotin-ChIP-Seq(GSE21529)/Homer
		45 of 440 (1e-4) Mef2d(MADS)/Retina-Mef2d-ChIP-Seq(GSE61391)/Homer
		46 of 440 (1e-4) bHLHE41(bHLH)/proB-Bhlhe41-ChIP-Seq(GSE93764)/Homer
		47 of 440 (1e-4) Mef2b(MADS)/HEK293-Mef2b.V5-ChIP-Seq(GSE67450)/Homer
		48 of 440 (1e-4) Rfx2(HTH)/LoVo-RFX2-ChIP-Seq(GSE49402)/Homer
		49 of 440 (1e-4) Jun-AP1(bZIP)/K562-cJun-ChIP-Seq(GSE31477)/Homer
		50 of 440 (1e-3) CRE(bZIP)/Promoter/Homer
		51 of 440 (1e-3) Mef2c(MADS)/GM12878-Mef2c-ChIP-Seq(GSE32465)/Homer
		52 of 440 (1e-3) RAR:RXR(NR),DR5/ES-RAR-ChIP-Seq(GSE56893)/Homer
		53 of 440 (1e-3) Etv2(ETS)/ES-ER71-ChIP-Seq(GSE59402)/Homer
		54 of 440 (1e-3) CLOCK(bHLH)/Liver-Clock-ChIP-Seq(GSE39860)/Homer
		55 of 440 (1e-3) JunD(bZIP)/K562-JunD-ChIP-Seq/Homer
		56 of 440 (1e-3) NPAS(bHLH)/Liver-NPAS-ChIP-Seq(GSE39860)/Homer
		57 of 440 (1e-3) Usf2(bHLH)/C2C12-Usf2-ChIP-Seq(GSE36030)/Homer
		58 of 440 (1e-3) ZNF143|STAF(Zf)/CUTLL-ZNF143-ChIP-Seq(GSE29600)/Homer
		59 of 440 (1e-3) GABPA(ETS)/Jurkat-GABPa-ChIP-Seq(GSE17954)/Homer
		60 of 440 (1e-3) NPAS2(bHLH)/Liver-NPAS2-ChIP-Seq(GSE39860)/Homer
		61 of 440 (1e-3) GATA3(Zf),DR8/iTreg-Gata3-ChIP-Seq(GSE20898)/Homer
		62 of 440 (1e-2) Foxo1(Forkhead)/RAW-Foxo1-ChIP-Seq(Fan_et_al.)/Homer
		63 of 440 (1e-2) USF1(bHLH)/GM12878-Usf1-ChIP-Seq(GSE32465)/Homer
		64 of 440 (1e-2) Fli1(ETS)/CD8-FLI-ChIP-Seq(GSE20898)/Homer
		65 of 440 (1e-2) Rbpj1(?)/Panc1-Rbpj1-ChIP-Seq(GSE47459)/Homer
		66 of 440 (1e-2) ETS:RUNX(ETS,Runt)/Jurkat-RUNX1-ChIP-Seq(GSE17954)/Homer
		67 of 440 (1e-2) EWS:FLI1-fusion(ETS)/SK_N_MC-EWS:FLI1-ChIP-Seq(SRA014231)/Homer
		68 of 440 (1e-2) KLF6(Zf)/PDAC-KLF6-ChIP-Seq(GSE64557)/Homer
		69 of 440 (1e-2) bHLHE40(bHLH)/HepG2-BHLHE40-ChIP-Seq(GSE31477)/Homer
		70 of 440 (1e-2) MNT(bHLH)/HepG2-MNT-ChIP-Seq(Encode)/Homer
		71 of 440 (1e-2) OCT:OCT(POU,Homeobox)/NPC-Brn1-ChIP-Seq(GSE35496)/Homer
		72 of 440 (1e-2) MafA(bZIP)/Islet-MafA-ChIP-Seq(GSE30298)/Homer
		73 of 440 (1e-2) Max(bHLH)/K562-Max-ChIP-Seq(GSE31477)/Homer
		74 of 440 (1e-2) SCL(bHLH)/HPC7-Scl-ChIP-Seq(GSE13511)/Homer
	----------------------------------------------------------
	De novo motif finding (HOMER)

	Number of Trial motifs (-T) set to 9 (from 10) to work well with 3 CPUs
	Scanning input files...
	Parsing sequences...
	|0%                                   50%                                  100%|
	================================================================================
	Total number of Oligos: 32896
	Autoadjustment for sequence coverage in background: 1.00x

	Oligos: 32896 of 34497 max
	Tree  : 67084 of 172485 max
	Optimizing memory usage...
	Cache length = 11180
	Using binomial scoring

	Global Optimization Phase: Looking for enriched oligos with up to 2 mismatches...

	Screening oligos 32896 (allowing 0 mismatches):
	|0%                                   50%                                  100%|
	================================================================================
		0.12% skipped, 99.88% checked (32858 of 32896), of those checked:
		0.12% not in target, 0.00% increased p-value, 0.00% high p-value

	Screening oligos 32896 (allowing 1 mismatches):
	|0%                                   50%                                  100%|
	================================================================================
		0.12% skipped, 99.88% checked (32858 of 32896), of those checked:
		0.00% not in target, 46.73% increased p-value, 59.59% high p-value

	Screening oligos 32896 (allowing 2 mismatches):
	|0%                                   50%                                  100%|
	================================================================================
		74.54% skipped, 25.46% checked (8374 of 32896), of those checked:
		0.00% not in target, 22.94% increased p-value, 0.00% high p-value
	Reading input files...
	67614 total sequences read
	Cache length = 11180
	Using binomial scoring

	Local Optimization Phase:
	1 of 25 Initial Sequence: TGTGGTTA... (-38.095)
		Round 1: -75.74 TGTGGTTA T:2751.0(37.78%),B:22409.1(30.36%),P:1e-32
		Round 2: -82.66 TGTGGTTA T:3675.0(46.95%),B:30418.5(38.80%),P:1e-35
		Round 3: -88.43 TGTGGTTG T:3834.0(48.38%),B:31551.0(39.91%),P:1e-38
		Round 4: -88.43 TGTGGTTG T:3834.0(48.38%),B:31551.0(39.91%),P:1e-38
		=Final=: -87.40 TGTGGTTG T:2960.0(51.05%),B:26263.0(42.58%),P:1e-37
		Performing exhaustive masking of motif...
		Reprioritizing potential motifs...
	2 of 25 Initial Sequence: CTCGTGAC... (-34.269)
		Round 1: -44.11 CTCGTGAC T:2280.0(32.52%),B:19595.1(27.12%),P:1e-19
		Round 2: -54.27 CTCGTGAC T:3069.0(41.10%),B:26398.9(34.70%),P:1e-23
		Round 3: -55.66 CACGTGAC T:2151.0(31.00%),B:17840.7(25.02%),P:1e-24
		Round 4: -55.66 CACGTGAC T:2151.0(31.00%),B:17840.7(25.02%),P:1e-24
		=Final=: -53.14 CACGTGAC T:1638.0(28.25%),B:13944.2(22.61%),P:1e-23
		Performing exhaustive masking of motif...
		Reprioritizing potential motifs...
	3 of 25 Initial Sequence: TTTCGCAA... (-31.617)
		Round 1: -52.19 TTTCGCAA T:2007.0(29.26%),B:16665.6(23.59%),P:1e-22
		Round 2: -52.19 TTTCGCAA T:2007.0(29.26%),B:16665.6(23.59%),P:1e-22
		=Final=: -43.02 TTTCGCAA T:1578.0(27.22%),B:13700.1(22.21%),P:1e-18
		Performing exhaustive masking of motif...
		Reprioritizing potential motifs...
	4 of 25 Initial Sequence: TGACGTCA... (-25.226)
		Round 1: -33.94 TGACGTCA T:1226.0(19.06%),B:10229.8(15.22%),P:1e-14
		Round 2: -37.83 TGABGTCA T:996.0(15.79%),B:7963.6(12.06%),P:1e-16
		Round 3: -37.83 TGABGTCA T:996.0(15.79%),B:7963.6(12.06%),P:1e-16
		=Final=: -34.82 TGABGTCA T:895.0(15.44%),B:7342.2(11.90%),P:1e-15
		Performing exhaustive masking of motif...
		Reprioritizing potential motifs...
	5 of 25 Initial Sequence: TGACTCAT... (-23.058)
		Round 1: -34.80 TGACTCAT T:2580.0(35.92%),B:22980.9(30.99%),P:1e-15
		Round 2: -34.80 TGACTCAT T:2580.0(35.92%),B:22980.9(30.99%),P:1e-15
		=Final=: -43.20 TGACTCAT T:2162.0(37.29%),B:19571.5(31.73%),P:1e-18
		Performing exhaustive masking of motif...
		Reprioritizing potential motifs...
	6 of 25 Initial Sequence: GGAAGCGG... (-18.692)
		Round 1: -28.71 GGAAGCGG T:2670.0(36.91%),B:24275.0(32.42%),P:1e-12
		Round 2: -28.71 GGAAGCGG T:2670.0(36.91%),B:24275.0(32.42%),P:1e-12
		=Final=: -21.79 GGAAGCGG T:2060.0(35.53%),B:19560.4(31.71%),P:1e-9
		Performing exhaustive masking of motif...
		Reprioritizing potential motifs...
	7 of 25 Initial Sequence: AAAAAAGA... (-16.632)
		Round 1: -8.04 AAAAAAGA T:3174.0(42.16%),B:31586.5(39.95%),P:1e-3
		Round 2: -8.51 AAAAAAGG T:3666.0(46.87%),B:36518.6(44.54%),P:1e-3
		Round 3: -8.51 AAAAAAGG T:3666.0(46.87%),B:36518.6(44.54%),P:1e-3
		=Final=: -5.14 AAAAAAGG T:209.0(3.60%),B:1860.5(3.02%),P:1e-2
		Performing exhaustive masking of motif...
		Reprioritizing potential motifs...
	8 of 25 Initial Sequence: TTACCCAA... (-14.711)
		Round 1: -31.05 TTACCCAA T:850.0(13.64%),B:6858.1(10.48%),P:1e-13
		Round 2: -31.05 TTACCCAA T:850.0(13.64%),B:6858.1(10.48%),P:1e-13
		=Final=: -31.66 TTACCCAA T:705.0(12.16%),B:5646.3(9.15%),P:1e-13
		Performing exhaustive masking of motif...
		Reprioritizing potential motifs...
	9 of 25 Initial Sequence: TATGACAC... (-13.963)
		Round 1: -29.77 TATGACAC T:823.0(13.23%),B:6660.2(10.19%),P:1e-12
		Round 2: -29.77 TATGACAC T:823.0(13.23%),B:6660.2(10.19%),P:1e-12
		=Final=: -26.37 TATGACAC T:748.0(12.90%),B:6217.7(10.08%),P:1e-11
		Performing exhaustive masking of motif...
		Reprioritizing potential motifs...
	10 of 25 Initial Sequence: TGGTTACT... (-12.491)
		Round 1: -18.38 TGGTTACT T:1370.0(21.05%),B:12401.9(18.14%),P:1e-7
		Round 2: -18.65 TGGTTACW T:2430.0(34.24%),B:22780.2(30.77%),P:1e-8
		Round 3: -18.65 TGGTTACW T:2430.0(34.24%),B:22780.2(30.77%),P:1e-8
		=Final=: -18.64 TGGTTACW T:1806.0(31.15%),B:17133.5(27.78%),P:1e-8
		Performing exhaustive masking of motif...
		Reprioritizing potential motifs...
	11 of 25 Initial Sequence: CGTTACCC... (-11.705)
		Round 1: -12.46 CGTTACSC T:43.0(0.74%),B:205.5(0.33%),P:1e-5
		Round 2: -12.46 CGTTACSC T:43.0(0.74%),B:205.5(0.33%),P:1e-5
		=Final=: -13.19 CGTTACSC T:43.0(0.74%),B:204.5(0.33%),P:1e-5
		Performing exhaustive masking of motif...
		Reprioritizing potential motifs...
	12 of 25 Initial Sequence: GTTCCTCC... (-11.541)
		Round 1: -14.02 GTTCCTCC T:1047.0(16.52%),B:9524.4(14.25%),P:1e-6
		Round 2: -15.22 GTTCCGCC T:542.0(8.93%),B:4595.8(7.15%),P:1e-6
		Round 3: -15.92 GTTCCGCC T:1026.0(16.22%),B:9208.8(13.81%),P:1e-6
		Round 4: -20.03 CTTCCTCC T:2393.0(33.82%),B:22282.8(30.21%),P:1e-8
		Round 5: -20.56 STTCCTCA T:3234.0(42.75%),B:30505.8(38.89%),P:1e-8
		Round 6: -20.56 STTCCTCA T:3234.0(42.75%),B:30505.8(38.89%),P:1e-8
		=Final=: -20.68 STTCCTCA T:2461.0(42.45%),B:23799.9(38.59%),P:1e-8
		Performing exhaustive masking of motif...
		Reprioritizing potential motifs...
	13 of 25 Initial Sequence: GGCGTTGC... (-11.156)
		Round 1: -15.10 GGCGTTGC T:68.0(1.17%),B:363.1(0.58%),P:1e-6
		Round 2: -15.10 GGCGTTGC T:68.0(1.17%),B:363.1(0.58%),P:1e-6
		=Final=: -14.25 GGCGTTGC T:66.0(1.14%),B:361.7(0.59%),P:1e-6
		Performing exhaustive masking of motif...
		Reprioritizing potential motifs...
	14 of 25 Initial Sequence: TATGACGG... (-10.873)
		Round 1: -20.65 TATGACGG T:462.0(7.66%),B:3660.6(5.74%),P:1e-8
		Round 2: -20.65 TATGACGG T:462.0(7.66%),B:3660.6(5.74%),P:1e-8
		=Final=: -19.35 TATGACGG T:466.0(8.04%),B:3782.7(6.13%),P:1e-8
		Performing exhaustive masking of motif...
		Reprioritizing potential motifs...
	15 of 25 Initial Sequence: CGGAGTTA... (-10.656)
		Round 1: -14.80 CGGAGTTA T:76.0(1.30%),B:427.4(0.69%),P:1e-6
		Round 2: -14.80 CGGAGTTA T:76.0(1.30%),B:427.4(0.69%),P:1e-6
		=Final=: -14.73 CGGAGTTA T:75.0(1.29%),B:424.9(0.69%),P:1e-6
		Performing exhaustive masking of motif...
		Reprioritizing potential motifs...
	16 of 25 Initial Sequence: AGTGGGTG... (-10.524)
		Round 1: -19.95 AGTGGGTG T:827.0(13.29%),B:7083.7(10.81%),P:1e-8
		Round 2: -19.95 AGTGGGTG T:827.0(13.29%),B:7083.7(10.81%),P:1e-8
		=Final=: -18.26 AGTGGGTG T:506.0(8.73%),B:4194.8(6.80%),P:1e-7
		Performing exhaustive masking of motif...
		Reprioritizing potential motifs...
	17 of 25 Initial Sequence: GCTTACGC... (-10.371)
		Round 1: -19.45 GCTTACGC T:1020.0(16.13%),B:8954.6(13.46%),P:1e-8
		Round 2: -24.91 KCTTWCGC T:557.0(9.16%),B:4392.1(6.84%),P:1e-10
		Round 3: -25.31 KCTTWCGN T:490.0(8.10%),B:3767.4(5.90%),P:1e-10
		Round 4: -25.31 KCTTWCGN T:490.0(8.10%),B:3767.4(5.90%),P:1e-10
		=Final=: -22.72 KCTTWCGN T:459.0(7.92%),B:3617.2(5.86%),P:1e-9
		Performing exhaustive masking of motif...
		Reprioritizing potential motifs...
	18 of 25 Initial Sequence: CAGTCAGC... (-10.180)
		Round 1: -15.31 CAGTCAGC T:586.0(9.61%),B:5009.1(7.77%),P:1e-6
		Round 2: -15.31 CAGTCAGC T:586.0(9.61%),B:5009.1(7.77%),P:1e-6
		=Final=: -16.02 CAGTCAGC T:560.0(9.66%),B:4791.0(7.77%),P:1e-6
		Performing exhaustive masking of motif...
		Reprioritizing potential motifs...
	19 of 25 Initial Sequence: CCCGTGAC... (-9.924)
		Round 1: -16.08 CCCGTGAC T:1771.0(26.32%),B:16501.1(23.39%),P:1e-6
		Round 2: -16.08 CCCGTGAC T:1771.0(26.32%),B:16501.1(23.39%),P:1e-6
		=Final=: -15.54 CCCGTGAC T:1494.0(25.77%),B:14131.4(22.91%),P:1e-6
		Performing exhaustive masking of motif...
		Reprioritizing potential motifs...
	20 of 25 Initial Sequence: GAAACATG... (-9.987)
		Round 1: -10.87 GAAACATG T:211.0(3.57%),B:1665.3(2.65%),P:1e-4
		Round 2: -10.87 GAAACATG T:211.0(3.57%),B:1665.3(2.65%),P:1e-4
		=Final=: -10.27 GAAACATG T:206.0(3.55%),B:1643.2(2.66%),P:1e-4
		Performing exhaustive masking of motif...
		Reprioritizing potential motifs...
	Remaining seeds don't look promising (After initial 5 motifs, logp -9.397 > -9.763)

	Finalizing Enrichment Statistics (new in v3.4)
	Reading input files...
	67614 total sequences read
	Cache length = 11180
	Using binomial scoring
	Checking enrichment of 20 motif(s)
	|0%                                    50%                                  100%|
	=================================================================================
	Output in file: /project/lbarreiro/USERS/ellen/KnightMolecules/demultiplexed/FastQ/15_transcriptionFactorMotifs//tfMotifOutput_DOWN_fluni//homerMotifs.motifs8


	Number of Trial motifs (-T) set to 9 (from 10) to work well with 3 CPUs
	Scanning input files...
	Parsing sequences...
	|0%                                   50%                                  100%|
	================================================================================
	Total number of Oligos: 523645
	Autoadjustment for sequence coverage in background: 1.00x

	Oligos: 523645 of 551887 max
	Tree  : 1069648 of 2759435 max
	Optimizing memory usage...
	Cache length = 11180
	Using binomial scoring

	Global Optimization Phase: Looking for enriched oligos with up to 2 mismatches...

	Screening oligos 523645 (allowing 0 mismatches):
	|0%                                   50%                                  100%|
	================================================================================
		18.85% skipped, 81.15% checked (424919 of 523645), of those checked:
		18.85% not in target, 0.00% increased p-value, 0.00% high p-value

	Screening oligos 523645 (allowing 1 mismatches):
	|0%                                   50%                                  100%|
	================================================================================
		18.85% skipped, 81.15% checked (424919 of 523645), of those checked:
		0.00% not in target, 33.63% increased p-value, 51.75% high p-value

	Screening oligos 523645 (allowing 2 mismatches):
	|0%                                   50%                                  100%|
	================================================================================
		80.77% skipped, 19.23% checked (100721 of 523645), of those checked:
		0.00% not in target, 12.89% increased p-value, 0.00% high p-value
	Reading input files...
	67614 total sequences read
	Cache length = 11180
	Using binomial scoring

	Local Optimization Phase:
	1 of 25 Initial Sequence: TGTGGGCGGA... (-40.511)
		Round 1: -74.04 TGTGGGCGGA T:1155.0(18.06%),B:8334.8(12.59%),P:1e-32
		Round 2: -90.54 TGTGGGHGGA T:1523.0(23.10%),B:11069.3(16.36%),P:1e-39
		Round 3: -101.46 TGTGGGHGGR T:2405.0(33.96%),B:18368.4(25.66%),P:1e-44
		Round 4: -102.29 TGTGGGHGGA T:1996.0(29.13%),B:14804.6(21.26%),P:1e-44
		Round 5: -102.29 TGTGGGHGGA T:1996.0(29.13%),B:14804.6(21.26%),P:1e-44
		=Final=: -95.98 TGTGGGHGGA T:1647.0(28.41%),B:12865.5(20.86%),P:1e-41
		Performing exhaustive masking of motif...
		Reprioritizing potential motifs...
	2 of 25 Initial Sequence: CTTGCGCAAT... (-38.732)
		Round 1: -63.92 CTTGCGCAAT T:1045.0(16.49%),B:7638.2(11.60%),P:1e-27
		Round 2: -78.27 CTTGCGCAAT T:1900.0(27.94%),B:14713.0(21.14%),P:1e-33
		Round 3: -85.69 CTTGCGCAAT T:1524.0(23.12%),B:11208.7(16.55%),P:1e-37
		Round 4: -92.15 CTTKCGCAAT T:1949.0(28.55%),B:14703.0(21.13%),P:1e-40
		Round 5: -99.05 STTDCGCAAT T:2167.0(31.19%),B:16385.0(23.24%),P:1e-43
		Round 6: -99.05 STTDCGCAAT T:2167.0(31.19%),B:16385.0(23.24%),P:1e-43
		=Final=: -95.32 STTDCGCAAT T:1467.0(25.30%),B:11181.4(18.13%),P:1e-41
		Performing exhaustive masking of motif...
		Reprioritizing potential motifs...
	3 of 25 Initial Sequence: TATGACGTCA... (-30.905)
		Round 1: -46.79 TATGACGTCA T:2839.0(38.72%),B:24673.1(32.86%),P:1e-20
		Round 2: -47.63 DATGACVTCA T:1708.0(25.52%),B:14110.5(20.37%),P:1e-20
		Round 3: -54.16 DATGACSTCA T:1708.0(25.52%),B:13847.4(20.03%),P:1e-23
		Round 4: -59.86 BRTGACSTCA T:1524.0(23.12%),B:11982.3(17.59%),P:1e-25
		Round 5: -67.90 NRTGACVTCA T:1592.0(24.01%),B:12324.3(18.04%),P:1e-29
		Round 6: -67.90 NRTGACVTCA T:1592.0(24.01%),B:12324.3(18.04%),P:1e-29
		=Final=: -48.39 NRTGACVTCA T:1160.0(20.01%),B:9455.6(15.33%),P:1e-21
		Performing exhaustive masking of motif...
		Reprioritizing potential motifs...
	4 of 25 Initial Sequence: TGAGTCACGC... (-24.834)
		Round 1: -35.88 TGAGTCACGC T:2018.0(29.40%),B:17573.7(24.70%),P:1e-15
		Round 2: -44.40 TGAGTCACKC T:1592.0(24.01%),B:13180.9(19.17%),P:1e-19
		Round 3: -44.40 TGAGTCACKC T:1592.0(24.01%),B:13180.9(19.17%),P:1e-19
		=Final=: -35.52 TGAGTCACKC T:1200.0(20.70%),B:10256.8(16.63%),P:1e-15
		Performing exhaustive masking of motif...
		Reprioritizing potential motifs...
	5 of 25 Initial Sequence: GTGTTGCAAC... (-20.796)
		Round 1: -38.62 GTGTTGCAAC T:649.0(10.59%),B:4830.2(7.50%),P:1e-16
		Round 2: -38.62 GTGTTGCAAC T:649.0(10.59%),B:4830.2(7.50%),P:1e-16
		=Final=: -27.55 GTGTTGCAAC T:346.0(5.97%),B:2482.5(4.03%),P:1e-11
		Performing exhaustive masking of motif...
		Reprioritizing potential motifs...
	6 of 25 Initial Sequence: TACAACTCCC... (-19.955)
		Round 1: -39.69 TACAACTCCC T:153.0(2.60%),B:742.5(1.19%),P:1e-17
		Round 2: -39.69 TACAACTCCC T:153.0(2.60%),B:742.5(1.19%),P:1e-17
		=Final=: -35.15 TACAACTCCC T:144.0(2.48%),B:725.1(1.18%),P:1e-15
		Performing exhaustive masking of motif...
		Reprioritizing potential motifs...
	7 of 25 Initial Sequence: ATCACATGAC... (-19.921)
		Round 1: -34.26 ATCACATGAC T:1370.0(21.05%),B:11556.9(17.02%),P:1e-14
		Round 2: -34.26 ATCACATGAC T:1370.0(21.05%),B:11556.9(17.02%),P:1e-14
		=Final=: -35.09 ATCACATGAC T:1198.0(20.66%),B:10252.8(16.62%),P:1e-15
		Performing exhaustive masking of motif...
		Reprioritizing potential motifs...
	8 of 25 Initial Sequence: AGACCACAAT... (-18.197)
		Round 1: -28.79 AGACCACAAT T:409.0(6.81%),B:2961.4(4.67%),P:1e-12
		Round 2: -33.82 AAACCACAAT T:1605.0(24.18%),B:13785.2(19.95%),P:1e-14
		Round 3: -51.86 AAACCACAAT T:1889.0(27.81%),B:15599.8(22.26%),P:1e-22
		Round 4: -51.86 AAACCACAAT T:1889.0(27.81%),B:15599.8(22.26%),P:1e-22
		=Final=: -52.01 AAACCACAAT T:1606.0(27.70%),B:13666.5(22.16%),P:1e-22
		Performing exhaustive masking of motif...
		Reprioritizing potential motifs...
	9 of 25 Initial Sequence: CGACCGGGTG... (-16.710)
		Round 1: -16.80 CGACCGGGTG T:7.0(0.12%),B:3.9(0.00%),P:1e-7
		Round 2: -16.80 CGACCGGGTG T:7.0(0.12%),B:3.9(0.00%),P:1e-7
		=Final=: -17.64 CGACCGGGTG T:7.0(0.12%),B:3.9(0.01%),P:1e-7
		Performing exhaustive masking of motif...
		Reprioritizing potential motifs...
	10 of 25 Initial Sequence: AAGTGCGACC... (-16.710)
		Round 1: -21.39 AAGTGCGACC T:11.0(0.19%),B:7.4(0.01%),P:1e-9
		Round 2: -21.39 AAGTGCGACC T:11.0(0.19%),B:7.4(0.01%),P:1e-9
		=Final=: -22.72 AAGTGCGACC T:11.0(0.19%),B:7.4(0.01%),P:1e-9
		Performing exhaustive masking of motif...
		Reprioritizing potential motifs...
	11 of 25 Initial Sequence: TTGCAATATG... (-16.031)
		Round 1: -22.80 TTGCAATATG T:61.0(1.05%),B:249.5(0.40%),P:1e-9
		Round 2: -28.44 TTGCAATATG T:99.0(1.69%),B:463.5(0.74%),P:1e-12
		Round 3: -28.44 TTGCAATATG T:99.0(1.69%),B:463.5(0.74%),P:1e-12
		=Final=: -28.81 TTGCAATATG T:98.0(1.69%),B:456.8(0.74%),P:1e-12
		Performing exhaustive masking of motif...
		Reprioritizing potential motifs...
	12 of 25 Initial Sequence: ACGCTTCCTC... (-15.964)
		Round 1: -35.01 ACGCTTCCTC T:1827.0(27.03%),B:15816.8(22.53%),P:1e-15
		Round 2: -35.01 ACGCTTCCTC T:1827.0(27.03%),B:15816.8(22.53%),P:1e-15
		=Final=: -35.84 ACGCTTCCTC T:1553.0(26.79%),B:13725.7(22.25%),P:1e-15
		Performing exhaustive masking of motif...
		Reprioritizing potential motifs...
	13 of 25 Initial Sequence: GTTCCCCAAT... (-15.885)
		Round 1: -21.30 GTTCCCCAAT T:278.0(4.68%),B:1997.0(3.17%),P:1e-9
		Round 2: -23.70 GTTCCCCAAT T:163.0(2.77%),B:990.0(1.58%),P:1e-10
		Round 3: -25.06 GTTCBCCAAN T:179.0(3.04%),B:1101.1(1.76%),P:1e-10
		Round 4: -25.06 GTTCBCCAAN T:179.0(3.04%),B:1101.1(1.76%),P:1e-10
		=Final=: -26.30 GTTCBCCAAN T:178.0(3.07%),B:1085.3(1.76%),P:1e-11
		Performing exhaustive masking of motif...
		Reprioritizing potential motifs...
	14 of 25 Initial Sequence: ACCCGATTTC... (-15.732)
		Round 1: -17.10 ACCCGATTTC T:9.0(0.16%),B:6.2(0.01%),P:1e-7
		Round 2: -17.10 ACCCGATTTC T:9.0(0.16%),B:6.2(0.01%),P:1e-7
		=Final=: -18.47 ACCCGATTTC T:9.0(0.16%),B:6.2(0.01%),P:1e-8
		Performing exhaustive masking of motif...
		Reprioritizing potential motifs...
	15 of 25 Initial Sequence: TTTGGTCATA... (-15.187)
		Round 1: -24.88 TTTGGTCATA T:80.0(1.37%),B:361.1(0.58%),P:1e-10
		Round 2: -24.88 TTTGGTCATA T:80.0(1.37%),B:361.1(0.58%),P:1e-10
		=Final=: -23.81 TTTGGTCATA T:78.0(1.35%),B:359.8(0.58%),P:1e-10
		Performing exhaustive masking of motif...
		Reprioritizing potential motifs...
	16 of 25 Initial Sequence: GCTTTCTGTT... (-14.610)
		Round 1: -14.61 GCTTTCTGTT T:48.0(0.82%),B:222.3(0.36%),P:1e-6
		Round 2: -14.61 GCTTTCTGTT T:48.0(0.82%),B:222.3(0.36%),P:1e-6
		=Final=: -11.17 GCTTTCTGTT T:43.0(0.74%),B:222.3(0.36%),P:1e-4
		Performing exhaustive masking of motif...
		Reprioritizing potential motifs...
	17 of 25 Initial Sequence: CCGCTAACCT... (-14.442)
		Round 1: -16.08 CCGCTAACCT T:10.0(0.17%),B:9.3(0.01%),P:1e-6
		Round 2: -16.08 CCGCTAACCT T:10.0(0.17%),B:9.3(0.01%),P:1e-6
		=Final=: -17.55 CCGCTAACCT T:10.0(0.17%),B:9.3(0.02%),P:1e-7
		Performing exhaustive masking of motif...
		Reprioritizing potential motifs...
	18 of 25 Initial Sequence: GCTCGTGACA... (-14.181)
		Round 1: -27.87 NCTCGTGACN T:1646.0(24.72%),B:14489.2(20.86%),P:1e-12
		Round 2: -28.22 NCTCGTGACH T:241.0(4.07%),B:1556.7(2.48%),P:1e-12
		Round 3: -32.19 NCTCGTGACN T:338.0(5.66%),B:2288.5(3.63%),P:1e-13
		Round 4: -32.89 NCTCGTGACH T:789.0(12.72%),B:6239.7(9.58%),P:1e-14
		Round 5: -33.39 NCTYGTGACH T:2352.0(33.35%),B:20895.7(28.63%),P:1e-14
		Round 6: -34.46 NCTYGTGACW T:2447.0(34.43%),B:21736.4(29.60%),P:1e-14
		Round 7: -35.01 NCTYGTGACN T:1927.0(28.28%),B:16756.7(23.70%),P:1e-15
		Round 8: -35.01 NCTYGTGACN T:1927.0(28.28%),B:16756.7(23.70%),P:1e-15
		=Final=: -42.12 NCTYGTGACN T:1763.0(30.41%),B:15577.4(25.26%),P:1e-18
		Performing exhaustive masking of motif...
		Reprioritizing potential motifs...
	19 of 25 Initial Sequence: GAATCAGTGT... (-13.622)
		Round 1: -13.62 GAATCAGTGT T:18.0(0.31%),B:44.9(0.07%),P:1e-5
		Round 2: -13.62 GAATCAGTGT T:18.0(0.31%),B:44.9(0.07%),P:1e-5
		=Final=: -15.08 GAATCAGTGT T:18.0(0.31%),B:43.3(0.07%),P:1e-6
		Performing exhaustive masking of motif...
		Reprioritizing potential motifs...
	20 of 25 Initial Sequence: CGTTACCCAG... (-13.466)
		Round 1: -23.01 CGTTACCCAG T:24.0(0.41%),B:46.0(0.07%),P:1e-9
		Round 2: -23.01 CGTTACCCAG T:24.0(0.41%),B:46.0(0.07%),P:1e-9
		=Final=: -24.25 CGTTACCCAG T:24.0(0.41%),B:46.0(0.07%),P:1e-10
		Performing exhaustive masking of motif...
		Reprioritizing potential motifs...
	21 of 25 Initial Sequence: TGCCGTCATA... (-13.268)
		Round 1: -30.87 TGCCGTCATA T:255.0(4.30%),B:1624.2(2.59%),P:1e-13
		Round 2: -30.87 TGCCGTCATA T:255.0(4.30%),B:1624.2(2.59%),P:1e-13
		=Final=: -29.20 TGCCGTCATA T:247.0(4.26%),B:1605.4(2.60%),P:1e-12
		Performing exhaustive masking of motif...
		Reprioritizing potential motifs...
	22 of 25 Initial Sequence: GATGTCCCAA... (-13.161)
		Round 1: -15.12 GATGTCCCAA T:28.0(0.48%),B:91.6(0.15%),P:1e-6
		Round 2: -18.17 GATGTCGCAA T:66.0(1.13%),B:318.0(0.51%),P:1e-7
		Round 3: -19.77 GATGTCGCAA T:33.0(0.57%),B:98.5(0.16%),P:1e-8
		Round 4: -21.18 KATGTCGCAA T:64.0(1.10%),B:280.0(0.45%),P:1e-9
		Round 5: -21.18 KATGTCGCAA T:64.0(1.10%),B:280.0(0.45%),P:1e-9
		=Final=: -22.49 KATGTCGCAA T:64.0(1.10%),B:275.2(0.45%),P:1e-9
		Performing exhaustive masking of motif...
		Reprioritizing potential motifs...
	23 of 25 Initial Sequence: CGGGCCAATT... (-12.728)
		Round 1: -12.73 CGGGCCAATT T:5.0(0.09%),B:2.6(0.00%),P:1e-5
		Round 2: -12.73 CGGGCCAATT T:5.0(0.09%),B:2.6(0.00%),P:1e-5
		=Final=: -13.30 CGGGCCAATT T:5.0(0.09%),B:2.6(0.00%),P:1e-5
		Performing exhaustive masking of motif...
		Reprioritizing potential motifs...
	24 of 25 Initial Sequence: AACGGCCACG... (-12.551)
		Round 1: -23.55 AACGGCCACG T:160.0(2.72%),B:967.9(1.55%),P:1e-10
		Round 2: -23.55 AACGGCCACG T:160.0(2.72%),B:967.9(1.55%),P:1e-10
		=Final=: -23.04 AACGGCCACG T:156.0(2.69%),B:954.4(1.55%),P:1e-10
		Performing exhaustive masking of motif...
		Reprioritizing potential motifs...
	25 of 25 Initial Sequence: TGTGGTAAGC... (-12.488)
		Round 1: -23.06 TGTGGTAAGC T:118.0(2.01%),B:648.4(1.04%),P:1e-10
		Round 2: -23.06 TGTGGTAAGC T:118.0(2.01%),B:648.4(1.04%),P:1e-10
		=Final=: -21.83 TGTGGTAAGC T:114.0(1.97%),B:640.2(1.04%),P:1e-9
		Performing exhaustive masking of motif...
		Reprioritizing potential motifs...

	Finalizing Enrichment Statistics (new in v3.4)
	Reading input files...
	67614 total sequences read
	Cache length = 11180
	Using binomial scoring
	Checking enrichment of 25 motif(s)
	|0%                                    50%                                  100%|
	=================================================================================
	Output in file: /project/lbarreiro/USERS/ellen/KnightMolecules/demultiplexed/FastQ/15_transcriptionFactorMotifs//tfMotifOutput_DOWN_fluni//homerMotifs.motifs10


	Number of Trial motifs (-T) set to 9 (from 10) to work well with 3 CPUs
	-blen automatically set to 2
	Scanning input files...
	Parsing sequences...
	|0%                                   50%                                  100%|
	================================================================================
	Total number of Oligos: 6313457
	Autoadjustment for sequence coverage in background: 1.00x

	Oligos: 6313457 of 8830118 max
	Tree  : 13499732 of 44150590 max
	Optimizing memory usage...
	Cache length = 11180
	Using binomial scoring

	Global Optimization Phase: Looking for enriched oligos with up to 2 mismatches...

	Screening oligos 6313457 (allowing 0 mismatches):
	|0%                                   50%                                  100%|
	================================================================================
		72.57% skipped, 27.43% checked (1731716 of 6313457), of those checked:
		72.57% not in target, 0.00% increased p-value, 0.00% high p-value

	Screening oligos 6313457 (allowing 1 mismatches):
	|0%                                   50%                                  100%|
	================================================================================
		72.57% skipped, 27.43% checked (1731716 of 6313457), of those checked:
		0.00% not in target, 19.79% increased p-value, 9.19% high p-value

	Screening oligos 6313457 (allowing 2 mismatches):
	|0%                                   50%                                  100%|
	================================================================================
		95.21% skipped, 4.79% checked (302375 of 6313457), of those checked:
		0.00% not in target, 3.50% increased p-value, 0.00% high p-value
	Reading input files...
	67614 total sequences read
	Cache length = 11180
	Using binomial scoring

	Local Optimization Phase:
	1 of 25 Initial Sequence: ACTACAAGTCCC... (-37.663)
		Round 1: -50.68 ACTACAAGTCCC T:124.0(2.12%),B:467.7(0.75%),P:1e-22
		Round 2: -53.48 ACTACAARTCCC T:113.0(1.93%),B:387.0(0.62%),P:1e-23
		Round 3: -57.91 ACTACAARTCCC T:92.0(1.57%),B:256.2(0.41%),P:1e-25
		Round 4: -57.91 ACTACAARTCCC T:92.0(1.57%),B:256.2(0.41%),P:1e-25
		=Final=: -43.55 ACTACAARTCCC T:77.0(1.33%),B:238.9(0.39%),P:1e-18
		Performing exhaustive masking of motif...
		Reprioritizing potential motifs...
	2 of 25 Initial Sequence: CTGTGTGGGTGG... (-29.990)
		Round 1: -45.65 CTGTGTGGGTGG T:385.0(6.43%),B:2441.5(3.86%),P:1e-19
		Round 2: -53.07 CTGTGTGGGTGG T:575.0(9.44%),B:3873.9(6.06%),P:1e-23
		Round 3: -64.45 CTGTGTGGGTGG T:672.0(10.94%),B:4462.5(6.95%),P:1e-27
		Round 4: -90.98 CTGTGTGGGTGG T:849.0(13.62%),B:5431.8(8.39%),P:1e-39
		Round 5: -96.58 VTGTGTGGGTGG T:814.0(13.10%),B:5062.1(7.85%),P:1e-41
		Round 6: -101.65 VTGTGTGGGYGG T:817.0(13.14%),B:5010.9(7.77%),P:1e-44
		Round 7: -101.65 VTGTGTGGGYGG T:817.0(13.14%),B:5010.9(7.77%),P:1e-44
		=Final=: -103.53 VTGTGTGGGYGG T:742.0(12.80%),B:4600.1(7.46%),P:1e-44
		Performing exhaustive masking of motif...
		Reprioritizing potential motifs...
	3 of 25 Initial Sequence: GCTTGTGACATC... (-29.491)
		Round 1: -46.64 GCTTGTGACATC T:232.0(3.92%),B:1239.7(1.98%),P:1e-20
		Round 2: -53.19 GCTTGTGACATC T:228.0(3.86%),B:1142.1(1.83%),P:1e-23
		Round 3: -53.19 GCTTGTGACATC T:228.0(3.86%),B:1142.1(1.83%),P:1e-23
		=Final=: -54.23 GCTTGTGACATC T:225.0(3.88%),B:1131.1(1.83%),P:1e-23
		Performing exhaustive masking of motif...
		Reprioritizing potential motifs...
	4 of 25 Initial Sequence: AACCACAGAGCT... (-23.100)
		Round 1: -31.48 AACCACAGAGCT T:312.0(5.24%),B:2080.6(3.30%),P:1e-13
		Round 2: -34.16 AACCACAGAGCT T:332.0(5.57%),B:2199.6(3.49%),P:1e-14
		Round 3: -37.25 AACCACAGAGCT T:798.0(12.86%),B:6186.9(9.50%),P:1e-16
		Round 4: -49.26 AACCACAGAGCT T:421.0(7.00%),B:2678.1(4.23%),P:1e-21
		Round 5: -50.85 AACCACAGNGCT T:675.0(10.99%),B:4764.0(7.40%),P:1e-22
		Round 6: -52.00 AACCACAGNGCT T:597.0(9.79%),B:4079.1(6.37%),P:1e-22
		Round 7: -56.00 AACCACAKNSCW T:710.0(11.53%),B:4950.2(7.68%),P:1e-24
		Round 8: -60.23 AACCACAGNSCT T:574.0(9.43%),B:3734.6(5.85%),P:1e-26
		Round 9: -61.11 AACCACAKNSCT T:605.0(9.91%),B:3972.4(6.21%),P:1e-26
		Round 10: -61.68 RACCACAKNSCY T:639.0(10.44%),B:4246.7(6.63%),P:1e-26
		=Final=: -63.88 RACCACAKNSCY T:608.0(10.49%),B:4074.7(6.61%),P:1e-27
		Performing exhaustive masking of motif...
		Reprioritizing potential motifs...
	5 of 25 Initial Sequence: GATGATTGTGTG... (-20.874)
		Round 1: -20.87 GATGATTGTGTG T:7.0(0.12%),B:2.9(0.00%),P:1e-9
		Round 2: -20.87 GATGATTGTGTG T:7.0(0.12%),B:2.9(0.00%),P:1e-9
		=Final=: -10.01 GATGATTGTGTG T:4.0(0.07%),B:2.9(0.00%),P:1e-4
		Performing exhaustive masking of motif...
		Reprioritizing potential motifs...
	6 of 25 Initial Sequence: TATTGGTCACTG... (-20.874)
		Round 1: -25.27 TATTGGTCACTG T:11.0(0.19%),B:5.2(0.01%),P:1e-10
		Round 2: -32.04 WATTGGWCACTG T:11.0(0.19%),B:3.2(0.00%),P:1e-13
		Round 3: -32.04 WATTGGWCACTG T:11.0(0.19%),B:3.2(0.00%),P:1e-13
		=Final=: -17.64 WATTGGWCACTG T:7.0(0.12%),B:3.2(0.01%),P:1e-7
		Performing exhaustive masking of motif...
		Reprioritizing potential motifs...
	7 of 25 Initial Sequence: ATCAGACTGTTC... (-20.874)
		Round 1: -20.87 ATCAGACTGTTC T:7.0(0.12%),B:3.0(0.00%),P:1e-9
		Round 2: -20.87 ATCAGACTGTTC T:7.0(0.12%),B:3.0(0.00%),P:1e-9
		=Final=: -1.76 ATCAGACTGTTC T:1.0(0.02%),B:3.0(0.00%),P:1e0
		Performing exhaustive masking of motif...
		Reprioritizing potential motifs...
	8 of 25 Initial Sequence: CTTGCTGCCCTA... (-20.421)
		Round 1: -27.44 CTTGCTGCCCTA T:13.0(0.22%),B:7.1(0.01%),P:1e-11
		Round 2: -27.44 CTTGCTGCCCTA T:13.0(0.22%),B:7.1(0.01%),P:1e-11
		=Final=: -28.61 CTTGCTGCCCTA T:13.0(0.22%),B:7.1(0.01%),P:1e-12
		Performing exhaustive masking of motif...
		Reprioritizing potential motifs...
	9 of 25 Initial Sequence: ATTGGGTAACAG... (-19.548)
		Round 1: -31.08 ATTGGGTAACAG T:700.0(11.37%),B:5493.4(8.49%),P:1e-13
		Round 2: -32.40 ATTGGGTAACAG T:180.0(3.06%),B:1014.0(1.62%),P:1e-14
		Round 3: -33.38 ATTGGGTAACAG T:495.0(8.18%),B:3606.8(5.66%),P:1e-14
		Round 4: -33.62 ATTGGGTAACAG T:1145.0(17.92%),B:9490.6(14.21%),P:1e-14
		Round 5: -33.62 ATTGGGTAACAG T:1145.0(17.92%),B:9490.6(14.21%),P:1e-14
		=Final=: -31.31 ATTGGGTAACAG T:696.0(12.00%),B:5572.3(9.03%),P:1e-13
		Performing exhaustive masking of motif...
		Reprioritizing potential motifs...
	10 of 25 Initial Sequence: AGTATTGCAACA... (-18.902)
		Round 1: -37.22 AGTATTGCAACA T:185.0(3.14%),B:996.5(1.60%),P:1e-16
		Round 2: -38.95 ARTRTTGCAACA T:274.0(4.62%),B:1653.1(2.63%),P:1e-16
		Round 3: -39.70 AGTRTTGCAACA T:368.0(6.15%),B:2400.1(3.80%),P:1e-17
		Round 4: -39.70 AGTRTTGCAACA T:368.0(6.15%),B:2400.1(3.80%),P:1e-17
		=Final=: -33.77 AGTRTTGCAACA T:293.0(5.05%),B:1914.5(3.10%),P:1e-14
		Performing exhaustive masking of motif...
		Reprioritizing potential motifs...
	11 of 25 Initial Sequence: CCGTTGCCATGG... (-18.898)
		Round 1: -26.46 CCGTTGCCATGG T:234.0(3.96%),B:1525.8(2.43%),P:1e-11
		Round 2: -26.46 CCGTTGCCATGG T:234.0(3.96%),B:1525.8(2.43%),P:1e-11
		=Final=: -24.09 CCGTTGCCATGG T:220.0(3.79%),B:1464.9(2.38%),P:1e-10
		Performing exhaustive masking of motif...
		Reprioritizing potential motifs...
	12 of 25 Initial Sequence: CACATGACTGTG... (-18.583)
		Round 1: -31.85 CACATGACTGTG T:294.0(4.94%),B:1925.2(3.06%),P:1e-13
		Round 2: -34.96 CACATGACTGTG T:307.0(5.16%),B:1985.9(3.15%),P:1e-15
		Round 3: -34.96 CACATGACTGTG T:307.0(5.16%),B:1985.9(3.15%),P:1e-15
		=Final=: -34.60 CACATGACTGTG T:297.0(5.12%),B:1934.2(3.14%),P:1e-15
		Performing exhaustive masking of motif...
		Reprioritizing potential motifs...
	13 of 25 Initial Sequence: CCGCCCACTTCC... (-18.306)
		Round 1: -25.70 CCGCCCACTTCC T:519.0(8.56%),B:4020.9(6.28%),P:1e-11
		Round 2: -29.84 CCGCCCACTTCC T:416.0(6.92%),B:3002.1(4.73%),P:1e-12
		Round 3: -29.84 CCGCCCACTTCC T:416.0(6.92%),B:3002.1(4.73%),P:1e-12
		=Final=: -30.91 CCGCCCACTTCC T:400.0(6.90%),B:2886.6(4.68%),P:1e-13
		Performing exhaustive masking of motif...
		Reprioritizing potential motifs...
	14 of 25 Initial Sequence: GCTGAGCTCAGT... (-17.401)
		Round 1: -33.03 GCTGAGCTCAGT T:64.0(1.10%),B:211.0(0.34%),P:1e-14
		Round 2: -33.03 GCTGAGCTCAGT T:64.0(1.10%),B:211.0(0.34%),P:1e-14
		=Final=: -32.63 GCTGAGCTCAGT T:63.0(1.09%),B:211.0(0.34%),P:1e-14
		Performing exhaustive masking of motif...
		Reprioritizing potential motifs...
	15 of 25 Initial Sequence: CAAGGATGTGGC... (-17.223)
		Round 1: -24.89 CAAGGATGTGGC T:217.0(3.67%),B:1415.1(2.26%),P:1e-10
		Round 2: -24.89 CAAGGATGTGGC T:217.0(3.67%),B:1415.1(2.26%),P:1e-10
		=Final=: -24.92 CAAGGATGTGGC T:214.0(3.69%),B:1400.0(2.27%),P:1e-10
		Performing exhaustive masking of motif...
		Reprioritizing potential motifs...
	16 of 25 Initial Sequence: ATGTTGTGAAAT... (-16.884)
		Round 1: -33.27 ATGTTGTGAAAT T:553.0(9.10%),B:4117.1(6.43%),P:1e-14
		Round 2: -34.37 ATGTTGTGAAAT T:745.0(12.06%),B:5801.3(8.94%),P:1e-14
		Round 3: -34.37 ATGTTGTGAAAT T:745.0(12.06%),B:5801.3(8.94%),P:1e-14
		=Final=: -32.77 ATGTTGTGAAAT T:692.0(11.94%),B:5493.1(8.91%),P:1e-14
		Performing exhaustive masking of motif...
		Reprioritizing potential motifs...
	17 of 25 Initial Sequence: CACAGTGGCAAA... (-16.851)
		Round 1: -24.45 CACAGTGGCAAA T:372.0(6.22%),B:2745.5(4.34%),P:1e-10
		Round 2: -26.89 CACAGTGGCAAA T:396.0(6.60%),B:2893.7(4.56%),P:1e-11
		Round 3: -26.89 CACAGTGGCAAA T:396.0(6.60%),B:2893.7(4.56%),P:1e-11
		=Final=: -25.47 CACAGTGGCAAA T:378.0(6.52%),B:2811.2(4.56%),P:1e-11
		Performing exhaustive masking of motif...
		Reprioritizing potential motifs...
	18 of 25 Initial Sequence: ATGACAAGCAAG... (-16.795)
		Round 1: -22.64 ATGACAAGCAAG T:15.0(0.26%),B:15.2(0.02%),P:1e-9
		Round 2: -31.33 ATGACAACCWAG T:18.0(0.31%),B:14.5(0.02%),P:1e-13
		Round 3: -31.73 ATGACAACCWAG T:29.0(0.50%),B:46.0(0.07%),P:1e-13
		Round 4: -32.80 ATKACAACCWAG T:32.0(0.55%),B:56.0(0.09%),P:1e-14
		Round 5: -32.80 ATKACAACCWAG T:32.0(0.55%),B:56.0(0.09%),P:1e-14
		=Final=: -34.05 ATKACAACCWAG T:32.0(0.55%),B:55.3(0.09%),P:1e-14
		Performing exhaustive masking of motif...
		Reprioritizing potential motifs...
	19 of 25 Initial Sequence: CTTTCCTCATTG... (-16.795)
		Round 1: -19.03 CTTTCCTCATTG T:104.0(1.78%),B:594.6(0.95%),P:1e-8
		Round 2: -24.21 CTTTCCTCATTG T:82.0(1.40%),B:380.6(0.61%),P:1e-10
		Round 3: -24.21 CTTTCCTCATTG T:82.0(1.40%),B:380.6(0.61%),P:1e-10
		=Final=: -24.99 CTTTCCTCATTG T:82.0(1.41%),B:377.7(0.61%),P:1e-10
		Performing exhaustive masking of motif...
		Reprioritizing potential motifs...
	20 of 25 Initial Sequence: ACTTCTCTAGTG... (-16.710)
		Round 1: -27.02 ACTTCTCTAGTG T:14.0(0.24%),B:9.9(0.01%),P:1e-11
		Round 2: -32.87 ACYTCTCTMGTG T:14.0(0.24%),B:6.9(0.01%),P:1e-14
		Round 3: -32.87 ACYTCTCTMGTG T:14.0(0.24%),B:6.9(0.01%),P:1e-14
		=Final=: -33.75 ACYTCTCTMGTG T:14.0(0.24%),B:6.9(0.01%),P:1e-14
		Performing exhaustive masking of motif...
		Reprioritizing potential motifs...
	21 of 25 Initial Sequence: GAGGCTGCTATG... (-16.710)
		Round 1: -21.02 GAGGCTGCTATG T:9.0(0.16%),B:4.5(0.01%),P:1e-9
		Round 2: -21.02 GAGGCTGCTATG T:9.0(0.16%),B:4.5(0.01%),P:1e-9
		=Final=: -21.95 GAGGCTGCTATG T:9.0(0.16%),B:4.5(0.01%),P:1e-9
		Performing exhaustive masking of motif...
		Reprioritizing potential motifs...
	22 of 25 Initial Sequence: TCCCCCTGACCT... (-16.710)
		Round 1: -25.27 TCCCCCTGACCT T:11.0(0.19%),B:5.5(0.01%),P:1e-10
		Round 2: -25.27 TCCCCCTGACCT T:11.0(0.19%),B:5.5(0.01%),P:1e-10
		=Final=: -26.25 TCCCCCTGACCT T:11.0(0.19%),B:5.5(0.01%),P:1e-11
		Performing exhaustive masking of motif...
		Reprioritizing potential motifs...
	23 of 25 Initial Sequence: TGCAGATGGTTT... (-16.710)
		Round 1: -16.71 TGCAGATGGTTT T:6.0(0.10%),B:2.9(0.00%),P:1e-7
		Round 2: -16.71 TGCAGATGGTTT T:6.0(0.10%),B:2.9(0.00%),P:1e-7
		=Final=: -16.77 TGCAGATGGTTT T:6.0(0.10%),B:2.9(0.00%),P:1e-7
		Performing exhaustive masking of motif...
		Reprioritizing potential motifs...
	24 of 25 Initial Sequence: TCCCTCCCGCAG... (-16.710)
		Round 1: -16.79 TCCCTCCCGCAG T:7.0(0.12%),B:3.5(0.00%),P:1e-7
		Round 2: -16.79 TCCCTCCCGCAG T:7.0(0.12%),B:3.5(0.00%),P:1e-7
		=Final=: -14.42 TCCCTCCCGCAG T:6.0(0.10%),B:3.5(0.01%),P:1e-6
		Performing exhaustive masking of motif...
		Reprioritizing potential motifs...
	25 of 25 Initial Sequence: TGCTGAGAGTGG... (-16.710)
		Round 1: -20.87 TGCTGAGAGTGG T:7.0(0.12%),B:2.0(0.00%),P:1e-9
		Round 2: -20.87 TGCTGAGAGTGG T:7.0(0.12%),B:2.0(0.00%),P:1e-9
		=Final=: -20.39 TGCTGAGAGTGG T:7.0(0.12%),B:2.0(0.00%),P:1e-8
		Performing exhaustive masking of motif...
		Reprioritizing potential motifs...

	Finalizing Enrichment Statistics (new in v3.4)
	Reading input files...
	67614 total sequences read
	Cache length = 11180
	Using binomial scoring
	Checking enrichment of 25 motif(s)
	|0%                                    50%                                  100%|
	=================================================================================
	Output in file: /project/lbarreiro/USERS/ellen/KnightMolecules/demultiplexed/FastQ/15_transcriptionFactorMotifs//tfMotifOutput_DOWN_fluni//homerMotifs.motifs12

	(Motifs in homer2 format)
	Determining similar motifs... 70 reduced to 36 motifs
	Outputing HTML and sequence logos for motif comparison...
	Checking de novo motifs against known motifs...
	Formatting HTML page...
		1 of 36 (1e-44) similar to Egr2(Zf)/Thymocytes-Egr2-ChIP-Seq(GSE34254)/Homer(0.923)
		2 of 36 (1e-40) similar to CEBP(bZIP)/ThioMac-CEBPb-ChIP-Seq(GSE21512)/Homer(0.918)
		3 of 36 (1e-28) similar to RUNX(Runt)/HPC7-Runx1-ChIP-Seq(GSE22178)/Homer(0.932)
		4 of 36 (1e-24) similar to MITF(bHLH)/MastCells-MITF-ChIP-Seq(GSE48085)/Homer(0.899)
		5 of 36 (1e-18) similar to GFY(?)/Promoter/Homer(0.944)
		6 of 36 (1e-17) similar to USF1/MA0093.3/Jaspar(0.721)
		7 of 36 (1e-16) similar to ETV4/MA0764.2/Jaspar(0.816)
		8 of 36 (1e-14) similar to GFX(?)/Promoter/Homer(0.613)
		9 of 36 (1e-14) similar to CEBP:AP1(bZIP)/ThioMac-CEBPb-ChIP-Seq(GSE21512)/Homer(0.865)
		10 of 36 (1e-13) similar to PB0029.1_Hic1_1/Jaspar(0.625)
		11 of 36 (1e-13) similar to Atf2(bZIP)/3T3L1-Atf2-ChIP-Seq(GSE56872)/Homer(0.626)
		12 of 36 (1e-12) similar to PB0162.1_Sfpi1_2/Jaspar(0.684)
		13 of 36 (1e-12) similar to PB0041.1_Mafb_1/Jaspar(0.614)
		14 of 36 (1e-12) similar to PB0050.1_Osr1_1/Jaspar(0.687)
		15 of 36 (1e-11) similar to RARg(NR)/ES-RARg-ChIP-Seq(GSE30538)/Homer(0.748)
		16 of 36 (1e-11) similar to ETS:RUNX(ETS,Runt)/Jurkat-RUNX1-ChIP-Seq(GSE17954)/Homer(0.787)
		17 of 36 (1e-10) similar to JUN::JUNB(var.2)/MA1133.1/Jaspar(0.754)
		18 of 36 (1e-10) similar to Tbx20(T-box)/Heart-Tbx20-ChIP-Seq(GSE29636)/Homer(0.639)
		19 of 36 (1e-10) similar to RFX3/MA0798.2/Jaspar(0.892)
		20 of 36 (1e-10) similar to MYB(HTH)/ERMYB-Myb-ChIPSeq(GSE22095)/Homer(0.757)
		21 of 36 (1e-10) similar to Chop(bZIP)/MEF-Chop-ChIP-Seq(GSE35681)/Homer(0.625)
		22 of 36 (1e-9) similar to GMEB2/MA0862.1/Jaspar(0.622)
		23 of 36 (1e-9) similar to ZNF416(Zf)/HEK293-ZNF416.GFP-ChIP-Seq(GSE58341)/Homer(0.673)
		24 of 36 (1e-9) similar to RFX1/MA0509.2/Jaspar(0.675)
		25 of 36 (1e-9) similar to TFCP2/MA0145.3/Jaspar(0.601)
		26 of 36 (1e-8) similar to PAX5/MA0014.3/Jaspar(0.644)
		27 of 36 (1e-7) similar to ETS2/MA1484.1/Jaspar(0.644)
		28 of 36 (1e-7) similar to MafA(bZIP)/Islet-MafA-ChIP-Seq(GSE30298)/Homer(0.811)
		29 of 36 (1e-7) similar to NEUROG2(var.2)/MA1642.1/Jaspar(0.722)
		30 of 36 (1e-6) similar to Gfi1b(Zf)/HPC7-Gfi1b-ChIP-Seq(GSE22178)/Homer(0.649)
		31 of 36 (1e-6) similar to Znf281/MA1630.1/Jaspar(0.690)
		32 of 36 (1e-5) similar to POL013.1_MED-1/Jaspar(0.643)
		33 of 36 (1e-5) similar to Six1(Homeobox)/Myoblast-Six1-ChIP-Chip(GSE20150)/Homer(0.740)
		34 of 36 (1e-4) similar to NFYB/MA0502.2/Jaspar(0.753)
		35 of 36 (1e-2) similar to ZNF384/MA1125.1/Jaspar(0.828)
		36 of 36 (1e0) similar to PR(NR)/T47D-PR-ChIP-Seq(GSE31130)/Homer(0.667)
	Job finished - if results look good, please send beer to ..

	Cleaning up tmp files...

