
	Position file = /project/lbarreiro/USERS/ellen/KnightMolecules/demultiplexed/FastQ/15_transcriptionFactorMotifs//annotateInput_DOWN_hc.txt
	Genome = mm10
	Output Directory = /project/lbarreiro/USERS/ellen/KnightMolecules/demultiplexed/FastQ/15_transcriptionFactorMotifs//tfMotifOutput_DOWN_hc/
	Fragment size set to 500
	Will use repeat masked sequences
	Using 3 CPUs
	background position file: /project/lbarreiro/USERS/ellen/KnightMolecules/demultiplexed/FastQ/13_mashr//annotateInput.txt
	Found mset for "mouse", will check against vertebrates motifs
Argument "start" isn't numeric in addition (+) at /project/lbarreiro/USERS/ellen/programs/homer/bin/bed2pos.pl line 103, <IN> line 1.
	Peak/BED file conversion summary:
		BED/Header formatted lines: 4734
		peakfile formatted lines: 0

	Peak File Statistics:
		Total Peaks: 4734
		Redundant Peak IDs: 0
		Peaks lacking information: 0 (need at least 5 columns per peak)
		Peaks with misformatted coordinates: 1 (should be integer)
		Peaks with misformatted strand: 0 (should be either +/- or 0/1)

	Peak file looks good!

	Peak/BED file conversion summary:
		BED/Header formatted lines: 74314
		peakfile formatted lines: 0
	Max distance to merge: 500 bp
	Calculating co-bound peaks relative to reference: /project/lbarreiro/USERS/ellen/KnightMolecules/demultiplexed/FastQ/15_transcriptionFactorMotifs//tfMotifOutput_DOWN_hc//bg.clean.pos

	Comparing peaks: (peakfile, overlapping peaks, logRatio(obs/expected), logP)
	**	/project/lbarreiro/USERS/ellen/KnightMolecules/demultiplexed/FastQ/15_transcriptionFactorMotifs//tfMotifOutput_DOWN_hc//target.clean..pos	4733	3.30	-15732.28

	**	Pairwise stats are approx with fixed distance (-d 500) and -cobound #
		They get worse as the size increases and peaks from a single file start overlapping
		To get accurate ones, adjust peak sizes first with adjustPeakFile.pl and
		then rerun mergePeaks with the "-d given" option (only applies to -cobound #)

	Co-bound by 0 peaks: 69581
	Co-bound by 1 peaks: 4733 (max: 4733 effective total)
Argument "end" isn't numeric in addition (+) at /project/lbarreiro/USERS/ellen/programs/homer/bin/resizePosFile.pl line 65, <IN> line 1.
	Custom genome sequence directory: /project/lbarreiro/USERS/ellen/programs/homer/.//data/genomes/mm10//

	Extracting sequences from directory: /project/lbarreiro/USERS/ellen/programs/homer/.//data/genomes/mm10//
	Extracting 5382 sequences from chr1
	Extracting 5868 sequences from chr2
	Extracting 4084 sequences from chr3
	Extracting 4408 sequences from chr4
	Extracting 4489 sequences from chr5
	Extracting 4281 sequences from chr6
	Extracting 4457 sequences from chr7
	Extracting 3685 sequences from chr8
	Extracting 3850 sequences from chr9
	Extracting 4100 sequences from chr10
	Extracting 4676 sequences from chr11
	Extracting 3152 sequences from chr12
	Extracting 3723 sequences from chr13
	Extracting 2993 sequences from chr14
	Extracting 2979 sequences from chr15
	Extracting 2573 sequences from chr16
	Extracting 3101 sequences from chr17
	Extracting 2417 sequences from chr18
	Extracting 2137 sequences from chr19
	Extracting 1959 sequences from chrX
	!!Could not open file for chromosome (.fa or .fa.masked)
		6692 of 74314 removed because they had >70.00% Ns (i.e. masked repeats)

	Not removing redundant sequences


	Sequences processed:
		Auto detected maximum sequence length of 501 bp
		67622 total

	Frequency Bins: 0.2 0.25 0.3 0.35 0.4 0.45 0.5 0.6 0.7 0.8
	Freq	Bin	Count
	0.25	1	5
	0.3	2	151
	0.35	3	1403
	0.4	4	6199
	0.45	5	14138
	0.5	6	16975
	0.6	7	19482
	0.7	8	7442
	0.8	9	1824
	10	10	3
	Bin	# Targets	# Background	Background Weight
	2	1	150	0.098
	3	33	1370	0.356
	4	245	5954	0.608
	5	778	13360	0.860
	6	1316	15659	1.241
	7	1697	17785	1.409
	8	207	7235	0.423
	9	11	1813	0.090
	Normalizing lower order oligos using homer2

	Reading input files...
	67614 total sequences read
	Autonormalization: 1-mers (4 total)
		A	25.34%	25.31%	1.001
		C	24.66%	24.69%	0.999
		G	24.66%	24.69%	0.999
		T	25.34%	25.31%	1.001
	Autonormalization: 2-mers (16 total)
		AA	6.82%	7.04%	0.969
		CA	7.90%	7.60%	1.040
		GA	6.49%	6.44%	1.009
		TA	4.12%	4.23%	0.973
		AC	5.44%	5.32%	1.021
		CC	6.89%	6.96%	0.991
		GC	5.84%	5.97%	0.978
		TC	6.49%	6.44%	1.009
		AG	8.16%	8.14%	1.003
		CG	1.71%	2.00%	0.854
		GG	6.89%	6.96%	0.991
		TG	7.90%	7.60%	1.040
		AT	4.92%	4.81%	1.022
		CT	8.16%	8.14%	1.003
		GT	5.44%	5.32%	1.021
		TT	6.82%	7.04%	0.969
	Autonormalization: 3-mers (64 total)
	Normalization weights can be found in file: /project/lbarreiro/USERS/ellen/KnightMolecules/demultiplexed/FastQ/15_transcriptionFactorMotifs//tfMotifOutput_DOWN_hc//seq.autonorm.tsv
	Converging on autonormalization solution:
	...............................................................................
	Final normalization:	Autonormalization: 1-mers (4 total)
		A	25.34%	25.36%	0.999
		C	24.66%	24.64%	1.001
		G	24.66%	24.64%	1.001
		T	25.34%	25.36%	0.999
	Autonormalization: 2-mers (16 total)
		AA	6.82%	6.88%	0.992
		CA	7.90%	7.82%	1.010
		GA	6.49%	6.48%	1.003
		TA	4.12%	4.18%	0.986
		AC	5.44%	5.41%	1.006
		CC	6.89%	6.90%	0.999
		GC	5.84%	5.86%	0.996
		TC	6.49%	6.48%	1.003
		AG	8.16%	8.19%	0.996
		CG	1.71%	1.73%	0.987
		GG	6.89%	6.90%	0.999
		TG	7.90%	7.82%	1.010
		AT	4.92%	4.88%	1.007
		CT	8.16%	8.19%	0.996
		GT	5.44%	5.41%	1.006
		TT	6.82%	6.88%	0.992
	Autonormalization: 3-mers (64 total)
	Finished preparing sequence/group files

	----------------------------------------------------------
	Known motif enrichment

	Reading input files...
	67614 total sequences read
	440 motifs loaded
	Cache length = 11180
	Using binomial scoring
	Checking enrichment of 440 motif(s)
	|0%                                    50%                                  100%|
	=================================================================================
	Preparing HTML output with sequence logos...
		1 of 440 (1e-46) Fos(bZIP)/TSC-Fos-ChIP-Seq(GSE110950)/Homer
		2 of 440 (1e-45) AP-1(bZIP)/ThioMac-PU.1-ChIP-Seq(GSE21512)/Homer
		3 of 440 (1e-43) Atf3(bZIP)/GBM-ATF3-ChIP-Seq(GSE33912)/Homer
		4 of 440 (1e-42) JunB(bZIP)/DendriticCells-Junb-ChIP-Seq(GSE36099)/Homer
		5 of 440 (1e-41) BATF(bZIP)/Th17-BATF-ChIP-Seq(GSE39756)/Homer
		6 of 440 (1e-41) Fra1(bZIP)/BT549-Fra1-ChIP-Seq(GSE46166)/Homer
		7 of 440 (1e-38) Fra2(bZIP)/Striatum-Fra2-ChIP-Seq(GSE43429)/Homer
		8 of 440 (1e-26) Fosl2(bZIP)/3T3L1-Fosl2-ChIP-Seq(GSE56872)/Homer
		9 of 440 (1e-20) CEBP(bZIP)/ThioMac-CEBPb-ChIP-Seq(GSE21512)/Homer
		10 of 440 (1e-18) Atf1(bZIP)/K562-ATF1-ChIP-Seq(GSE31477)/Homer
		11 of 440 (1e-16) MITF(bHLH)/MastCells-MITF-ChIP-Seq(GSE48085)/Homer
		12 of 440 (1e-16) Egr2(Zf)/Thymocytes-Egr2-ChIP-Seq(GSE34254)/Homer
		13 of 440 (1e-16) Atf7(bZIP)/3T3L1-Atf7-ChIP-Seq(GSE56872)/Homer
		14 of 440 (1e-15) Atf2(bZIP)/3T3L1-Atf2-ChIP-Seq(GSE56872)/Homer
		15 of 440 (1e-14) Jun-AP1(bZIP)/K562-cJun-ChIP-Seq(GSE31477)/Homer
		16 of 440 (1e-13) Egr1(Zf)/K562-Egr1-ChIP-Seq(GSE32465)/Homer
		17 of 440 (1e-13) c-Jun-CRE(bZIP)/K562-cJun-ChIP-Seq(GSE31477)/Homer
		18 of 440 (1e-12) Ronin(THAP)/ES-Thap11-ChIP-Seq(GSE51522)/Homer
		19 of 440 (1e-12) CREB5(bZIP)/LNCaP-CREB5.V5-ChIP-Seq(GSE137775)/Homer
		20 of 440 (1e-11) GFY-Staf(?,Zf)/Promoter/Homer
		21 of 440 (1e-11) RUNX2(Runt)/PCa-RUNX2-ChIP-Seq(GSE33889)/Homer
		22 of 440 (1e-10) RUNX(Runt)/HPC7-Runx1-ChIP-Seq(GSE22178)/Homer
		23 of 440 (1e-9) RUNX1(Runt)/Jurkat-RUNX1-ChIP-Seq(GSE29180)/Homer
		24 of 440 (1e-9) CEBP:AP1(bZIP)/ThioMac-CEBPb-ChIP-Seq(GSE21512)/Homer
		25 of 440 (1e-8) RUNX-AML(Runt)/CD4+-PolII-ChIP-Seq(Barski_et_al.)/Homer
		26 of 440 (1e-7) WT1(Zf)/Kidney-WT1-ChIP-Seq(GSE90016)/Homer
		27 of 440 (1e-7) HLF(bZIP)/HSC-HLF.Flag-ChIP-Seq(GSE69817)/Homer
		28 of 440 (1e-7) NFIL3(bZIP)/HepG2-NFIL3-ChIP-Seq(Encode)/Homer
		29 of 440 (1e-6) Mef2d(MADS)/Retina-Mef2d-ChIP-Seq(GSE61391)/Homer
		30 of 440 (1e-5) RFX(HTH)/K562-RFX3-ChIP-Seq(SRA012198)/Homer
		31 of 440 (1e-5) Usf2(bHLH)/C2C12-Usf2-ChIP-Seq(GSE36030)/Homer
		32 of 440 (1e-5) Mef2c(MADS)/GM12878-Mef2c-ChIP-Seq(GSE32465)/Homer
		33 of 440 (1e-5) NPAS2(bHLH)/Liver-NPAS2-ChIP-Seq(GSE39860)/Homer
		34 of 440 (1e-5) GFY(?)/Promoter/Homer
		35 of 440 (1e-5) JunD(bZIP)/K562-JunD-ChIP-Seq/Homer
		36 of 440 (1e-4) ZNF143|STAF(Zf)/CUTLL-ZNF143-ChIP-Seq(GSE29600)/Homer
		37 of 440 (1e-4) Rfx1(HTH)/NPC-H3K4me1-ChIP-Seq(GSE16256)/Homer
		38 of 440 (1e-4) Mef2a(MADS)/HL1-Mef2a.biotin-ChIP-Seq(GSE21529)/Homer
		39 of 440 (1e-4) Rfx5(HTH)/GM12878-Rfx5-ChIP-Seq(GSE31477)/Homer
		40 of 440 (1e-4) X-box(HTH)/NPC-H3K4me1-ChIP-Seq(GSE16256)/Homer
		41 of 440 (1e-4) Rfx2(HTH)/LoVo-RFX2-ChIP-Seq(GSE49402)/Homer
		42 of 440 (1e-4) CRE(bZIP)/Promoter/Homer
		43 of 440 (1e-4) Mef2b(MADS)/HEK293-Mef2b.V5-ChIP-Seq(GSE67450)/Homer
		44 of 440 (1e-3) BMAL1(bHLH)/Liver-Bmal1-ChIP-Seq(GSE39860)/Homer
		45 of 440 (1e-3) Bach2(bZIP)/OCILy7-Bach2-ChIP-Seq(GSE44420)/Homer
		46 of 440 (1e-3) GFX(?)/Promoter/Homer
		47 of 440 (1e-3) ETS1(ETS)/Jurkat-ETS1-ChIP-Seq(GSE17954)/Homer
		48 of 440 (1e-3) CLOCK(bHLH)/Liver-Clock-ChIP-Seq(GSE39860)/Homer
		49 of 440 (1e-2) KLF14(Zf)/HEK293-KLF14.GFP-ChIP-Seq(GSE58341)/Homer
		50 of 440 (1e-2) Atf4(bZIP)/MEF-Atf4-ChIP-Seq(GSE35681)/Homer
		51 of 440 (1e-2) bHLHE41(bHLH)/proB-Bhlhe41-ChIP-Seq(GSE93764)/Homer
		52 of 440 (1e-2) ETS:RUNX(ETS,Runt)/Jurkat-RUNX1-ChIP-Seq(GSE17954)/Homer
		53 of 440 (1e-2) USF1(bHLH)/GM12878-Usf1-ChIP-Seq(GSE32465)/Homer
		54 of 440 (1e-2) Elf4(ETS)/BMDM-Elf4-ChIP-Seq(GSE88699)/Homer
		55 of 440 (1e-2) ERG(ETS)/VCaP-ERG-ChIP-Seq(GSE14097)/Homer
		56 of 440 (1e-2) Zfp809(Zf)/ES-Zfp809-ChIP-Seq(GSE70799)/Homer
		57 of 440 (1e-2) Pdx1(Homeobox)/Islet-Pdx1-ChIP-Seq(SRA008281)/Homer
		58 of 440 (1e-2) Npas4(bHLH)/Neuron-Npas4-ChIP-Seq(GSE127793)/Homer
		59 of 440 (1e-2) RORgt(NR)/EL4-RORgt.Flag-ChIP-Seq(GSE56019)/Homer
		60 of 440 (1e-2) RORgt(NR)/EL4-RORgt.Flag-ChIP-Seq(GSE56019)/Homer
		61 of 440 (1e-2) MafA(bZIP)/Islet-MafA-ChIP-Seq(GSE30298)/Homer
		62 of 440 (1e-2) NFkB-p50,p52(RHD)/Monocyte-p50-ChIP-Chip(Schreiber_et_al.)/Homer
		63 of 440 (1e-2) Sp2(Zf)/HEK293-Sp2.eGFP-ChIP-Seq(Encode)/Homer
		64 of 440 (1e-2) GATA3(Zf),DR8/iTreg-Gata3-ChIP-Seq(GSE20898)/Homer
		65 of 440 (1e-2) NPAS(bHLH)/Liver-NPAS-ChIP-Seq(GSE39860)/Homer
		66 of 440 (1e-2) Tgif1(Homeobox)/mES-Tgif1-ChIP-Seq(GSE55404)/Homer
		67 of 440 (1e-2) PBX2(Homeobox)/K562-PBX2-ChIP-Seq(Encode)/Homer
		68 of 440 (1e-2) MafK(bZIP)/C2C12-MafK-ChIP-Seq(GSE36030)/Homer
	----------------------------------------------------------
	De novo motif finding (HOMER)

	Number of Trial motifs (-T) set to 9 (from 10) to work well with 3 CPUs
	Scanning input files...
	Parsing sequences...
	|0%                                   50%                                  100%|
	================================================================================
	Total number of Oligos: 32896
	Autoadjustment for sequence coverage in background: 1.01x

	Oligos: 32896 of 34497 max
	Tree  : 67084 of 172485 max
	Optimizing memory usage...
	Cache length = 11180
	Using binomial scoring

	Global Optimization Phase: Looking for enriched oligos with up to 2 mismatches...

	Screening oligos 32896 (allowing 0 mismatches):
	|0%                                   50%                                  100%|
	================================================================================
		0.17% skipped, 99.83% checked (32841 of 32896), of those checked:
		0.17% not in target, 0.00% increased p-value, 0.00% high p-value

	Screening oligos 32896 (allowing 1 mismatches):
	|0%                                   50%                                  100%|
	================================================================================
		0.17% skipped, 99.83% checked (32841 of 32896), of those checked:
		0.00% not in target, 45.77% increased p-value, 60.06% high p-value

	Screening oligos 32896 (allowing 2 mismatches):
	|0%                                   50%                                  100%|
	================================================================================
		74.08% skipped, 25.92% checked (8528 of 32896), of those checked:
		0.00% not in target, 22.81% increased p-value, 0.00% high p-value
	Reading input files...
	67614 total sequences read
	Cache length = 11180
	Using binomial scoring

	Local Optimization Phase:
	1 of 25 Initial Sequence: TGAGTCAT... (-72.541)
		Round 1: -115.33 TGAGTCAT T:3311.0(53.80%),B:34754.1(42.43%),P:1e-50
		Round 2: -115.79 TKASTCAY T:2951.0(49.76%),B:30553.3(38.45%),P:1e-50
		Round 3: -115.79 TKASTCAY T:2951.0(49.76%),B:30553.3(38.45%),P:1e-50
		=Final=: -109.62 TKASTCAY T:1786.0(41.65%),B:19444.7(31.08%),P:1e-47
		Performing exhaustive masking of motif...
		Reprioritizing potential motifs...
	2 of 25 Initial Sequence: TGACGTCA... (-35.090)
		Round 1: -62.95 TGACGTCA T:1201.0(24.43%),B:12305.0(17.76%),P:1e-27
		Round 2: -62.95 TGACGTCA T:1201.0(24.43%),B:12305.0(17.76%),P:1e-27
		=Final=: -60.03 TGACGTCA T:1031.0(24.04%),B:10995.7(17.58%),P:1e-26
		Performing exhaustive masking of motif...
		Reprioritizing potential motifs...
	3 of 25 Initial Sequence: GTGGGTGG... (-31.923)
		Round 1: -60.88 GTGGGTGG T:1219.0(24.75%),B:12609.7(18.15%),P:1e-26
		Round 2: -61.43 GTGGGTGA T:1159.0(23.69%),B:11863.0(17.18%),P:1e-26
		Round 3: -61.43 GTGGGTGA T:1159.0(23.69%),B:11863.0(17.18%),P:1e-26
		=Final=: -55.80 GTGGGTGA T:966.0(22.53%),B:10295.8(16.46%),P:1e-24
		Performing exhaustive masking of motif...
		Reprioritizing potential motifs...
	4 of 25 Initial Sequence: TTGCGCAA... (-27.888)
		Round 1: -49.65 TTGCGCAA T:1597.0(31.10%),B:17749.0(24.57%),P:1e-21
		Round 2: -49.65 TTGCGCAA T:1597.0(31.10%),B:17749.0(24.57%),P:1e-21
		=Final=: -47.15 TTGCGCAA T:1300.0(30.32%),B:15028.4(24.02%),P:1e-20
		Performing exhaustive masking of motif...
		Reprioritizing potential motifs...
	5 of 25 Initial Sequence: CTCGTGAC... (-26.908)
		Round 1: -42.05 CTCGTGAC T:1147.0(23.47%),B:12555.9(18.08%),P:1e-18
		Round 2: -48.53 CTCGTGAC T:1434.0(28.43%),B:15779.0(22.17%),P:1e-21
		Round 3: -60.86 CWCGTGAC T:1332.0(26.70%),B:13969.9(19.90%),P:1e-26
		Round 4: -71.34 CACRTGAY T:2013.0(37.47%),B:21696.4(29.15%),P:1e-30
		Round 5: -71.34 CACRTGAY T:2013.0(37.47%),B:21696.4(29.15%),P:1e-30
		=Final=: -71.11 CACRTGAY T:1380.0(32.18%),B:15204.0(24.30%),P:1e-30
		Performing exhaustive masking of motif...
		Reprioritizing potential motifs...
	6 of 25 Initial Sequence: CTGTGGTT... (-21.063)
		Round 1: -31.73 CTGTGGTT T:1614.0(31.37%),B:19095.0(26.17%),P:1e-13
		Round 2: -31.73 CTGTGGTT T:1614.0(31.37%),B:19095.0(26.17%),P:1e-13
		=Final=: -29.86 CTGTGGTT T:1323.0(30.85%),B:16166.9(25.84%),P:1e-12
		Performing exhaustive masking of motif...
		Reprioritizing potential motifs...
	7 of 25 Initial Sequence: CGATGACT... (-14.827)
		Round 1: -30.03 CGATGACT T:1577.0(30.78%),B:18732.5(25.74%),P:1e-13
		Round 2: -30.96 CGATGACT T:1540.0(30.18%),B:18181.2(25.09%),P:1e-13
		Round 3: -30.96 CGATGACT T:1540.0(30.18%),B:18181.2(25.09%),P:1e-13
		=Final=: -29.97 CGATGACT T:1280.0(29.85%),B:15568.2(24.89%),P:1e-13
		Performing exhaustive masking of motif...
		Reprioritizing potential motifs...
	8 of 25 Initial Sequence: CGACTTCC... (-13.255)
		Round 1: -20.08 CGACTTCC T:1109.0(22.79%),B:13385.2(19.16%),P:1e-8
		Round 2: -20.08 CGACTTCC T:1109.0(22.79%),B:13385.2(19.16%),P:1e-8
		=Final=: -16.52 CGACTTCC T:952.0(22.20%),B:11867.4(18.97%),P:1e-7
		Performing exhaustive masking of motif...
		Reprioritizing potential motifs...
	9 of 25 Initial Sequence: TGTGGGCA... (-12.678)
		Round 1: -18.58 TGTGGGCA T:319.0(7.17%),B:3324.4(5.14%),P:1e-8
		Round 2: -18.59 TGTGGGCG T:337.0(7.56%),B:3549.6(5.48%),P:1e-8
		Round 3: -18.59 TGTGGGCG T:337.0(7.56%),B:3549.6(5.48%),P:1e-8
		=Final=: -18.41 TGTGGGCG T:324.0(7.56%),B:3435.8(5.49%),P:1e-7
		Performing exhaustive masking of motif...
		Reprioritizing potential motifs...
	10 of 25 Initial Sequence: TCTCGCGA... (-12.248)
		Round 1: -20.99 TCTCGCGA T:272.0(6.15%),B:2675.4(4.16%),P:1e-9
		Round 2: -20.99 TCTCGCGA T:272.0(6.15%),B:2675.4(4.16%),P:1e-9
		=Final=: -15.34 TCTCGCGA T:196.0(4.57%),B:1959.0(3.13%),P:1e-6
		Performing exhaustive masking of motif...
		Reprioritizing potential motifs...
	11 of 25 Initial Sequence: TTGCAACA... (-11.845)
		Round 1: -17.93 TTGCAACA T:2380.0(42.60%),B:30543.0(38.44%),P:1e-7
		Round 2: -17.93 TTGCAACA T:2380.0(42.60%),B:30543.0(38.44%),P:1e-7
		=Final=: -13.86 TTGCAACA T:1164.0(27.15%),B:15005.5(23.99%),P:1e-6
		Performing exhaustive masking of motif...
		Reprioritizing potential motifs...
	12 of 25 Initial Sequence: CTTCCCTT... (-11.249)
		Round 1: -14.87 CTTCCCTT T:788.0(16.79%),B:9537.9(14.06%),P:1e-6
		Round 2: -14.87 CTTCCCTT T:788.0(16.79%),B:9537.9(14.06%),P:1e-6
		=Final=: -15.61 CTTCCCTT T:514.0(11.99%),B:6007.3(9.60%),P:1e-6
		Performing exhaustive masking of motif...
		Reprioritizing potential motifs...
	13 of 25 Initial Sequence: ACTCCGAT... (-10.548)
		Round 1: -14.88 ACTCCGAT T:40.0(0.93%),B:228.9(0.36%),P:1e-6
		Round 2: -14.88 ACTCCGAT T:40.0(0.93%),B:228.9(0.36%),P:1e-6
		=Final=: -15.69 ACTCCGAT T:40.0(0.93%),B:227.3(0.36%),P:1e-6
		Performing exhaustive masking of motif...
		Reprioritizing potential motifs...
	14 of 25 Initial Sequence: TTCCTCAG... (-9.766)
		Round 1: -9.80 TTCCTCAG T:305.0(6.87%),B:3533.5(5.46%),P:1e-4
		Round 2: -9.80 TTCCTCAG T:305.0(6.87%),B:3533.5(5.46%),P:1e-4
		=Final=: -10.45 TTCCTCAG T:264.0(6.16%),B:2992.4(4.78%),P:1e-4
		Performing exhaustive masking of motif...
		Reprioritizing potential motifs...
	15 of 25 Initial Sequence: TGATTGGG... (-9.733)
		Round 1: -25.17 TGATTGGG T:850.0(17.98%),B:9701.9(14.28%),P:1e-10
		Round 2: -25.17 TGATTGGG T:850.0(17.98%),B:9701.9(14.28%),P:1e-10
		=Final=: -26.41 TGATTGGG T:774.0(18.05%),B:8916.9(14.25%),P:1e-11
		Performing exhaustive masking of motif...
		Reprioritizing potential motifs...
	Remaining seeds don't look promising (After initial 5 motifs, logp -8.914 > -9.632)

	Finalizing Enrichment Statistics (new in v3.4)
	Reading input files...
	67614 total sequences read
	Cache length = 11180
	Using binomial scoring
	Checking enrichment of 15 motif(s)
	|0%                                    50%                                  100%|
	=================================================================================
	Output in file: /project/lbarreiro/USERS/ellen/KnightMolecules/demultiplexed/FastQ/15_transcriptionFactorMotifs//tfMotifOutput_DOWN_hc//homerMotifs.motifs8


	Number of Trial motifs (-T) set to 9 (from 10) to work well with 3 CPUs
	Scanning input files...
	Parsing sequences...
	|0%                                   50%                                  100%|
	================================================================================
	Total number of Oligos: 523645
	Autoadjustment for sequence coverage in background: 1.01x

	Oligos: 523645 of 551887 max
	Tree  : 1069648 of 2759435 max
	Optimizing memory usage...
	Cache length = 11180
	Using binomial scoring

	Global Optimization Phase: Looking for enriched oligos with up to 2 mismatches...

	Screening oligos 523645 (allowing 0 mismatches):
	|0%                                   50%                                  100%|
	================================================================================
		23.68% skipped, 76.32% checked (399639 of 523645), of those checked:
		23.68% not in target, 0.00% increased p-value, 0.00% high p-value

	Screening oligos 523645 (allowing 1 mismatches):
	|0%                                   50%                                  100%|
	================================================================================
		23.68% skipped, 76.32% checked (399639 of 523645), of those checked:
		0.00% not in target, 31.56% increased p-value, 49.25% high p-value

	Screening oligos 523645 (allowing 2 mismatches):
	|0%                                   50%                                  100%|
	================================================================================
		81.85% skipped, 18.15% checked (95051 of 523645), of those checked:
		0.00% not in target, 11.62% increased p-value, 0.00% high p-value
	Reading input files...
	67614 total sequences read
	Cache length = 11180
	Using binomial scoring

	Local Optimization Phase:
	1 of 25 Initial Sequence: GTGAGTCATA... (-59.477)
		Round 1: -90.33 GTGAGTCATA T:2862.0(48.70%),B:30868.5(38.76%),P:1e-39
		Round 2: -108.80 GTGAGTCATA T:2933.0(49.54%),B:30699.8(38.60%),P:1e-47
		Round 3: -131.50 RTGAGTCATN T:3092.0(51.38%),B:31412.7(39.29%),P:1e-57
		Round 4: -131.50 RTGAGTCATN T:3092.0(51.38%),B:31412.7(39.29%),P:1e-57
		=Final=: -112.08 RTGAGTCATN T:1812.0(42.26%),B:19725.7(31.53%),P:1e-48
		Performing exhaustive masking of motif...
		Reprioritizing potential motifs...
	2 of 25 Initial Sequence: TTGCGCAATA... (-34.775)
		Round 1: -80.93 TTGCGCAATA T:2188.0(39.97%),B:23311.9(30.95%),P:1e-35
		Round 2: -96.31 TTGCGCAATH T:1507.0(29.64%),B:14667.3(20.79%),P:1e-41
		Round 3: -96.31 TTGCGCAATH T:1507.0(29.64%),B:14667.3(20.79%),P:1e-41
		=Final=: -58.92 TTGCGCAATH T:974.0(22.71%),B:10297.1(16.46%),P:1e-25
		Performing exhaustive masking of motif...
		Reprioritizing potential motifs...
	3 of 25 Initial Sequence: TGACGTCACG... (-30.384)
		Round 1: -68.50 TGACGTCACG T:2464.0(43.71%),B:27348.7(35.24%),P:1e-29
		Round 2: -68.50 TGACGTCACG T:2464.0(43.71%),B:27348.7(35.24%),P:1e-29
		=Final=: -52.48 TGACGTCACG T:1459.0(34.03%),B:16963.2(27.12%),P:1e-22
		Performing exhaustive masking of motif...
		Reprioritizing potential motifs...
	4 of 25 Initial Sequence: GTGTGGGCGG... (-23.509)
		Round 1: -65.09 GTGTGGGCGG T:627.0(13.60%),B:5582.2(8.49%),P:1e-28
		Round 2: -80.20 GTGTGGGCGG T:1193.0(24.29%),B:11596.3(16.83%),P:1e-34
		Round 3: -85.11 STGTGGGMGG T:1365.0(27.27%),B:13426.8(19.21%),P:1e-36
		Round 4: -85.11 STGTGGGMGG T:1365.0(27.27%),B:13426.8(19.21%),P:1e-36
		=Final=: -81.09 STGTGGGMGG T:1138.0(26.54%),B:11732.0(18.75%),P:1e-35
		Performing exhaustive masking of motif...
		Reprioritizing potential motifs...
	5 of 25 Initial Sequence: GTCACATGAC... (-19.497)
		Round 1: -38.89 GTCACATGAC T:1161.0(23.72%),B:12893.3(18.52%),P:1e-16
		Round 2: -45.65 GTCACATGAC T:1562.0(30.53%),B:17540.3(24.32%),P:1e-19
		Round 3: -45.97 GTCACATGAC T:1680.0(32.42%),B:19001.7(26.06%),P:1e-19
		Round 4: -46.33 RTCACATGAC T:2438.0(43.37%),B:28522.7(36.44%),P:1e-20
		Round 5: -52.43 GTCACATGAC T:2114.0(38.92%),B:24032.2(31.74%),P:1e-22
		Round 6: -55.88 GTCACATGAC T:2067.0(38.25%),B:23229.5(30.86%),P:1e-24
		Round 7: -55.88 GTCACATGAC T:2067.0(38.25%),B:23229.5(30.86%),P:1e-24
		=Final=: -46.32 GTCACATGAC T:1558.0(36.33%),B:18590.0(29.72%),P:1e-20
		Performing exhaustive masking of motif...
		Reprioritizing potential motifs...
	6 of 25 Initial Sequence: TACAACTCCC... (-19.167)
		Round 1: -33.35 TACAACTCCC T:193.0(4.40%),B:1503.8(2.36%),P:1e-14
		Round 2: -33.35 TACAACTCCC T:193.0(4.40%),B:1503.8(2.36%),P:1e-14
		=Final=: -29.38 TACAACTCCC T:102.0(2.38%),B:658.1(1.05%),P:1e-12
		Performing exhaustive masking of motif...
		Reprioritizing potential motifs...
	7 of 25 Initial Sequence: GACTGTGGTT... (-17.114)
		Round 1: -31.61 GACTGTGGTT T:206.0(4.69%),B:1679.3(2.63%),P:1e-13
		Round 2: -31.61 GACTGTGGTT T:206.0(4.69%),B:1679.3(2.63%),P:1e-13
		=Final=: -31.15 GACTGTGGTT T:202.0(4.71%),B:1666.0(2.66%),P:1e-13
		Performing exhaustive masking of motif...
		Reprioritizing potential motifs...
	8 of 25 Initial Sequence: GCGATGACTG... (-16.630)
		Round 1: -22.66 GCGATGACTG T:79.0(1.83%),B:512.5(0.81%),P:1e-9
		Round 2: -24.58 GHGATGACTG T:146.0(3.35%),B:1160.7(1.83%),P:1e-10
		Round 3: -27.68 SNKATGACTG T:208.0(4.74%),B:1778.6(2.79%),P:1e-12
		Round 4: -27.68 SNKATGACTG T:208.0(4.74%),B:1778.6(2.79%),P:1e-12
		=Final=: -28.28 SNKATGACTG T:213.0(4.97%),B:1842.7(2.95%),P:1e-12
		Performing exhaustive masking of motif...
		Reprioritizing potential motifs...
	9 of 25 Initial Sequence: TGCTACACAA... (-15.818)
		Round 1: -27.27 TGCTACACAA T:136.0(3.12%),B:1009.8(1.59%),P:1e-11
		Round 2: -27.27 TGCTACACAA T:136.0(3.12%),B:1009.8(1.59%),P:1e-11
		=Final=: -25.68 TGCTACACAA T:131.0(3.06%),B:997.7(1.59%),P:1e-11
		Performing exhaustive masking of motif...
		Reprioritizing potential motifs...
	10 of 25 Initial Sequence: CGGCATGCAT... (-13.980)
		Round 1: -13.98 CGGCATGCAT T:5.0(0.12%),B:2.0(0.00%),P:1e-6
		Round 2: -13.98 CGGCATGCAT T:5.0(0.12%),B:2.0(0.00%),P:1e-6
		=Final=: -14.84 CGGCATGCAT T:5.0(0.12%),B:2.0(0.00%),P:1e-6
		Performing exhaustive masking of motif...
		Reprioritizing potential motifs...
	11 of 25 Initial Sequence: CGGGAAGTCG... (-13.915)
		Round 1: -20.26 CGGGAAGTCG T:484.0(10.67%),B:5301.3(8.08%),P:1e-8
		Round 2: -20.26 CGGGAAGTCG T:484.0(10.67%),B:5301.3(8.08%),P:1e-8
		=Final=: -21.20 CGGGAAGTCG T:354.0(8.26%),B:3712.7(5.93%),P:1e-9
		Performing exhaustive masking of motif...
		Reprioritizing potential motifs...
	12 of 25 Initial Sequence: GAGTGACTGA... (-13.370)
		Round 1: -27.28 GAGTGACTGA T:946.0(19.80%),B:10808.7(15.78%),P:1e-11
		Round 2: -27.28 GAGTGACTGA T:946.0(19.80%),B:10808.7(15.78%),P:1e-11
		=Final=: -27.07 GAGTGACTGA T:826.0(19.26%),B:9574.9(15.31%),P:1e-11
		Performing exhaustive masking of motif...
		Reprioritizing potential motifs...
	13 of 25 Initial Sequence: GATTCGTAAT... (-13.486)
		Round 1: -28.19 GATTCGTAAT T:76.0(1.76%),B:427.3(0.68%),P:1e-12
		Round 2: -28.19 GATTCGTAAT T:76.0(1.76%),B:427.3(0.68%),P:1e-12
		=Final=: -26.94 GATTCGTAAT T:74.0(1.73%),B:425.4(0.68%),P:1e-11
		Performing exhaustive masking of motif...
		Reprioritizing potential motifs...
	14 of 25 Initial Sequence: CAAGGGTCGT... (-13.288)
		Round 1: -17.59 CAAGGGTCGT T:28.0(0.65%),B:110.7(0.17%),P:1e-7
		Round 2: -20.51 CAAGGGTCGT T:30.0(0.70%),B:109.9(0.17%),P:1e-8
		Round 3: -20.51 CAAGGGTCGT T:30.0(0.70%),B:109.9(0.17%),P:1e-8
		=Final=: -20.18 CAAGGGTCGT T:29.0(0.68%),B:109.3(0.17%),P:1e-8
		Performing exhaustive masking of motif...
		Reprioritizing potential motifs...
	15 of 25 Initial Sequence: CATGGCTATT... (-12.879)
		Round 1: -22.40 CATGGCTATT T:79.0(1.83%),B:515.2(0.81%),P:1e-9
		Round 2: -22.40 CATGGCTATT T:79.0(1.83%),B:515.2(0.81%),P:1e-9
		=Final=: -22.21 CATGGCTATT T:78.0(1.82%),B:511.5(0.82%),P:1e-9
		Performing exhaustive masking of motif...
		Reprioritizing potential motifs...
	16 of 25 Initial Sequence: TGTTGCAACA... (-12.758)
		Round 1: -20.13 TGTTGCAACA T:72.0(1.67%),B:473.7(0.75%),P:1e-8
		Round 2: -20.13 TGTTGCAACA T:72.0(1.67%),B:473.7(0.75%),P:1e-8
		=Final=: -20.13 TGTTGCAACA T:71.0(1.66%),B:468.0(0.75%),P:1e-8
		Performing exhaustive masking of motif...
		Reprioritizing potential motifs...
	17 of 25 Initial Sequence: ACAGGGAGCT... (-12.083)
		Round 1: -16.15 ACAGGGAGCT T:43.0(1.00%),B:243.5(0.39%),P:1e-7
		Round 2: -16.15 ACAGGGAGCT T:43.0(1.00%),B:243.5(0.39%),P:1e-7
		=Final=: -15.88 ACAGGGAGCT T:42.0(0.98%),B:243.1(0.39%),P:1e-6
		Performing exhaustive masking of motif...
		Reprioritizing potential motifs...
	18 of 25 Initial Sequence: TGAGGGTGGA... (-12.083)
		Round 1: -12.08 TGAGGGTGGA T:26.0(0.60%),B:130.4(0.21%),P:1e-5
		Round 2: -12.08 TGAGGGTGGA T:26.0(0.60%),B:130.4(0.21%),P:1e-5
		=Final=: -12.94 TGAGGGTGGA T:26.0(0.61%),B:130.4(0.21%),P:1e-5
		Performing exhaustive masking of motif...
		Reprioritizing potential motifs...
	19 of 25 Initial Sequence: AGGATGACGT... (-11.947)
		Round 1: -24.38 AGGATGACGT T:244.0(5.53%),B:2257.4(3.52%),P:1e-10
		Round 2: -24.38 AGGATGACGT T:244.0(5.53%),B:2257.4(3.52%),P:1e-10
		=Final=: -24.32 AGGATGACGT T:308.0(7.18%),B:3049.4(4.87%),P:1e-10
		Performing exhaustive masking of motif...
		Reprioritizing potential motifs...
	20 of 25 Initial Sequence: CTGTGGTTAG... (-11.836)
		Round 1: -26.12 CTGTGGTTAG T:974.0(20.32%),B:11228.6(16.34%),P:1e-11
		Round 2: -31.20 CTGTGGTTAG T:1147.0(23.47%),B:13135.4(18.83%),P:1e-13
		Round 3: -31.20 CTGTGGTTAG T:1147.0(23.47%),B:13135.4(18.83%),P:1e-13
		=Final=: -30.39 CTGTGGTTAG T:816.0(19.03%),B:9292.9(14.86%),P:1e-13
		Performing exhaustive masking of motif...
		Reprioritizing potential motifs...
	21 of 25 Initial Sequence: GCCCAATCAC... (-12.231)
		Round 1: -23.71 GCCCAATCAC T:91.0(2.10%),B:616.0(0.97%),P:1e-10
		Round 2: -24.00 GCCCAATCAC T:157.0(3.60%),B:1293.7(2.03%),P:1e-10
		Round 3: -26.49 GCCCAATCAC T:114.0(2.62%),B:802.6(1.27%),P:1e-11
		Round 4: -26.49 GCCCAATCAC T:114.0(2.62%),B:802.6(1.27%),P:1e-11
		=Final=: -21.93 GCCCAATCAC T:105.0(2.45%),B:784.3(1.25%),P:1e-9
		Performing exhaustive masking of motif...
		Reprioritizing potential motifs...
	22 of 25 Initial Sequence: CCTTCCTCAG... (-11.694)
		Round 1: -20.75 CCTTCCTCAG T:184.0(4.20%),B:1661.4(2.60%),P:1e-9
		Round 2: -20.75 CCTTCCTCAG T:184.0(4.20%),B:1661.4(2.60%),P:1e-9
		=Final=: -20.68 CCTTCCTCAG T:179.0(4.17%),B:1619.4(2.59%),P:1e-8
		Performing exhaustive masking of motif...
		Reprioritizing potential motifs...
	23 of 25 Initial Sequence: CCGCTAACCT... (-11.517)
		Round 1: -11.52 CCGCTAACCT T:6.0(0.14%),B:5.2(0.01%),P:1e-5
		Round 2: -11.52 CCGCTAACCT T:6.0(0.14%),B:5.2(0.01%),P:1e-5
		=Final=: -13.30 CCGCTAACCT T:6.0(0.14%),B:5.2(0.01%),P:1e-5
		Performing exhaustive masking of motif...
		Reprioritizing potential motifs...
	24 of 25 Initial Sequence: TTCTCGCGAG... (-11.475)
		Round 1: -25.87 TTCTCGCGAG T:37.0(0.86%),B:131.3(0.21%),P:1e-11
		Round 2: -25.87 TTCTCGCGAG T:37.0(0.86%),B:131.3(0.21%),P:1e-11
		=Final=: -19.79 TTCTCGCGAG T:25.0(0.58%),B:84.6(0.14%),P:1e-8
		Performing exhaustive masking of motif...
		Reprioritizing potential motifs...
	25 of 25 Initial Sequence: TATTTTGAGA... (-11.376)
		Round 1: -19.86 TATTTTGAGA T:304.0(6.84%),B:3095.7(4.80%),P:1e-8
		Round 2: -19.86 TATTTTGAGA T:304.0(6.84%),B:3095.7(4.80%),P:1e-8
		=Final=: -19.83 TATTTTGAGA T:292.0(6.81%),B:2990.5(4.78%),P:1e-8
		Performing exhaustive masking of motif...
		Reprioritizing potential motifs...

	Finalizing Enrichment Statistics (new in v3.4)
	Reading input files...
	67614 total sequences read
	Cache length = 11180
	Using binomial scoring
	Checking enrichment of 25 motif(s)
	|0%                                    50%                                  100%|
	=================================================================================
	Output in file: /project/lbarreiro/USERS/ellen/KnightMolecules/demultiplexed/FastQ/15_transcriptionFactorMotifs//tfMotifOutput_DOWN_hc//homerMotifs.motifs10


	Number of Trial motifs (-T) set to 9 (from 10) to work well with 3 CPUs
	-blen automatically set to 2
	Scanning input files...
	Parsing sequences...
	|0%                                   50%                                  100%|
	================================================================================
	Total number of Oligos: 6313457
	Autoadjustment for sequence coverage in background: 1.01x

	Oligos: 6313457 of 8830118 max
	Tree  : 13499732 of 44150590 max
	Optimizing memory usage...
	Cache length = 11180
	Using binomial scoring

	Global Optimization Phase: Looking for enriched oligos with up to 2 mismatches...

	Screening oligos 6313457 (allowing 0 mismatches):
	|0%                                   50%                                  100%|
	================================================================================
		78.21% skipped, 21.79% checked (1375732 of 6313457), of those checked:
		78.21% not in target, 0.00% increased p-value, 0.00% high p-value

	Screening oligos 6313457 (allowing 1 mismatches):
	|0%                                   50%                                  100%|
	================================================================================
		78.21% skipped, 21.79% checked (1375732 of 6313457), of those checked:
		0.00% not in target, 16.61% increased p-value, 6.60% high p-value

	Screening oligos 6313457 (allowing 2 mismatches):
	|0%                                   50%                                  100%|
	================================================================================
		96.56% skipped, 3.44% checked (217322 of 6313457), of those checked:
		0.00% not in target, 2.47% increased p-value, 0.00% high p-value
	Reading input files...
	67614 total sequences read
	Cache length = 11180
	Using binomial scoring

	Local Optimization Phase:
	1 of 25 Initial Sequence: TGACTCACAGTC... (-37.124)
		Round 1: -62.14 TGACTCACAGTC T:1181.0(24.08%),B:12100.7(17.49%),P:1e-26
		Round 2: -76.20 TGACTCACAGTC T:1028.0(21.32%),B:9827.4(14.45%),P:1e-33
		Round 3: -101.31 TGACTCACAGTC T:1883.0(35.54%),B:18831.5(25.86%),P:1e-43
		Round 4: -119.67 TGACTCACAGKC T:1790.0(34.13%),B:17096.1(23.78%),P:1e-51
		Round 5: -129.03 TGASTCASAGNV T:3059.0(51.01%),B:31156.6(39.04%),P:1e-56
		Round 6: -131.06 TGASTCASAVDB T:3005.0(50.38%),B:30437.9(38.34%),P:1e-56
		Round 7: -131.06 TGASTCASAVDB T:3005.0(50.38%),B:30437.9(38.34%),P:1e-56
		=Final=: -105.26 TGASTCASAVDB T:1546.0(36.05%),B:16353.2(26.14%),P:1e-45
		Performing exhaustive masking of motif...
		Reprioritizing potential motifs...
	2 of 25 Initial Sequence: ACTACAACTCCC... (-29.561)
		Round 1: -45.25 ACTACAACTCCC T:122.0(2.81%),B:674.0(1.06%),P:1e-19
		Round 2: -45.25 ACTACAACTCCC T:122.0(2.81%),B:674.0(1.06%),P:1e-19
		=Final=: -32.73 ACTACAACTCCC T:102.0(2.38%),B:622.3(0.99%),P:1e-14
		Performing exhaustive masking of motif...
		Reprioritizing potential motifs...
	3 of 25 Initial Sequence: CCACCCACAGCG... (-25.687)
		Round 1: -38.56 CCACCCACAGCG T:206.0(4.69%),B:1560.4(2.45%),P:1e-16
		Round 2: -43.77 CCACCCACAGCG T:279.0(6.30%),B:2235.4(3.49%),P:1e-19
		Round 3: -43.77 CCACCCACAGCG T:279.0(6.30%),B:2235.4(3.49%),P:1e-19
		=Final=: -42.85 CCACCCACAGCG T:267.0(6.23%),B:2165.9(3.46%),P:1e-18
		Performing exhaustive masking of motif...
		Reprioritizing potential motifs...
	4 of 25 Initial Sequence: TGTGTTGCAACA... (-21.153)
		Round 1: -32.18 TGTGTTGCAACA T:255.0(5.77%),B:2196.9(3.43%),P:1e-13
		Round 2: -33.12 TGTGTTGCAACA T:235.0(5.33%),B:1957.5(3.06%),P:1e-14
		Round 3: -33.12 TGTGTTGCAACA T:235.0(5.33%),B:1957.5(3.06%),P:1e-14
		=Final=: -23.72 TGTGTTGCAACA T:194.0(4.52%),B:1723.2(2.75%),P:1e-10
		Performing exhaustive masking of motif...
		Reprioritizing potential motifs...
	5 of 25 Initial Sequence: AGTCATCTGACA... (-20.980)
		Round 1: -28.60 AGTCATCTGACA T:321.0(7.21%),B:3035.5(4.71%),P:1e-12
		Round 2: -30.29 AGTCATCTGACA T:267.0(6.04%),B:2368.8(3.69%),P:1e-13
		Round 3: -33.34 AGTCATCTGACA T:257.0(5.82%),B:2195.7(3.43%),P:1e-14
		Round 4: -33.34 AGTCATCTGACA T:257.0(5.82%),B:2195.7(3.43%),P:1e-14
		=Final=: -31.55 AGTCATCTGACA T:248.0(5.78%),B:2169.6(3.47%),P:1e-13
		Performing exhaustive masking of motif...
		Reprioritizing potential motifs...
	6 of 25 Initial Sequence: TGATTTCCCAAC... (-20.234)
		Round 1: -42.70 TGATTTCCCAAC T:187.0(4.27%),B:1309.0(2.06%),P:1e-18
		Round 2: -46.11 TGATTTCCCAAC T:168.0(3.84%),B:1076.5(1.69%),P:1e-20
		Round 3: -46.11 TGATTTCCCAAC T:168.0(3.84%),B:1076.5(1.69%),P:1e-20
		=Final=: -43.77 TGATTTCCCAAC T:155.0(3.61%),B:1000.2(1.60%),P:1e-19
		Performing exhaustive masking of motif...
		Reprioritizing potential motifs...
	7 of 25 Initial Sequence: CTCCCACTCATT... (-19.569)
		Round 1: -33.92 CTCCCACTCATT T:251.0(5.69%),B:2114.3(3.30%),P:1e-14
		Round 2: -37.15 CTCCCACTCATT T:246.0(5.58%),B:2005.3(3.14%),P:1e-16
		Round 3: -38.31 CTCCCACTCATT T:273.0(6.17%),B:2269.1(3.54%),P:1e-16
		Round 4: -40.30 CTCCCACTCATT T:286.0(6.45%),B:2368.6(3.69%),P:1e-17
		Round 5: -43.14 CTCCCACTCATT T:253.0(5.73%),B:1966.5(3.08%),P:1e-18
		Round 6: -43.75 CTCCCACTCATT T:285.0(6.43%),B:2292.6(3.58%),P:1e-19
		Round 7: -43.75 CTCCCACTCATT T:285.0(6.43%),B:2292.6(3.58%),P:1e-19
		=Final=: -42.26 CTCCCACTCATT T:271.0(6.32%),B:2219.3(3.55%),P:1e-18
		Performing exhaustive masking of motif...
		Reprioritizing potential motifs...
	8 of 25 Initial Sequence: TAACCACAGGCT... (-19.339)
		Round 1: -35.33 TAACCACAGGCT T:214.0(4.87%),B:1690.9(2.65%),P:1e-15
		Round 2: -38.78 TAACCACAGGCT T:224.0(5.09%),B:1741.5(2.73%),P:1e-16
		Round 3: -38.78 TAACCACAGGCT T:224.0(5.09%),B:1741.5(2.73%),P:1e-16
		=Final=: -38.66 TAACCACAGGCT T:219.0(5.11%),B:1720.0(2.75%),P:1e-16
		Performing exhaustive masking of motif...
		Reprioritizing potential motifs...
	9 of 25 Initial Sequence: AAGTCACATGCC... (-18.968)
		Round 1: -30.92 AAGTCACATGCC T:217.0(4.94%),B:1805.3(2.83%),P:1e-13
		Round 2: -35.63 AAGTCACATGSC T:194.0(4.42%),B:1477.7(2.32%),P:1e-15
		Round 3: -39.89 AAGTCACATGSC T:194.0(4.42%),B:1411.5(2.22%),P:1e-17
		Round 4: -43.22 AAGTCACATGSC T:221.0(5.02%),B:1638.6(2.57%),P:1e-18
		Round 5: -43.22 AAGTCACATGSC T:221.0(5.02%),B:1638.6(2.57%),P:1e-18
		=Final=: -45.97 AAGTCACATGSC T:217.0(5.06%),B:1587.9(2.54%),P:1e-19
		Performing exhaustive masking of motif...
		Reprioritizing potential motifs...
	10 of 25 Initial Sequence: GTTGAGCAACAC... (-18.716)
		Round 1: -33.09 GTTGAGCAACAC T:133.0(3.05%),B:897.3(1.41%),P:1e-14
		Round 2: -36.10 GTTGAGCAACAC T:144.0(3.30%),B:970.0(1.53%),P:1e-15
		Round 3: -37.19 GTTGAGCAACAC T:192.0(4.38%),B:1431.7(2.25%),P:1e-16
		Round 4: -43.43 GTTGAGCAACAC T:433.0(9.61%),B:3928.3(6.05%),P:1e-18
		Round 5: -44.50 GTTGAGCAACMC T:421.0(9.35%),B:3777.1(5.82%),P:1e-19
		Round 6: -49.59 GTTGAGCAACMC T:450.0(9.96%),B:3979.0(6.13%),P:1e-21
		Round 7: -55.04 GTTGAGCAAYMC T:568.0(12.41%),B:5173.7(7.89%),P:1e-23
		Round 8: -55.04 GTTGAGCAAYMC T:568.0(12.41%),B:5173.7(7.89%),P:1e-23
		=Final=: -54.95 GTTGAGCAAYMC T:529.0(12.34%),B:4902.7(7.84%),P:1e-23
		Performing exhaustive masking of motif...
		Reprioritizing potential motifs...
	11 of 25 Initial Sequence: AACAGTCTGATA... (-18.659)
		Round 1: -24.76 AACAGTCTGATA T:10.0(0.23%),B:5.4(0.01%),P:1e-10
		Round 2: -24.76 AACAGTCTGATA T:10.0(0.23%),B:5.4(0.01%),P:1e-10
		=Final=: -7.74 AACAGTCTGATA T:4.0(0.09%),B:5.4(0.01%),P:1e-3
		Performing exhaustive masking of motif...
		Reprioritizing potential motifs...
	12 of 25 Initial Sequence: ATCTTCTCTAAG... (-18.279)
		Round 1: -18.28 ATCTTCTCTAAG T:6.0(0.14%),B:2.4(0.00%),P:1e-7
		Round 2: -18.28 ATCTTCTCTAAG T:6.0(0.14%),B:2.4(0.00%),P:1e-7
		=Final=: -14.84 ATCTTCTCTAAG T:5.0(0.12%),B:2.4(0.00%),P:1e-6
		Performing exhaustive masking of motif...
		Reprioritizing potential motifs...
	13 of 25 Initial Sequence: TATTGGTCACTG... (-18.279)
		Round 1: -19.82 TATTGGTCACTG T:8.0(0.19%),B:4.7(0.01%),P:1e-8
		Round 2: -22.76 TATTGGTCACTG T:7.0(0.16%),B:2.6(0.00%),P:1e-9
		Round 3: -24.16 TATTGGTCACGG T:26.0(0.60%),B:69.5(0.11%),P:1e-10
		Round 4: -24.16 TATTGGTCACGG T:26.0(0.60%),B:69.5(0.11%),P:1e-10
		=Final=: -18.82 TATTGGTCACGG T:22.0(0.51%),B:69.5(0.11%),P:1e-8
		Performing exhaustive masking of motif...
		Reprioritizing potential motifs...
	14 of 25 Initial Sequence: CAGACTGCATGC... (-17.869)
		Round 1: -26.10 CAGACTGCATGC T:12.0(0.28%),B:8.4(0.01%),P:1e-11
		Round 2: -28.79 CAGACCGCATGC T:15.0(0.35%),B:13.5(0.02%),P:1e-12
		Round 3: -28.79 CAGACCGCATGC T:15.0(0.35%),B:13.5(0.02%),P:1e-12
		=Final=: -30.48 CAGACCGCATGC T:15.0(0.35%),B:13.5(0.02%),P:1e-13
		Performing exhaustive masking of motif...
		Reprioritizing potential motifs...
	15 of 25 Initial Sequence: TGAGCTCATGAC... (-17.734)
		Round 1: -32.00 TGAGCTCATGAC T:812.0(17.25%),B:8864.2(13.14%),P:1e-13
		Round 2: -34.12 TGAGCTCATGAC T:567.0(12.39%),B:5782.1(8.78%),P:1e-14
		Round 3: -35.69 TGAGCTCATGAC T:1267.0(25.58%),B:14404.1(20.45%),P:1e-15
		Round 4: -38.25 TGAGCTCATGAC T:830.0(17.60%),B:8814.2(13.07%),P:1e-16
		Round 5: -38.25 TGAGCTCATGAC T:830.0(17.60%),B:8814.2(13.07%),P:1e-16
		=Final=: -32.50 TGAGCTCATGAC T:704.0(16.42%),B:7744.4(12.38%),P:1e-14
		Performing exhaustive masking of motif...
		Reprioritizing potential motifs...
	16 of 25 Initial Sequence: CTACCAACTTCC... (-15.507)
		Round 1: -30.13 CTACCAACTTCC T:197.0(4.49%),B:1605.3(2.52%),P:1e-13
		Round 2: -34.89 CTACCAACTTCC T:347.0(7.77%),B:3170.3(4.91%),P:1e-15
		Round 3: -37.06 CTACCAACTTCC T:236.0(5.36%),B:1894.5(2.96%),P:1e-16
		Round 4: -39.19 CTACCAACTTCC T:265.0(5.99%),B:2172.5(3.39%),P:1e-17
		Round 5: -39.19 CTACCAACTTCC T:265.0(5.99%),B:2172.5(3.39%),P:1e-17
		=Final=: -37.99 CTACCAACTTCC T:255.0(5.95%),B:2121.6(3.39%),P:1e-16
		Performing exhaustive masking of motif...
		Reprioritizing potential motifs...
	17 of 25 Initial Sequence: GCCATCCCACAG... (-15.166)
		Round 1: -27.62 GCCATCCCACAG T:247.0(5.60%),B:2215.5(3.46%),P:1e-11
		Round 2: -27.62 GCCATCCCACAG T:247.0(5.60%),B:2215.5(3.46%),P:1e-11
		=Final=: -25.32 GCCATCCCACAG T:239.0(5.57%),B:2204.6(3.52%),P:1e-10
		Performing exhaustive masking of motif...
		Reprioritizing potential motifs...
	18 of 25 Initial Sequence: GATCTCGCGAGA... (-15.108)
		Round 1: -30.23 GATCTCGCGAGA T:74.0(1.71%),B:392.6(0.62%),P:1e-13
		Round 2: -30.23 GATCTCGCGAGA T:74.0(1.71%),B:392.6(0.62%),P:1e-13
		=Final=: -19.71 GATCTCGCGAGA T:47.0(1.10%),B:253.6(0.41%),P:1e-8
		Performing exhaustive masking of motif...
		Reprioritizing potential motifs...
	19 of 25 Initial Sequence: AGTAGGGACTAT... (-15.089)
		Round 1: -24.15 AGTAGGGACTAT T:13.0(0.30%),B:12.0(0.02%),P:1e-10
		Round 2: -24.48 AGTRGGGACTAT T:21.0(0.49%),B:42.4(0.07%),P:1e-10
		Round 3: -25.94 AGTRGGGACTRT T:24.0(0.56%),B:53.9(0.08%),P:1e-11
		Round 4: -27.86 AGTAGGGACTAT T:26.0(0.60%),B:58.8(0.09%),P:1e-12
		Round 5: -27.86 AGTAGGGACTAT T:26.0(0.60%),B:58.8(0.09%),P:1e-12
		=Final=: -29.25 AGTAGGGACTAT T:26.0(0.61%),B:58.8(0.09%),P:1e-12
		Performing exhaustive masking of motif...
		Reprioritizing potential motifs...
	20 of 25 Initial Sequence: TCACAGCTTGAC... (-14.971)
		Round 1: -26.08 TCACAGCTTGAC T:28.0(0.65%),B:74.3(0.12%),P:1e-11
		Round 2: -26.08 TCACAGCTTGAC T:28.0(0.65%),B:74.3(0.12%),P:1e-11
		=Final=: -23.96 TCACAGCTTGAC T:26.0(0.61%),B:74.3(0.12%),P:1e-10
		Performing exhaustive masking of motif...
		Reprioritizing potential motifs...
	21 of 25 Initial Sequence: AGGAACTGATGC... (-14.737)
		Round 1: -27.07 AGGAACTGATGC T:98.0(2.26%),B:635.6(1.00%),P:1e-11
		Round 2: -29.33 AGGAACTGATGC T:92.0(2.12%),B:562.4(0.89%),P:1e-12
		Round 3: -35.21 AGGAACTGATGC T:60.0(1.39%),B:245.6(0.39%),P:1e-15
		Round 4: -35.21 AGGAACTGATGC T:60.0(1.39%),B:245.6(0.39%),P:1e-15
		=Final=: -36.06 AGGAACTGATGC T:60.0(1.40%),B:245.6(0.39%),P:1e-15
		Performing exhaustive masking of motif...
		Reprioritizing potential motifs...
	22 of 25 Initial Sequence: GGTGACATCATC... (-14.683)
		Round 1: -24.98 VGTGACATCADN T:762.0(16.28%),B:8590.2(12.76%),P:1e-10
		Round 2: -28.16 GGTGACATCAKN T:268.0(6.06%),B:2431.1(3.79%),P:1e-12
		Round 3: -31.23 GGTGACATCAKN T:276.0(6.23%),B:2455.2(3.83%),P:1e-13
		Round 4: -33.59 RBTGACATCAKN T:314.0(7.06%),B:2822.8(4.38%),P:1e-14
		Round 5: -33.59 RBTGACATCAKN T:314.0(7.06%),B:2822.8(4.38%),P:1e-14
		=Final=: -34.85 RBTGACATCAKN T:294.0(6.86%),B:2622.8(4.19%),P:1e-15
		Performing exhaustive masking of motif...
		Reprioritizing potential motifs...
	23 of 25 Initial Sequence: AGCTTTGTGTCA... (-14.616)
		Round 1: -21.17 AGCTTTGTGTCA T:17.0(0.40%),B:31.8(0.05%),P:1e-9
		Round 2: -26.02 AGCTTAGGATCA T:41.0(0.95%),B:158.8(0.25%),P:1e-11
		Round 3: -28.27 AGCTTAGKAYCA T:27.0(0.63%),B:62.6(0.10%),P:1e-12
		Round 4: -28.27 AGCTTAGKAYCA T:27.0(0.63%),B:62.6(0.10%),P:1e-12
		=Final=: -29.64 AGCTTAGKAYCA T:27.0(0.63%),B:62.6(0.10%),P:1e-12
		Performing exhaustive masking of motif...
		Reprioritizing potential motifs...
	24 of 25 Initial Sequence: TTCTGCTTTCAG... (-13.990)
		Round 1: -16.23 TTCTGCTTTCAG T:20.0(0.47%),B:62.5(0.10%),P:1e-7
		Round 2: -22.34 TTCTGCTTTSCG T:29.0(0.67%),B:94.2(0.15%),P:1e-9
		Round 3: -22.34 TTCTGCTTTSCG T:29.0(0.67%),B:94.2(0.15%),P:1e-9
		=Final=: -21.97 TTCTGCTTTSCG T:28.0(0.65%),B:94.2(0.15%),P:1e-9
		Performing exhaustive masking of motif...
		Reprioritizing potential motifs...
	25 of 25 Initial Sequence: ACATTGCTACAT... (-13.980)
		Round 1: -14.31 ACATTGCTACAT T:571.0(12.47%),B:6729.6(10.14%),P:1e-6
		Round 2: -16.58 ACATTGCTACAT T:614.0(13.34%),B:7160.0(10.75%),P:1e-7
		Round 3: -18.76 ACATTGCYACAT T:189.0(4.31%),B:1758.9(2.75%),P:1e-8
		Round 4: -19.56 ACATTGCYACAT T:208.0(4.74%),B:1968.9(3.08%),P:1e-8
		Round 5: -23.71 ACATTGCCACAT T:168.0(3.84%),B:1411.0(2.22%),P:1e-10
		Round 6: -23.80 RCATTGCCACAT T:126.0(2.90%),B:968.0(1.52%),P:1e-10
		Round 7: -25.82 NCATTGCCACAT T:119.0(2.74%),B:862.7(1.36%),P:1e-11
		Round 8: -25.82 NCATTGCCACAT T:119.0(2.74%),B:862.7(1.36%),P:1e-11
		=Final=: -27.33 NCATTGCCACAT T:119.0(2.78%),B:850.9(1.36%),P:1e-11
		Performing exhaustive masking of motif...
		Reprioritizing potential motifs...

	Finalizing Enrichment Statistics (new in v3.4)
	Reading input files...
	67614 total sequences read
	Cache length = 11180
	Using binomial scoring
	Checking enrichment of 25 motif(s)
	|0%                                    50%                                  100%|
	=================================================================================
	Output in file: /project/lbarreiro/USERS/ellen/KnightMolecules/demultiplexed/FastQ/15_transcriptionFactorMotifs//tfMotifOutput_DOWN_hc//homerMotifs.motifs12

	(Motifs in homer2 format)
	Determining similar motifs... 65 reduced to 29 motifs
	Outputing HTML and sequence logos for motif comparison...
	Checking de novo motifs against known motifs...
	Formatting HTML page...
		1 of 29 (1e-48) similar to JunB(bZIP)/DendriticCells-Junb-ChIP-Seq(GSE36099)/Homer(0.982)
		2 of 29 (1e-36) similar to Egr2(Zf)/Thymocytes-Egr2-ChIP-Seq(GSE34254)/Homer(0.901)
		3 of 29 (1e-32) similar to TFE3/MA0831.2/Jaspar(0.946)
		4 of 29 (1e-29) similar to CEBPD/MA0836.2/Jaspar(0.866)
		5 of 29 (1e-26) similar to Atf7(bZIP)/3T3L1-Atf7-ChIP-Seq(GSE56872)/Homer(0.958)
		6 of 29 (1e-17) similar to PB0149.1_Myb_2/Jaspar(0.745)
		7 of 29 (1e-16) similar to RUNX-AML(Runt)/CD4+-PolII-ChIP-Seq(Barski_et_al.)/Homer(0.810)
		8 of 29 (1e-16) similar to PU.1(ETS)/ThioMac-PU.1-ChIP-Seq(GSE21512)/Homer(0.643)
		9 of 29 (1e-14) similar to GFY(?)/Promoter/Homer(0.929)
		10 of 29 (1e-13) similar to MZF1/MA0056.2/Jaspar(0.669)
		11 of 29 (1e-13) similar to GATA1/MA0035.4/Jaspar(0.617)
		12 of 29 (1e-12) similar to CEBP:AP1(bZIP)/ThioMac-CEBPb-ChIP-Seq(GSE21512)/Homer(0.812)
		13 of 29 (1e-12) similar to RUNX2/MA0511.2/Jaspar(0.680)
		14 of 29 (1e-11) similar to HOXA9/MA0594.2/Jaspar(0.695)
		15 of 29 (1e-10) similar to PB0168.1_Sox14_2/Jaspar(0.659)
		16 of 29 (1e-9) similar to MEF2A/MA0052.4/Jaspar(0.805)
		17 of 29 (1e-9) similar to PB0207.1_Zic3_2/Jaspar(0.718)
		18 of 29 (1e-9) similar to ZNF317/MA1593.1/Jaspar(0.637)
		19 of 29 (1e-9) similar to ETV4/MA0764.2/Jaspar(0.748)
		20 of 29 (1e-9) similar to ZBTB33(Zf)/GM12878-ZBTB33-ChIP-Seq(GSE32465)/Homer(0.930)
		21 of 29 (1e-8) similar to LRF(Zf)/Erythroblasts-ZBTB7A-ChIP-Seq(GSE74977)/Homer(0.730)
		22 of 29 (1e-8) similar to Brn2(POU,Homeobox)/NPC-Brn2-ChIP-Seq(GSE35496)/Homer(0.642)
		23 of 29 (1e-7) similar to NFYC/MA1644.1/Jaspar(0.823)
		24 of 29 (1e-7) similar to PAX3:FKHR-fusion(Paired,Homeobox)/Rh4-PAX3:FKHR-ChIP-Seq(GSE19063)/Homer(0.741)
		25 of 29 (1e-6) similar to POL013.1_MED-1/Jaspar(0.664)
		26 of 29 (1e-6) similar to GATA6/MA1104.2/Jaspar(0.673)
		27 of 29 (1e-6) similar to POL013.1_MED-1/Jaspar(0.712)
		28 of 29 (1e-5) similar to MYBL1/MA0776.1/Jaspar(0.698)
		29 of 29 (1e-3) similar to Smad3(MAD)/NPC-Smad3-ChIP-Seq(GSE36673)/Homer(0.603)
	Job finished - if results look good, please send beer to ..

	Cleaning up tmp files...

