
	Position file = /project/lbarreiro/USERS/ellen/KnightMolecules/demultiplexed/FastQ/15_transcriptionFactorMotifs/dataDriven_commonBaseline//annotateInput_DOWN_nerol.txt
	Genome = mm10
	Output Directory = /project/lbarreiro/USERS/ellen/KnightMolecules/demultiplexed/FastQ/15_transcriptionFactorMotifs/dataDriven_commonBaseline//tfMotifOutput_DOWN_nerol/
	Fragment size set to 500
	Will use repeat masked sequences
	Using 3 CPUs
	background position file: /project/lbarreiro/USERS/ellen/KnightMolecules/demultiplexed/FastQ/13_mashr//annotateInput.txt
	Found mset for "mouse", will check against vertebrates motifs
Argument "start" isn't numeric in addition (+) at /project/lbarreiro/USERS/ellen/programs/homer/bin/bed2pos.pl line 103, <IN> line 1.
	Peak/BED file conversion summary:
		BED/Header formatted lines: 10537
		peakfile formatted lines: 0

	Peak File Statistics:
		Total Peaks: 10537
		Redundant Peak IDs: 0
		Peaks lacking information: 0 (need at least 5 columns per peak)
		Peaks with misformatted coordinates: 1 (should be integer)
		Peaks with misformatted strand: 0 (should be either +/- or 0/1)

	Peak file looks good!

	Peak/BED file conversion summary:
		BED/Header formatted lines: 74314
		peakfile formatted lines: 0
	Max distance to merge: 500 bp
	Calculating co-bound peaks relative to reference: /project/lbarreiro/USERS/ellen/KnightMolecules/demultiplexed/FastQ/15_transcriptionFactorMotifs/dataDriven_commonBaseline//tfMotifOutput_DOWN_nerol//bg.clean.pos

	Comparing peaks: (peakfile, overlapping peaks, logRatio(obs/expected), logP)
	**	/project/lbarreiro/USERS/ellen/KnightMolecules/demultiplexed/FastQ/15_transcriptionFactorMotifs/dataDriven_commonBaseline//tfMotifOutput_DOWN_nerol//target.clean..pos	10538	3.29	0.00

	**	Pairwise stats are approx with fixed distance (-d 500) and -cobound #
		They get worse as the size increases and peaks from a single file start overlapping
		To get accurate ones, adjust peak sizes first with adjustPeakFile.pl and
		then rerun mergePeaks with the "-d given" option (only applies to -cobound #)

	Co-bound by 0 peaks: 63776
	Co-bound by 1 peaks: 10538 (max: 10538 effective total)
Argument "end" isn't numeric in addition (+) at /project/lbarreiro/USERS/ellen/programs/homer/bin/resizePosFile.pl line 65, <IN> line 1.
	Custom genome sequence directory: /project/lbarreiro/USERS/ellen/programs/homer/.//data/genomes/mm10//

	Extracting sequences from directory: /project/lbarreiro/USERS/ellen/programs/homer/.//data/genomes/mm10//
	Extracting 5382 sequences from chr1
	Extracting 5868 sequences from chr2
	Extracting 4084 sequences from chr3
	Extracting 4408 sequences from chr4
	Extracting 4489 sequences from chr5
	Extracting 4281 sequences from chr6
	Extracting 4457 sequences from chr7
	Extracting 3685 sequences from chr8
	Extracting 3850 sequences from chr9
	Extracting 4099 sequences from chr10
	Extracting 4676 sequences from chr11
	Extracting 3152 sequences from chr12
	Extracting 3723 sequences from chr13
	Extracting 2993 sequences from chr14
	Extracting 2979 sequences from chr15
	Extracting 2573 sequences from chr16
	Extracting 3101 sequences from chr17
	Extracting 2417 sequences from chr18
	Extracting 2136 sequences from chr19
	Extracting 1959 sequences from chrX
	!!Could not open file for chromosome (.fa or .fa.masked)
		6692 of 74312 removed because they had >70.00% Ns (i.e. masked repeats)

	Not removing redundant sequences


	Sequences processed:
		Auto detected maximum sequence length of 501 bp
		67620 total

	Frequency Bins: 0.2 0.25 0.3 0.35 0.4 0.45 0.5 0.6 0.7 0.8
	Freq	Bin	Count
	0.25	1	5
	0.3	2	151
	0.35	3	1403
	0.4	4	6199
	0.45	5	14137
	0.5	6	16974
	0.6	7	19482
	0.7	8	7442
	0.8	9	1824
	10	10	3
	Bin	# Targets	# Background	Background Weight
	1	1	4	1.576
	2	19	132	0.907
	3	253	1150	1.386
	4	1051	5148	1.287
	5	2468	11669	1.333
	6	2793	14181	1.241
	7	2403	17079	0.887
	8	248	7194	0.217
	9	24	1800	0.084
	Normalizing lower order oligos using homer2

	Reading input files...
	67617 total sequences read
	Autonormalization: 1-mers (4 total)
		A	26.65%	26.55%	1.004
		C	23.35%	23.45%	0.996
		G	23.35%	23.45%	0.996
		T	26.65%	26.55%	1.004
	Autonormalization: 2-mers (16 total)
		AA	7.61%	7.82%	0.973
		CA	7.80%	7.55%	1.033
		GA	6.46%	6.37%	1.014
		TA	4.78%	4.81%	0.993
		AC	5.44%	5.37%	1.013
		CC	6.18%	6.28%	0.985
		GC	5.28%	5.43%	0.972
		TC	6.46%	6.37%	1.014
		AG	7.99%	7.98%	1.001
		CG	1.38%	1.64%	0.844
		GG	6.18%	6.28%	0.985
		TG	7.80%	7.55%	1.033
		AT	5.60%	5.38%	1.042
		CT	7.99%	7.98%	1.001
		GT	5.44%	5.37%	1.013
		TT	7.61%	7.82%	0.973
	Autonormalization: 3-mers (64 total)
	Normalization weights can be found in file: /project/lbarreiro/USERS/ellen/KnightMolecules/demultiplexed/FastQ/15_transcriptionFactorMotifs/dataDriven_commonBaseline//tfMotifOutput_DOWN_nerol//seq.autonorm.tsv
	Converging on autonormalization solution:
	...............................................................................
	Final normalization:	Autonormalization: 1-mers (4 total)
		A	26.65%	26.64%	1.000
		C	23.35%	23.36%	1.000
		G	23.35%	23.36%	1.000
		T	26.65%	26.64%	1.000
	Autonormalization: 2-mers (16 total)
		AA	7.61%	7.67%	0.992
		CA	7.80%	7.74%	1.008
		GA	6.46%	6.42%	1.005
		TA	4.78%	4.81%	0.993
		AC	5.44%	5.43%	1.002
		CC	6.18%	6.20%	0.997
		GC	5.28%	5.31%	0.994
		TC	6.46%	6.42%	1.005
		AG	7.99%	8.01%	0.997
		CG	1.38%	1.41%	0.978
		GG	6.18%	6.20%	0.997
		TG	7.80%	7.74%	1.008
		AT	5.60%	5.53%	1.014
		CT	7.99%	8.01%	0.997
		GT	5.44%	5.43%	1.002
		TT	7.61%	7.67%	0.992
	Autonormalization: 3-mers (64 total)
	Finished preparing sequence/group files

	----------------------------------------------------------
	Known motif enrichment

	Reading input files...
	67617 total sequences read
	440 motifs loaded
	Cache length = 11180
	Using binomial scoring
	Checking enrichment of 440 motif(s)
	|0%                                    50%                                  100%|
	=================================================================================
	Preparing HTML output with sequence logos...
		1 of 440 (1e-106) Atf3(bZIP)/GBM-ATF3-ChIP-Seq(GSE33912)/Homer
		2 of 440 (1e-104) Fra1(bZIP)/BT549-Fra1-ChIP-Seq(GSE46166)/Homer
		3 of 440 (1e-102) Fos(bZIP)/TSC-Fos-ChIP-Seq(GSE110950)/Homer
		4 of 440 (1e-101) BATF(bZIP)/Th17-BATF-ChIP-Seq(GSE39756)/Homer
		5 of 440 (1e-96) JunB(bZIP)/DendriticCells-Junb-ChIP-Seq(GSE36099)/Homer
		6 of 440 (1e-94) AP-1(bZIP)/ThioMac-PU.1-ChIP-Seq(GSE21512)/Homer
		7 of 440 (1e-89) Fra2(bZIP)/Striatum-Fra2-ChIP-Seq(GSE43429)/Homer
		8 of 440 (1e-69) Fosl2(bZIP)/3T3L1-Fosl2-ChIP-Seq(GSE56872)/Homer
		9 of 440 (1e-50) Jun-AP1(bZIP)/K562-cJun-ChIP-Seq(GSE31477)/Homer
		10 of 440 (1e-28) CREB5(bZIP)/LNCaP-CREB5.V5-ChIP-Seq(GSE137775)/Homer
		11 of 440 (1e-27) Atf7(bZIP)/3T3L1-Atf7-ChIP-Seq(GSE56872)/Homer
		12 of 440 (1e-26) c-Jun-CRE(bZIP)/K562-cJun-ChIP-Seq(GSE31477)/Homer
		13 of 440 (1e-25) Atf2(bZIP)/3T3L1-Atf2-ChIP-Seq(GSE56872)/Homer
		14 of 440 (1e-21) Bach2(bZIP)/OCILy7-Bach2-ChIP-Seq(GSE44420)/Homer
		15 of 440 (1e-18) Atf1(bZIP)/K562-ATF1-ChIP-Seq(GSE31477)/Homer
		16 of 440 (1e-14) JunD(bZIP)/K562-JunD-ChIP-Seq/Homer
		17 of 440 (1e-13) MITF(bHLH)/MastCells-MITF-ChIP-Seq(GSE48085)/Homer
		18 of 440 (1e-12) Egr1(Zf)/K562-Egr1-ChIP-Seq(GSE32465)/Homer
		19 of 440 (1e-11) Egr2(Zf)/Thymocytes-Egr2-ChIP-Seq(GSE34254)/Homer
		20 of 440 (1e-8) NFIL3(bZIP)/HepG2-NFIL3-ChIP-Seq(Encode)/Homer
		21 of 440 (1e-7) WT1(Zf)/Kidney-WT1-ChIP-Seq(GSE90016)/Homer
		22 of 440 (1e-7) HLF(bZIP)/HSC-HLF.Flag-ChIP-Seq(GSE69817)/Homer
		23 of 440 (1e-6) MafK(bZIP)/C2C12-MafK-ChIP-Seq(GSE36030)/Homer
		24 of 440 (1e-6) BMAL1(bHLH)/Liver-Bmal1-ChIP-Seq(GSE39860)/Homer
		25 of 440 (1e-5) CRE(bZIP)/Promoter/Homer
		26 of 440 (1e-5) CLOCK(bHLH)/Liver-Clock-ChIP-Seq(GSE39860)/Homer
		27 of 440 (1e-5) NPAS2(bHLH)/Liver-NPAS2-ChIP-Seq(GSE39860)/Homer
		28 of 440 (1e-5) Pdx1(Homeobox)/Islet-Pdx1-ChIP-Seq(SRA008281)/Homer
		29 of 440 (1e-4) CEBP(bZIP)/ThioMac-CEBPb-ChIP-Seq(GSE21512)/Homer
		30 of 440 (1e-4) PBX2(Homeobox)/K562-PBX2-ChIP-Seq(Encode)/Homer
		31 of 440 (1e-4) Atf4(bZIP)/MEF-Atf4-ChIP-Seq(GSE35681)/Homer
		32 of 440 (1e-3) bHLHE41(bHLH)/proB-Bhlhe41-ChIP-Seq(GSE93764)/Homer
		33 of 440 (1e-3) Usf2(bHLH)/C2C12-Usf2-ChIP-Seq(GSE36030)/Homer
		34 of 440 (1e-3) c-Myc(bHLH)/mES-cMyc-ChIP-Seq(GSE11431)/Homer
		35 of 440 (1e-3) HIF-1a(bHLH)/MCF7-HIF1a-ChIP-Seq(GSE28352)/Homer
		36 of 440 (1e-3) CEBP:AP1(bZIP)/ThioMac-CEBPb-ChIP-Seq(GSE21512)/Homer
		37 of 440 (1e-3) NPAS(bHLH)/Liver-NPAS-ChIP-Seq(GSE39860)/Homer
		38 of 440 (1e-3) Nkx6.1(Homeobox)/Islet-Nkx6.1-ChIP-Seq(GSE40975)/Homer
		39 of 440 (1e-3) Max(bHLH)/K562-Max-ChIP-Seq(GSE31477)/Homer
		40 of 440 (1e-2) NFkB-p65(RHD)/GM12787-p65-ChIP-Seq(GSE19485)/Homer
		41 of 440 (1e-2) Tgif1(Homeobox)/mES-Tgif1-ChIP-Seq(GSE55404)/Homer
		42 of 440 (1e-2) n-Myc(bHLH)/mES-nMyc-ChIP-Seq(GSE11431)/Homer
		43 of 440 (1e-2) TEAD(TEA)/Fibroblast-PU.1-ChIP-Seq(Unpublished)/Homer
		44 of 440 (1e-2) USF1(bHLH)/GM12878-Usf1-ChIP-Seq(GSE32465)/Homer
		45 of 440 (1e-2) KLF14(Zf)/HEK293-KLF14.GFP-ChIP-Seq(GSE58341)/Homer
		46 of 440 (1e-2) Nrf2(bZIP)/Lymphoblast-Nrf2-ChIP-Seq(GSE37589)/Homer
		47 of 440 (1e-2) Rfx2(HTH)/LoVo-RFX2-ChIP-Seq(GSE49402)/Homer
		48 of 440 (1e-2) NFkB-p65-Rel(RHD)/ThioMac-LPS-Expression(GSE23622)/Homer
		49 of 440 (1e-2) Brn2(POU,Homeobox)/NPC-Brn2-ChIP-Seq(GSE35496)/Homer
		50 of 440 (1e-2) Brachyury(T-box)/Mesoendoderm-Brachyury-ChIP-exo(GSE54963)/Homer
		51 of 440 (1e-2) NF-E2(bZIP)/K562-NFE2-ChIP-Seq(GSE31477)/Homer
		52 of 440 (1e-2) GATA3(Zf),DR8/iTreg-Gata3-ChIP-Seq(GSE20898)/Homer
		53 of 440 (1e-2) RFX(HTH)/K562-RFX3-ChIP-Seq(SRA012198)/Homer
		54 of 440 (1e-2) Chop(bZIP)/MEF-Chop-ChIP-Seq(GSE35681)/Homer
		55 of 440 (1e-2) PAX3:FKHR-fusion(Paired,Homeobox)/Rh4-PAX3:FKHR-ChIP-Seq(GSE19063)/Homer
		56 of 440 (1e-2) REST-NRSF(Zf)/Jurkat-NRSF-ChIP-Seq/Homer
		57 of 440 (1e-2) DLX2(Homeobox)/BasalGanglia-Dlx2-ChIP-seq(GSE124936)/Homer
		58 of 440 (1e-2) Lhx2(Homeobox)/HFSC-Lhx2-ChIP-Seq(GSE48068)/Homer
		59 of 440 (1e-2) En1(Homeobox)/SUM149-EN1-ChIP-Seq(GSE120957)/Homer
		60 of 440 (1e-2) TEAD4(TEA)/Tropoblast-Tead4-ChIP-Seq(GSE37350)/Homer
		61 of 440 (1e-2) Znf263(Zf)/K562-Znf263-ChIP-Seq(GSE31477)/Homer
	----------------------------------------------------------
	De novo motif finding (HOMER)

	Number of Trial motifs (-T) set to 9 (from 10) to work well with 3 CPUs
	Scanning input files...
	Parsing sequences...
	|0%                                   50%                                  100%|
	================================================================================
	Total number of Oligos: 32896
	Autoadjustment for sequence coverage in background: 1.00x

	Oligos: 32896 of 34497 max
	Tree  : 67084 of 172485 max
	Optimizing memory usage...
	Cache length = 11180
	Using binomial scoring

	Global Optimization Phase: Looking for enriched oligos with up to 2 mismatches...

	Screening oligos 32896 (allowing 0 mismatches):
	|0%                                   50%                                  100%|
	================================================================================
		0.04% skipped, 99.96% checked (32884 of 32896), of those checked:
		0.04% not in target, 0.00% increased p-value, 0.00% high p-value

	Screening oligos 32896 (allowing 1 mismatches):
	|0%                                   50%                                  100%|
	================================================================================
		0.04% skipped, 99.96% checked (32884 of 32896), of those checked:
		0.00% not in target, 48.74% increased p-value, 58.90% high p-value

	Screening oligos 32896 (allowing 2 mismatches):
	|0%                                   50%                                  100%|
	================================================================================
		74.92% skipped, 25.08% checked (8251 of 32896), of those checked:
		0.00% not in target, 22.31% increased p-value, 0.00% high p-value
	Reading input files...
	67617 total sequences read
	Cache length = 11180
	Using binomial scoring

	Local Optimization Phase:
	1 of 25 Initial Sequence: TGACTCAT... (-187.755)
		Round 1: -295.45 TGAGTCAY T:6926.0(52.67%),B:30398.8(40.22%),P:1e-128
		Round 2: -295.45 TGAGTCAY T:6926.0(52.67%),B:30398.8(40.22%),P:1e-128
		=Final=: -242.36 TGAGTCAY T:4154.0(44.86%),B:19926.4(33.89%),P:1e-105
		Performing exhaustive masking of motif...
		Reprioritizing potential motifs...
	2 of 25 Initial Sequence: TGACGTCA... (-43.514)
		Round 1: -72.75 TGACRTCA T:2585.0(24.36%),B:12717.1(19.37%),P:1e-31
		Round 2: -72.75 TGACRTCA T:2585.0(24.36%),B:12717.1(19.37%),P:1e-31
		=Final=: -58.04 TGACRTCA T:2183.0(23.57%),B:11274.1(19.17%),P:1e-25
		Performing exhaustive masking of motif...
		Reprioritizing potential motifs...
	3 of 25 Initial Sequence: TGTGGGTG... (-25.382)
		Round 1: -46.24 TGTGGGTG T:1497.0(14.93%),B:7355.1(11.71%),P:1e-20
		Round 2: -46.24 TGTGGGTG T:1497.0(14.93%),B:7355.1(11.71%),P:1e-20
		=Final=: -39.35 TGTGGGTG T:1334.0(14.41%),B:6753.0(11.48%),P:1e-17
		Performing exhaustive masking of motif...
		Reprioritizing potential motifs...
	4 of 25 Initial Sequence: TGTGTCAC... (-23.254)
		Round 1: -45.01 TGTGTCAC T:1171.0(11.88%),B:5592.2(9.03%),P:1e-19
		Round 2: -45.35 TGTGTCAC T:879.0(9.06%),B:4006.3(6.56%),P:1e-19
		Round 3: -45.35 TGTGTCAC T:879.0(9.06%),B:4006.3(6.56%),P:1e-19
		=Final=: -37.81 TGTGTCAC T:815.0(8.80%),B:3851.3(6.55%),P:1e-16
		Performing exhaustive masking of motif...
		Reprioritizing potential motifs...
	5 of 25 Initial Sequence: GTCATGAT... (-17.136)
		Round 1: -43.33 GTCATGAT T:5361.0(43.95%),B:29558.4(39.37%),P:1e-18
		Round 2: -43.33 GTCATGAT T:5361.0(43.95%),B:29558.4(39.37%),P:1e-18
		=Final=: -38.49 GTCATGAT T:1097.0(11.85%),B:5417.4(9.21%),P:1e-16
		Performing exhaustive masking of motif...
		Reprioritizing potential motifs...
	6 of 25 Initial Sequence: GTGACTAT... (-15.546)
		Round 1: -31.62 GTGACTAT T:4720.0(39.94%),B:26480.3(36.12%),P:1e-13
		Round 2: -37.87 GTGACYAT T:3773.0(33.47%),B:20618.6(29.46%),P:1e-16
		Round 3: -42.37 GTGACYAT T:3381.0(30.59%),B:18152.2(26.45%),P:1e-18
		Round 4: -42.37 GTGACYAT T:3381.0(30.59%),B:18152.2(26.45%),P:1e-18
		=Final=: -26.84 GTGACYAT T:1710.0(18.47%),B:9280.8(15.78%),P:1e-11
		Performing exhaustive masking of motif...
		Reprioritizing potential motifs...
	7 of 25 Initial Sequence: CCCACTCA... (-14.007)
		Round 1: -28.70 CCCACTCA T:3120.0(28.61%),B:17235.3(25.30%),P:1e-12
		Round 2: -28.70 CCCACTCA T:3120.0(28.61%),B:17235.3(25.30%),P:1e-12
		=Final=: -24.14 CCCACTCA T:2579.0(27.85%),B:14627.7(24.88%),P:1e-10
		Performing exhaustive masking of motif...
		Reprioritizing potential motifs...
	8 of 25 Initial Sequence: TCACATGG... (-14.054)
		Round 1: -23.34 TCACATGG T:3447.0(31.08%),B:19450.7(28.05%),P:1e-10
		Round 2: -23.34 TCACATGG T:3447.0(31.08%),B:19450.7(28.05%),P:1e-10
		=Final=: -19.90 TCACATGG T:1920.0(20.73%),B:10781.2(18.34%),P:1e-8
		Performing exhaustive masking of motif...
		Reprioritizing potential motifs...
	9 of 25 Initial Sequence: AGGAGGGA... (-12.604)
		Round 1: -20.96 AGGAGGGA T:1811.0(17.76%),B:9908.5(15.44%),P:1e-9
		Round 2: -26.40 ATGAGKKA T:2757.0(25.75%),B:15219.2(22.71%),P:1e-11
		Round 3: -29.75 AKGAGKCA T:3528.0(31.68%),B:19575.4(28.20%),P:1e-12
		Round 4: -29.75 AKGAGKCA T:3528.0(31.68%),B:19575.4(28.20%),P:1e-12
		=Final=: -23.88 AKGAGKCA T:3133.0(33.83%),B:18046.5(30.69%),P:1e-10
		Performing exhaustive masking of motif...
		Reprioritizing potential motifs...
	10 of 25 Initial Sequence: TTAATCAT... (-11.439)
		Round 1: -21.16 TTAATCAT T:610.0(6.38%),B:2995.1(4.94%),P:1e-9
		Round 2: -21.16 TTAATCAT T:610.0(6.38%),B:2995.1(4.94%),P:1e-9
		=Final=: -22.60 TTAATCAT T:589.0(6.36%),B:2872.0(4.88%),P:1e-9
		Performing exhaustive masking of motif...
		Reprioritizing potential motifs...
	11 of 25 Initial Sequence: CCTGATGA... (-10.290)
		Round 1: -15.94 CCTGATGA T:575.0(6.02%),B:2918.3(4.82%),P:1e-6
		Round 2: -18.15 CCTTATGA T:906.0(9.32%),B:4750.9(7.73%),P:1e-7
		Round 3: -18.15 CCTTATGA T:906.0(9.32%),B:4750.9(7.73%),P:1e-7
		=Final=: -18.00 CCTTATGA T:852.0(9.20%),B:4483.9(7.63%),P:1e-7
		Performing exhaustive masking of motif...
		Reprioritizing potential motifs...
	12 of 25 Initial Sequence: GGGATGAC... (-9.983)
		Round 1: -22.95 GGGATGAC T:2052.0(19.88%),B:11239.3(17.32%),P:1e-9
		Round 2: -22.95 GGGATGAC T:2052.0(19.88%),B:11239.3(17.32%),P:1e-9
		=Final=: -23.64 GGGATGAC T:1834.0(19.81%),B:10126.1(17.22%),P:1e-10
		Performing exhaustive masking of motif...
		Reprioritizing potential motifs...
	13 of 25 Initial Sequence: CTTGGAAT... (-10.394)
		Round 1: -16.65 CTTGGAAT T:558.0(5.85%),B:2805.6(4.64%),P:1e-7
		Round 2: -16.65 CTTGGAAT T:558.0(5.85%),B:2805.6(4.64%),P:1e-7
		=Final=: -13.39 CTTGGAAT T:529.0(5.71%),B:2736.1(4.65%),P:1e-5
		Performing exhaustive masking of motif...
		Reprioritizing potential motifs...
	Remaining seeds don't look promising (After initial 5 motifs, logp -9.923 > -9.967)

	Finalizing Enrichment Statistics (new in v3.4)
	Reading input files...
	67617 total sequences read
	Cache length = 11180
	Using binomial scoring
	Checking enrichment of 13 motif(s)
	|0%                                    50%                                  100%|
	=================================================================================
	Output in file: /project/lbarreiro/USERS/ellen/KnightMolecules/demultiplexed/FastQ/15_transcriptionFactorMotifs/dataDriven_commonBaseline//tfMotifOutput_DOWN_nerol//homerMotifs.motifs8


	Number of Trial motifs (-T) set to 9 (from 10) to work well with 3 CPUs
	Scanning input files...
	Parsing sequences...
	|0%                                   50%                                  100%|
	================================================================================
	Total number of Oligos: 523645
	Autoadjustment for sequence coverage in background: 1.00x

	Oligos: 523645 of 551887 max
	Tree  : 1069648 of 2759435 max
	Optimizing memory usage...
	Cache length = 11180
	Using binomial scoring

	Global Optimization Phase: Looking for enriched oligos with up to 2 mismatches...

	Screening oligos 523645 (allowing 0 mismatches):
	|0%                                   50%                                  100%|
	================================================================================
		13.26% skipped, 86.74% checked (454187 of 523645), of those checked:
		13.26% not in target, 0.00% increased p-value, 0.00% high p-value

	Screening oligos 523645 (allowing 1 mismatches):
	|0%                                   50%                                  100%|
	================================================================================
		13.26% skipped, 86.74% checked (454187 of 523645), of those checked:
		0.00% not in target, 37.05% increased p-value, 53.51% high p-value

	Screening oligos 523645 (allowing 2 mismatches):
	|0%                                   50%                                  100%|
	================================================================================
		78.85% skipped, 21.15% checked (110770 of 523645), of those checked:
		0.00% not in target, 13.78% increased p-value, 0.00% high p-value
	Reading input files...
	67617 total sequences read
	Cache length = 11180
	Using binomial scoring

	Local Optimization Phase:
	1 of 25 Initial Sequence: GATGACTCAT... (-150.939)
		Round 1: -235.28 GATGACTCAT T:6507.0(50.48%),B:29608.4(39.42%),P:1e-102
		Round 2: -303.40 KATGACTCAT T:6791.0(51.97%),B:29568.9(39.38%),P:1e-131
		Round 3: -324.66 DRTGASTCAT T:6871.0(52.39%),B:29539.2(39.35%),P:1e-140
		Round 4: -330.84 NVTGASTCAY T:6917.0(52.62%),B:29644.2(39.46%),P:1e-143
		Round 5: -332.84 NVTGASTCAY T:6918.0(52.63%),B:29617.3(39.43%),P:1e-144
		Round 6: -341.36 NRTGASTCAY T:6937.0(52.72%),B:29547.7(39.36%),P:1e-148
		Round 7: -341.36 NRTGASTCAY T:6937.0(52.72%),B:29547.7(39.36%),P:1e-148
		=Final=: -267.40 NRTGASTCAY T:3965.0(42.82%),B:18490.4(31.45%),P:1e-116
		Performing exhaustive masking of motif...
		Reprioritizing potential motifs...
	2 of 25 Initial Sequence: TGACGTCATT... (-51.480)
		Round 1: -97.14 TGACGTCATT T:1804.0(17.70%),B:8038.9(12.72%),P:1e-42
		Round 2: -126.89 TGACRTCATT T:3622.0(32.37%),B:17064.4(25.09%),P:1e-55
		Round 3: -133.91 TGACGTCATW T:3586.0(32.11%),B:16726.6(24.66%),P:1e-58
		Round 4: -141.60 TGABGTCATN T:2793.0(26.04%),B:12435.9(18.98%),P:1e-61
		Round 5: -141.60 TGABGTCATN T:2793.0(26.04%),B:12435.9(18.98%),P:1e-61
		=Final=: -73.31 TGABGTCATN T:1678.0(18.12%),B:8065.7(13.72%),P:1e-31
		Performing exhaustive masking of motif...
		Reprioritizing potential motifs...
	3 of 25 Initial Sequence: GTCACATGAC... (-25.357)
		Round 1: -45.79 GTCACATGAC T:1676.0(16.56%),B:8360.0(13.20%),P:1e-19
		Round 2: -45.79 GTCACATGAC T:1676.0(16.56%),B:8360.0(13.20%),P:1e-19
		=Final=: -41.50 GTCACATGAC T:1404.0(15.16%),B:7109.0(12.09%),P:1e-18
		Performing exhaustive masking of motif...
		Reprioritizing potential motifs...
	4 of 25 Initial Sequence: CCCACTCATT... (-23.072)
		Round 1: -39.64 CCCACTCATT T:2554.0(24.11%),B:13510.7(20.44%),P:1e-17
		Round 2: -39.64 CCCACTCATT T:2554.0(24.11%),B:13510.7(20.44%),P:1e-17
		=Final=: -34.56 CCCACTCATT T:2126.0(22.96%),B:11531.7(19.61%),P:1e-15
		Performing exhaustive masking of motif...
		Reprioritizing potential motifs...
	5 of 25 Initial Sequence: AAGCTCCCCC... (-20.923)
		Round 1: -22.14 AAGCTCCCCC T:38.0(0.41%),B:69.9(0.12%),P:1e-9
		Round 2: -22.14 AAGCTCCCCC T:38.0(0.41%),B:69.9(0.12%),P:1e-9
		=Final=: -4.81 AAGCTCCCCC T:20.0(0.22%),B:69.8(0.12%),P:1e-2
		Performing exhaustive masking of motif...
		Reprioritizing potential motifs...
	6 of 25 Initial Sequence: TCACTGTCAC... (-20.835)
		Round 1: -24.43 TCACTGTCAC T:74.0(0.80%),B:193.4(0.33%),P:1e-10
		Round 2: -31.18 TCACCGTCAM T:102.0(1.10%),B:275.1(0.46%),P:1e-13
		Round 3: -31.18 TCACCGTCAM T:102.0(1.10%),B:275.1(0.46%),P:1e-13
		=Final=: -13.50 TCACCGTCAM T:74.0(0.80%),B:257.3(0.44%),P:1e-5
		Performing exhaustive masking of motif...
		Reprioritizing potential motifs...
	7 of 25 Initial Sequence: TGATGATGAC... (-17.160)
		Round 1: -37.87 TGATGATGAC T:998.0(10.22%),B:4789.8(7.79%),P:1e-16
		Round 2: -40.04 TSATGATGAC T:1625.0(16.10%),B:8220.9(12.99%),P:1e-17
		Round 3: -45.13 TGATGATGAC T:1649.0(16.31%),B:8223.1(12.99%),P:1e-19
		Round 4: -46.71 TSATSATGAS T:1395.0(13.99%),B:6783.9(10.85%),P:1e-20
		Round 5: -46.71 TSATSATGAS T:1395.0(13.99%),B:6783.9(10.85%),P:1e-20
		=Final=: -36.98 TSATSATGAS T:1178.0(12.72%),B:5909.6(10.05%),P:1e-16
		Performing exhaustive masking of motif...
		Reprioritizing potential motifs...
	8 of 25 Initial Sequence: TACTCGTGGG... (-15.323)
		Round 1: -24.35 TACTCGTGGG T:686.0(7.14%),B:3350.6(5.51%),P:1e-10
		Round 2: -24.35 TACTCGTGGG T:686.0(7.14%),B:3350.6(5.51%),P:1e-10
		=Final=: -25.29 TACTCGTGGG T:659.0(7.12%),B:3211.9(5.46%),P:1e-10
		Performing exhaustive masking of motif...
		Reprioritizing potential motifs...
	9 of 25 Initial Sequence: CGTGACTGAT... (-15.202)
		Round 1: -22.12 CGTGACTGAT T:827.0(8.54%),B:4191.6(6.85%),P:1e-9
		Round 2: -24.67 CGTGACTGAT T:868.0(8.95%),B:4356.2(7.11%),P:1e-10
		Round 3: -30.10 CGTGACTGAT T:492.0(5.17%),B:2196.0(3.65%),P:1e-13
		Round 4: -30.10 CGTGACTGAT T:492.0(5.17%),B:2196.0(3.65%),P:1e-13
		=Final=: -27.32 CGTGACTGAT T:471.0(5.09%),B:2142.1(3.64%),P:1e-11
		Performing exhaustive masking of motif...
		Reprioritizing potential motifs...
	10 of 25 Initial Sequence: TAACGAGCTG... (-14.659)
		Round 1: -24.20 TAACGAGCTG T:136.0(1.46%),B:465.6(0.78%),P:1e-10
		Round 2: -24.20 TAACGAGCTG T:136.0(1.46%),B:465.6(0.78%),P:1e-10
		=Final=: -24.05 TAACGAGCTG T:140.0(1.51%),B:485.3(0.83%),P:1e-10
		Performing exhaustive masking of motif...
		Reprioritizing potential motifs...
	11 of 25 Initial Sequence: CTACGAGATT... (-14.185)
		Round 1: -14.22 CTACGAGATT T:8.0(0.09%),B:4.4(0.01%),P:1e-6
		Round 2: -14.22 CTACGAGATT T:8.0(0.09%),B:4.4(0.01%),P:1e-6
		=Final=: -14.86 CTACGAGATT T:8.0(0.09%),B:4.4(0.01%),P:1e-6
		Performing exhaustive masking of motif...
		Reprioritizing potential motifs...
	12 of 25 Initial Sequence: CCGTACTCCG... (-14.185)
		Round 1: -20.17 CCGTACTCCG T:9.0(0.10%),B:3.1(0.01%),P:1e-8
		Round 2: -21.64 ACGTACTYCG T:8.0(0.09%),B:3.0(0.00%),P:1e-9
		Round 3: -21.64 ACGTACTYCG T:8.0(0.09%),B:3.0(0.00%),P:1e-9
		=Final=: -20.13 ACGTACTYCG T:8.0(0.09%),B:3.0(0.01%),P:1e-8
		Performing exhaustive masking of motif...
		Reprioritizing potential motifs...
	13 of 25 Initial Sequence: TGCGTACCAG... (-14.185)
		Round 1: -15.17 TGCGTACCAG T:11.0(0.12%),B:8.9(0.01%),P:1e-6
		Round 2: -15.17 TGCGTACCAG T:11.0(0.12%),B:8.9(0.01%),P:1e-6
		=Final=: -16.12 TGCGTACCAG T:11.0(0.12%),B:8.9(0.02%),P:1e-6
		Performing exhaustive masking of motif...
		Reprioritizing potential motifs...
	14 of 25 Initial Sequence: ATAGATTCGT... (-14.185)
		Round 1: -20.17 ATAGATTCGT T:9.0(0.10%),B:3.3(0.01%),P:1e-8
		Round 2: -20.17 ATAGATTCGT T:9.0(0.10%),B:3.3(0.01%),P:1e-8
		=Final=: -19.98 ATAGATTCGT T:9.0(0.10%),B:3.3(0.01%),P:1e-8
		Performing exhaustive masking of motif...
		Reprioritizing potential motifs...
	15 of 25 Initial Sequence: TTGCATCGTT... (-13.924)
		Round 1: -24.24 TTGCATCGTT T:319.0(3.39%),B:1368.6(2.29%),P:1e-10
		Round 2: -24.24 TTGCATCGTT T:319.0(3.39%),B:1368.6(2.29%),P:1e-10
		=Final=: -22.75 TTGCATCGTT T:259.0(2.80%),B:1084.1(1.84%),P:1e-9
		Performing exhaustive masking of motif...
		Reprioritizing potential motifs...
	16 of 25 Initial Sequence: ACCTATTAGC... (-13.809)
		Round 1: -13.81 ACCTATTAGC T:7.0(0.08%),B:3.1(0.01%),P:1e-5
		Round 2: -13.81 ACCTATTAGC T:7.0(0.08%),B:3.1(0.01%),P:1e-5
		=Final=: -14.19 ACCTATTAGC T:7.0(0.08%),B:3.1(0.01%),P:1e-6
		Performing exhaustive masking of motif...
		Reprioritizing potential motifs...
	17 of 25 Initial Sequence: GGTTGAGCAA... (-13.692)
		Round 1: -27.33 GGTTGAGCAA T:277.0(2.95%),B:1115.9(1.87%),P:1e-11
		Round 2: -27.73 GGTTGAGCAA T:329.0(3.49%),B:1377.7(2.30%),P:1e-12
		Round 3: -30.07 GGTTGAGCAA T:232.0(2.47%),B:870.9(1.46%),P:1e-13
		Round 4: -30.07 GGTTGAGCAA T:232.0(2.47%),B:870.9(1.46%),P:1e-13
		=Final=: -28.02 GGTTGAGCAA T:226.0(2.44%),B:863.3(1.47%),P:1e-12
		Performing exhaustive masking of motif...
		Reprioritizing potential motifs...
	18 of 25 Initial Sequence: CTTGTTCAAG... (-14.421)
		Round 1: -14.84 CTTGTTCAAG T:21.0(0.23%),B:33.1(0.06%),P:1e-6
		Round 2: -22.31 CTCGTTCAAG T:45.0(0.48%),B:92.8(0.16%),P:1e-9
		Round 3: -22.31 CTCGTTCAAG T:45.0(0.48%),B:92.8(0.16%),P:1e-9
		=Final=: -22.99 CTCGTTCAAG T:45.0(0.49%),B:92.8(0.16%),P:1e-9
		Performing exhaustive masking of motif...
		Reprioritizing potential motifs...
	19 of 25 Initial Sequence: GGGAAAATCC... (-13.594)
		Round 1: -28.31 GGGAAAATCC T:167.0(1.79%),B:575.2(0.97%),P:1e-12
		Round 2: -28.31 GGGAAAATCC T:167.0(1.79%),B:575.2(0.97%),P:1e-12
		=Final=: -29.63 GGGAAAATCC T:167.0(1.80%),B:569.1(0.97%),P:1e-12
		Performing exhaustive masking of motif...
		Reprioritizing potential motifs...
	20 of 25 Initial Sequence: ACATAGCAAT... (-13.565)
		Round 1: -16.90 ACATAGCAAT T:28.0(0.30%),B:50.5(0.08%),P:1e-7
		Round 2: -18.08 ACATMGCGAT T:42.0(0.45%),B:96.0(0.16%),P:1e-7
		Round 3: -18.08 ACATMGCGAT T:42.0(0.45%),B:96.0(0.16%),P:1e-7
		=Final=: -19.01 ACATMGCGAT T:42.0(0.45%),B:94.1(0.16%),P:1e-8
		Performing exhaustive masking of motif...
		Reprioritizing potential motifs...
	21 of 25 Initial Sequence: ACCGTGTCAC... (-13.374)
		Round 1: -19.30 ACCGTGTCAC T:495.0(5.21%),B:2398.1(3.98%),P:1e-8
		Round 2: -19.30 ACCGTGTCAC T:495.0(5.21%),B:2398.1(3.98%),P:1e-8
		=Final=: -19.07 ACCGTGTCAC T:384.0(4.15%),B:1802.4(3.07%),P:1e-8
		Performing exhaustive masking of motif...
		Reprioritizing potential motifs...
	22 of 25 Initial Sequence: GCCACCCACA... (-13.162)
		Round 1: -22.86 GCCACCCACA T:182.0(1.95%),B:694.2(1.17%),P:1e-9
		Round 2: -22.86 GCCACCCACA T:182.0(1.95%),B:694.2(1.17%),P:1e-9
		=Final=: -23.90 GCCACCCACA T:182.0(1.97%),B:686.4(1.17%),P:1e-10
		Performing exhaustive masking of motif...
		Reprioritizing potential motifs...
	23 of 25 Initial Sequence: AGAACTATCC... (-13.091)
		Round 1: -24.18 AGAACTATCC T:175.0(1.87%),B:647.8(1.09%),P:1e-10
		Round 2: -24.18 AGAACTATCC T:175.0(1.87%),B:647.8(1.09%),P:1e-10
		=Final=: -24.23 AGAACTATCC T:200.0(2.16%),B:772.0(1.31%),P:1e-10
		Performing exhaustive masking of motif...
		Reprioritizing potential motifs...
	24 of 25 Initial Sequence: TGTGGTTACT... (-12.763)
		Round 1: -17.61 TGTGGTTACT T:61.0(0.66%),B:172.2(0.29%),P:1e-7
		Round 2: -17.61 TGTGGTTACT T:61.0(0.66%),B:172.2(0.29%),P:1e-7
		=Final=: -13.40 TGTGGTTACT T:32.0(0.35%),B:77.0(0.13%),P:1e-5
		Performing exhaustive masking of motif...
		Reprioritizing potential motifs...
	25 of 25 Initial Sequence: CAGAAGGGAT... (-12.574)
		Round 1: -30.52 CAGAAGGGAT T:309.0(3.28%),B:1240.8(2.08%),P:1e-13
		Round 2: -30.52 CAGAAGGGAT T:309.0(3.28%),B:1240.8(2.08%),P:1e-13
		=Final=: -31.59 CAGAAGGGAT T:305.0(3.29%),B:1220.5(2.08%),P:1e-13
		Performing exhaustive masking of motif...
		Reprioritizing potential motifs...

	Finalizing Enrichment Statistics (new in v3.4)
	Reading input files...
	67617 total sequences read
	Cache length = 11180
	Using binomial scoring
	Checking enrichment of 25 motif(s)
	|0%                                    50%                                  100%|
	=================================================================================
	Output in file: /project/lbarreiro/USERS/ellen/KnightMolecules/demultiplexed/FastQ/15_transcriptionFactorMotifs/dataDriven_commonBaseline//tfMotifOutput_DOWN_nerol//homerMotifs.motifs10


	Number of Trial motifs (-T) set to 9 (from 10) to work well with 3 CPUs
	-blen automatically set to 2
	Scanning input files...
	Parsing sequences...
	|0%                                   50%                                  100%|
	================================================================================
	Total number of Oligos: 6313440
	Autoadjustment for sequence coverage in background: 1.00x

	Oligos: 6313440 of 8830118 max
	Tree  : 13499708 of 44150590 max
	Optimizing memory usage...
	Cache length = 11180
	Using binomial scoring

	Global Optimization Phase: Looking for enriched oligos with up to 2 mismatches...

	Screening oligos 6313440 (allowing 0 mismatches):
	|0%                                   50%                                  100%|
	===============================================================================
		61.84% skipped, 38.16% checked (2409023 of 6313440), of those checked:
		61.84% not in target, 0.00% increased p-value, 0.00% high p-value

	Screening oligos 6313440 (allowing 1 mismatches):
	|0%                                   50%                                  100%|
	================================================================================
		61.84% skipped, 38.16% checked (2409023 of 6313440), of those checked:
		0.00% not in target, 25.07% increased p-value, 16.29% high p-value

	Screening oligos 6313440 (allowing 2 mismatches):
	|0%                                   50%                                  100%|
	================================================================================
		92.32% skipped, 7.68% checked (484961 of 6313440), of those checked:
		0.00% not in target, 5.71% increased p-value, 0.00% high p-value
	Reading input files...
	67617 total sequences read
	Cache length = 11180
	Using binomial scoring

	Local Optimization Phase:
	1 of 25 Initial Sequence: CAGTGACTCATC... (-58.595)
		Round 1: -128.29 NAGTGACTCATN T:4290.0(37.08%),B:20590.0(29.43%),P:1e-55
		Round 2: -174.95 NAGTGACTCATN T:3785.0(33.55%),B:16957.9(24.95%),P:1e-75
		Round 3: -253.84 CAGTGACTCATN T:6489.0(50.38%),B:29105.0(38.90%),P:1e-110
		Round 4: -281.40 NWGTGASTCAKN T:6004.0(47.71%),B:26137.6(35.75%),P:1e-122
		Round 5: -293.20 NWGTGASTCABN T:6616.0(51.06%),B:28913.9(38.70%),P:1e-127
		Round 6: -293.20 NWGTGASTCABN T:6616.0(51.06%),B:28913.9(38.70%),P:1e-127
		=Final=: -226.41 NWGTGASTCABN T:3390.0(36.61%),B:15635.6(26.59%),P:1e-98
		Performing exhaustive masking of motif...
		Reprioritizing potential motifs...
	2 of 25 Initial Sequence: GGAAGCTCCCCC... (-45.407)
		Round 1: -47.59 GGAAGCTCCCCC T:22.0(0.24%),B:7.1(0.01%),P:1e-20
		Round 2: -49.96 GGACGCTCCCCC T:29.0(0.31%),B:14.9(0.02%),P:1e-21
		Round 3: -49.96 GGACGCTCCCCC T:29.0(0.31%),B:14.9(0.02%),P:1e-21
		=Final=: -11.14 GGACGCTCCCCC T:20.0(0.22%),B:41.4(0.07%),P:1e-4
		Performing exhaustive masking of motif...
		Reprioritizing potential motifs...
	3 of 25 Initial Sequence: CCCTCACACAGG... (-42.046)
		Round 1: -42.05 CCCTCACACAGG T:18.0(0.19%),B:5.5(0.01%),P:1e-18
		Round 2: -42.05 CCCTCACACAGG T:18.0(0.19%),B:5.5(0.01%),P:1e-18
		=Final=: -6.63 CCCTCACACAGG T:5.0(0.05%),B:5.5(0.01%),P:1e-2
		Performing exhaustive masking of motif...
		Reprioritizing potential motifs...
	4 of 25 Initial Sequence: GAGCCTGTGACA... (-39.795)
		Round 1: -50.77 GAGCCTGTGACA T:41.0(0.44%),B:33.9(0.06%),P:1e-22
		Round 2: -52.07 GMGCCTGTGRCA T:40.0(0.43%),B:30.5(0.05%),P:1e-22
		Round 3: -54.75 GAGCCTGCGRCA T:48.0(0.52%),B:43.6(0.07%),P:1e-23
		Round 4: -54.75 GAGCCTGCGRCA T:48.0(0.52%),B:43.6(0.07%),P:1e-23
		=Final=: -23.00 GAGCCTGCGRCA T:28.0(0.30%),B:39.3(0.07%),P:1e-9
		Performing exhaustive masking of motif...
		Reprioritizing potential motifs...
	5 of 25 Initial Sequence: TGATGACCTCAT... (-36.710)
		Round 1: -61.47 TGATGACCTCAT T:1461.0(14.60%),B:6840.8(10.93%),P:1e-26
		Round 2: -64.89 TSATGACCTCAT T:1414.0(14.16%),B:6527.0(10.46%),P:1e-28
		Round 3: -68.65 TGATGACCTCAT T:1491.0(14.87%),B:6871.7(10.98%),P:1e-29
		Round 4: -75.86 TGATGACCTCAT T:1680.0(16.59%),B:7747.3(12.29%),P:1e-32
		Round 5: -82.46 TGATGACCTCAT T:1500.0(14.96%),B:6681.8(10.69%),P:1e-35
		Round 6: -83.73 TGATGACCTCAT T:1188.0(12.04%),B:5053.2(8.20%),P:1e-36
		Round 7: -83.73 TGATGACCTCAT T:1188.0(12.04%),B:5053.2(8.20%),P:1e-36
		=Final=: -66.80 TGATGACCTCAT T:1077.0(11.63%),B:4838.8(8.23%),P:1e-29
		Performing exhaustive masking of motif...
		Reprioritizing potential motifs...
	6 of 25 Initial Sequence: CAGAGAAGTTAC... (-33.783)
		Round 1: -42.38 CAGAGAAGTTAC T:13.0(0.14%),B:2.3(0.00%),P:1e-18
		Round 2: -55.85 CAGDTAAGTTAC T:16.0(0.17%),B:3.0(0.00%),P:1e-24
		Round 3: -55.85 CAGDTAAGTTAC T:16.0(0.17%),B:3.0(0.00%),P:1e-24
		=Final=: -16.89 CAGDTAAGTTAC T:7.0(0.08%),B:3.0(0.01%),P:1e-7
		Performing exhaustive masking of motif...
		Reprioritizing potential motifs...
	7 of 25 Initial Sequence: CAGGGCCTAGTG... (-29.625)
		Round 1: -33.78 CAGGGCCTAGTG T:11.0(0.12%),B:2.3(0.00%),P:1e-14
		Round 2: -33.78 CAGGGCCTAGTG T:11.0(0.12%),B:2.3(0.00%),P:1e-14
		=Final=: -8.05 CAGGGCCTAGTG T:4.0(0.04%),B:2.3(0.00%),P:1e-3
		Performing exhaustive masking of motif...
		Reprioritizing potential motifs...
	8 of 25 Initial Sequence: CTCAGCAGCTGG... (-27.486)
		Round 1: -27.49 CTCAGCAGCTGG T:21.0(0.23%),B:16.9(0.03%),P:1e-11
		Round 2: -27.49 CTCAGCAGCTGG T:21.0(0.23%),B:16.9(0.03%),P:1e-11
		=Final=: -9.63 CTCAGCAGCTGG T:11.0(0.12%),B:16.9(0.03%),P:1e-4
		Performing exhaustive masking of motif...
		Reprioritizing potential motifs...
	9 of 25 Initial Sequence: GAGTGATGTCAC... (-25.229)
		Round 1: -46.63 GAGTGATGTCAC T:294.0(3.13%),B:1023.6(1.72%),P:1e-20
		Round 2: -50.15 GAGTGATGTCAC T:338.0(3.58%),B:1198.1(2.01%),P:1e-21
		Round 3: -55.09 GAGTGATGTCAC T:559.0(5.86%),B:2222.6(3.69%),P:1e-23
		Round 4: -62.12 GAGTGATGTCAC T:526.0(5.52%),B:1990.8(3.31%),P:1e-26
		Round 5: -63.25 GAGTGATGTCAC T:408.0(4.31%),B:1422.1(2.38%),P:1e-27
		Round 6: -63.34 GWGTGATGTCAS T:453.0(4.77%),B:1632.5(2.72%),P:1e-27
		Round 7: -63.34 GWGTGATGTCAS T:453.0(4.77%),B:1632.5(2.72%),P:1e-27
		=Final=: -56.64 GWGTGATGTCAS T:373.0(4.03%),B:1327.9(2.26%),P:1e-24
		Performing exhaustive masking of motif...
		Reprioritizing potential motifs...
	10 of 25 Initial Sequence: GTATTAGTCATC... (-24.210)
		Round 1: -48.09 GTATTAGTCATC T:1423.0(14.25%),B:6907.7(11.03%),P:1e-20
		Round 2: -56.22 GTATTAGTCATC T:1457.0(14.56%),B:6923.3(11.06%),P:1e-24
		Round 3: -62.30 GTATTAGTCATC T:1750.0(17.22%),B:8389.0(13.24%),P:1e-27
		Round 4: -68.52 GTATTAGTCATC T:907.0(9.33%),B:3818.3(6.26%),P:1e-29
		Round 5: -69.84 GTATTAGTCATC T:1072.0(10.93%),B:4646.9(7.56%),P:1e-30
		Round 6: -78.39 GTMTTABTCATC T:1015.0(10.38%),B:4239.5(6.92%),P:1e-34
		Round 7: -81.01 GTMTTABTCATC T:702.0(7.30%),B:2659.4(4.40%),P:1e-35
		Round 8: -81.01 GTMTTABTCATC T:702.0(7.30%),B:2659.4(4.40%),P:1e-35
		=Final=: -80.23 GTMTTABTCATC T:677.0(7.31%),B:2600.9(4.42%),P:1e-34
		Performing exhaustive masking of motif...
		Reprioritizing potential motifs...
	11 of 25 Initial Sequence: CTCCTTCAGTGG... (-22.369)
		Round 1: -22.37 CTCCTTCAGTGG T:14.0(0.15%),B:8.8(0.01%),P:1e-9
		Round 2: -22.37 CTCCTTCAGTGG T:14.0(0.15%),B:8.8(0.01%),P:1e-9
		=Final=: -9.87 CTCCTTCAGTGG T:8.0(0.09%),B:8.8(0.01%),P:1e-4
		Performing exhaustive masking of motif...
		Reprioritizing potential motifs...
	12 of 25 Initial Sequence: GTGACAAGGACT... (-21.636)
		Round 1: -26.45 GTGACAAGGACT T:14.0(0.15%),B:6.6(0.01%),P:1e-11
		Round 2: -26.45 GTGACAAGGACT T:14.0(0.15%),B:6.6(0.01%),P:1e-11
		=Final=: -26.87 GTGACAAGGACT T:14.0(0.15%),B:6.6(0.01%),P:1e-11
		Performing exhaustive masking of motif...
		Reprioritizing potential motifs...
	13 of 25 Initial Sequence: AAAACCCTTTCA... (-21.636)
		Round 1: -23.08 AAAACCCTTTCA T:11.0(0.12%),B:4.2(0.01%),P:1e-10
		Round 2: -26.93 AMAACCCTTTCA T:15.0(0.16%),B:7.4(0.01%),P:1e-11
		Round 3: -26.93 AMAACCCTTTCA T:15.0(0.16%),B:7.4(0.01%),P:1e-11
		=Final=: -27.48 AMAACCCTTTCA T:15.0(0.16%),B:7.4(0.01%),P:1e-11
		Performing exhaustive masking of motif...
		Reprioritizing potential motifs...
	14 of 25 Initial Sequence: CATGATCATGAC... (-20.959)
		Round 1: -31.70 CATGATCATGAC T:230.0(2.45%),B:846.3(1.42%),P:1e-13
		Round 2: -33.31 CATGATCATGAC T:209.0(2.23%),B:731.2(1.23%),P:1e-14
		Round 3: -34.63 CATGATCATGAC T:192.0(2.05%),B:646.3(1.09%),P:1e-15
		Round 4: -34.63 CATGATCATGAC T:192.0(2.05%),B:646.3(1.09%),P:1e-15
		=Final=: -31.27 CATGATCATGAC T:201.0(2.17%),B:715.4(1.22%),P:1e-13
		Performing exhaustive masking of motif...
		Reprioritizing potential motifs...
	15 of 25 Initial Sequence: AGTCTGGTCAGC... (-20.165)
		Round 1: -20.17 AGTCTGGTCAGC T:9.0(0.10%),B:4.0(0.01%),P:1e-8
		Round 2: -20.17 AGTCTGGTCAGC T:9.0(0.10%),B:4.0(0.01%),P:1e-8
		=Final=: -8.93 AGTCTGGTCAGC T:5.0(0.05%),B:4.0(0.01%),P:1e-3
		Performing exhaustive masking of motif...
		Reprioritizing potential motifs...
	16 of 25 Initial Sequence: CGGGTGACTAAG... (-19.914)
		Round 1: -28.43 CGGGTGACTAAG T:35.0(0.38%),B:47.6(0.08%),P:1e-12
		Round 2: -28.43 CGGGTGACTAAG T:35.0(0.38%),B:47.6(0.08%),P:1e-12
		=Final=: -24.69 CGGGTGACTAAG T:32.0(0.35%),B:47.6(0.08%),P:1e-10
		Performing exhaustive masking of motif...
		Reprioritizing potential motifs...
	17 of 25 Initial Sequence: CAAAGATTGGGA... (-19.124)
		Round 1: -32.93 CAAAGATTGGGA T:252.0(2.68%),B:938.2(1.58%),P:1e-14
		Round 2: -32.93 CAAAGATTGGGA T:252.0(2.68%),B:938.2(1.58%),P:1e-14
		=Final=: -35.03 CAAAGATTGGGA T:251.0(2.71%),B:922.8(1.57%),P:1e-15
		Performing exhaustive masking of motif...
		Reprioritizing potential motifs...
	18 of 25 Initial Sequence: CATGTGACTATG... (-18.875)
		Round 1: -32.30 CATGTGACTATG T:1451.0(14.50%),B:7451.2(11.85%),P:1e-14
		Round 2: -32.30 CATGTGACTATG T:1451.0(14.50%),B:7451.2(11.85%),P:1e-14
		=Final=: -25.62 CATGTGACTATG T:1232.0(13.30%),B:6492.3(11.04%),P:1e-11
		Performing exhaustive masking of motif...
		Reprioritizing potential motifs...
	19 of 25 Initial Sequence: TGCCAGAGCAGA... (-21.636)
		Round 1: -26.93 TGCCAGAGCAGA T:15.0(0.16%),B:7.8(0.01%),P:1e-11
		Round 2: -32.28 TGMCAGAGCAGA T:37.0(0.40%),B:46.9(0.08%),P:1e-14
		Round 3: -41.20 TGACAGARCATA T:55.0(0.59%),B:79.9(0.13%),P:1e-17
		Round 4: -48.73 TGMCAGARCATA T:61.0(0.66%),B:82.8(0.14%),P:1e-21
		Round 5: -49.06 TGMCAGARCATA T:55.0(0.59%),B:66.3(0.11%),P:1e-21
		Round 6: -49.06 TGMCAGARCATA T:55.0(0.59%),B:66.3(0.11%),P:1e-21
		=Final=: -49.86 TGMCAGARCATA T:55.0(0.59%),B:66.3(0.11%),P:1e-21
		Performing exhaustive masking of motif...
		Reprioritizing potential motifs...
	20 of 25 Initial Sequence: GTCACTGTGAGG... (-20.165)
		Round 1: -20.17 GTCACTGTGAGG T:9.0(0.10%),B:4.0(0.01%),P:1e-8
		Round 2: -20.17 GTCACTGTGAGG T:9.0(0.10%),B:4.0(0.01%),P:1e-8
		=Final=: -11.48 GTCACTGTGAGG T:6.0(0.06%),B:4.0(0.01%),P:1e-4
		Performing exhaustive masking of motif...
		Reprioritizing potential motifs...
	21 of 25 Initial Sequence: GTTACTTAAAAG... (-18.356)
		Round 1: -35.45 GTTACTTAAAAG T:97.0(1.04%),B:237.7(0.40%),P:1e-15
		Round 2: -37.07 GTTACTTAAAAG T:96.0(1.03%),B:227.4(0.38%),P:1e-16
		Round 3: -37.07 GTTACTTAAAAG T:96.0(1.03%),B:227.4(0.38%),P:1e-16
		=Final=: -36.79 GTTACTTAAAAG T:95.0(1.03%),B:226.2(0.38%),P:1e-15
		Performing exhaustive masking of motif...
		Reprioritizing potential motifs...
	22 of 25 Initial Sequence: CTTTCCTCCCAC... (-18.297)
		Round 1: -37.80 CTTTCCTCCCAC T:391.0(4.13%),B:1571.5(2.62%),P:1e-16
		Round 2: -39.00 CTTTCCTCCCAC T:431.0(4.55%),B:1763.0(2.94%),P:1e-16
		Round 3: -42.38 CTTTCCTCCCAC T:626.0(6.54%),B:2719.4(4.50%),P:1e-18
		Round 4: -44.99 CTTTCCTCCCAC T:557.0(5.84%),B:2328.4(3.86%),P:1e-19
		Round 5: -44.99 CTTTCCTCCCAC T:557.0(5.84%),B:2328.4(3.86%),P:1e-19
		=Final=: -40.30 CTTTCCTCCCAC T:527.0(5.69%),B:2261.3(3.85%),P:1e-17
		Performing exhaustive masking of motif...
		Reprioritizing potential motifs...
	23 of 25 Initial Sequence: TGTGGAAAATTC... (-18.392)
		Round 1: -31.46 TGTGGAAAATTC T:41.0(0.44%),B:58.7(0.10%),P:1e-13
		Round 2: -32.86 TGTGGAAAATTC T:43.0(0.46%),B:61.3(0.10%),P:1e-14
		Round 3: -37.13 TGTGGAAAATTC T:45.0(0.48%),B:60.0(0.10%),P:1e-16
		Round 4: -37.13 TGTGGAAAATTC T:45.0(0.48%),B:60.0(0.10%),P:1e-16
		=Final=: -37.95 TGTGGAAAATTC T:45.0(0.49%),B:60.0(0.10%),P:1e-16
		Performing exhaustive masking of motif...
		Reprioritizing potential motifs...
	24 of 25 Initial Sequence: GTCATGAGTCAC... (-17.910)
		Round 1: -29.01 GTCATGAGTCAC T:164.0(1.76%),B:556.5(0.94%),P:1e-12
		Round 2: -30.56 GTCATGAGTCAC T:169.0(1.81%),B:568.7(0.96%),P:1e-13
		Round 3: -33.24 GTCATGAGTCAC T:138.0(1.48%),B:412.2(0.69%),P:1e-14
		Round 4: -33.24 GTCATGAGTCAC T:138.0(1.48%),B:412.2(0.69%),P:1e-14
		=Final=: -32.73 GTCATGAGTCAC T:136.0(1.47%),B:411.4(0.70%),P:1e-14
		Performing exhaustive masking of motif...
		Reprioritizing potential motifs...
	25 of 25 Initial Sequence: GATCCAGGCTCT... (-17.834)
		Round 1: -17.83 GATCCAGGCTCT T:7.0(0.08%),B:2.8(0.00%),P:1e-7
		Round 2: -17.83 GATCCAGGCTCT T:7.0(0.08%),B:2.8(0.00%),P:1e-7
		=Final=: -16.89 GATCCAGGCTCT T:7.0(0.08%),B:2.8(0.00%),P:1e-7
		Performing exhaustive masking of motif...
		Reprioritizing potential motifs...

	Finalizing Enrichment Statistics (new in v3.4)
	Reading input files...
	67617 total sequences read
	Cache length = 11180
	Using binomial scoring
	Checking enrichment of 25 motif(s)
	|0%                                    50%                                  100%|
	=================================================================================
	Output in file: /project/lbarreiro/USERS/ellen/KnightMolecules/demultiplexed/FastQ/15_transcriptionFactorMotifs/dataDriven_commonBaseline//tfMotifOutput_DOWN_nerol//homerMotifs.motifs12

	(Motifs in homer2 format)
	Determining similar motifs... 63 reduced to 34 motifs
	Outputing HTML and sequence logos for motif comparison...
	Checking de novo motifs against known motifs...
	Formatting HTML page...
		1 of 34 (1e-116) similar to Fos(bZIP)/TSC-Fos-ChIP-Seq(GSE110950)/Homer(0.988)
		2 of 34 (1e-32) similar to CREB5(bZIP)/LNCaP-CREB5.V5-ChIP-Seq(GSE137775)/Homer(0.961)
		3 of 34 (1e-22) similar to POU6F1(var.2)/MA1549.1/Jaspar(0.707)
		4 of 34 (1e-21) similar to USF1/MA0093.3/Jaspar(0.974)
		5 of 34 (1e-19) similar to Hand1::Tcf3/MA0092.1/Jaspar(0.684)
		6 of 34 (1e-18) similar to Egr2(Zf)/Thymocytes-Egr2-ChIP-Seq(GSE34254)/Homer(0.867)
		7 of 34 (1e-16) similar to NKX2-2/MA1645.1/Jaspar(0.752)
		8 of 34 (1e-15) similar to NFAT5/MA0606.1/Jaspar(0.741)
		9 of 34 (1e-15) similar to TCFL2(HMG)/K562-TCF7L2-ChIP-Seq(GSE29196)/Homer(0.652)
		10 of 34 (1e-15) similar to ZNF263/MA0528.2/Jaspar(0.745)
		11 of 34 (1e-13) similar to CEBP(bZIP)/ThioMac-CEBPb-ChIP-Seq(GSE21512)/Homer(0.819)
		12 of 34 (1e-11) similar to LEF1(HMG)/H1-LEF1-ChIP-Seq(GSE64758)/Homer(0.615)
		13 of 34 (1e-11) similar to PB0200.1_Zfp187_2/Jaspar(0.677)
		14 of 34 (1e-9) similar to ATF4/MA0833.2/Jaspar(0.785)
		15 of 34 (1e-9) similar to POU6F2/MA0793.1/Jaspar(0.705)
		16 of 34 (1e-9) similar to PB0190.1_Tcfap2b_2/Jaspar(0.693)
		17 of 34 (1e-9) similar to PB0139.1_Irf5_2/Jaspar(0.660)
		18 of 34 (1e-8) similar to GMEB2/MA0862.1/Jaspar(0.687)
		19 of 34 (1e-8) similar to GATA1/MA0035.4/Jaspar(0.680)
		20 of 34 (1e-7) similar to ZBED1/MA0749.1/Jaspar(0.640)
		21 of 34 (1e-7) similar to GATA6/MA1104.2/Jaspar(0.633)
		22 of 34 (1e-7) similar to Prdm15/MA1616.1/Jaspar(0.632)
		23 of 34 (1e-6) similar to PB0094.1_Zfp128_1/Jaspar(0.660)
		24 of 34 (1e-6) similar to OVOL2/MA1545.1/Jaspar(0.662)
		25 of 34 (1e-6) similar to PH0048.1_Hoxa13/Jaspar(0.626)
		26 of 34 (1e-6) similar to VENTX/MA0724.1/Jaspar(0.769)
		27 of 34 (1e-5) similar to Stat5a/MA1624.1/Jaspar(0.821)
		28 of 34 (1e-5) similar to RUNX(Runt)/HPC7-Runx1-ChIP-Seq(GSE22178)/Homer(0.810)
		29 of 34 (1e-4) similar to KLF10(Zf)/HEK293-KLF10.GFP-ChIP-Seq(GSE58341)/Homer(0.687)
		30 of 34 (1e-4) similar to PB0048.1_Nkx3-1_1/Jaspar(0.692)
		31 of 34 (1e-3) similar to Tcf12(bHLH)/GM12878-Tcf12-ChIP-Seq(GSE32465)/Homer(0.778)
		32 of 34 (1e-3) similar to Smad2(MAD)/ES-SMAD2-ChIP-Seq(GSE29422)/Homer(0.641)
		33 of 34 (1e-2) similar to POL009.1_DCE_S_II/Jaspar(0.601)
		34 of 34 (1e-2) similar to ZNF711(Zf)/SHSY5Y-ZNF711-ChIP-Seq(GSE20673)/Homer(0.688)
	Job finished - if results look good, please send beer to ..

	Cleaning up tmp files...

