
	Position file = /project/lbarreiro/USERS/ellen/KnightMolecules/demultiplexed/FastQ/15_transcriptionFactorMotifs/dataDriven_commonBaseline//annotateInput_UP_5f.txt
	Genome = mm10
	Output Directory = /project/lbarreiro/USERS/ellen/KnightMolecules/demultiplexed/FastQ/15_transcriptionFactorMotifs/dataDriven_commonBaseline//tfMotifOutput_UP_5f/
	Fragment size set to 500
	Will use repeat masked sequences
	Using 3 CPUs
	background position file: /project/lbarreiro/USERS/ellen/KnightMolecules/demultiplexed/FastQ/13_mashr//annotateInput.txt
	Found mset for "mouse", will check against vertebrates motifs
Argument "start" isn't numeric in addition (+) at /project/lbarreiro/USERS/ellen/programs/homer/bin/bed2pos.pl line 103, <IN> line 1.
	Peak/BED file conversion summary:
		BED/Header formatted lines: 6814
		peakfile formatted lines: 0

	Peak File Statistics:
		Total Peaks: 6814
		Redundant Peak IDs: 0
		Peaks lacking information: 0 (need at least 5 columns per peak)
		Peaks with misformatted coordinates: 1 (should be integer)
		Peaks with misformatted strand: 0 (should be either +/- or 0/1)

	Peak file looks good!

	Peak/BED file conversion summary:
		BED/Header formatted lines: 74314
		peakfile formatted lines: 0
	Max distance to merge: 500 bp
	Calculating co-bound peaks relative to reference: /project/lbarreiro/USERS/ellen/KnightMolecules/demultiplexed/FastQ/15_transcriptionFactorMotifs/dataDriven_commonBaseline//tfMotifOutput_UP_5f//bg.clean.pos

	Comparing peaks: (peakfile, overlapping peaks, logRatio(obs/expected), logP)
	**	/project/lbarreiro/USERS/ellen/KnightMolecules/demultiplexed/FastQ/15_transcriptionFactorMotifs/dataDriven_commonBaseline//tfMotifOutput_UP_5f//target.clean..pos	6815	3.29	0.00

	**	Pairwise stats are approx with fixed distance (-d 500) and -cobound #
		They get worse as the size increases and peaks from a single file start overlapping
		To get accurate ones, adjust peak sizes first with adjustPeakFile.pl and
		then rerun mergePeaks with the "-d given" option (only applies to -cobound #)

	Co-bound by 0 peaks: 67499
	Co-bound by 1 peaks: 6815 (max: 6815 effective total)
Argument "end" isn't numeric in addition (+) at /project/lbarreiro/USERS/ellen/programs/homer/bin/resizePosFile.pl line 65, <IN> line 1.
	Custom genome sequence directory: /project/lbarreiro/USERS/ellen/programs/homer/.//data/genomes/mm10//

	Extracting sequences from directory: /project/lbarreiro/USERS/ellen/programs/homer/.//data/genomes/mm10//
	Extracting 5382 sequences from chr1
	Extracting 5868 sequences from chr2
	Extracting 4084 sequences from chr3
	Extracting 4408 sequences from chr4
	Extracting 4489 sequences from chr5
	Extracting 4281 sequences from chr6
	Extracting 4456 sequences from chr7
	Extracting 3685 sequences from chr8
	Extracting 3850 sequences from chr9
	Extracting 4100 sequences from chr10
	Extracting 4676 sequences from chr11
	Extracting 3152 sequences from chr12
	Extracting 3723 sequences from chr13
	Extracting 2993 sequences from chr14
	Extracting 2979 sequences from chr15
	Extracting 2573 sequences from chr16
	Extracting 3100 sequences from chr17
	Extracting 2417 sequences from chr18
	Extracting 2137 sequences from chr19
	Extracting 1959 sequences from chrX
	!!Could not open file for chromosome (.fa or .fa.masked)
		6691 of 74312 removed because they had >70.00% Ns (i.e. masked repeats)

	Not removing redundant sequences


	Sequences processed:
		Auto detected maximum sequence length of 501 bp
		67621 total

	Frequency Bins: 0.2 0.25 0.3 0.35 0.4 0.45 0.5 0.6 0.7 0.8
	Freq	Bin	Count
	0.25	1	5
	0.3	2	151
	0.35	3	1403
	0.4	4	6199
	0.45	5	14138
	0.5	6	16975
	0.6	7	19482
	0.7	8	7441
	0.8	9	1824
	10	10	3
	Bin	# Targets	# Background	Background Weight
	2	4	147	0.255
	3	40	1363	0.275
	4	175	6024	0.272
	5	570	13568	0.394
	6	874	16101	0.509
	7	2295	17187	1.252
	8	2254	5187	4.073
	9	306	1518	1.889
	Normalizing lower order oligos using homer2

	Reading input files...
	67613 total sequences read
	Autonormalization: 1-mers (4 total)
		A	21.79%	21.98%	0.992
		C	28.21%	28.02%	1.007
		G	28.21%	28.02%	1.007
		T	21.79%	21.98%	0.992
	Autonormalization: 2-mers (16 total)
		AA	5.52%	5.47%	1.010
		CA	6.84%	7.03%	0.972
		GA	6.25%	6.28%	0.995
		TA	3.17%	3.18%	0.997
		AC	4.99%	5.00%	0.998
		CC	8.92%	8.76%	1.018
		GC	8.06%	7.99%	1.009
		TC	6.25%	6.28%	0.995
		AG	7.72%	7.87%	0.981
		CG	4.75%	4.38%	1.085
		GG	8.92%	8.76%	1.018
		TG	6.84%	7.03%	0.972
		AT	3.55%	3.63%	0.979
		CT	7.72%	7.87%	0.981
		GT	4.99%	5.00%	0.998
		TT	5.52%	5.47%	1.010
	Autonormalization: 3-mers (64 total)
	Normalization weights can be found in file: /project/lbarreiro/USERS/ellen/KnightMolecules/demultiplexed/FastQ/15_transcriptionFactorMotifs/dataDriven_commonBaseline//tfMotifOutput_UP_5f//seq.autonorm.tsv
	Converging on autonormalization solution:
	...............................................................................
	Final normalization:	Autonormalization: 1-mers (4 total)
		A	21.79%	21.80%	1.000
		C	28.21%	28.20%	1.000
		G	28.21%	28.20%	1.000
		T	21.79%	21.80%	1.000
	Autonormalization: 2-mers (16 total)
		AA	5.52%	5.50%	1.004
		CA	6.84%	6.87%	0.996
		GA	6.25%	6.25%	1.000
		TA	3.17%	3.17%	0.999
		AC	4.99%	4.97%	1.004
		CC	8.92%	8.88%	1.005
		GC	8.06%	8.12%	0.993
		TC	6.25%	6.25%	1.000
		AG	7.72%	7.74%	0.997
		CG	4.75%	4.73%	1.004
		GG	8.92%	8.88%	1.005
		TG	6.84%	6.87%	0.996
		AT	3.55%	3.58%	0.993
		CT	7.72%	7.74%	0.997
		GT	4.99%	4.97%	1.004
		TT	5.52%	5.50%	1.004
	Autonormalization: 3-mers (64 total)
	Finished preparing sequence/group files

	----------------------------------------------------------
	Known motif enrichment

	Reading input files...
	67613 total sequences read
	440 motifs loaded
	Cache length = 11180
	Using binomial scoring
	Checking enrichment of 440 motif(s)
	|0%                                    50%                                  100%|
	=================================================================================
	Preparing HTML output with sequence logos...
		1 of 440 (1e-21) Sp1(Zf)/Promoter/Homer
		2 of 440 (1e-21) KLF3(Zf)/MEF-Klf3-ChIP-Seq(GSE44748)/Homer
		3 of 440 (1e-17) Elk4(ETS)/Hela-Elk4-ChIP-Seq(GSE31477)/Homer
		4 of 440 (1e-16) KLF1(Zf)/HUDEP2-KLF1-CutnRun(GSE136251)/Homer
		5 of 440 (1e-13) Elk1(ETS)/Hela-Elk1-ChIP-Seq(GSE31477)/Homer
		6 of 440 (1e-13) NFY(CCAAT)/Promoter/Homer
		7 of 440 (1e-12) ELF1(ETS)/Jurkat-ELF1-ChIP-Seq(SRA014231)/Homer
		8 of 440 (1e-12) Sp5(Zf)/mES-Sp5.Flag-ChIP-Seq(GSE72989)/Homer
		9 of 440 (1e-12) Klf4(Zf)/mES-Klf4-ChIP-Seq(GSE11431)/Homer
		10 of 440 (1e-12) Sp2(Zf)/HEK293-Sp2.eGFP-ChIP-Seq(Encode)/Homer
		11 of 440 (1e-11) KLF5(Zf)/LoVo-KLF5-ChIP-Seq(GSE49402)/Homer
		12 of 440 (1e-10) ETS(ETS)/Promoter/Homer
		13 of 440 (1e-10) Klf9(Zf)/GBM-Klf9-ChIP-Seq(GSE62211)/Homer
		14 of 440 (1e-9) KLF14(Zf)/HEK293-KLF14.GFP-ChIP-Seq(GSE58341)/Homer
		15 of 440 (1e-8) KLF6(Zf)/PDAC-KLF6-ChIP-Seq(GSE64557)/Homer
		16 of 440 (1e-8) ETV4(ETS)/HepG2-ETV4-ChIP-Seq(ENCODE)/Homer
		17 of 440 (1e-7) Fli1(ETS)/CD8-FLI-ChIP-Seq(GSE20898)/Homer
		18 of 440 (1e-6) GABPA(ETS)/Jurkat-GABPa-ChIP-Seq(GSE17954)/Homer
		19 of 440 (1e-5) ZNF711(Zf)/SHSY5Y-ZNF711-ChIP-Seq(GSE20673)/Homer
		20 of 440 (1e-5) Elf4(ETS)/BMDM-Elf4-ChIP-Seq(GSE88699)/Homer
		21 of 440 (1e-5) NRF1(NRF)/MCF7-NRF1-ChIP-Seq(Unpublished)/Homer
		22 of 440 (1e-5) ETV1(ETS)/GIST48-ETV1-ChIP-Seq(GSE22441)/Homer
		23 of 440 (1e-5) YY1(Zf)/Promoter/Homer
		24 of 440 (1e-4) KLF10(Zf)/HEK293-KLF10.GFP-ChIP-Seq(GSE58341)/Homer
		25 of 440 (1e-4) E2F4(E2F)/K562-E2F4-ChIP-Seq(GSE31477)/Homer
		26 of 440 (1e-4) Maz(Zf)/HepG2-Maz-ChIP-Seq(GSE31477)/Homer
		27 of 440 (1e-4) E-box(bHLH)/Promoter/Homer
		28 of 440 (1e-3) EWS:FLI1-fusion(ETS)/SK_N_MC-EWS:FLI1-ChIP-Seq(SRA014231)/Homer
		29 of 440 (1e-3) ETS1(ETS)/Jurkat-ETS1-ChIP-Seq(GSE17954)/Homer
		30 of 440 (1e-3) Arnt:Ahr(bHLH)/MCF7-Arnt-ChIP-Seq(Lo_et_al.)/Homer
		31 of 440 (1e-3) NRF(NRF)/Promoter/Homer
		32 of 440 (1e-3) E2F7(E2F)/Hela-E2F7-ChIP-Seq(GSE32673)/Homer
		33 of 440 (1e-3) DMRT1(DM)/Testis-DMRT1-ChIP-Seq(GSE64892)/Homer
		34 of 440 (1e-3) ZBTB33(Zf)/GM12878-ZBTB33-ChIP-Seq(GSE32465)/Homer
		35 of 440 (1e-2) Etv2(ETS)/ES-ER71-ChIP-Seq(GSE59402)/Homer
		36 of 440 (1e-2) Egr1(Zf)/K562-Egr1-ChIP-Seq(GSE32465)/Homer
		37 of 440 (1e-2) FOXK2(Forkhead)/U2OS-FOXK2-ChIP-Seq(E-MTAB-2204)/Homer
		38 of 440 (1e-2) n-Myc(bHLH)/mES-nMyc-ChIP-Seq(GSE11431)/Homer
		39 of 440 (1e-2) Nanog(Homeobox)/mES-Nanog-ChIP-Seq(GSE11724)/Homer
		40 of 440 (1e-2) bHLHE40(bHLH)/HepG2-BHLHE40-ChIP-Seq(GSE31477)/Homer
		41 of 440 (1e-2) USF1(bHLH)/GM12878-Usf1-ChIP-Seq(GSE32465)/Homer
		42 of 440 (1e-2) E2F3(E2F)/MEF-E2F3-ChIP-Seq(GSE71376)/Homer
		43 of 440 (1e-2) ELF5(ETS)/T47D-ELF5-ChIP-Seq(GSE30407)/Homer
		44 of 440 (1e-2) CLOCK(bHLH)/Liver-Clock-ChIP-Seq(GSE39860)/Homer
		45 of 440 (1e-2) ERG(ETS)/VCaP-ERG-ChIP-Seq(GSE14097)/Homer
		46 of 440 (1e-2) DMRT6(DM)/Testis-DMRT6-ChIP-Seq(GSE60440)/Homer
		47 of 440 (1e-2) GFY-Staf(?,Zf)/Promoter/Homer
		48 of 440 (1e-2) GFX(?)/Promoter/Homer
		49 of 440 (1e-2) Foxo1(Forkhead)/RAW-Foxo1-ChIP-Seq(Fan_et_al.)/Homer
		50 of 440 (1e-2) c-Myc(bHLH)/LNCAP-cMyc-ChIP-Seq(Unpublished)/Homer
		51 of 440 (1e-2) VDR(NR),DR3/GM10855-VDR+vitD-ChIP-Seq(GSE22484)/Homer
		52 of 440 (1e-2) AMYB(HTH)/Testes-AMYB-ChIP-Seq(GSE44588)/Homer
		53 of 440 (1e-2) EHF(ETS)/LoVo-EHF-ChIP-Seq(GSE49402)/Homer
		54 of 440 (1e-2) Nr5a2(NR)/mES-Nr5a2-ChIP-Seq(GSE19019)/Homer
	----------------------------------------------------------
	De novo motif finding (HOMER)

	Number of Trial motifs (-T) set to 9 (from 10) to work well with 3 CPUs
	Scanning input files...
	Parsing sequences...
	|0%                                   50%                                  100%|
	================================================================================
	Total number of Oligos: 32896
	Autoadjustment for sequence coverage in background: 0.99x

	Oligos: 32896 of 34497 max
	Tree  : 67084 of 172485 max
	Optimizing memory usage...
	Cache length = 11180
	Using binomial scoring

	Global Optimization Phase: Looking for enriched oligos with up to 2 mismatches...

	Screening oligos 32896 (allowing 0 mismatches):
	|0%                                   50%                                  100%|
	================================================================================
		0.01% skipped, 99.99% checked (32894 of 32896), of those checked:
		0.01% not in target, 0.00% increased p-value, 0.00% high p-value

	Screening oligos 32896 (allowing 1 mismatches):
	|0%                                   50%                                  100%|
	================================================================================
		0.01% skipped, 99.99% checked (32894 of 32896), of those checked:
		0.00% not in target, 46.25% increased p-value, 53.96% high p-value

	Screening oligos 32896 (allowing 2 mismatches):
	|0%                                   50%                                  100%|
	================================================================================
		71.63% skipped, 28.37% checked (9333 of 32896), of those checked:
		0.00% not in target, 23.45% increased p-value, 0.00% high p-value
	Reading input files...
	67613 total sequences read
	Cache length = 11180
	Using binomial scoring

	Local Optimization Phase:
	1 of 25 Initial Sequence: GATTGGCT... (-34.550)
		Round 1: -52.56 GATTGGCY T:2048.0(26.96%),B:13622.5(21.74%),P:1e-22
		Round 2: -52.56 GATTGGCY T:2048.0(26.96%),B:13622.5(21.74%),P:1e-22
		=Final=: -39.57 GATTGGCY T:1531.0(23.49%),B:10832.3(19.21%),P:1e-17
		Performing exhaustive masking of motif...
		Reprioritizing potential motifs...
	2 of 25 Initial Sequence: CCCCGCCC... (-29.673)
		Round 1: -49.18 CCCCGCCC T:4106.0(46.74%),B:29176.0(40.85%),P:1e-21
		Round 2: -52.99 TCCCGCCC T:3985.0(45.74%),B:28051.4(39.64%),P:1e-23
		Round 3: -52.99 TCCCGCCC T:3985.0(45.74%),B:28051.4(39.64%),P:1e-23
		=Final=: -36.50 TCCCGCCC T:2237.0(34.32%),B:16707.4(29.62%),P:1e-15
		Performing exhaustive masking of motif...
		Reprioritizing potential motifs...
	3 of 25 Initial Sequence: TTTTCCGG... (-21.603)
		Round 1: -45.99 TTTTCCGG T:903.0(12.94%),B:5492.6(9.41%),P:1e-19
		Round 2: -45.99 TTTTCCGG T:903.0(12.94%),B:5492.6(9.41%),P:1e-19
		=Final=: -36.22 TTTTCCGG T:962.0(14.76%),B:6440.4(11.42%),P:1e-15
		Performing exhaustive masking of motif...
		Reprioritizing potential motifs...
	4 of 25 Initial Sequence: GGGGAGGA... (-21.207)
		Round 1: -20.07 GGGGAGGA T:3313.0(39.85%),B:25064.7(36.31%),P:1e-8
		Round 2: -20.07 GGGGAGGA T:3313.0(39.85%),B:25064.7(36.31%),P:1e-8
		=Final=: -14.29 GGGGAGGA T:2708.0(41.55%),B:21773.2(38.60%),P:1e-6
		Performing exhaustive masking of motif...
		Reprioritizing potential motifs...
	5 of 25 Initial Sequence: GCTTGCGT... (-19.872)
		Round 1: -33.06 GCTTGCGT T:1446.0(19.90%),B:9844.6(16.24%),P:1e-14
		Round 2: -34.70 GCTTGCGK T:2101.0(27.56%),B:14738.2(23.30%),P:1e-15
		Round 3: -34.70 GCTTGCGK T:2101.0(27.56%),B:14738.2(23.30%),P:1e-15
		=Final=: -34.50 GCTTGCGK T:1355.0(20.79%),B:9582.4(16.99%),P:1e-14
		Performing exhaustive masking of motif...
		Reprioritizing potential motifs...
	6 of 25 Initial Sequence: GGGCCTGG... (-18.660)
		Round 1: -14.83 GGGCCTGG T:2549.0(32.37%),B:19444.1(29.53%),P:1e-6
		Round 2: -14.85 GGGCGTGG T:756.0(10.95%),B:5311.2(9.12%),P:1e-6
		Round 3: -15.39 GGGCGTTG T:912.0(13.06%),B:6498.4(11.04%),P:1e-6
		Round 4: -21.43 GGGCGTTG T:1168.0(16.41%),B:8202.5(13.72%),P:1e-9
		Round 5: -21.43 GGGCGTTG T:1168.0(16.41%),B:8202.5(13.72%),P:1e-9
		=Final=: -21.63 GGGCGTTG T:1673.0(25.67%),B:12655.0(22.44%),P:1e-9
		Performing exhaustive masking of motif...
		Reprioritizing potential motifs...
	7 of 25 Initial Sequence: TAAGGCGG... (-18.493)
		Round 1: -20.37 TAAGGCGG T:3668.0(43.04%),B:27846.0(39.42%),P:1e-8
		Round 2: -22.26 TAAKKCGG T:3207.0(38.86%),B:24053.4(35.14%),P:1e-9
		Round 3: -30.13 TAATGCGR T:236.0(3.56%),B:1181.0(2.10%),P:1e-13
		Round 4: -30.13 TAATGCGR T:236.0(3.56%),B:1181.0(2.10%),P:1e-13
		=Final=: -32.07 TAATGCGR T:230.0(3.53%),B:1156.4(2.05%),P:1e-13
		Performing exhaustive masking of motif...
		Reprioritizing potential motifs...
	8 of 25 Initial Sequence: TCGACCCA... (-17.606)
		Round 1: -32.78 TCGACCCA T:1331.0(18.47%),B:8991.5(14.94%),P:1e-14
		Round 2: -32.78 TCGACCCA T:1331.0(18.47%),B:8991.5(14.94%),P:1e-14
		=Final=: -33.87 TCGACCCA T:1177.0(18.06%),B:8187.3(14.52%),P:1e-14
		Performing exhaustive masking of motif...
		Reprioritizing potential motifs...
	9 of 25 Initial Sequence: CAGGCCCC... (-16.518)
		Round 1: -10.94 CAGGCCCC T:2061.0(27.11%),B:15888.1(24.87%),P:1e-4
		Round 2: -12.23 CAGGCYCS T:3335.0(40.05%),B:26005.4(37.38%),P:1e-5
		Round 3: -12.23 CAGGCYCS T:3335.0(40.05%),B:26005.4(37.38%),P:1e-5
		=Final=: -13.49 CAGGCYCS T:1898.0(29.12%),B:14960.8(26.53%),P:1e-5
		Performing exhaustive masking of motif...
		Reprioritizing potential motifs...
	10 of 25 Initial Sequence: GTAGTCGA... (-14.929)
		Round 1: -14.93 GTAGTCGA T:27.0(0.41%),B:69.9(0.12%),P:1e-6
		Round 2: -14.93 GTAGTCGA T:27.0(0.41%),B:69.9(0.12%),P:1e-6
		=Final=: -16.17 GTAGTCGA T:27.0(0.41%),B:69.3(0.12%),P:1e-7
		Performing exhaustive masking of motif...
		Reprioritizing potential motifs...
	11 of 25 Initial Sequence: ATCTGGCT... (-14.754)
		Round 1: -16.21 ATYTGGCT T:2211.0(28.77%),B:16654.2(25.90%),P:1e-7
		Round 2: -17.74 ATYTVGCK T:1211.0(16.96%),B:8705.0(14.50%),P:1e-7
		Round 3: -21.20 ATTTGGCK T:1437.0(19.79%),B:10281.5(16.89%),P:1e-9
		Round 4: -26.47 ATTTVGCK T:1865.0(24.89%),B:13328.3(21.33%),P:1e-11
		Round 5: -26.47 ATTTVGCK T:1865.0(24.89%),B:13328.3(21.33%),P:1e-11
		=Final=: -31.63 ATTTVGCK T:1958.0(30.04%),B:14585.7(25.86%),P:1e-13
		Performing exhaustive masking of motif...
		Reprioritizing potential motifs...
	12 of 25 Initial Sequence: CCCCTCCT... (-14.661)
		Round 1: -8.15 CCCCTCCT T:2836.0(35.28%),B:22457.9(33.25%),P:1e-3
		Round 2: -8.15 CCCCTCCT T:2836.0(35.28%),B:22457.9(33.25%),P:1e-3
		=Final=: -19.08 CCCCTCCT T:2235.0(34.29%),B:17470.4(30.97%),P:1e-8
		Performing exhaustive masking of motif...
		Reprioritizing potential motifs...
	13 of 25 Initial Sequence: CCACGTGA... (-13.766)
		Round 1: -19.00 CCACGTGA T:371.0(5.53%),B:2297.3(4.05%),P:1e-8
		Round 2: -19.00 CCACGTGA T:371.0(5.53%),B:2297.3(4.05%),P:1e-8
		=Final=: -18.17 CCACGTGA T:336.0(5.15%),B:2124.4(3.77%),P:1e-7
		Performing exhaustive masking of motif...
		Reprioritizing potential motifs...
	14 of 25 Initial Sequence: TGACGTCG... (-13.005)
		Round 1: -17.03 TGACGTCG T:95.0(1.45%),B:437.1(0.78%),P:1e-7
		Round 2: -17.03 TGACGTCG T:95.0(1.45%),B:437.1(0.78%),P:1e-7
		=Final=: -17.44 TGACGTCG T:92.0(1.41%),B:425.2(0.75%),P:1e-7
		Performing exhaustive masking of motif...
		Reprioritizing potential motifs...
	15 of 25 Initial Sequence: TACGTCTT... (-12.622)
		Round 1: -20.89 TACGTCTT T:1461.0(20.08%),B:10479.2(17.19%),P:1e-9
		Round 2: -25.70 TMCGTYTW T:1163.0(16.34%),B:7994.8(13.40%),P:1e-11
		Round 3: -26.63 TMCGTYTW T:1217.0(17.03%),B:8367.4(13.98%),P:1e-11
		Round 4: -27.66 TMCGWHKW T:2982.0(36.72%),B:21906.9(32.58%),P:1e-12
		Round 5: -27.66 TMCGWHKW T:2982.0(36.72%),B:21906.9(32.58%),P:1e-12
		=Final=: -28.68 TMCGWHKW T:2244.0(34.43%),B:17082.9(30.29%),P:1e-12
		Performing exhaustive masking of motif...
		Reprioritizing potential motifs...
	16 of 25 Initial Sequence: TACCGGTC... (-11.923)
		Round 1: -21.74 TACCGGTC T:2834.0(35.26%),B:21158.4(31.67%),P:1e-9
		Round 2: -21.74 TACCGGTC T:2834.0(35.26%),B:21158.4(31.67%),P:1e-9
		=Final=: -23.28 TACCGGTC T:2237.0(34.32%),B:17271.7(30.62%),P:1e-10
		Performing exhaustive masking of motif...
		Reprioritizing potential motifs...
	17 of 25 Initial Sequence: CCATTTTG... (-11.874)
		Round 1: -15.78 CCATTTTG T:286.0(4.29%),B:1756.3(3.11%),P:1e-6
		Round 2: -15.78 CCATTTTG T:286.0(4.29%),B:1756.3(3.11%),P:1e-6
		=Final=: -18.19 CCATTTTG T:281.0(4.31%),B:1719.4(3.05%),P:1e-7
		Performing exhaustive masking of motif...
		Reprioritizing potential motifs...
	18 of 25 Initial Sequence: TTCGAAAG... (-12.096)
		Round 1: -16.79 TTCGAWAG T:377.0(5.62%),B:2396.3(4.22%),P:1e-7
		Round 2: -21.87 TYCGMAAS T:351.0(5.24%),B:2092.3(3.69%),P:1e-9
		Round 3: -21.87 TYCGMAAS T:351.0(5.24%),B:2092.3(3.69%),P:1e-9
		=Final=: -23.25 TYCGMAAS T:335.0(5.14%),B:2014.8(3.57%),P:1e-10
		Performing exhaustive masking of motif...
		Reprioritizing potential motifs...
	19 of 25 Initial Sequence: AGCCCTTT... (-11.241)
		Round 1: -14.62 AGCCCTTT T:529.0(7.80%),B:3593.2(6.26%),P:1e-6
		Round 2: -14.62 AGCCCTTT T:529.0(7.80%),B:3593.2(6.26%),P:1e-6
		=Final=: -14.58 AGCCCTTT T:502.0(7.70%),B:3486.2(6.18%),P:1e-6
		Performing exhaustive masking of motif...
		Reprioritizing potential motifs...
	20 of 25 Initial Sequence: GTTGCGTG... (-10.943)
		Round 1: -10.94 GTTGCGTG T:38.0(0.58%),B:146.6(0.26%),P:1e-4
		Round 2: -10.94 GTTGCGTG T:38.0(0.58%),B:146.6(0.26%),P:1e-4
		=Final=: -11.95 GTTGCGTG T:38.0(0.58%),B:146.6(0.26%),P:1e-5
		Performing exhaustive masking of motif...
		Reprioritizing potential motifs...
	21 of 25 Initial Sequence: TCGGTTCC... (-10.386)
		Round 1: -17.04 TCGGTTCC T:1176.0(16.51%),B:8468.3(14.14%),P:1e-7
		Round 2: -17.04 TCGGTTCC T:1176.0(16.51%),B:8468.3(14.14%),P:1e-7
		=Final=: -19.42 TCGGTTCC T:1065.0(16.34%),B:7785.9(13.80%),P:1e-8
		Performing exhaustive masking of motif...
		Reprioritizing potential motifs...
	22 of 25 Initial Sequence: AGGCCTGT... (-9.988)
		Round 1: -10.55 AGGCCTGT T:246.0(3.70%),B:1593.0(2.82%),P:1e-4
		Round 2: -10.55 AGGCCTGT T:246.0(3.70%),B:1593.0(2.82%),P:1e-4
		=Final=: -10.94 AGGCCTGT T:232.0(3.56%),B:1515.5(2.69%),P:1e-4
		Performing exhaustive masking of motif...
		Reprioritizing potential motifs...
	23 of 25 Initial Sequence: CTCTTTCG... (-10.086)
		Round 1: -17.88 CTCTTTCG T:1349.0(18.70%),B:9765.1(16.12%),P:1e-7
		Round 2: -17.88 CTCTTTCG T:1349.0(18.70%),B:9765.1(16.12%),P:1e-7
		=Final=: -20.54 CTCTTTCG T:1206.0(18.50%),B:8880.6(15.75%),P:1e-8
		Performing exhaustive masking of motif...
		Reprioritizing potential motifs...
	24 of 25 Initial Sequence: TAAACGCG... (-9.819)
		Round 1: -22.11 TAAACGCG T:303.0(4.54%),B:1756.9(3.11%),P:1e-9
		Round 2: -25.69 TWAACGCG T:346.0(5.17%),B:1991.1(3.52%),P:1e-11
		Round 3: -25.69 TWAACGCG T:346.0(5.17%),B:1991.1(3.52%),P:1e-11
		=Final=: -28.63 TWAACGCG T:336.0(5.15%),B:1928.6(3.42%),P:1e-12
		Performing exhaustive masking of motif...
		Reprioritizing potential motifs...
	Remaining seeds don't look promising (After initial 5 motifs, logp -9.596 > -9.814)

	Finalizing Enrichment Statistics (new in v3.4)
	Reading input files...
	67613 total sequences read
	Cache length = 11180
	Using binomial scoring
	Checking enrichment of 24 motif(s)
	|0%                                    50%                                  100%|
	=================================================================================
	Output in file: /project/lbarreiro/USERS/ellen/KnightMolecules/demultiplexed/FastQ/15_transcriptionFactorMotifs/dataDriven_commonBaseline//tfMotifOutput_UP_5f//homerMotifs.motifs8


	Number of Trial motifs (-T) set to 9 (from 10) to work well with 3 CPUs
	Scanning input files...
	Parsing sequences...
	|0%                                   50%                                  100%|
	================================================================================
	Total number of Oligos: 523645
	Autoadjustment for sequence coverage in background: 0.98x

	Oligos: 523645 of 551887 max
	Tree  : 1069648 of 2759435 max
	Optimizing memory usage...
	Cache length = 11180
	Using binomial scoring

	Global Optimization Phase: Looking for enriched oligos with up to 2 mismatches...

	Screening oligos 523645 (allowing 0 mismatches):
	|0%                                   50%                                  100%|
	================================================================================
		10.61% skipped, 89.39% checked (468094 of 523645), of those checked:
		10.61% not in target, 0.00% increased p-value, 0.00% high p-value

	Screening oligos 523645 (allowing 1 mismatches):
	|0%                                   50%                                  100%|
	================================================================================
		10.61% skipped, 89.39% checked (468094 of 523645), of those checked:
		0.00% not in target, 35.53% increased p-value, 55.28% high p-value

	Screening oligos 523645 (allowing 2 mismatches):
	|0%                                   50%                                  100%|
	================================================================================
		77.71% skipped, 22.29% checked (116742 of 523645), of those checked:
		0.00% not in target, 15.56% increased p-value, 0.00% high p-value
	Reading input files...
	67613 total sequences read
	Cache length = 11180
	Using binomial scoring

	Local Optimization Phase:
	1 of 25 Initial Sequence: CCCGCCCCTT... (-35.816)
		Round 1: -59.19 CCCGCCCCTT T:2786.0(34.78%),B:18819.6(28.74%),P:1e-25
		Round 2: -69.13 CCCGCCCCYT T:2737.0(34.29%),B:18081.4(27.78%),P:1e-30
		Round 3: -73.57 CCCGCCCCYT T:2746.0(34.38%),B:17990.2(27.66%),P:1e-31
		Round 4: -73.88 CCCGCCCMTT T:4061.0(46.37%),B:27563.7(39.12%),P:1e-32
		Round 5: -78.59 CCCGCCCAYT T:4035.0(46.16%),B:27162.7(38.67%),P:1e-34
		Round 6: -86.45 CCCGCCCHYT T:4189.0(47.41%),B:27941.4(39.53%),P:1e-37
		Round 7: -86.45 CCCGCCCHYT T:4189.0(47.41%),B:27941.4(39.53%),P:1e-37
		=Final=: -59.74 CCCGCCCHYT T:2029.0(31.13%),B:14253.0(25.27%),P:1e-25
		Performing exhaustive masking of motif...
		Reprioritizing potential motifs...
	2 of 25 Initial Sequence: CGAATTGGCT... (-32.364)
		Round 1: -53.00 CGAATTGGCT T:1211.0(16.96%),B:7518.5(12.66%),P:1e-23
		Round 2: -54.59 CGAATTGGCT T:1297.0(18.05%),B:8093.3(13.56%),P:1e-23
		Round 3: -58.20 CGAATTGGCT T:1715.0(23.14%),B:11007.7(17.98%),P:1e-25
		Round 4: -63.50 CGAATTGGCT T:997.0(14.18%),B:5780.0(9.88%),P:1e-27
		Round 5: -71.18 CSRATTGGCT T:973.0(13.87%),B:5470.3(9.38%),P:1e-30
		Round 6: -71.18 CSRATTGGCT T:973.0(13.87%),B:5470.3(9.38%),P:1e-30
		=Final=: -54.53 CSRATTGGCT T:797.0(12.23%),B:4802.5(8.51%),P:1e-23
		Performing exhaustive masking of motif...
		Reprioritizing potential motifs...
	3 of 25 Initial Sequence: CCGGACTCGA... (-27.855)
		Round 1: -27.85 CCGGACTCGA T:9.0(0.14%),B:2.5(0.00%),P:1e-12
		Round 2: -27.85 CCGGACTCGA T:9.0(0.14%),B:2.5(0.00%),P:1e-12
		=Final=: -26.20 CCGGACTCGA T:9.0(0.14%),B:2.5(0.00%),P:1e-11
		Performing exhaustive masking of motif...
		Reprioritizing potential motifs...
	4 of 25 Initial Sequence: GTTCCGCCTT... (-26.649)
		Round 1: -53.67 GTTCCGCCTT T:1820.0(24.36%),B:11911.1(19.30%),P:1e-23
		Round 2: -54.07 GTTCCGCCTT T:1485.0(20.38%),B:9461.4(15.66%),P:1e-23
		Round 3: -58.45 GTTCCGCCTT T:1139.0(16.03%),B:6879.4(11.65%),P:1e-25
		Round 4: -58.45 GTTCCGCCTT T:1139.0(16.03%),B:6879.4(11.65%),P:1e-25
		=Final=: -53.61 GTTCCGCCTT T:963.0(14.77%),B:6051.8(10.73%),P:1e-23
		Performing exhaustive masking of motif...
		Reprioritizing potential motifs...
	5 of 25 Initial Sequence: CGTAGCGGCT... (-23.630)
		Round 1: -23.63 CGTAGCGGCT T:8.0(0.12%),B:2.5(0.00%),P:1e-10
		Round 2: -23.63 CGTAGCGGCT T:8.0(0.12%),B:2.5(0.00%),P:1e-10
		=Final=: -22.53 CGTAGCGGCT T:8.0(0.12%),B:2.5(0.00%),P:1e-9
		Performing exhaustive masking of motif...
		Reprioritizing potential motifs...
	6 of 25 Initial Sequence: TTCCGGATTG... (-21.243)
		Round 1: -41.49 TTCCGGATTG T:3149.0(38.32%),B:22357.3(33.13%),P:1e-18
		Round 2: -47.10 TTCCGGATTG T:2046.0(26.94%),B:13806.7(22.01%),P:1e-20
		Round 3: -52.26 TTCCGGATTR T:1472.0(20.22%),B:9413.9(15.59%),P:1e-22
		Round 4: -52.26 TTCCGGATTR T:1472.0(20.22%),B:9413.9(15.59%),P:1e-22
		=Final=: -47.38 TTCCGGATTR T:1210.0(18.56%),B:8079.8(14.33%),P:1e-20
		Performing exhaustive masking of motif...
		Reprioritizing potential motifs...
	7 of 25 Initial Sequence: CTCGGTTTCT... (-21.505)
		Round 1: -24.55 CTCGGTTTCT T:42.0(0.64%),B:101.9(0.18%),P:1e-10
		Round 2: -24.55 CTCGGTTTCT T:42.0(0.64%),B:101.9(0.18%),P:1e-10
		=Final=: -26.00 CTCGGTTTCT T:42.0(0.64%),B:101.9(0.18%),P:1e-11
		Performing exhaustive masking of motif...
		Reprioritizing potential motifs...
	8 of 25 Initial Sequence: TCACGTGACC... (-19.829)
		Round 1: -36.91 TCACGTGACC T:857.0(12.32%),B:5379.7(9.23%),P:1e-16
		Round 2: -42.70 TCACGTGACC T:569.0(8.36%),B:3219.9(5.63%),P:1e-18
		Round 3: -44.66 TCACGTGABC T:559.0(8.22%),B:3118.1(5.46%),P:1e-19
		Round 4: -44.66 TCACGTGABC T:559.0(8.22%),B:3118.1(5.46%),P:1e-19
		=Final=: -31.53 TCACGTGABC T:453.0(6.95%),B:2715.5(4.81%),P:1e-13
		Performing exhaustive masking of motif...
		Reprioritizing potential motifs...
	9 of 25 Initial Sequence: CGTAGCACAC... (-19.538)
		Round 1: -19.54 CGTAGCACAC T:7.0(0.11%),B:3.0(0.00%),P:1e-8
		Round 2: -19.54 CGTAGCACAC T:7.0(0.11%),B:3.0(0.00%),P:1e-8
		=Final=: -18.98 CGTAGCACAC T:7.0(0.11%),B:3.0(0.01%),P:1e-8
		Performing exhaustive masking of motif...
		Reprioritizing potential motifs...
	10 of 25 Initial Sequence: ATCGGTCTAG... (-19.112)
		Round 1: -32.24 ATCGGTCTAG T:717.0(10.42%),B:4485.2(7.76%),P:1e-14
		Round 2: -32.39 WTCGGTCTAR T:160.0(2.43%),B:690.1(1.23%),P:1e-14
		Round 3: -37.33 WTCGGTCTAN T:197.0(2.98%),B:866.6(1.55%),P:1e-16
		Round 4: -37.33 WTCGGTCTAN T:197.0(2.98%),B:866.6(1.55%),P:1e-16
		=Final=: -37.76 WTCGGTCTAN T:192.0(2.95%),B:856.0(1.52%),P:1e-16
		Performing exhaustive masking of motif...
		Reprioritizing potential motifs...
	11 of 25 Initial Sequence: CGCTTGCGTA... (-19.216)
		Round 1: -33.84 CGCTTGCGTA T:857.0(12.32%),B:5458.5(9.36%),P:1e-14
		Round 2: -33.84 CGCTTGCGTA T:857.0(12.32%),B:5458.5(9.36%),P:1e-14
		=Final=: -30.58 CGCTTGCGTA T:763.0(11.71%),B:5053.8(8.96%),P:1e-13
		Performing exhaustive masking of motif...
		Reprioritizing potential motifs...
	12 of 25 Initial Sequence: TTTACGGCGA... (-17.139)
		Round 1: -28.72 TTTACGGCGA T:2803.0(34.95%),B:20442.2(30.79%),P:1e-12
		Round 2: -28.72 TTTACGGCGA T:2803.0(34.95%),B:20442.2(30.79%),P:1e-12
		=Final=: -35.74 TTTACGGCGA T:2550.0(39.12%),B:19352.5(34.31%),P:1e-15
		Performing exhaustive masking of motif...
		Reprioritizing potential motifs...
	13 of 25 Initial Sequence: CGGGAACGCT... (-16.839)
		Round 1: -22.60 CGGGAACGCT T:40.0(0.61%),B:99.6(0.18%),P:1e-9
		Round 2: -22.60 CGGGAACGCT T:40.0(0.61%),B:99.6(0.18%),P:1e-9
		=Final=: -22.75 CGGGAACGCT T:39.0(0.60%),B:99.6(0.18%),P:1e-9
		Performing exhaustive masking of motif...
		Reprioritizing potential motifs...
	14 of 25 Initial Sequence: AGTCTCGATG... (-16.144)
		Round 1: -16.14 AGTCTCGATG T:8.0(0.12%),B:4.9(0.01%),P:1e-7
		Round 2: -16.14 AGTCTCGATG T:8.0(0.12%),B:4.9(0.01%),P:1e-7
		=Final=: -17.19 AGTCTCGATG T:8.0(0.12%),B:4.9(0.01%),P:1e-7
		Performing exhaustive masking of motif...
		Reprioritizing potential motifs...
	15 of 25 Initial Sequence: CCGATGACCG... (-15.600)
		Round 1: -19.54 CCGATGACCG T:7.0(0.11%),B:2.7(0.00%),P:1e-8
		Round 2: -19.54 CCGATGACCG T:7.0(0.11%),B:2.7(0.00%),P:1e-8
		=Final=: -19.63 CCGATGACCG T:6.0(0.09%),B:0.0(0.00%),P:1e-8
		Performing exhaustive masking of motif...
		Reprioritizing potential motifs...
	16 of 25 Initial Sequence: TCGGTCGATC... (-15.600)
		Round 1: -15.60 TCGGTCGATC T:6.0(0.09%),B:1.9(0.00%),P:1e-6
		Round 2: -15.60 TCGGTCGATC T:6.0(0.09%),B:1.9(0.00%),P:1e-6
		=Final=: -19.63 TCGGTCGATC T:6.0(0.09%),B:1.9(0.00%),P:1e-8
		Performing exhaustive masking of motif...
		Reprioritizing potential motifs...
	17 of 25 Initial Sequence: GCGTAATTTG... (-15.600)
		Round 1: -23.91 GCGTAATTTG T:12.0(0.18%),B:6.4(0.01%),P:1e-10
		Round 2: -24.86 GCGTAATTTG T:13.0(0.20%),B:7.4(0.01%),P:1e-10
		Round 3: -24.86 GCGTAATTTG T:13.0(0.20%),B:7.4(0.01%),P:1e-10
		=Final=: -26.07 GCGTAATTTG T:13.0(0.20%),B:7.4(0.01%),P:1e-11
		Performing exhaustive masking of motif...
		Reprioritizing potential motifs...
	18 of 25 Initial Sequence: GATTGGTCTA... (-15.600)
		Round 1: -15.60 GATTGGTCTA T:6.0(0.09%),B:1.0(0.00%),P:1e-6
		Round 2: -15.60 GATTGGTCTA T:6.0(0.09%),B:1.0(0.00%),P:1e-6
		=Final=: -19.63 GATTGGTCTA T:6.0(0.09%),B:1.0(0.00%),P:1e-8
		Performing exhaustive masking of motif...
		Reprioritizing potential motifs...
	19 of 25 Initial Sequence: CATCGTCGCG... (-15.600)
		Round 1: -15.60 CATCGTCGCG T:6.0(0.09%),B:2.1(0.00%),P:1e-6
		Round 2: -15.60 CATCGTCGCG T:6.0(0.09%),B:2.1(0.00%),P:1e-6
		=Final=: -15.57 CATCGTCGCG T:6.0(0.09%),B:2.1(0.00%),P:1e-6
		Performing exhaustive masking of motif...
		Reprioritizing potential motifs...
	20 of 25 Initial Sequence: GCAGCGAAAA... (-15.600)
		Round 1: -15.60 GCAGCGAAAA T:6.0(0.09%),B:2.6(0.00%),P:1e-6
		Round 2: -15.60 GCAGCGAAAA T:6.0(0.09%),B:2.6(0.00%),P:1e-6
		=Final=: -15.57 GCAGCGAAAA T:6.0(0.09%),B:2.6(0.00%),P:1e-6
		Performing exhaustive masking of motif...
		Reprioritizing potential motifs...
	21 of 25 Initial Sequence: GACCAATTGG... (-15.479)
		Round 1: -19.40 GACCAATCGG T:88.0(1.34%),B:374.0(0.67%),P:1e-8
		Round 2: -19.89 GAYCAATCSG T:102.0(1.55%),B:453.9(0.81%),P:1e-8
		Round 3: -24.93 GAYCAATCSG T:109.0(1.66%),B:452.7(0.81%),P:1e-10
		Round 4: -24.93 GAYCAATCSG T:109.0(1.66%),B:452.7(0.81%),P:1e-10
		=Final=: -26.44 GAYCAATCSG T:108.0(1.66%),B:445.5(0.79%),P:1e-11
		Performing exhaustive masking of motif...
		Reprioritizing potential motifs...
	22 of 25 Initial Sequence: TTTCGAAGCT... (-15.394)
		Round 1: -18.13 TTTCGAAGCT T:10.0(0.15%),B:6.4(0.01%),P:1e-7
		Round 2: -18.24 TTTCGACGCT T:99.0(1.51%),B:450.6(0.81%),P:1e-7
		Round 3: -23.29 TTTCGACGCT T:17.0(0.26%),B:16.9(0.03%),P:1e-10
		Round 4: -23.29 TTTCGACGCT T:17.0(0.26%),B:16.9(0.03%),P:1e-10
		=Final=: -24.81 TTTCGACGCT T:17.0(0.26%),B:16.9(0.03%),P:1e-10
		Performing exhaustive masking of motif...
		Reprioritizing potential motifs...
	23 of 25 Initial Sequence: TACGGCACGC... (-14.453)
		Round 1: -31.87 TACGGCACGC T:39.0(0.60%),B:69.5(0.12%),P:1e-13
		Round 2: -31.87 TACGGCACGC T:39.0(0.60%),B:69.5(0.12%),P:1e-13
		=Final=: -33.49 TACGGCACGC T:39.0(0.60%),B:69.5(0.12%),P:1e-14
		Performing exhaustive masking of motif...
		Reprioritizing potential motifs...
	24 of 25 Initial Sequence: GGCCAACTCA... (-14.417)
		Round 1: -27.00 GGCCAACTCA T:848.0(12.20%),B:5585.3(9.57%),P:1e-11
		Round 2: -27.00 GGCCAACTCA T:848.0(12.20%),B:5585.3(9.57%),P:1e-11
		=Final=: -29.98 GGCCAACTCA T:782.0(12.00%),B:5214.7(9.25%),P:1e-13
		Performing exhaustive masking of motif...
		Reprioritizing potential motifs...
	25 of 25 Initial Sequence: CTCGTGCCAC... (-14.356)
		Round 1: -18.95 CTCGTGCCAC T:96.0(1.46%),B:426.0(0.76%),P:1e-8
		Round 2: -22.36 CTCGTGCCAC T:231.0(3.48%),B:1251.5(2.23%),P:1e-9
		Round 3: -24.49 CTCGTGCCAC T:120.0(1.82%),B:516.0(0.92%),P:1e-10
		Round 4: -24.49 CTCGTGCCAC T:120.0(1.82%),B:516.0(0.92%),P:1e-10
		=Final=: -24.58 CTCGTGCCAC T:117.0(1.80%),B:514.8(0.91%),P:1e-10
		Performing exhaustive masking of motif...
		Reprioritizing potential motifs...

	Finalizing Enrichment Statistics (new in v3.4)
	Reading input files...
	67613 total sequences read
	Cache length = 11180
	Using binomial scoring
	Checking enrichment of 25 motif(s)
	|0%                                    50%                                  100%|
	=================================================================================
	Output in file: /project/lbarreiro/USERS/ellen/KnightMolecules/demultiplexed/FastQ/15_transcriptionFactorMotifs/dataDriven_commonBaseline//tfMotifOutput_UP_5f//homerMotifs.motifs10


	Number of Trial motifs (-T) set to 9 (from 10) to work well with 3 CPUs
	-blen automatically set to 2
	Scanning input files...
	Parsing sequences...
	|0%                                   50%                                  100%|
	================================================================================
	Total number of Oligos: 6313415
	Autoadjustment for sequence coverage in background: 0.98x

	Oligos: 6313415 of 8830118 max
	Tree  : 13499660 of 44150590 max
	Optimizing memory usage...
	Cache length = 11180
	Using binomial scoring

	Global Optimization Phase: Looking for enriched oligos with up to 2 mismatches...

	Screening oligos 6313415 (allowing 0 mismatches):
	|0%                                   50%                                  100%|
	================================================================================
		68.05% skipped, 31.95% checked (2016851 of 6313415), of those checked:
		68.05% not in target, 0.00% increased p-value, 0.00% high p-value

	Screening oligos 6313415 (allowing 1 mismatches):
	|0%                                   50%                                  100%|
	================================================================================
		68.05% skipped, 31.95% checked (2016851 of 6313415), of those checked:
		0.00% not in target, 22.99% increased p-value, 10.92% high p-value

	Screening oligos 6313415 (allowing 2 mismatches):
	|0%                                   50%                                  100%|
	================================================================================
		94.43% skipped, 5.57% checked (351787 of 6313415), of those checked:
		0.00% not in target, 4.43% increased p-value, 0.00% high p-value
	Reading input files...
	67613 total sequences read
	Cache length = 11180
	Using binomial scoring

	Local Optimization Phase:
	1 of 25 Initial Sequence: ATGGGCGGGGCC... (-47.542)
		Round 1: -69.24 ATGGGCGGGGCC T:1232.0(17.22%),B:7288.6(12.30%),P:1e-30
		Round 2: -69.24 ATGGGCGGGGCC T:1232.0(17.22%),B:7288.6(12.30%),P:1e-30
		=Final=: -55.73 ATGGGCGGGGCC T:936.0(14.36%),B:5807.2(10.30%),P:1e-24
		Performing exhaustive masking of motif...
		Reprioritizing potential motifs...
	2 of 25 Initial Sequence: GGGGCGGGACTA... (-32.771)
		Round 1: -42.79 GGGGCGGGACTA T:776.0(11.22%),B:4660.0(8.05%),P:1e-18
		Round 2: -44.55 GGGGCGGGVCTA T:1149.0(16.16%),B:7286.9(12.30%),P:1e-19
		Round 3: -52.10 GGGGCGGGVCTA T:2406.0(30.87%),B:16285.4(25.42%),P:1e-22
		Round 4: -65.45 GGGGCGGGRCTN T:1788.0(23.99%),B:11314.9(18.43%),P:1e-28
		Round 5: -65.74 GGGGCGGGGCTN T:1927.0(25.60%),B:12310.7(19.88%),P:1e-28
		Round 6: -65.74 GGGGCGGGGCTN T:1927.0(25.60%),B:12310.7(19.88%),P:1e-28
		=Final=: -53.71 GGGGCGGGGCTN T:1411.0(21.65%),B:9489.9(16.83%),P:1e-23
		Performing exhaustive masking of motif...
		Reprioritizing potential motifs...
	3 of 25 Initial Sequence: GGGTCAGCTGAC... (-27.894)
		Round 1: -51.51 GGGTCAGCTGAC T:375.0(5.59%),B:1815.7(3.22%),P:1e-22
		Round 2: -51.75 GGGTCAGCTGAC T:345.0(5.16%),B:1628.0(2.89%),P:1e-22
		Round 3: -51.75 GGGTCAGCTGAC T:345.0(5.16%),B:1628.0(2.89%),P:1e-22
		=Final=: -35.46 GGGTCAGCTGAC T:275.0(4.22%),B:1413.9(2.51%),P:1e-15
		Performing exhaustive masking of motif...
		Reprioritizing potential motifs...
	4 of 25 Initial Sequence: AACTGTAGCTTC... (-27.852)
		Round 1: -32.19 AACTGTAGCTTC T:10.0(0.15%),B:2.9(0.00%),P:1e-13
		Round 2: -32.19 AACTGTAGCTTC T:10.0(0.15%),B:2.9(0.00%),P:1e-13
		=Final=: -9.22 AACTGTAGCTTC T:4.0(0.06%),B:2.9(0.01%),P:1e-4
		Performing exhaustive masking of motif...
		Reprioritizing potential motifs...
	5 of 25 Initial Sequence: TCCTCGCCCCAC... (-27.852)
		Round 1: -39.70 TCCTCGCCCCAC T:16.0(0.25%),B:5.2(0.01%),P:1e-17
		Round 2: -45.81 TCCTCGACCGAC T:13.0(0.20%),B:2.3(0.00%),P:1e-19
		Round 3: -45.81 TCCTCGACCGAC T:13.0(0.20%),B:2.3(0.00%),P:1e-19
		=Final=: -46.00 TCCTCGACCGAC T:12.0(0.18%),B:1.8(0.00%),P:1e-19
		Performing exhaustive masking of motif...
		Reprioritizing potential motifs...
	6 of 25 Initial Sequence: GCAAGCGCAGTT... (-24.962)
		Round 1: -27.65 GCAAGCGCAGTT T:360.0(5.37%),B:2050.2(3.62%),P:1e-12
		Round 2: -31.14 GCAAGCGCAGTT T:311.0(4.66%),B:1659.9(2.94%),P:1e-13
		Round 3: -31.77 GCAAGCGCAGTT T:303.0(4.54%),B:1601.1(2.84%),P:1e-13
		Round 4: -31.77 GCAAGCGCAGTT T:303.0(4.54%),B:1601.1(2.84%),P:1e-13
		=Final=: -31.49 GCAAGCGCAGTT T:287.0(4.40%),B:1545.4(2.74%),P:1e-13
		Performing exhaustive masking of motif...
		Reprioritizing potential motifs...
	7 of 25 Initial Sequence: CCGTGATTGGCT... (-23.193)
		Round 1: -33.55 CCGTGATTGGCT T:665.0(9.70%),B:4078.8(7.08%),P:1e-14
		Round 2: -49.56 CBGTGATTGGCT T:579.0(8.50%),B:3178.9(5.56%),P:1e-21
		Round 3: -57.53 CBGTGATTGGCT T:427.0(6.34%),B:2074.5(3.67%),P:1e-24
		Round 4: -57.53 CBGTGATTGGCT T:427.0(6.34%),B:2074.5(3.67%),P:1e-24
		=Final=: -59.84 CBGTGATTGGCT T:422.0(6.47%),B:2100.3(3.72%),P:1e-25
		Performing exhaustive masking of motif...
		Reprioritizing potential motifs...
	8 of 25 Initial Sequence: AGACTCCGCCTT... (-19.577)
		Round 1: -31.73 AGACTCCGCCTT T:350.0(5.23%),B:1911.7(3.38%),P:1e-13
		Round 2: -32.64 AGACTCCGCCTT T:304.0(4.56%),B:1596.9(2.83%),P:1e-14
		Round 3: -32.64 AGACTCCGCCTT T:304.0(4.56%),B:1596.9(2.83%),P:1e-14
		=Final=: -35.69 AGACTCCGCCTT T:302.0(4.63%),B:1591.9(2.82%),P:1e-15
		Performing exhaustive masking of motif...
		Reprioritizing potential motifs...
	9 of 25 Initial Sequence: TCAGCCCCTGTT... (-19.537)
		Round 1: -19.54 TCAGCCCCTGTT T:7.0(0.11%),B:2.5(0.00%),P:1e-8
		Round 2: -19.54 TCAGCCCCTGTT T:7.0(0.11%),B:2.5(0.00%),P:1e-8
		=Final=: -18.98 TCAGCCCCTGTT T:7.0(0.11%),B:2.5(0.00%),P:1e-8
		Performing exhaustive masking of motif...
		Reprioritizing potential motifs...
	10 of 25 Initial Sequence: TATTCCGCGATC... (-19.537)
		Round 1: -26.06 NATTCCGCGATC T:10.0(0.15%),B:3.9(0.01%),P:1e-11
		Round 2: -26.06 NATTCCGCGATC T:10.0(0.15%),B:3.9(0.01%),P:1e-11
		=Final=: -26.02 NATTCCGCGATC T:10.0(0.15%),B:3.9(0.01%),P:1e-11
		Performing exhaustive masking of motif...
		Reprioritizing potential motifs...
	11 of 25 Initial Sequence: CTCACGTGACTC... (-19.537)
		Round 1: -19.54 CTCACGTGACTC T:7.0(0.11%),B:2.4(0.00%),P:1e-8
		Round 2: -19.54 CTCACGTGACTC T:7.0(0.11%),B:2.4(0.00%),P:1e-8
		=Final=: -15.57 CTCACGTGACTC T:6.0(0.09%),B:2.4(0.00%),P:1e-6
		Performing exhaustive masking of motif...
		Reprioritizing potential motifs...
	12 of 25 Initial Sequence: GCCGAGGACCAC... (-19.537)
		Round 1: -32.19 GCCGAGGACCAC T:10.0(0.15%),B:1.5(0.00%),P:1e-13
		Round 2: -32.19 GCCGAGGACCAC T:10.0(0.15%),B:1.5(0.00%),P:1e-13
		=Final=: -36.80 GCCGAGGACCAC T:10.0(0.15%),B:1.5(0.00%),P:1e-15
		Performing exhaustive masking of motif...
		Reprioritizing potential motifs...
	13 of 25 Initial Sequence: ATCTGCTGGAGC... (-19.537)
		Round 1: -26.06 ATCTGCTGGAGC T:10.0(0.15%),B:3.7(0.01%),P:1e-11
		Round 2: -26.26 ATATGCTGGMGC T:12.0(0.18%),B:5.8(0.01%),P:1e-11
		Round 3: -26.26 ATATGCTGGMGC T:12.0(0.18%),B:5.8(0.01%),P:1e-11
		=Final=: -27.11 ATATGCTGGMGC T:12.0(0.18%),B:5.8(0.01%),P:1e-11
		Performing exhaustive masking of motif...
		Reprioritizing potential motifs...
	14 of 25 Initial Sequence: CGACGCGTACAA... (-19.537)
		Round 1: -23.63 CGACGCGTACAA T:8.0(0.12%),B:1.3(0.00%),P:1e-10
		Round 2: -23.63 CGACGCGTACAA T:8.0(0.12%),B:1.3(0.00%),P:1e-10
		=Final=: -27.97 CGACGCGTACAA T:8.0(0.12%),B:1.3(0.00%),P:1e-12
		Performing exhaustive masking of motif...
		Reprioritizing potential motifs...
	15 of 25 Initial Sequence: GGCGTGGGGCGG... (-19.537)
		Round 1: -26.06 GGCGTGGGGCGG T:10.0(0.15%),B:3.6(0.01%),P:1e-11
		Round 2: -32.29 GTCTTGGGGCGG T:24.0(0.37%),B:23.2(0.04%),P:1e-14
		Round 3: -34.64 GGCGTGGGGCGG T:19.0(0.29%),B:12.0(0.02%),P:1e-15
		Round 4: -34.64 GGCGTGGGGCGG T:19.0(0.29%),B:12.0(0.02%),P:1e-15
		=Final=: -36.01 GGCGTGGGGCGG T:19.0(0.29%),B:12.0(0.02%),P:1e-15
		Performing exhaustive masking of motif...
		Reprioritizing potential motifs...
	16 of 25 Initial Sequence: GGCGCAGGCGTG... (-19.260)
		Round 1: -31.93 GGCGCAGGCGTG T:124.0(1.88%),B:481.8(0.86%),P:1e-13
		Round 2: -31.93 GGCGCAGGCGTG T:124.0(1.88%),B:481.8(0.86%),P:1e-13
		=Final=: -34.23 GGCGCAGGCGTG T:123.0(1.89%),B:476.0(0.84%),P:1e-14
		Performing exhaustive masking of motif...
		Reprioritizing potential motifs...
	17 of 25 Initial Sequence: AAGTCGCTCCGG... (-18.676)
		Round 1: -33.04 AAGTCGCTCCGG T:19.0(0.29%),B:12.6(0.02%),P:1e-14
		Round 2: -33.04 AAGTCGCTCCGG T:19.0(0.29%),B:12.6(0.02%),P:1e-14
		=Final=: -34.47 AAGTCGCTCCGG T:19.0(0.29%),B:12.6(0.02%),P:1e-14
		Performing exhaustive masking of motif...
		Reprioritizing potential motifs...
	18 of 25 Initial Sequence: GTTTTGTTTCCG... (-18.466)
		Round 1: -30.96 GTTTTGTTTCCG T:25.0(0.38%),B:27.8(0.05%),P:1e-13
		Round 2: -30.96 GTTTTGTTTCCG T:25.0(0.38%),B:27.8(0.05%),P:1e-13
		=Final=: -30.49 GTTTTGTTTCCG T:24.0(0.37%),B:27.8(0.05%),P:1e-13
		Performing exhaustive masking of motif...
		Reprioritizing potential motifs...
	19 of 25 Initial Sequence: GCTCCACCCCAA... (-18.130)
		Round 1: -36.13 GCTCCACCCCAA T:27.0(0.41%),B:26.3(0.05%),P:1e-15
		Round 2: -36.13 GCTCCACCCCAA T:27.0(0.41%),B:26.3(0.05%),P:1e-15
		=Final=: -37.79 GCTCCACCCCAA T:27.0(0.41%),B:26.3(0.05%),P:1e-16
		Performing exhaustive masking of motif...
		Reprioritizing potential motifs...
	20 of 25 Initial Sequence: TTTTCCGGCCAC... (-17.798)
		Round 1: -27.29 TTTTCCGGCCAC T:206.0(3.11%),B:1022.2(1.82%),P:1e-11
		Round 2: -30.64 TTTTCCGGCCAC T:569.0(8.36%),B:3453.7(6.03%),P:1e-13
		Round 3: -30.64 TTTTCCGGCCAC T:569.0(8.36%),B:3453.7(6.03%),P:1e-13
		=Final=: -28.87 TTTTCCGGCCAC T:533.0(8.18%),B:3355.9(5.95%),P:1e-12
		Performing exhaustive masking of motif...
		Reprioritizing potential motifs...
	21 of 25 Initial Sequence: AACGGAAAAGGC... (-18.142)
		Round 1: -27.82 AACGGAAAAGGC T:162.0(2.45%),B:744.2(1.33%),P:1e-12
		Round 2: -32.93 AACGGAAAAGGC T:64.0(0.98%),B:168.8(0.30%),P:1e-14
		Round 3: -34.34 AACGGAAAAGGC T:52.0(0.79%),B:112.3(0.20%),P:1e-14
		Round 4: -34.82 AACGGAAAAGGC T:57.0(0.87%),B:131.4(0.24%),P:1e-15
		Round 5: -34.82 AACGGAAAAGGC T:57.0(0.87%),B:131.4(0.24%),P:1e-15
		=Final=: -36.48 AACGGAAAAGGC T:57.0(0.87%),B:131.4(0.23%),P:1e-15
		Performing exhaustive masking of motif...
		Reprioritizing potential motifs...
	22 of 25 Initial Sequence: AGTGCTCGGCTT... (-17.539)
		Round 1: -27.91 AGTGCTCGGCTT T:199.0(3.01%),B:975.5(1.74%),P:1e-12
		Round 2: -28.58 AGTGCTCGGCTT T:150.0(2.28%),B:662.5(1.18%),P:1e-12
		Round 3: -28.58 AGTGCTCGGCTT T:150.0(2.28%),B:662.5(1.18%),P:1e-12
		=Final=: -27.43 AGTGCTCGGCTT T:213.0(3.27%),B:1099.9(1.95%),P:1e-11
		Performing exhaustive masking of motif...
		Reprioritizing potential motifs...
	23 of 25 Initial Sequence: CGAAAGCCACGA... (-17.262)
		Round 1: -27.75 CGAAAGCCACGA T:190.0(2.87%),B:918.0(1.64%),P:1e-12
		Round 2: -27.75 CGAAAGCCACGA T:190.0(2.87%),B:918.0(1.64%),P:1e-12
		=Final=: -28.36 CGAAAGCCACGA T:186.0(2.85%),B:911.5(1.62%),P:1e-12
		Performing exhaustive masking of motif...
		Reprioritizing potential motifs...
	24 of 25 Initial Sequence: CCCGCGATAACA... (-17.074)
		Round 1: -23.63 CCCGCGATAACA T:8.0(0.12%),B:0.5(0.00%),P:1e-10
		Round 2: -32.19 CCCKCGATAACA T:10.0(0.15%),B:2.5(0.00%),P:1e-13
		Round 3: -32.19 CCCKCGATAACA T:10.0(0.15%),B:2.5(0.00%),P:1e-13
		=Final=: -29.97 CCCKCGATAACA T:10.0(0.15%),B:2.5(0.00%),P:1e-13
		Performing exhaustive masking of motif...
		Reprioritizing potential motifs...
	25 of 25 Initial Sequence: GTTCTCATCTCG... (-16.737)
		Round 1: -32.98 GTTCTCATCTCG T:23.0(0.35%),B:20.3(0.04%),P:1e-14
		Round 2: -33.25 GTTCTCATCTCG T:24.0(0.37%),B:22.9(0.04%),P:1e-14
		Round 3: -33.25 GTTCTCATCTCG T:24.0(0.37%),B:22.9(0.04%),P:1e-14
		=Final=: -34.86 GTTCTCATCTCG T:24.0(0.37%),B:22.9(0.04%),P:1e-15
		Performing exhaustive masking of motif...
		Reprioritizing potential motifs...

	Finalizing Enrichment Statistics (new in v3.4)
	Reading input files...
	67613 total sequences read
	Cache length = 11180
	Using binomial scoring
	Checking enrichment of 25 motif(s)
	|0%                                    50%                                  100%|
	=================================================================================
	Output in file: /project/lbarreiro/USERS/ellen/KnightMolecules/demultiplexed/FastQ/15_transcriptionFactorMotifs/dataDriven_commonBaseline//tfMotifOutput_UP_5f//homerMotifs.motifs12

	(Motifs in homer2 format)
	Determining similar motifs... 74 reduced to 43 motifs
	Outputing HTML and sequence logos for motif comparison...
	Checking de novo motifs against known motifs...
	Formatting HTML page...
		1 of 43 (1e-26) similar to POL004.1_CCAAT-box/Jaspar(0.869)
		2 of 43 (1e-26) similar to Sp2(Zf)/HEK293-Sp2.eGFP-ChIP-Seq(Encode)/Homer(0.939)
		3 of 43 (1e-23) similar to Elk4(ETS)/Hela-Elk4-ChIP-Seq(GSE31477)/Homer(0.848)
		4 of 43 (1e-19) similar to ZNF135/MA1587.1/Jaspar(0.661)
		5 of 43 (1e-17) similar to CDX4(Homeobox)/ZebrafishEmbryos-Cdx4.Myc-ChIP-Seq(GSE48254)/Homer(0.718)
		6 of 43 (1e-15) similar to Cux2(Homeobox)/Liver-Cux2-ChIP-Seq(GSE35985)/Homer(0.714)
		7 of 43 (1e-15) similar to Ap4(bHLH)/AML-Tfap4-ChIP-Seq(GSE45738)/Homer(0.719)
		8 of 43 (1e-15) similar to ZNF711(Zf)/SHSY5Y-ZNF711-ChIP-Seq(GSE20673)/Homer(0.598)
		9 of 43 (1e-15) similar to GATA1/MA0035.4/Jaspar(0.600)
		10 of 43 (1e-14) similar to POL013.1_MED-1/Jaspar(0.675)
		11 of 43 (1e-14) similar to Ahr::Arnt/MA0006.1/Jaspar(0.721)
		12 of 43 (1e-14) similar to OTX1/MA0711.1/Jaspar(0.713)
		13 of 43 (1e-14) similar to NRF1/MA0506.1/Jaspar(0.762)
		14 of 43 (1e-13) similar to PB0203.1_Zfp691_2/Jaspar(0.662)
		15 of 43 (1e-13) similar to FOXN3/MA1489.1/Jaspar(0.694)
		16 of 43 (1e-13) similar to NRF1(NRF)/MCF7-NRF1-ChIP-Seq(Unpublished)/Homer(0.726)
		17 of 43 (1e-13) similar to Npas4(bHLH)/Neuron-Npas4-ChIP-Seq(GSE127793)/Homer(0.617)
		18 of 43 (1e-13) similar to BARHL1/MA0877.2/Jaspar(0.762)
		19 of 43 (1e-13) similar to NFATC3/MA0625.1/Jaspar(0.638)
		20 of 43 (1e-13) similar to GATA3/MA0037.3/Jaspar(0.620)
		21 of 43 (1e-12) similar to PB0179.1_Sp100_2/Jaspar(0.604)
		22 of 43 (1e-12) similar to NFIX/MA0671.1/Jaspar(0.632)
		23 of 43 (1e-11) similar to ZNF415(Zf)/HEK293-ZNF415.GFP-ChIP-Seq(GSE58341)/Homer(0.735)
		24 of 43 (1e-11) similar to PRDM4/MA1647.1/Jaspar(0.696)
		25 of 43 (1e-11) similar to HINFP(Zf)/K562-HINFP.eGFP-ChIP-Seq(Encode)/Homer(0.602)
		26 of 43 (1e-11) similar to RELB/MA1117.1/Jaspar(0.668)
		27 of 43 (1e-10) similar to MAZ/MA1522.1/Jaspar(0.894)
		28 of 43 (1e-9) similar to PRDM4/MA1647.1/Jaspar(0.716)
		29 of 43 (1e-9) similar to KLF6/MA1517.1/Jaspar(0.797)
		30 of 43 (1e-9) similar to TFDP1/MA1122.1/Jaspar(0.738)
		31 of 43 (1e-9) similar to YY1/MA0095.2/Jaspar(0.832)
		32 of 43 (1e-8) similar to PB0034.1_Irf4_1/Jaspar(0.629)
		33 of 43 (1e-8) similar to NR1H4/MA1110.1/Jaspar(0.678)
		34 of 43 (1e-8) similar to PB0208.1_Zscan4_2/Jaspar(0.736)
		35 of 43 (1e-8) similar to MYOD1/MA0499.2/Jaspar(0.658)
		36 of 43 (1e-8) similar to CEBPG/MA0838.1/Jaspar(0.653)
		37 of 43 (1e-7) similar to Zfx/MA0146.2/Jaspar(0.689)
		38 of 43 (1e-7) similar to NPAS2(bHLH)/Liver-NPAS2-ChIP-Seq(GSE39860)/Homer(0.933)
		39 of 43 (1e-6) similar to PB0139.1_Irf5_2/Jaspar(0.746)
		40 of 43 (1e-6) similar to ZSCAN29/MA1602.1/Jaspar(0.608)
		41 of 43 (1e-5) similar to Arnt:Ahr(bHLH)/MCF7-Arnt-ChIP-Seq(Lo_et_al.)/Homer(0.874)
		42 of 43 (1e-4) similar to OSR1/MA1542.1/Jaspar(0.697)
		43 of 43 (1e-2) similar to SOX18/MA1563.1/Jaspar(0.610)
	Job finished - if results look good, please send beer to ..

	Cleaning up tmp files...

