
	Position file = /project/lbarreiro/USERS/ellen/KnightMolecules/demultiplexed/FastQ/15_transcriptionFactorMotifs/dataDriven_commonBaseline//annotateInput_DOWN_5f.txt
	Genome = mm10
	Output Directory = /project/lbarreiro/USERS/ellen/KnightMolecules/demultiplexed/FastQ/15_transcriptionFactorMotifs/dataDriven_commonBaseline//tfMotifOutput_DOWN_5f/
	Fragment size set to 500
	Will use repeat masked sequences
	Using 3 CPUs
	background position file: /project/lbarreiro/USERS/ellen/KnightMolecules/demultiplexed/FastQ/13_mashr//annotateInput.txt
	Found mset for "mouse", will check against vertebrates motifs
Argument "start" isn't numeric in addition (+) at /project/lbarreiro/USERS/ellen/programs/homer/bin/bed2pos.pl line 103, <IN> line 1.
	Peak/BED file conversion summary:
		BED/Header formatted lines: 5337
		peakfile formatted lines: 0

	Peak File Statistics:
		Total Peaks: 5337
		Redundant Peak IDs: 0
		Peaks lacking information: 0 (need at least 5 columns per peak)
		Peaks with misformatted coordinates: 1 (should be integer)
		Peaks with misformatted strand: 0 (should be either +/- or 0/1)

	Peak file looks good!

	Peak/BED file conversion summary:
		BED/Header formatted lines: 74314
		peakfile formatted lines: 0
	Max distance to merge: 500 bp
	Calculating co-bound peaks relative to reference: /project/lbarreiro/USERS/ellen/KnightMolecules/demultiplexed/FastQ/15_transcriptionFactorMotifs/dataDriven_commonBaseline//tfMotifOutput_DOWN_5f//bg.clean.pos

	Comparing peaks: (peakfile, overlapping peaks, logRatio(obs/expected), logP)
	**	/project/lbarreiro/USERS/ellen/KnightMolecules/demultiplexed/FastQ/15_transcriptionFactorMotifs/dataDriven_commonBaseline//tfMotifOutput_DOWN_5f//target.clean..pos	5338	3.29	0.00

	**	Pairwise stats are approx with fixed distance (-d 500) and -cobound #
		They get worse as the size increases and peaks from a single file start overlapping
		To get accurate ones, adjust peak sizes first with adjustPeakFile.pl and
		then rerun mergePeaks with the "-d given" option (only applies to -cobound #)

	Co-bound by 0 peaks: 68976
	Co-bound by 1 peaks: 5338 (max: 5338 effective total)
Argument "end" isn't numeric in addition (+) at /project/lbarreiro/USERS/ellen/programs/homer/bin/resizePosFile.pl line 65, <IN> line 1.
	Custom genome sequence directory: /project/lbarreiro/USERS/ellen/programs/homer/.//data/genomes/mm10//

	Extracting sequences from directory: /project/lbarreiro/USERS/ellen/programs/homer/.//data/genomes/mm10//
	Extracting 5382 sequences from chr1
	Extracting 5868 sequences from chr2
	Extracting 4084 sequences from chr3
	Extracting 4408 sequences from chr4
	Extracting 4489 sequences from chr5
	Extracting 4280 sequences from chr6
	Extracting 4457 sequences from chr7
	Extracting 3685 sequences from chr8
	Extracting 3850 sequences from chr9
	Extracting 4100 sequences from chr10
	Extracting 4676 sequences from chr11
	Extracting 3152 sequences from chr12
	Extracting 3723 sequences from chr13
	Extracting 2993 sequences from chr14
	Extracting 2979 sequences from chr15
	Extracting 2573 sequences from chr16
	Extracting 3101 sequences from chr17
	Extracting 2417 sequences from chr18
	Extracting 2136 sequences from chr19
	Extracting 1959 sequences from chrX
	!!Could not open file for chromosome (.fa or .fa.masked)
		6692 of 74312 removed because they had >70.00% Ns (i.e. masked repeats)

	Not removing redundant sequences


	Sequences processed:
		Auto detected maximum sequence length of 501 bp
		67620 total

	Frequency Bins: 0.2 0.25 0.3 0.35 0.4 0.45 0.5 0.6 0.7 0.8
	Freq	Bin	Count
	0.25	1	5
	0.3	2	151
	0.35	3	1403
	0.4	4	6198
	0.45	5	14137
	0.5	6	16975
	0.6	7	19482
	0.7	8	7442
	0.8	9	1824
	10	10	3
	Bin	# Targets	# Background	Background Weight
	1	1	4	3.344
	2	11	140	1.051
	3	177	1226	1.931
	4	657	5541	1.586
	5	1377	12760	1.443
	6	1389	15586	1.192
	7	1039	18443	0.753
	8	51	7391	0.092
	9	2	1822	0.015
	Normalizing lower order oligos using homer2

	Reading input files...
	67617 total sequences read
	Autonormalization: 1-mers (4 total)
		A	27.23%	27.11%	1.005
		C	22.77%	22.89%	0.995
		G	22.77%	22.89%	0.995
		T	27.23%	27.11%	1.005
	Autonormalization: 2-mers (16 total)
		AA	8.06%	8.11%	0.994
		CA	7.70%	7.59%	1.015
		GA	6.42%	6.36%	1.010
		TA	5.05%	5.05%	0.999
		AC	5.42%	5.41%	1.001
		CC	5.89%	5.97%	0.986
		GC	5.05%	5.15%	0.979
		TC	6.42%	6.36%	1.010
		AG	7.96%	7.93%	1.004
		CG	1.23%	1.41%	0.870
		GG	5.89%	5.97%	0.986
		TG	7.70%	7.59%	1.015
		AT	5.79%	5.66%	1.023
		CT	7.96%	7.93%	1.004
		GT	5.42%	5.41%	1.001
		TT	8.06%	8.11%	0.994
	Autonormalization: 3-mers (64 total)
	Normalization weights can be found in file: /project/lbarreiro/USERS/ellen/KnightMolecules/demultiplexed/FastQ/15_transcriptionFactorMotifs/dataDriven_commonBaseline//tfMotifOutput_DOWN_5f//seq.autonorm.tsv
	Converging on autonormalization solution:
	...............................................................................
	Final normalization:	Autonormalization: 1-mers (4 total)
		A	27.23%	27.22%	1.000
		C	22.77%	22.78%	1.000
		G	22.77%	22.78%	1.000
		T	27.23%	27.22%	1.000
	Autonormalization: 2-mers (16 total)
		AA	8.06%	8.08%	0.998
		CA	7.70%	7.68%	1.003
		GA	6.42%	6.40%	1.004
		TA	5.05%	5.07%	0.996
		AC	5.42%	5.42%	0.999
		CC	5.89%	5.90%	0.998
		GC	5.05%	5.06%	0.997
		TC	6.42%	6.40%	1.004
		AG	7.96%	7.96%	1.000
		CG	1.23%	1.25%	0.982
		GG	5.89%	5.90%	0.998
		TG	7.70%	7.68%	1.003
		AT	5.79%	5.76%	1.005
		CT	7.96%	7.96%	1.000
		GT	5.42%	5.42%	0.999
		TT	8.06%	8.08%	0.998
	Autonormalization: 3-mers (64 total)
	Finished preparing sequence/group files

	----------------------------------------------------------
	Known motif enrichment

	Reading input files...
	67617 total sequences read
	440 motifs loaded
	Cache length = 11180
	Using binomial scoring
	Checking enrichment of 440 motif(s)
	|0%                                    50%                                  100%|
	=================================================================================
	Preparing HTML output with sequence logos...
		1 of 440 (1e-21) Fra2(bZIP)/Striatum-Fra2-ChIP-Seq(GSE43429)/Homer
		2 of 440 (1e-21) Atf3(bZIP)/GBM-ATF3-ChIP-Seq(GSE33912)/Homer
		3 of 440 (1e-20) Fra1(bZIP)/BT549-Fra1-ChIP-Seq(GSE46166)/Homer
		4 of 440 (1e-19) BATF(bZIP)/Th17-BATF-ChIP-Seq(GSE39756)/Homer
		5 of 440 (1e-19) AP-1(bZIP)/ThioMac-PU.1-ChIP-Seq(GSE21512)/Homer
		6 of 440 (1e-18) JunB(bZIP)/DendriticCells-Junb-ChIP-Seq(GSE36099)/Homer
		7 of 440 (1e-18) Fos(bZIP)/TSC-Fos-ChIP-Seq(GSE110950)/Homer
		8 of 440 (1e-17) Fosl2(bZIP)/3T3L1-Fosl2-ChIP-Seq(GSE56872)/Homer
		9 of 440 (1e-10) Jun-AP1(bZIP)/K562-cJun-ChIP-Seq(GSE31477)/Homer
		10 of 440 (1e-4) Egr1(Zf)/K562-Egr1-ChIP-Seq(GSE32465)/Homer
		11 of 440 (1e-3) WT1(Zf)/Kidney-WT1-ChIP-Seq(GSE90016)/Homer
		12 of 440 (1e-3) Atf7(bZIP)/3T3L1-Atf7-ChIP-Seq(GSE56872)/Homer
		13 of 440 (1e-3) Atf2(bZIP)/3T3L1-Atf2-ChIP-Seq(GSE56872)/Homer
		14 of 440 (1e-3) Atf1(bZIP)/K562-ATF1-ChIP-Seq(GSE31477)/Homer
		15 of 440 (1e-3) CREB5(bZIP)/LNCaP-CREB5.V5-ChIP-Seq(GSE137775)/Homer
		16 of 440 (1e-2) Bach2(bZIP)/OCILy7-Bach2-ChIP-Seq(GSE44420)/Homer
		17 of 440 (1e-2) Mef2b(MADS)/HEK293-Mef2b.V5-ChIP-Seq(GSE67450)/Homer
		18 of 440 (1e-2) bHLHE41(bHLH)/proB-Bhlhe41-ChIP-Seq(GSE93764)/Homer
		19 of 440 (1e-2) Unknown(Homeobox)/Limb-p300-ChIP-Seq/Homer
		20 of 440 (1e-2) Tgif1(Homeobox)/mES-Tgif1-ChIP-Seq(GSE55404)/Homer
		21 of 440 (1e-2) Egr2(Zf)/Thymocytes-Egr2-ChIP-Seq(GSE34254)/Homer
		22 of 440 (1e-2) HIF-1a(bHLH)/MCF7-HIF1a-ChIP-Seq(GSE28352)/Homer
		23 of 440 (1e-2) GSC(Homeobox)/FrogEmbryos-GSC-ChIP-Seq(DRA000576)/Homer
		24 of 440 (1e-2) TRPS1(Zf)/MCF7-TRPS1-ChIP-Seq(GSE107013)/Homer
		25 of 440 (1e-2) HIF2a(bHLH)/785_O-HIF2a-ChIP-Seq(GSE34871)/Homer
		26 of 440 (1e-2) Otx2(Homeobox)/EpiLC-Otx2-ChIP-Seq(GSE56098)/Homer
		27 of 440 (1e-2) RUNX-AML(Runt)/CD4+-PolII-ChIP-Seq(Barski_et_al.)/Homer
		28 of 440 (1e-2) RUNX2(Runt)/PCa-RUNX2-ChIP-Seq(GSE33889)/Homer
		29 of 440 (1e-2) Mef2a(MADS)/HL1-Mef2a.biotin-ChIP-Seq(GSE21529)/Homer
		30 of 440 (1e-2) c-Jun-CRE(bZIP)/K562-cJun-ChIP-Seq(GSE31477)/Homer
		31 of 440 (1e-2) GRE(NR),IR3/RAW264.7-GRE-ChIP-Seq(Unpublished)/Homer
		32 of 440 (1e-2) AR-halfsite(NR)/LNCaP-AR-ChIP-Seq(GSE27824)/Homer
	----------------------------------------------------------
	De novo motif finding (HOMER)

	Number of Trial motifs (-T) set to 9 (from 10) to work well with 3 CPUs
	Scanning input files...
	Parsing sequences...
	|0%                                   50%                                  100%|
	================================================================================
	Total number of Oligos: 32896
	Autoadjustment for sequence coverage in background: 1.00x

	Oligos: 32896 of 34497 max
	Tree  : 67084 of 172485 max
	Optimizing memory usage...
	Cache length = 11180
	Using binomial scoring

	Global Optimization Phase: Looking for enriched oligos with up to 2 mismatches...

	Screening oligos 32896 (allowing 0 mismatches):
	|0%                                   50%                                  100%|
	================================================================================
		0.42% skipped, 99.58% checked (32757 of 32896), of those checked:
		0.42% not in target, 0.00% increased p-value, 0.00% high p-value

	Screening oligos 32896 (allowing 1 mismatches):
	|0%                                   50%                                  100%|
	================================================================================
		0.42% skipped, 99.58% checked (32757 of 32896), of those checked:
		0.00% not in target, 44.61% increased p-value, 62.87% high p-value

	Screening oligos 32896 (allowing 2 mismatches):
	|0%                                   50%                                  100%|
	================================================================================
		79.54% skipped, 20.46% checked (6730 of 32896), of those checked:
		0.00% not in target, 19.49% increased p-value, 0.00% high p-value
	Reading input files...
	67617 total sequences read
	Cache length = 11180
	Using binomial scoring

	Local Optimization Phase:
	1 of 25 Initial Sequence: GTGAGTCA... (-34.151)
		Round 1: -53.21 GTGAGTCA T:2998.0(47.13%),B:32053.3(39.92%),P:1e-23
		Round 2: -56.86 CTGAGTCA T:2529.0(41.59%),B:26428.9(34.30%),P:1e-24
		Round 3: -56.86 CTGAGTCA T:2529.0(41.59%),B:26428.9(34.30%),P:1e-24
		=Final=: -40.19 CTGAGTCA T:1299.0(27.61%),B:14000.4(22.25%),P:1e-17
		Performing exhaustive masking of motif...
		Reprioritizing potential motifs...
	2 of 25 Initial Sequence: TTGCTTTT... (-16.312)
		Round 1: -10.04 TTGCTTTT T:1959.0(34.06%),B:23685.5(31.37%),P:1e-4
		Round 2: -10.04 TTGCTTTT T:1959.0(34.06%),B:23685.5(31.37%),P:1e-4
		=Final=: -10.09 TTGCTTTT T:1403.0(29.83%),B:17142.0(27.24%),P:1e-4
		Performing exhaustive masking of motif...
		Reprioritizing potential motifs...
	3 of 25 Initial Sequence: GTGGGTGG... (-14.007)
		Round 1: -28.78 GTGGGTGG T:1147.0(21.64%),B:12111.4(17.51%),P:1e-12
		Round 2: -28.78 GTGGGTGG T:1147.0(21.64%),B:12111.4(17.51%),P:1e-12
		=Final=: -24.82 GTGGGTGG T:957.0(20.34%),B:10470.9(16.64%),P:1e-10
		Performing exhaustive masking of motif...
		Reprioritizing potential motifs...
	4 of 25 Initial Sequence: AGGAAAGA... (-12.522)
		Round 1: -6.41 AGGAAAGA T:2107.0(36.11%),B:26185.8(34.05%),P:1e-2
		Round 2: -6.41 AGGAAAGA T:2107.0(36.11%),B:26185.8(34.05%),P:1e-2
		=Final=: -7.04 AGGAAAGA T:1505.0(31.99%),B:18807.7(29.88%),P:1e-3
		Performing exhaustive masking of motif...
		Reprioritizing potential motifs...
	5 of 25 Initial Sequence: GCCTGACT... (-11.487)
		Round 1: -11.49 GCCTGACT T:133.0(2.79%),B:1192.5(1.88%),P:1e-4
		Round 2: -11.49 GCCTGACT T:133.0(2.79%),B:1192.5(1.88%),P:1e-4
		=Final=: -12.29 GCCTGACT T:132.0(2.81%),B:1171.6(1.86%),P:1e-5
		Performing exhaustive masking of motif...
		Reprioritizing potential motifs...
	6 of 25 Initial Sequence: ATGATCCC... (-10.812)
		Round 1: -18.63 ATGATCCC T:854.0(16.60%),B:9258.8(13.69%),P:1e-8
		Round 2: -18.63 ATGATCCC T:854.0(16.60%),B:9258.8(13.69%),P:1e-8
		=Final=: -16.69 ATGATCCC T:770.0(16.37%),B:8582.5(13.64%),P:1e-7
		Performing exhaustive masking of motif...
		Reprioritizing potential motifs...
	7 of 25 Initial Sequence: ACGAGTAA... (-10.391)
		Round 1: -16.79 ACGAGTAA T:475.0(9.61%),B:4877.5(7.46%),P:1e-7
		Round 2: -18.58 ACGAGTAA T:852.0(16.57%),B:9233.9(13.65%),P:1e-8
		Round 3: -20.60 ACGAGTAA T:533.0(10.71%),B:5378.7(8.19%),P:1e-8
		Round 4: -21.57 ATGATTAA T:682.0(13.50%),B:7059.7(10.61%),P:1e-9
		Round 5: -22.68 AYGAGTMA T:878.0(17.03%),B:9308.3(13.75%),P:1e-9
		Round 6: -23.57 AYGAGTCA T:1348.0(24.92%),B:14827.0(21.00%),P:1e-10
		Round 7: -23.57 AYGAGTCA T:1348.0(24.92%),B:14827.0(21.00%),P:1e-10
		=Final=: -21.74 AYGAGTCA T:1138.0(24.19%),B:12891.9(20.48%),P:1e-9
		Performing exhaustive masking of motif...
		Reprioritizing potential motifs...
	Remaining seeds don't look promising (After initial 5 motifs, logp -9.384 > -9.672)

	Finalizing Enrichment Statistics (new in v3.4)
	Reading input files...
	67617 total sequences read
	Cache length = 11180
	Using binomial scoring
	Checking enrichment of 7 motif(s)
	|0%                                    50%                                  100%|
	=================================================================================
	Output in file: /project/lbarreiro/USERS/ellen/KnightMolecules/demultiplexed/FastQ/15_transcriptionFactorMotifs/dataDriven_commonBaseline//tfMotifOutput_DOWN_5f//homerMotifs.motifs8


	Number of Trial motifs (-T) set to 9 (from 10) to work well with 3 CPUs
	Scanning input files...
	Parsing sequences...
	|0%                                   50%                                  100%|
	================================================================================
	Total number of Oligos: 523645
	Autoadjustment for sequence coverage in background: 1.00x

	Oligos: 523645 of 551887 max
	Tree  : 1069648 of 2759435 max
	Optimizing memory usage...
	Cache length = 11180
	Using binomial scoring

	Global Optimization Phase: Looking for enriched oligos with up to 2 mismatches...

	Screening oligos 523645 (allowing 0 mismatches):
	|0%                                   50%                                  100%|
	================================================================================
		24.84% skipped, 75.16% checked (393590 of 523645), of those checked:
		24.84% not in target, 0.00% increased p-value, 0.00% high p-value

	Screening oligos 523645 (allowing 1 mismatches):
	|0%                                   50%                                  100%|
	================================================================================
		24.84% skipped, 75.16% checked (393590 of 523645), of those checked:
		0.00% not in target, 30.95% increased p-value, 49.09% high p-value

	Screening oligos 523645 (allowing 2 mismatches):
	|0%                                   50%                                  100%|
	================================================================================
		83.25% skipped, 16.75% checked (87727 of 523645), of those checked:
		0.00% not in target, 13.39% increased p-value, 0.00% high p-value
	Reading input files...
	67617 total sequences read
	Cache length = 11180
	Using binomial scoring

	Local Optimization Phase:
	1 of 25 Initial Sequence: CGTGAGTCAC... (-30.020)
		Round 1: -48.16 NGTGAGTCAN T:2090.0(35.88%),B:21929.1(29.43%),P:1e-20
		Round 2: -54.73 DGTGAGTCAN T:2017.0(34.87%),B:20718.5(28.06%),P:1e-23
		Round 3: -58.12 WGTGACTCAN T:2675.0(43.38%),B:28012.9(35.94%),P:1e-25
		Round 4: -62.14 TGTGASTCAH T:1976.0(34.30%),B:19866.3(27.08%),P:1e-26
		Round 5: -62.14 TGTGASTCAH T:1976.0(34.30%),B:19866.3(27.08%),P:1e-26
		=Final=: -43.96 TGTGASTCAH T:1083.0(23.02%),B:11202.3(17.80%),P:1e-19
		Performing exhaustive masking of motif...
		Reprioritizing potential motifs...
	2 of 25 Initial Sequence: CGCTGAGTCC... (-17.273)
		Round 1: -17.27 CGCTGAGTCC T:12.0(0.25%),B:16.4(0.03%),P:1e-7
		Round 2: -17.27 CGCTGAGTCC T:12.0(0.25%),B:16.4(0.03%),P:1e-7
		=Final=: -6.52 CGCTGAGTCC T:6.0(0.13%),B:16.4(0.03%),P:1e-2
		Performing exhaustive masking of motif...
		Reprioritizing potential motifs...
	3 of 25 Initial Sequence: TGGTTTCGAG... (-16.252)
		Round 1: -16.98 TGGTTTCGAG T:10.0(0.21%),B:10.8(0.02%),P:1e-7
		Round 2: -18.79 CGGTTTCGAG T:16.0(0.34%),B:29.5(0.05%),P:1e-8
		Round 3: -18.79 CGGTTTCGAG T:16.0(0.34%),B:29.5(0.05%),P:1e-8
		=Final=: -20.35 CGGTTTCGAG T:16.0(0.34%),B:29.5(0.05%),P:1e-8
		Performing exhaustive masking of motif...
		Reprioritizing potential motifs...
	4 of 25 Initial Sequence: AGCCGTCACT... (-15.304)
		Round 1: -16.03 AGCCGTCACT T:13.0(0.28%),B:22.9(0.03%),P:1e-6
		Round 2: -16.03 AGCCGTCACT T:13.0(0.28%),B:22.9(0.03%),P:1e-6
		=Final=: -9.80 AGCCGTCACT T:9.0(0.19%),B:22.2(0.04%),P:1e-4
		Performing exhaustive masking of motif...
		Reprioritizing potential motifs...
	5 of 25 Initial Sequence: AAGGATGAGT... (-14.909)
		Round 1: -23.43 AAGGATGAGT T:188.0(3.92%),B:1498.9(2.35%),P:1e-10
		Round 2: -23.43 AAGGATGAGT T:188.0(3.92%),B:1498.9(2.35%),P:1e-10
		=Final=: -25.42 AAGGATGAGT T:187.0(3.98%),B:1474.7(2.34%),P:1e-11
		Performing exhaustive masking of motif...
		Reprioritizing potential motifs...
	6 of 25 Initial Sequence: GTGGGTGGAT... (-14.592)
		Round 1: -26.10 GTGGGTGGAT T:379.0(7.74%),B:3462.0(5.35%),P:1e-11
		Round 2: -27.31 GTGGGTGGAT T:777.0(15.23%),B:7898.3(11.80%),P:1e-11
		Round 3: -31.21 GTGKGTGGVT T:811.0(15.84%),B:8120.9(12.11%),P:1e-13
		Round 4: -34.43 GTGKGWGGMT T:960.0(18.46%),B:9672.1(14.25%),P:1e-14
		Round 5: -34.43 GTGKGWGGMT T:960.0(18.46%),B:9672.1(14.25%),P:1e-14
		=Final=: -29.29 GTGKGWGGMT T:763.0(16.22%),B:7910.4(12.57%),P:1e-12
		Performing exhaustive masking of motif...
		Reprioritizing potential motifs...
	7 of 25 Initial Sequence: AGTCAGGCCA... (-14.565)
		Round 1: -17.19 AGTCAGGCCA T:42.0(0.89%),B:205.5(0.33%),P:1e-7
		Round 2: -23.67 AGTCAGGCCS T:262.0(5.42%),B:2257.6(3.52%),P:1e-10
		Round 3: -23.67 AGTCAGGCCS T:262.0(5.42%),B:2257.6(3.52%),P:1e-10
		=Final=: -23.69 AGTCAGGCCS T:252.0(5.36%),B:2196.4(3.49%),P:1e-10
		Performing exhaustive masking of motif...
		Reprioritizing potential motifs...
	8 of 25 Initial Sequence: CGAGTTCTAG... (-14.531)
		Round 1: -14.53 CGAGTTCTAG T:8.0(0.17%),B:7.9(0.01%),P:1e-6
		Round 2: -14.53 CGAGTTCTAG T:8.0(0.17%),B:7.9(0.01%),P:1e-6
		=Final=: -16.26 CGAGTTCTAG T:8.0(0.17%),B:7.9(0.01%),P:1e-7
		Performing exhaustive masking of motif...
		Reprioritizing potential motifs...
	9 of 25 Initial Sequence: TCATCCCTGC... (-14.097)
		Round 1: -19.04 TCATCCCTGC T:202.0(4.20%),B:1735.1(2.72%),P:1e-8
		Round 2: -23.25 TCATCCCTGC T:246.0(5.10%),B:2100.9(3.28%),P:1e-10
		Round 3: -23.25 TCATCCCTGC T:246.0(5.10%),B:2100.9(3.28%),P:1e-10
		=Final=: -23.22 TCATCCCTGC T:238.0(5.06%),B:2056.9(3.27%),P:1e-10
		Performing exhaustive masking of motif...
		Reprioritizing potential motifs...
	10 of 25 Initial Sequence: GACAATATCA... (-13.933)
		Round 1: -13.93 GACAATATCA T:10.0(0.21%),B:15.0(0.02%),P:1e-6
		Round 2: -13.93 GACAATATCA T:10.0(0.21%),B:15.0(0.02%),P:1e-6
		=Final=: -15.61 GACAATATCA T:10.0(0.21%),B:15.0(0.02%),P:1e-6
		Performing exhaustive masking of motif...
		Reprioritizing potential motifs...
	11 of 25 Initial Sequence: ACTGGCGAGA... (-13.726)
		Round 1: -20.67 ACTGGCGAGA T:93.0(1.96%),B:617.8(0.98%),P:1e-8
		Round 2: -20.67 ACTGGCGAGA T:93.0(1.96%),B:617.8(0.98%),P:1e-8
		=Final=: -20.69 ACTGGCGAGA T:92.0(1.96%),B:613.7(0.98%),P:1e-8
		Performing exhaustive masking of motif...
		Reprioritizing potential motifs...
	12 of 25 Initial Sequence: TACCTAAAAG... (-13.672)
		Round 1: -19.88 TACCTAAAAG T:40.0(0.85%),B:171.2(0.27%),P:1e-8
		Round 2: -26.74 TACCGAAAAG T:50.0(1.06%),B:201.3(0.32%),P:1e-11
		Round 3: -26.74 TACCGAAAAG T:50.0(1.06%),B:201.3(0.32%),P:1e-11
		=Final=: -26.93 TACCGAAAAG T:49.0(1.04%),B:200.0(0.32%),P:1e-11
		Performing exhaustive masking of motif...
		Reprioritizing potential motifs...
	13 of 25 Initial Sequence: CTCCCGGGAA... (-13.610)
		Round 1: -19.05 CTCCCGGGAA T:110.0(2.31%),B:794.8(1.25%),P:1e-8
		Round 2: -21.23 CTCCCGGGAA T:97.0(2.04%),B:647.4(1.02%),P:1e-9
		Round 3: -21.23 CTCCCGGGAA T:97.0(2.04%),B:647.4(1.02%),P:1e-9
		=Final=: -21.41 CTCCCGGGAA T:96.0(2.04%),B:642.0(1.02%),P:1e-9
		Performing exhaustive masking of motif...
		Reprioritizing potential motifs...
	14 of 25 Initial Sequence: ACAGGGCCAC... (-12.995)
		Round 1: -22.66 ACAGGGCCAC T:56.0(1.18%),B:273.6(0.43%),P:1e-9
		Round 2: -22.92 AMAGGGCCAC T:68.0(1.44%),B:369.0(0.58%),P:1e-9
		Round 3: -22.92 AMAGGGCCAC T:68.0(1.44%),B:369.0(0.58%),P:1e-9
		=Final=: -17.61 AMAGGGCCAC T:61.0(1.30%),B:368.0(0.58%),P:1e-7
		Performing exhaustive masking of motif...
		Reprioritizing potential motifs...
	15 of 25 Initial Sequence: TTAACCCGTG... (-12.969)
		Round 1: -19.59 TTAACCCGTG T:103.0(2.17%),B:718.5(1.13%),P:1e-8
		Round 2: -19.59 TTAACCCGTG T:103.0(2.17%),B:718.5(1.13%),P:1e-8
		=Final=: -20.46 TTAACCCGTG T:108.0(2.30%),B:768.0(1.22%),P:1e-8
		Performing exhaustive masking of motif...
		Reprioritizing potential motifs...
	16 of 25 Initial Sequence: CTTGATAATG... (-13.199)
		Round 1: -21.68 CTTGATAATG T:121.0(2.54%),B:862.3(1.36%),P:1e-9
		Round 2: -25.66 CTTGATAATG T:144.0(3.02%),B:1019.5(1.61%),P:1e-11
		Round 3: -25.66 CTTGATAATG T:144.0(3.02%),B:1019.5(1.61%),P:1e-11
		=Final=: -24.47 CTTGATAATG T:139.0(2.95%),B:1009.4(1.60%),P:1e-10
		Performing exhaustive masking of motif...
		Reprioritizing potential motifs...
	17 of 25 Initial Sequence: ATGCCATCCG... (-12.804)
		Round 1: -15.25 ATGCCATCCG T:9.0(0.19%),B:10.0(0.01%),P:1e-6
		Round 2: -15.25 ATGCCATCCG T:9.0(0.19%),B:10.0(0.01%),P:1e-6
		=Final=: -16.98 ATGCCATCCG T:9.0(0.19%),B:10.0(0.02%),P:1e-7
		Performing exhaustive masking of motif...
		Reprioritizing potential motifs...
	18 of 25 Initial Sequence: AGAGTCACCA... (-12.305)
		Round 1: -22.76 AGAGTCACCA T:262.0(5.42%),B:2280.1(3.56%),P:1e-9
		Round 2: -22.76 AGAGTCACCA T:262.0(5.42%),B:2280.1(3.56%),P:1e-9
		=Final=: -24.37 AGAGTCACCA T:257.0(5.46%),B:2234.4(3.55%),P:1e-10
		Performing exhaustive masking of motif...
		Reprioritizing potential motifs...
	19 of 25 Initial Sequence: AATTACTCGT... (-11.866)
		Round 1: -16.79 AATTACTCGT T:446.0(9.05%),B:4544.9(6.97%),P:1e-7
		Round 2: -17.46 AHTTACTCGT T:382.0(7.80%),B:3776.4(5.83%),P:1e-7
		Round 3: -21.11 AWTTACTCGT T:324.0(6.66%),B:3008.2(4.67%),P:1e-9
		Round 4: -21.11 AWTTACTCGT T:324.0(6.66%),B:3008.2(4.67%),P:1e-9
		=Final=: -19.46 AWTTACTCGT T:307.0(6.53%),B:2920.4(4.64%),P:1e-8
		Performing exhaustive masking of motif...
		Reprioritizing potential motifs...
	20 of 25 Initial Sequence: CGCTGAATCA... (-11.891)
		Round 1: -17.36 CGCTGAATCA T:678.0(13.42%),B:7236.1(10.87%),P:1e-7
		Round 2: -21.28 CGCTGAATCA T:2060.0(35.47%),B:23605.2(31.29%),P:1e-9
		Round 3: -21.61 CGCTGAATCA T:1756.0(31.16%),B:19882.6(27.10%),P:1e-9
		Round 4: -25.69 CVCTGAATCA T:2513.0(41.39%),B:28661.1(36.59%),P:1e-11
		Round 5: -25.69 CVCTGAATCA T:2513.0(41.39%),B:28661.1(36.59%),P:1e-11
		=Final=: -21.78 CVCTGAATCA T:1684.0(35.80%),B:19865.4(31.56%),P:1e-9
		Performing exhaustive masking of motif...
		Reprioritizing potential motifs...
	21 of 25 Initial Sequence: CCGTCCTGTT... (-12.900)
		Round 1: -13.36 CCGTCCTGTT T:11.0(0.23%),B:19.6(0.03%),P:1e-5
		Round 2: -13.36 CCGTCCTGTT T:11.0(0.23%),B:19.6(0.03%),P:1e-5
		=Final=: -14.95 CCGTCCTGTT T:11.0(0.23%),B:19.6(0.03%),P:1e-6
		Performing exhaustive masking of motif...
		Reprioritizing potential motifs...
	22 of 25 Initial Sequence: AACGTTGAAG... (-11.774)
		Round 1: -12.88 AACGTTGAAG T:66.0(1.39%),B:466.8(0.74%),P:1e-5
		Round 2: -13.90 AACGTTGAAG T:49.0(1.04%),B:294.2(0.47%),P:1e-6
		Round 3: -13.90 AACGTTGAAG T:49.0(1.04%),B:294.2(0.47%),P:1e-6
		=Final=: -14.84 AACGTTGAAG T:49.0(1.04%),B:292.7(0.46%),P:1e-6
		Performing exhaustive masking of motif...
		Reprioritizing potential motifs...
	23 of 25 Initial Sequence: GCTATCAATG... (-11.337)
		Round 1: -11.62 GCTATCAATG T:11.0(0.23%),B:23.5(0.04%),P:1e-5
		Round 2: -17.37 GCTATCGATG T:17.0(0.36%),B:37.6(0.06%),P:1e-7
		Round 3: -17.37 GCTATCGATG T:17.0(0.36%),B:37.6(0.06%),P:1e-7
		=Final=: -18.83 GCTATCGATG T:17.0(0.36%),B:37.6(0.06%),P:1e-8
		Performing exhaustive masking of motif...
		Reprioritizing potential motifs...
	24 of 25 Initial Sequence: TATAAATGTG... (-11.102)
		Round 1: -22.50 TATAAATGTG T:88.0(1.85%),B:548.5(0.87%),P:1e-9
		Round 2: -25.13 TATAAATGTC T:94.0(1.98%),B:572.6(0.91%),P:1e-10
		Round 3: -25.13 TATAAATGTC T:94.0(1.98%),B:572.6(0.91%),P:1e-10
		=Final=: -25.43 TATAAATGTC T:93.0(1.98%),B:566.9(0.90%),P:1e-11
		Performing exhaustive masking of motif...
		Reprioritizing potential motifs...
	25 of 25 Initial Sequence: TACTCCGGGG... (-11.072)
		Round 1: -11.31 TACTCCGGGG T:27.0(0.57%),B:132.8(0.21%),P:1e-4
		Round 2: -13.65 TACTCCTRGG T:24.0(0.51%),B:95.0(0.15%),P:1e-5
		Round 3: -13.65 TACTCCTRGG T:24.0(0.51%),B:95.0(0.15%),P:1e-5
		=Final=: -13.48 TACTCCTRGG T:23.0(0.49%),B:95.0(0.15%),P:1e-5
		Performing exhaustive masking of motif...
		Reprioritizing potential motifs...

	Finalizing Enrichment Statistics (new in v3.4)
	Reading input files...
	67617 total sequences read
	Cache length = 11180
	Using binomial scoring
	Checking enrichment of 25 motif(s)
	|0%                                    50%                                  100%|
	=================================================================================
	Output in file: /project/lbarreiro/USERS/ellen/KnightMolecules/demultiplexed/FastQ/15_transcriptionFactorMotifs/dataDriven_commonBaseline//tfMotifOutput_DOWN_5f//homerMotifs.motifs10


	Number of Trial motifs (-T) set to 9 (from 10) to work well with 3 CPUs
	-blen automatically set to 2
	Scanning input files...
	Parsing sequences...
	|0%                                   50%                                  100%|
	================================================================================
	Total number of Oligos: 6313422
	Autoadjustment for sequence coverage in background: 1.00x

	Oligos: 6313422 of 8830118 max
	Tree  : 13499692 of 44150590 max
	Optimizing memory usage...
	Cache length = 11180
	Using binomial scoring

	Global Optimization Phase: Looking for enriched oligos with up to 2 mismatches...

	Screening oligos 6313422 (allowing 0 mismatches):
	|0%                                   50%                                  100%|
	================================================================================
		76.85% skipped, 23.15% checked (1461404 of 6313422), of those checked:
		76.85% not in target, 0.00% increased p-value, 0.00% high p-value

	Screening oligos 6313422 (allowing 1 mismatches):
	|0%                                   50%                                  100%|
	================================================================================
		76.85% skipped, 23.15% checked (1461404 of 6313422), of those checked:
		0.00% not in target, 17.53% increased p-value, 8.68% high p-value

	Screening oligos 6313422 (allowing 2 mismatches):
	|0%                                   50%                                  100%|
	================================================================================
		96.42% skipped, 3.58% checked (226040 of 6313422), of those checked:
		0.00% not in target, 2.88% increased p-value, 0.00% high p-value
	Reading input files...
	67617 total sequences read
	Cache length = 11180
	Using binomial scoring

	Local Optimization Phase:
	1 of 25 Initial Sequence: CCCTCACACAGG... (-32.960)
		Round 1: -36.19 CCCTCACACAGG T:16.0(0.34%),B:9.9(0.01%),P:1e-15
		Round 2: -36.59 CCCTCACACCGG T:19.0(0.40%),B:15.8(0.02%),P:1e-15
		Round 3: -36.59 CCCTCACACCGG T:19.0(0.40%),B:15.8(0.02%),P:1e-15
		=Final=: -9.34 CCCTCACACCGG T:4.0(0.09%),B:3.5(0.01%),P:1e-4
		Performing exhaustive masking of motif...
		Reprioritizing potential motifs...
	2 of 25 Initial Sequence: TCACTAGGCCCT... (-26.748)
		Round 1: -26.75 TCACTAGGCCCT T:8.0(0.17%),B:2.6(0.00%),P:1e-11
		Round 2: -26.75 TCACTAGGCCCT T:8.0(0.17%),B:2.6(0.00%),P:1e-11
		=Final=: -5.78 TCACTAGGCCCT T:4124.0(87.67%),B:54317.0(86.31%),P:1e-2
		Performing exhaustive masking of motif...
		Reprioritizing potential motifs...
	3 of 25 Initial Sequence: TGTGTGAGGGAG... (-24.644)
		Round 1: -24.65 TGTGTGAGGGAG T:18.0(0.38%),B:26.1(0.04%),P:1e-10
		Round 2: -25.17 TGTGTGKGGGAG T:26.0(0.55%),B:60.8(0.10%),P:1e-10
		Round 3: -25.17 TGTGTGKGGGAG T:26.0(0.55%),B:60.8(0.10%),P:1e-10
		=Final=: -7.58 TGTGTGKGGGAG T:11.0(0.23%),B:43.9(0.07%),P:1e-3
		Performing exhaustive masking of motif...
		Reprioritizing potential motifs...
	4 of 25 Initial Sequence: CGCTGAGTCCAC... (-22.206)
		Round 1: -46.11 CGCTGAGTCCAC T:12.0(0.25%),B:2.5(0.00%),P:1e-20
		Round 2: -46.11 CGCTGAGTCCAC T:12.0(0.25%),B:2.5(0.00%),P:1e-20
		=Final=: -21.96 CGCTGAGTCCAC T:7.0(0.15%),B:2.5(0.00%),P:1e-9
		Performing exhaustive masking of motif...
		Reprioritizing potential motifs...
	5 of 25 Initial Sequence: TCCCTCACACAG... (-20.623)
		Round 1: -27.33 TCCCTCACACAG T:27.0(0.57%),B:59.9(0.09%),P:1e-11
		Round 2: -27.33 TCCCTCACACAG T:27.0(0.57%),B:59.9(0.09%),P:1e-11
		=Final=: -8.50 TCCCTCACACAG T:14.0(0.30%),B:59.9(0.10%),P:1e-3
		Performing exhaustive masking of motif...
		Reprioritizing potential motifs...
	6 of 25 Initial Sequence: AGGCATATGTTT... (-18.909)
		Round 1: -34.28 AGGCATATGTTT T:30.0(0.64%),B:56.2(0.09%),P:1e-14
		Round 2: -34.28 AGGCATATGTTT T:30.0(0.64%),B:56.2(0.09%),P:1e-14
		=Final=: -35.82 AGGCATATGTTT T:30.0(0.64%),B:56.2(0.09%),P:1e-15
		Performing exhaustive masking of motif...
		Reprioritizing potential motifs...
	7 of 25 Initial Sequence: GCATCACATACA... (-17.818)
		Round 1: -25.29 GCATCACATACA T:11.0(0.23%),B:6.0(0.01%),P:1e-10
		Round 2: -25.29 GCATCACATACA T:11.0(0.23%),B:6.0(0.01%),P:1e-10
		=Final=: -14.53 GCATCACATACA T:7.0(0.15%),B:6.0(0.01%),P:1e-6
		Performing exhaustive masking of motif...
		Reprioritizing potential motifs...
	8 of 25 Initial Sequence: CGGACGTCATAC... (-17.818)
		Round 1: -17.82 CGGACGTCATAC T:6.0(0.13%),B:1.6(0.00%),P:1e-7
		Round 2: -17.82 CGGACGTCATAC T:6.0(0.13%),B:1.6(0.00%),P:1e-7
		=Final=: -13.61 CGGACGTCATAC T:4.0(0.09%),B:1.6(0.00%),P:1e-5
		Performing exhaustive masking of motif...
		Reprioritizing potential motifs...
	9 of 25 Initial Sequence: CAGTGACGGCTG... (-17.818)
		Round 1: -19.68 CAGTGACGGCTG T:11.0(0.23%),B:10.7(0.02%),P:1e-8
		Round 2: -19.68 CAGTGACGGCTG T:11.0(0.23%),B:10.7(0.02%),P:1e-8
		=Final=: -12.44 CAGTGACGGCTG T:10.0(0.21%),B:20.9(0.03%),P:1e-5
		Performing exhaustive masking of motif...
		Reprioritizing potential motifs...
	10 of 25 Initial Sequence: ATAGAAGACTGA... (-17.818)
		Round 1: -17.82 ATAGAAGACTGA T:6.0(0.13%),B:0.0(0.00%),P:1e-7
		Round 2: -17.82 ATAGAAGACTGA T:6.0(0.13%),B:0.0(0.00%),P:1e-7
		=Final=: -22.21 ATAGAAGACTGA T:6.0(0.13%),B:0.0(0.00%),P:1e-9
		Performing exhaustive masking of motif...
		Reprioritizing potential motifs...
	11 of 25 Initial Sequence: CCCATACACACC... (-17.818)
		Round 1: -21.96 CCCATACACACC T:8.0(0.17%),B:3.7(0.00%),P:1e-9
		Round 2: -22.00 CCCATACTCACC T:10.0(0.21%),B:6.4(0.01%),P:1e-9
		Round 3: -22.00 CCCATACTCACC T:10.0(0.21%),B:6.4(0.01%),P:1e-9
		=Final=: -9.17 CCCATACTCACC T:5.0(0.11%),B:6.4(0.01%),P:1e-3
		Performing exhaustive masking of motif...
		Reprioritizing potential motifs...
	12 of 25 Initial Sequence: GGACAGCACAAA... (-17.818)
		Round 1: -17.82 GGACAGCACAAA T:6.0(0.13%),B:2.4(0.00%),P:1e-7
		Round 2: -17.82 GGACAGCACAAA T:6.0(0.13%),B:2.4(0.00%),P:1e-7
		=Final=: -18.11 GGACAGCACAAA T:6.0(0.13%),B:2.4(0.00%),P:1e-7
		Performing exhaustive masking of motif...
		Reprioritizing potential motifs...
	13 of 25 Initial Sequence: TGGGAAATCTCT... (-17.818)
		Round 1: -17.82 TGGGAAATCTCT T:6.0(0.13%),B:2.6(0.00%),P:1e-7
		Round 2: -17.82 TGGGAAATCTCT T:6.0(0.13%),B:2.6(0.00%),P:1e-7
		=Final=: -18.11 TGGGAAATCTCT T:6.0(0.13%),B:2.6(0.00%),P:1e-7
		Performing exhaustive masking of motif...
		Reprioritizing potential motifs...
	14 of 25 Initial Sequence: CATGAGTCAGAG... (-17.790)
		Round 1: -31.33 CATGAGTCAGAG T:1098.0(20.82%),B:11412.8(16.59%),P:1e-13
		Round 2: -31.61 CATGAGTCAGAG T:1065.0(20.26%),B:11019.2(16.07%),P:1e-13
		Round 3: -32.09 CATGAGTCAGAG T:1131.0(21.37%),B:11754.9(17.04%),P:1e-13
		Round 4: -35.46 CATGAGTCAGAG T:993.0(19.03%),B:10006.9(14.71%),P:1e-15
		Round 5: -35.46 CATGAGTCAGAG T:993.0(19.03%),B:10006.9(14.71%),P:1e-15
		=Final=: -37.86 CATGAGTCAGAG T:897.0(19.07%),B:9188.1(14.60%),P:1e-16
		Performing exhaustive masking of motif...
		Reprioritizing potential motifs...
	15 of 25 Initial Sequence: TTCTTCAATCTG... (-17.555)
		Round 1: -32.53 TTCTTCAATCTG T:30.0(0.64%),B:60.8(0.10%),P:1e-14
		Round 2: -32.58 TTCTTCAATCTG T:34.0(0.72%),B:79.3(0.13%),P:1e-14
		Round 3: -32.94 TTCTTCAAWCTG T:34.0(0.72%),B:78.1(0.12%),P:1e-14
		Round 4: -32.94 TTCTTCAAWCTG T:34.0(0.72%),B:78.1(0.12%),P:1e-14
		=Final=: -34.37 TTCTTCAAWCTG T:34.0(0.72%),B:78.1(0.12%),P:1e-14
		Performing exhaustive masking of motif...
		Reprioritizing potential motifs...
	16 of 25 Initial Sequence: TGGGTGGGTGGA... (-16.110)
		Round 1: -24.86 TGGGTGGGTGGA T:64.0(1.35%),B:319.8(0.51%),P:1e-10
		Round 2: -24.86 TGGGTGGGTGGA T:64.0(1.35%),B:319.8(0.51%),P:1e-10
		=Final=: -21.56 TGGGTGGGTGGA T:48.0(1.02%),B:226.6(0.36%),P:1e-9
		Performing exhaustive masking of motif...
		Reprioritizing potential motifs...
	17 of 25 Initial Sequence: ATTGCAAGGAAT... (-15.245)
		Round 1: -38.22 ATTGCAAGGAAT T:24.0(0.51%),B:27.0(0.04%),P:1e-16
		Round 2: -39.26 ATTGCAAGGAAT T:26.0(0.55%),B:32.8(0.05%),P:1e-17
		Round 3: -39.26 ATTGCAAGGAAT T:26.0(0.55%),B:32.8(0.05%),P:1e-17
		=Final=: -40.95 ATTGCAAGGAAT T:26.0(0.55%),B:32.8(0.05%),P:1e-17
		Performing exhaustive masking of motif...
		Reprioritizing potential motifs...
	18 of 25 Initial Sequence: CACTGAGTGTGC... (-14.569)
		Round 1: -29.01 CACTGAGTGTGC T:92.0(1.94%),B:515.4(0.82%),P:1e-12
		Round 2: -29.01 CACTGAGTGTGC T:92.0(1.94%),B:515.4(0.82%),P:1e-12
		=Final=: -26.54 CACTGAGTGTGC T:85.0(1.81%),B:485.1(0.77%),P:1e-11
		Performing exhaustive masking of motif...
		Reprioritizing potential motifs...
	19 of 25 Initial Sequence: TCAGCCCATAGC... (-14.414)
		Round 1: -20.79 TCAGCCCATAGC T:11.0(0.23%),B:9.3(0.01%),P:1e-9
		Round 2: -20.79 TCAGCCCATAGC T:11.0(0.23%),B:9.3(0.01%),P:1e-9
		=Final=: -14.38 TCAGCCCATAGC T:8.0(0.17%),B:9.3(0.01%),P:1e-6
		Performing exhaustive masking of motif...
		Reprioritizing potential motifs...
	20 of 25 Initial Sequence: GAGCCATCACTG... (-14.414)
		Round 1: -14.41 GAGCCATCACTG T:6.0(0.13%),B:3.5(0.00%),P:1e-6
		Round 2: -14.41 GAGCCATCACTG T:6.0(0.13%),B:3.5(0.00%),P:1e-6
		=Final=: -15.74 GAGCCATCACTG T:6.0(0.13%),B:3.5(0.01%),P:1e-6
		Performing exhaustive masking of motif...
		Reprioritizing potential motifs...
	21 of 25 Initial Sequence: TGCGGTGACTCA... (-14.259)
		Round 1: -21.77 TGCGGTGACTCA T:137.0(2.87%),B:1021.1(1.61%),P:1e-9
		Round 2: -26.72 TGCGGTGACTCA T:131.0(2.75%),B:887.4(1.40%),P:1e-11
		Round 3: -26.72 TGCGGTGACTCA T:131.0(2.75%),B:887.4(1.40%),P:1e-11
		=Final=: -27.26 TGCGGTGACTCA T:123.0(2.61%),B:817.9(1.30%),P:1e-11
		Performing exhaustive masking of motif...
		Reprioritizing potential motifs...
	22 of 25 Initial Sequence: TCAAGAGGCTTG... (-14.284)
		Round 1: -23.32 TCAAGAGGCTTG T:115.0(2.42%),B:780.6(1.23%),P:1e-10
		Round 2: -25.70 TCAAGAGGCTTG T:154.0(3.22%),B:1117.8(1.76%),P:1e-11
		Round 3: -26.60 TCAAGAGGCTTG T:117.0(2.46%),B:756.9(1.19%),P:1e-11
		Round 4: -26.60 TCAAGAGGCTTG T:117.0(2.46%),B:756.9(1.19%),P:1e-11
		=Final=: -26.13 TCAAGAGGCTTG T:114.0(2.42%),B:748.8(1.19%),P:1e-11
		Performing exhaustive masking of motif...
		Reprioritizing potential motifs...
	23 of 25 Initial Sequence: AACTTGCTGCCT... (-14.079)
		Round 1: -23.02 AACTTGCTGCCT T:17.0(0.36%),B:25.9(0.04%),P:1e-9
		Round 2: -23.05 AACTTGCTGMCT T:23.0(0.49%),B:51.6(0.08%),P:1e-10
		Round 3: -24.61 AACTTGCTGMCT T:23.0(0.49%),B:47.7(0.07%),P:1e-10
		Round 4: -24.61 AACTTGCTGMCT T:23.0(0.49%),B:47.7(0.07%),P:1e-10
		=Final=: -26.10 AACTTGCTGMCT T:23.0(0.49%),B:47.7(0.08%),P:1e-11
		Performing exhaustive masking of motif...
		Reprioritizing potential motifs...
	24 of 25 Initial Sequence: GTCTGCCTCTCC... (-14.079)
		Round 1: -16.03 GTCTGCCTCTCC T:12.0(0.25%),B:18.6(0.03%),P:1e-6
		Round 2: -18.62 GTCTGACTCTCC T:27.0(0.57%),B:89.8(0.14%),P:1e-8
		Round 3: -21.23 GTCTGACTCTYC T:25.0(0.53%),B:67.2(0.11%),P:1e-9
		Round 4: -21.23 GTCTGACTCTYC T:25.0(0.53%),B:67.2(0.11%),P:1e-9
		=Final=: -22.57 GTCTGACTCTYC T:25.0(0.53%),B:67.2(0.11%),P:1e-9
		Performing exhaustive masking of motif...
		Reprioritizing potential motifs...
	25 of 25 Initial Sequence: AAACCTCATCTG... (-13.873)
		Round 1: -28.36 AAACCTCATCTG T:30.0(0.64%),B:71.1(0.11%),P:1e-12
		Round 2: -29.32 AAACCTCATCTG T:36.0(0.76%),B:100.8(0.16%),P:1e-12
		Round 3: -29.32 AAACCTCATCTG T:36.0(0.76%),B:100.8(0.16%),P:1e-12
		=Final=: -30.64 AAACCTCATCTG T:36.0(0.77%),B:100.8(0.16%),P:1e-13
		Performing exhaustive masking of motif...
		Reprioritizing potential motifs...

	Finalizing Enrichment Statistics (new in v3.4)
	Reading input files...
	67617 total sequences read
	Cache length = 11180
	Using binomial scoring
	Checking enrichment of 25 motif(s)
	|0%                                    50%                                  100%|
	=================================================================================
	Output in file: /project/lbarreiro/USERS/ellen/KnightMolecules/demultiplexed/FastQ/15_transcriptionFactorMotifs/dataDriven_commonBaseline//tfMotifOutput_DOWN_5f//homerMotifs.motifs12

	(Motifs in homer2 format)
	Determining similar motifs... 57 reduced to 37 motifs
	Outputing HTML and sequence logos for motif comparison...
	Checking de novo motifs against known motifs...
	Formatting HTML page...
		1 of 37 (1e-19) similar to BATF(bZIP)/Th17-BATF-ChIP-Seq(GSE39756)/Homer(0.941)
		2 of 37 (1e-16) similar to TEAD(TEA)/Fibroblast-PU.1-ChIP-Seq(Unpublished)/Homer(0.663)
		3 of 37 (1e-14) similar to NEUROG2/MA0669.1/Jaspar(0.794)
		4 of 37 (1e-13) similar to PB0162.1_Sfpi1_2/Jaspar(0.584)
		5 of 37 (1e-13) similar to HAND2/MA1638.1/Jaspar(0.705)
		6 of 37 (1e-13) similar to PB0130.1_Gm397_2/Jaspar(0.669)
		7 of 37 (1e-11) similar to IRF6/MA1509.1/Jaspar(0.633)
		8 of 37 (1e-11) similar to MafA(bZIP)/Islet-MafA-ChIP-Seq(GSE30298)/Homer(0.696)
		9 of 37 (1e-10) similar to TBP/MA0108.2/Jaspar(0.712)
		10 of 37 (1e-10) similar to GATA5/MA0766.2/Jaspar(0.711)
		11 of 37 (1e-10) similar to ZNF263/MA0528.2/Jaspar(0.695)
		12 of 37 (1e-10) similar to Zfx/MA0146.2/Jaspar(0.671)
		13 of 37 (1e-10) similar to PB0041.1_Mafb_1/Jaspar(0.739)
		14 of 37 (1e-9) similar to POL002.1_INR/Jaspar(0.584)
		15 of 37 (1e-9) similar to MAFK/MA0496.3/Jaspar(0.674)
		16 of 37 (1e-9) similar to MSANTD3/MA1523.1/Jaspar(0.698)
		17 of 37 (1e-9) similar to Stat3(Stat)/mES-Stat3-ChIP-Seq(GSE11431)/Homer(0.741)
		18 of 37 (1e-9) similar to ZNF652/HepG2-ZNF652.Flag-ChIP-Seq(Encode)/Homer(0.795)
		19 of 37 (1e-9) similar to MF0010.1_Homeobox_class/Jaspar(0.682)
		20 of 37 (1e-9) similar to GFX(?)/Promoter/Homer(0.714)
		21 of 37 (1e-8) similar to PH0171.1_Nkx2-1/Jaspar(0.683)
		22 of 37 (1e-8) similar to PB0034.1_Irf4_1/Jaspar(0.690)
		23 of 37 (1e-8) similar to SREBF2/MA0596.1/Jaspar(0.725)
		24 of 37 (1e-7) similar to CUX1(Homeobox)/K562-CUX1-ChIP-Seq(GSE92882)/Homer(0.727)
		25 of 37 (1e-7) similar to PB0029.1_Hic1_1/Jaspar(0.802)
		26 of 37 (1e-7) similar to PLAGL2/MA1548.1/Jaspar(0.661)
		27 of 37 (1e-6) similar to POL008.1_DCE_S_I/Jaspar(0.620)
		28 of 37 (1e-6) similar to ZNF317/MA1593.1/Jaspar(0.655)
		29 of 37 (1e-5) similar to PB0170.1_Sox17_2/Jaspar(0.609)
		30 of 37 (1e-5) similar to RBPJ/MA1116.1/Jaspar(0.707)
		31 of 37 (1e-5) similar to IKZF1/MA1508.1/Jaspar(0.738)
		32 of 37 (1e-4) similar to ONECUT3/MA0757.1/Jaspar(0.661)
		33 of 37 (1e-4) similar to PH0169.1_Tgif1/Jaspar(0.699)
		34 of 37 (1e-4) similar to MGA/MA0801.1/Jaspar(0.659)
		35 of 37 (1e-3) similar to EWS:ERG-fusion(ETS)/CADO_ES1-EWS:ERG-ChIP-Seq(SRA014231)/Homer(0.778)
		36 of 37 (1e-3) similar to SD0001.1_at_AC_acceptor/Jaspar(0.631)
		37 of 37 (1e-2) similar to ZNF711(Zf)/SHSY5Y-ZNF711-ChIP-Seq(GSE20673)/Homer(0.684)
	Job finished - if results look good, please send beer to ..

	Cleaning up tmp files...

