
	Position file = /project/lbarreiro/USERS/ellen/KnightMolecules/demultiplexed/FastQ/15_transcriptionFactorMotifs/dataDriven_commonBaseline//annotateInput_UP_fluni.txt
	Genome = mm10
	Output Directory = /project/lbarreiro/USERS/ellen/KnightMolecules/demultiplexed/FastQ/15_transcriptionFactorMotifs/dataDriven_commonBaseline//tfMotifOutput_UP_fluni/
	Fragment size set to 500
	Will use repeat masked sequences
	Using 3 CPUs
	background position file: /project/lbarreiro/USERS/ellen/KnightMolecules/demultiplexed/FastQ/13_mashr//annotateInput.txt
	Found mset for "mouse", will check against vertebrates motifs
Argument "start" isn't numeric in addition (+) at /project/lbarreiro/USERS/ellen/programs/homer/bin/bed2pos.pl line 103, <IN> line 1.
	Peak/BED file conversion summary:
		BED/Header formatted lines: 18039
		peakfile formatted lines: 0

	Peak File Statistics:
		Total Peaks: 18039
		Redundant Peak IDs: 0
		Peaks lacking information: 0 (need at least 5 columns per peak)
		Peaks with misformatted coordinates: 1 (should be integer)
		Peaks with misformatted strand: 0 (should be either +/- or 0/1)

	Peak file looks good!

	Peak/BED file conversion summary:
		BED/Header formatted lines: 74314
		peakfile formatted lines: 0
	Max distance to merge: 500 bp
	Calculating co-bound peaks relative to reference: /project/lbarreiro/USERS/ellen/KnightMolecules/demultiplexed/FastQ/15_transcriptionFactorMotifs/dataDriven_commonBaseline//tfMotifOutput_UP_fluni//bg.clean.pos

	Comparing peaks: (peakfile, overlapping peaks, logRatio(obs/expected), logP)
	**	/project/lbarreiro/USERS/ellen/KnightMolecules/demultiplexed/FastQ/15_transcriptionFactorMotifs/dataDriven_commonBaseline//tfMotifOutput_UP_fluni//target.clean..pos	18042	3.29	0.00

	**	Pairwise stats are approx with fixed distance (-d 500) and -cobound #
		They get worse as the size increases and peaks from a single file start overlapping
		To get accurate ones, adjust peak sizes first with adjustPeakFile.pl and
		then rerun mergePeaks with the "-d given" option (only applies to -cobound #)

	Co-bound by 0 peaks: 56272
	Co-bound by 1 peaks: 18042 (max: 18042 effective total)
Argument "end" isn't numeric in addition (+) at /project/lbarreiro/USERS/ellen/programs/homer/bin/resizePosFile.pl line 65, <IN> line 1.
	Custom genome sequence directory: /project/lbarreiro/USERS/ellen/programs/homer/.//data/genomes/mm10//

	Extracting sequences from directory: /project/lbarreiro/USERS/ellen/programs/homer/.//data/genomes/mm10//
	Extracting 5381 sequences from chr1
	Extracting 5868 sequences from chr2
	Extracting 4084 sequences from chr3
	Extracting 4408 sequences from chr4
	Extracting 4489 sequences from chr5
	Extracting 4281 sequences from chr6
	Extracting 4457 sequences from chr7
	Extracting 3685 sequences from chr8
	Extracting 3850 sequences from chr9
	Extracting 4100 sequences from chr10
	Extracting 4675 sequences from chr11
	Extracting 3152 sequences from chr12
	Extracting 3723 sequences from chr13
	Extracting 2993 sequences from chr14
	Extracting 2979 sequences from chr15
	Extracting 2573 sequences from chr16
	Extracting 3100 sequences from chr17
	Extracting 2416 sequences from chr18
	Extracting 2137 sequences from chr19
	Extracting 1959 sequences from chrX
	!!Could not open file for chromosome (.fa or .fa.masked)
		6692 of 74310 removed because they had >70.00% Ns (i.e. masked repeats)

	Not removing redundant sequences


	Sequences processed:
		Auto detected maximum sequence length of 501 bp
		67618 total

	Frequency Bins: 0.2 0.25 0.3 0.35 0.4 0.45 0.5 0.6 0.7 0.8
	Freq	Bin	Count
	0.25	1	5
	0.3	2	151
	0.35	3	1402
	0.4	4	6199
	0.45	5	14138
	0.5	6	16974
	0.6	7	19481
	0.7	8	7441
	0.8	9	1824
	10	10	3
	Bin	# Targets	# Background	Background Weight
	2	37	114	1.005
	3	367	1035	1.098
	4	1608	4591	1.084
	5	3561	10577	1.042
	6	4104	12870	0.987
	7	4600	14881	0.957
	8	1930	5511	1.084
	9	302	1522	0.614
	Normalizing lower order oligos using homer2

	Reading input files...
	67610 total sequences read
	Autonormalization: 1-mers (4 total)
		A	25.30%	25.29%	1.000
		C	24.70%	24.71%	1.000
		G	24.70%	24.71%	1.000
		T	25.30%	25.29%	1.000
	Autonormalization: 2-mers (16 total)
		AA	7.20%	7.15%	1.006
		CA	7.37%	7.42%	0.992
		GA	6.33%	6.35%	0.997
		TA	4.40%	4.36%	1.009
		AC	5.27%	5.27%	1.000
		CC	6.95%	6.96%	0.999
		GC	6.14%	6.13%	1.002
		TC	6.33%	6.35%	0.997
		AG	7.92%	7.92%	1.000
		CG	2.46%	2.41%	1.023
		GG	6.95%	6.96%	0.999
		TG	7.37%	7.42%	0.992
		AT	4.91%	4.94%	0.993
		CT	7.92%	7.92%	1.000
		GT	5.27%	5.27%	1.000
		TT	7.20%	7.15%	1.006
	Autonormalization: 3-mers (64 total)
	Normalization weights can be found in file: /project/lbarreiro/USERS/ellen/KnightMolecules/demultiplexed/FastQ/15_transcriptionFactorMotifs/dataDriven_commonBaseline//tfMotifOutput_UP_fluni//seq.autonorm.tsv
	Converging on autonormalization solution:
	...............................................................................
	Final normalization:	Autonormalization: 1-mers (4 total)
		A	25.30%	25.30%	1.000
		C	24.70%	24.70%	1.000
		G	24.70%	24.70%	1.000
		T	25.30%	25.30%	1.000
	Autonormalization: 2-mers (16 total)
		AA	7.20%	7.19%	1.000
		CA	7.37%	7.38%	0.999
		GA	6.33%	6.34%	1.000
		TA	4.40%	4.39%	1.002
		AC	5.27%	5.27%	1.001
		CC	6.95%	6.95%	1.000
		GC	6.14%	6.14%	1.000
		TC	6.33%	6.34%	1.000
		AG	7.92%	7.92%	1.001
		CG	2.46%	2.46%	1.001
		GG	6.95%	6.95%	1.000
		TG	7.37%	7.38%	0.999
		AT	4.91%	4.92%	0.998
		CT	7.92%	7.92%	1.001
		GT	5.27%	5.27%	1.001
		TT	7.20%	7.19%	1.000
	Autonormalization: 3-mers (64 total)
	Finished preparing sequence/group files

	----------------------------------------------------------
	Known motif enrichment

	Reading input files...
	67610 total sequences read
	440 motifs loaded
	Cache length = 11180
	Using binomial scoring
	Checking enrichment of 440 motif(s)
	|0%                                    50%                                  100%|
	=================================================================================
	Preparing HTML output with sequence logos...
		1 of 440 (1e-136) CTCF(Zf)/CD4+-CTCF-ChIP-Seq(Barski_et_al.)/Homer
		2 of 440 (1e-107) BORIS(Zf)/K562-CTCFL-ChIP-Seq(GSE32465)/Homer
		3 of 440 (1e-30) ZEB1(Zf)/PDAC-ZEB1-ChIP-Seq(GSE64557)/Homer
		4 of 440 (1e-25) E2A(bHLH),near_PU.1/Bcell-PU.1-ChIP-Seq(GSE21512)/Homer
		5 of 440 (1e-16) Slug(Zf)/Mesoderm-Snai2-ChIP-Seq(GSE61475)/Homer
		6 of 440 (1e-16) Snail1(Zf)/LS174T-SNAIL1.HA-ChIP-Seq(GSE127183)/Homer
		7 of 440 (1e-11) ZEB2(Zf)/SNU398-ZEB2-ChIP-Seq(GSE103048)/Homer
		8 of 440 (1e-9) NFE2L2(bZIP)/HepG2-NFE2L2-ChIP-Seq(Encode)/Homer
		9 of 440 (1e-9) CTCF-SatelliteElement(Zf?)/CD4+-CTCF-ChIP-Seq(Barski_et_al.)/Homer
		10 of 440 (1e-8) Ascl1(bHLH)/NeuralTubes-Ascl1-ChIP-Seq(GSE55840)/Homer
		11 of 440 (1e-8) LRF(Zf)/Erythroblasts-ZBTB7A-ChIP-Seq(GSE74977)/Homer
		12 of 440 (1e-7) E2A(bHLH)/proBcell-E2A-ChIP-Seq(GSE21978)/Homer
		13 of 440 (1e-7) HIC1(Zf)/Treg-ZBTB29-ChIP-Seq(GSE99889)/Homer
		14 of 440 (1e-7) Nrf2(bZIP)/Lymphoblast-Nrf2-ChIP-Seq(GSE37589)/Homer
		15 of 440 (1e-7) Ptf1a(bHLH)/Panc1-Ptf1a-ChIP-Seq(GSE47459)/Homer
		16 of 440 (1e-6) HEB(bHLH)/mES-Heb-ChIP-Seq(GSE53233)/Homer
		17 of 440 (1e-6) NF-E2(bZIP)/K562-NFE2-ChIP-Seq(GSE31477)/Homer
		18 of 440 (1e-6) Ascl2(bHLH)/ESC-Ascl2-ChIP-Seq(GSE97712)/Homer
		19 of 440 (1e-6) Bach1(bZIP)/K562-Bach1-ChIP-Seq(GSE31477)/Homer
		20 of 440 (1e-6) Erra(NR)/HepG2-Erra-ChIP-Seq(GSE31477)/Homer
		21 of 440 (1e-5) Zfp281(Zf)/ES-Zfp281-ChIP-Seq(GSE81042)/Homer
		22 of 440 (1e-5) TEAD3(TEA)/HepG2-TEAD3-ChIP-Seq(Encode)/Homer
		23 of 440 (1e-5) Smad2(MAD)/ES-SMAD2-ChIP-Seq(GSE29422)/Homer
		24 of 440 (1e-5) Olig2(bHLH)/Neuron-Olig2-ChIP-Seq(GSE30882)/Homer
		25 of 440 (1e-5) Bcl11a(Zf)/HSPC-BCL11A-ChIP-Seq(GSE104676)/Homer
		26 of 440 (1e-5) HIF-1b(HLH)/T47D-HIF1b-ChIP-Seq(GSE59937)/Homer
		27 of 440 (1e-4) Zic3(Zf)/mES-Zic3-ChIP-Seq(GSE37889)/Homer
		28 of 440 (1e-4) NeuroD1(bHLH)/Islet-NeuroD1-ChIP-Seq(GSE30298)/Homer
		29 of 440 (1e-4) Tbx6(T-box)/ESC-Tbx6-ChIP-Seq(GSE93524)/Homer
		30 of 440 (1e-4) Tcf12(bHLH)/GM12878-Tcf12-ChIP-Seq(GSE32465)/Homer
		31 of 440 (1e-4) Oct4(POU,Homeobox)/mES-Oct4-ChIP-Seq(GSE11431)/Homer
		32 of 440 (1e-4) TEAD4(TEA)/Tropoblast-Tead4-ChIP-Seq(GSE37350)/Homer
		33 of 440 (1e-3) Eomes(T-box)/H9-Eomes-ChIP-Seq(GSE26097)/Homer
		34 of 440 (1e-3) Twist(bHLH)/HMLE-TWIST1-ChIP-Seq(Chang_et_al)/Homer
		35 of 440 (1e-3) Smad4(MAD)/ESC-SMAD4-ChIP-Seq(GSE29422)/Homer
		36 of 440 (1e-3) TEAD2(TEA)/Py2T-Tead2-ChIP-Seq(GSE55709)/Homer
		37 of 440 (1e-3) AR-halfsite(NR)/LNCaP-AR-ChIP-Seq(GSE27824)/Homer
		38 of 440 (1e-3) TEAD1(TEAD)/HepG2-TEAD1-ChIP-Seq(Encode)/Homer
		39 of 440 (1e-3) Nkx6.1(Homeobox)/Islet-Nkx6.1-ChIP-Seq(GSE40975)/Homer
		40 of 440 (1e-3) Cux2(Homeobox)/Liver-Cux2-ChIP-Seq(GSE35985)/Homer
		41 of 440 (1e-3) Unknown-ESC-element(?)/mES-Nanog-ChIP-Seq(GSE11724)/Homer
		42 of 440 (1e-3) Smad3(MAD)/NPC-Smad3-ChIP-Seq(GSE36673)/Homer
		43 of 440 (1e-3) Tbr1(T-box)/Cortex-Tbr1-ChIP-Seq(GSE71384)/Homer
		44 of 440 (1e-3) DLX1(Homeobox)/BasalGanglia-Dlx1-ChIP-seq(GSE124936)/Homer
		45 of 440 (1e-3) Tbx5(T-box)/HL1-Tbx5.biotin-ChIP-Seq(GSE21529)/Homer
		46 of 440 (1e-3) Zic(Zf)/Cerebellum-ZIC1.2-ChIP-Seq(GSE60731)/Homer
		47 of 440 (1e-3) Sox15(HMG)/CPA-Sox15-ChIP-Seq(GSE62909)/Homer
		48 of 440 (1e-2) ZNF264(Zf)/HEK293-ZNF264.GFP-ChIP-Seq(GSE58341)/Homer
		49 of 440 (1e-2) Pax7(Paired,Homeobox)/Myoblast-Pax7-ChIP-Seq(GSE25064)/Homer
		50 of 440 (1e-2) SCL(bHLH)/HPC7-Scl-ChIP-Seq(GSE13511)/Homer
		51 of 440 (1e-2) TEAD(TEA)/Fibroblast-PU.1-ChIP-Seq(Unpublished)/Homer
		52 of 440 (1e-2) REST-NRSF(Zf)/Jurkat-NRSF-ChIP-Seq/Homer
		53 of 440 (1e-2) SCRT1(Zf)/HEK293-SCRT1.eGFP-ChIP-Seq(Encode)/Homer
		54 of 440 (1e-2) ISRE(IRF)/ThioMac-LPS-Expression(GSE23622)/Homer
		55 of 440 (1e-2) THRb(NR)/Liver-NR1A2-ChIP-Seq(GSE52613)/Homer
		56 of 440 (1e-2) HIF2a(bHLH)/785_O-HIF2a-ChIP-Seq(GSE34871)/Homer
		57 of 440 (1e-2) Tbox:Smad(T-box,MAD)/ESCd5-Smad2_3-ChIP-Seq(GSE29422)/Homer
		58 of 440 (1e-2) Oct11(POU,Homeobox)/NCIH1048-POU2F3-ChIP-seq(GSE115123)/Homer
		59 of 440 (1e-2) Tcf3(HMG)/mES-Tcf3-ChIP-Seq(GSE11724)/Homer
		60 of 440 (1e-2) Gli2(Zf)/GM2-Gli2-ChIP-Chip(GSE112702)/Homer
		61 of 440 (1e-2) GLIS3(Zf)/Thyroid-Glis3.GFP-ChIP-Seq(GSE103297)/Homer
		62 of 440 (1e-2) VDR(NR),DR3/GM10855-VDR+vitD-ChIP-Seq(GSE22484)/Homer
		63 of 440 (1e-2) Sox9(HMG)/Limb-SOX9-ChIP-Seq(GSE73225)/Homer
		64 of 440 (1e-2) Isl1(Homeobox)/Neuron-Isl1-ChIP-Seq(GSE31456)/Homer
		65 of 440 (1e-2) Sox3(HMG)/NPC-Sox3-ChIP-Seq(GSE33059)/Homer
		66 of 440 (1e-2) Znf263(Zf)/K562-Znf263-ChIP-Seq(GSE31477)/Homer
		67 of 440 (1e-2) THRb(NR)/HepG2-THRb.Flag-ChIP-Seq(Encode)/Homer
		68 of 440 (1e-2) HIF-1a(bHLH)/MCF7-HIF1a-ChIP-Seq(GSE28352)/Homer
		69 of 440 (1e-2) Hoxd13(Homeobox)/ChickenMSG-Hoxd13.Flag-ChIP-Seq(GSE86088)/Homer
		70 of 440 (1e-2) PR(NR)/T47D-PR-ChIP-Seq(GSE31130)/Homer
		71 of 440 (1e-2) HNF6(Homeobox)/Liver-Hnf6-ChIP-Seq(ERP000394)/Homer
		72 of 440 (1e-2) NF1:FOXA1(CTF,Forkhead)/LNCAP-FOXA1-ChIP-Seq(GSE27824)/Homer
		73 of 440 (1e-2) Arnt:Ahr(bHLH)/MCF7-Arnt-ChIP-Seq(Lo_et_al.)/Homer
		74 of 440 (1e-2) FXR(NR),IR1/Liver-FXR-ChIP-Seq(Chong_et_al.)/Homer
	----------------------------------------------------------
	De novo motif finding (HOMER)

	Number of Trial motifs (-T) set to 9 (from 10) to work well with 3 CPUs
	Scanning input files...
	Parsing sequences...
	|0%                                   50%                                  100%|
	================================================================================
	Total number of Oligos: 32896
	Autoadjustment for sequence coverage in background: 0.98x

	Oligos: 32896 of 34497 max
	Tree  : 67084 of 172485 max
	Optimizing memory usage...
	Cache length = 11180
	Using binomial scoring

	Global Optimization Phase: Looking for enriched oligos with up to 2 mismatches...

	Screening oligos 32896 (allowing 0 mismatches):
	|0%                                   50%                                  100%|
	================================================================================
		0.00% skipped, 100.00% checked (32896 of 32896), of those checked:
		0.00% not in target, 0.00% increased p-value, 0.00% high p-value

	Screening oligos 32896 (allowing 1 mismatches):
	|0%                                   50%                                  100%|
	================================================================================
		0.00% skipped, 100.00% checked (32896 of 32896), of those checked:
		0.00% not in target, 47.88% increased p-value, 49.30% high p-value

	Screening oligos 32896 (allowing 2 mismatches):
	|0%                                   50%                                  100%|
	================================================================================
		69.08% skipped, 30.92% checked (10170 of 32896), of those checked:
		0.00% not in target, 28.02% increased p-value, 0.00% high p-value
	Reading input files...
	67610 total sequences read
	Cache length = 11180
	Using binomial scoring

	Local Optimization Phase:
	1 of 25 Initial Sequence: CCAGGTGG... (-50.311)
		Round 1: -79.98 CCAGGTGG T:2891.0(16.06%),B:6842.4(12.74%),P:1e-34
		Round 2: -79.98 CCAGGTGG T:2891.0(16.06%),B:6842.4(12.74%),P:1e-34
		=Final=: -94.73 CCAGGTGG T:4027.0(24.39%),B:10249.1(20.08%),P:1e-41
		Performing exhaustive masking of motif...
		Reprioritizing potential motifs...
	2 of 25 Initial Sequence: TCTAGTGG... (-41.286)
		Round 1: -41.29 TCTAGTGG T:462.0(2.76%),B:904.0(1.78%),P:1e-17
		Round 2: -41.29 TCTAGTGG T:462.0(2.76%),B:904.0(1.78%),P:1e-17
		=Final=: -44.96 TCTAGTGG T:456.0(2.76%),B:893.8(1.75%),P:1e-19
		Performing exhaustive masking of motif...
		Reprioritizing potential motifs...
	3 of 25 Initial Sequence: GTATACTT... (-23.450)
		Round 1: -37.40 GTATACTT T:7698.0(37.27%),B:20999.2(34.18%),P:1e-16
		Round 2: -42.02 GTATACTT T:8646.0(40.77%),B:23533.7(37.42%),P:1e-18
		Round 3: -42.02 GTATACTT T:8646.0(40.77%),B:23533.7(37.42%),P:1e-18
		=Final=: -39.16 GTATACTT T:7693.0(46.60%),B:22112.6(43.31%),P:1e-17
		Performing exhaustive masking of motif...
		Reprioritizing potential motifs...
	4 of 25 Initial Sequence: GGTCCCCC... (-22.075)
		Round 1: -42.66 GGTCCCCC T:3583.0(19.51%),B:9270.6(16.86%),P:1e-18
		Round 2: -42.66 GGTCCCCC T:3583.0(19.51%),B:9270.6(16.86%),P:1e-18
		=Final=: -39.80 GGTCCCCC T:2959.0(17.92%),B:7893.4(15.46%),P:1e-17
		Performing exhaustive masking of motif...
		Reprioritizing potential motifs...
	5 of 25 Initial Sequence: AGGTGTCC... (-20.174)
		Round 1: -40.01 AGGTGTCC T:7363.0(35.98%),B:19966.1(32.81%),P:1e-17
		Round 2: -43.05 AGGTGTNC T:9306.0(43.09%),B:25366.7(39.67%),P:1e-18
		Round 3: -46.30 MGGTGTVC T:7969.0(38.29%),B:21486.2(34.82%),P:1e-20
		Round 4: -52.42 MGGTGTSC T:9480.0(43.69%),B:25549.9(39.89%),P:1e-22
		Round 5: -52.42 MGGTGTSC T:9480.0(43.69%),B:25549.9(39.89%),P:1e-22
		=Final=: -60.49 MGGTGTSC T:6989.0(42.33%),B:19534.3(38.26%),P:1e-26
		Performing exhaustive masking of motif...
		Reprioritizing potential motifs...
	6 of 25 Initial Sequence: AGACTTAA... (-17.680)
		Round 1: -22.14 AGACTTAA T:561.0(3.34%),B:1291.5(2.54%),P:1e-9
		Round 2: -22.14 AGACTTAA T:561.0(3.34%),B:1291.5(2.54%),P:1e-9
		=Final=: -24.35 AGACTTAA T:516.0(3.13%),B:1182.5(2.32%),P:1e-10
		Performing exhaustive masking of motif...
		Reprioritizing potential motifs...
	7 of 25 Initial Sequence: TAGGTGCA... (-16.957)
		Round 1: -30.59 TAGGTGCA T:8731.0(41.07%),B:24194.5(38.24%),P:1e-13
		Round 2: -30.59 TAGGTGCA T:8731.0(41.07%),B:24194.5(38.24%),P:1e-13
		=Final=: -43.28 TAGGTGCA T:7992.0(48.41%),B:22939.2(44.93%),P:1e-18
		Performing exhaustive masking of motif...
		Reprioritizing potential motifs...
	8 of 25 Initial Sequence: GAAAAGTT... (-15.583)
		Round 1: -31.94 GAAAAGTT T:2916.0(16.19%),B:7623.3(14.09%),P:1e-13
		Round 2: -31.94 GAAAAGTT T:2916.0(16.19%),B:7623.3(14.09%),P:1e-13
		=Final=: -36.20 GAAAAGTT T:3023.0(18.31%),B:8140.2(15.94%),P:1e-15
		Performing exhaustive masking of motif...
		Reprioritizing potential motifs...
	9 of 25 Initial Sequence: CGTTGTGT... (-15.350)
		Round 1: -15.69 CGTTGTGT T:154.0(0.93%),B:299.4(0.59%),P:1e-6
		Round 2: -15.85 CGTTGCGT T:186.0(1.12%),B:375.2(0.74%),P:1e-6
		Round 3: -15.85 CGTTGCGT T:186.0(1.12%),B:375.2(0.74%),P:1e-6
		=Final=: -18.02 CGTTGCGT T:184.0(1.11%),B:367.8(0.72%),P:1e-7
		Performing exhaustive masking of motif...
		Reprioritizing potential motifs...
	10 of 25 Initial Sequence: TGCCCTCT... (-14.802)
		Round 1: -24.02 TGCCCTCT T:1916.0(10.96%),B:4978.1(9.44%),P:1e-10
		Round 2: -25.06 TGCCCCCT T:3106.0(17.15%),B:8307.1(15.25%),P:1e-10
		Round 3: -28.52 TGCCCCCT T:7517.0(36.58%),B:20800.0(33.92%),P:1e-12
		Round 4: -31.86 TGCCCCCT T:2214.0(12.55%),B:5670.0(10.68%),P:1e-13
		Round 5: -31.86 TGCCCCCT T:2214.0(12.55%),B:5670.0(10.68%),P:1e-13
		=Final=: -41.19 TGCCCCCT T:2052.0(12.43%),B:5260.3(10.30%),P:1e-17
		Performing exhaustive masking of motif...
		Reprioritizing potential motifs...
	11 of 25 Initial Sequence: CGCAGGTT... (-15.307)
		Round 1: -30.26 CGCAGGTT T:5063.0(26.41%),B:13728.6(23.92%),P:1e-13
		Round 2: -30.26 CGCAGGTT T:5063.0(26.41%),B:13728.6(23.92%),P:1e-13
		=Final=: -32.60 CGCAGGTT T:5820.0(35.25%),B:16555.3(32.43%),P:1e-14
		Performing exhaustive masking of motif...
		Reprioritizing potential motifs...
	12 of 25 Initial Sequence: TGAAACGA... (-13.548)
		Round 1: -24.09 TWAAACGA T:854.0(5.04%),B:2052.7(4.00%),P:1e-10
		Round 2: -24.09 TWAAACGA T:854.0(5.04%),B:2052.7(4.00%),P:1e-10
		=Final=: -27.46 TWAAACGA T:831.0(5.03%),B:2005.6(3.93%),P:1e-11
		Performing exhaustive masking of motif...
		Reprioritizing potential motifs...
	13 of 25 Initial Sequence: ACCTGTAT... (-12.605)
		Round 1: -18.44 ACCTGTAT T:360.0(2.16%),B:800.3(1.58%),P:1e-8
		Round 2: -18.44 ACCTGTAT T:360.0(2.16%),B:800.3(1.58%),P:1e-8
		=Final=: -19.17 ACCTGTAT T:352.0(2.13%),B:790.1(1.55%),P:1e-8
		Performing exhaustive masking of motif...
		Reprioritizing potential motifs...
	14 of 25 Initial Sequence: CTTGATTG... (-12.451)
		Round 1: -12.45 CTTGATTG T:208.0(1.25%),B:454.4(0.90%),P:1e-5
		Round 2: -12.45 CTTGATTG T:208.0(1.25%),B:454.4(0.90%),P:1e-5
		=Final=: -12.91 CTTGATTG T:204.0(1.24%),B:450.3(0.88%),P:1e-5
		Performing exhaustive masking of motif...
		Reprioritizing potential motifs...
	15 of 25 Initial Sequence: TGTCTGAA... (-12.381)
		Round 1: -19.72 TGTCTGAA T:1721.0(9.90%),B:4512.1(8.60%),P:1e-8
		Round 2: -28.09 TGTMTGAA T:2943.0(16.33%),B:7777.7(14.35%),P:1e-12
		Round 3: -28.09 TGTMTGAA T:2943.0(16.33%),B:7777.7(14.35%),P:1e-12
		=Final=: -25.30 TGTMTGAA T:2592.0(15.70%),B:7078.3(13.86%),P:1e-10
		Performing exhaustive masking of motif...
		Reprioritizing potential motifs...
	16 of 25 Initial Sequence: GTAGGAAT... (-11.675)
		Round 1: -12.01 GTAGGAAT T:226.0(1.36%),B:504.9(1.00%),P:1e-5
		Round 2: -12.01 GTAGGAAT T:226.0(1.36%),B:504.9(1.00%),P:1e-5
		=Final=: -13.30 GTAGGAAT T:225.0(1.36%),B:503.0(0.99%),P:1e-5
		Performing exhaustive masking of motif...
		Reprioritizing potential motifs...
	17 of 25 Initial Sequence: ATTCAATT... (-11.744)
		Round 1: -26.48 ATTCAATT T:2385.0(13.45%),B:6242.7(11.69%),P:1e-11
		Round 2: -26.48 ATTCAATT T:2385.0(13.45%),B:6242.7(11.69%),P:1e-11
		=Final=: -28.20 ATTCAATT T:1908.0(11.56%),B:5036.7(9.87%),P:1e-12
		Performing exhaustive masking of motif...
		Reprioritizing potential motifs...
	18 of 25 Initial Sequence: CGCAGAGG... (-11.623)
		Round 1: -13.71 CGCAGAGG T:424.0(2.54%),B:1012.0(2.00%),P:1e-5
		Round 2: -20.29 CGCRGAGT T:1172.0(6.85%),B:2971.5(5.75%),P:1e-8
		Round 3: -22.44 CGCGGAAT T:1716.0(9.87%),B:4446.8(8.48%),P:1e-9
		Round 4: -26.10 CGCGSADT T:1604.0(9.26%),B:4073.3(7.79%),P:1e-11
		Round 5: -26.10 CGCGSADT T:1604.0(9.26%),B:4073.3(7.79%),P:1e-11
		=Final=: -28.91 CGCGSADT T:1440.0(8.72%),B:3688.1(7.22%),P:1e-12
		Performing exhaustive masking of motif...
		Reprioritizing potential motifs...
	19 of 25 Initial Sequence: GATCGGGT... (-11.784)
		Round 1: -25.80 GATCGGGT T:3338.0(18.31%),B:8948.0(16.33%),P:1e-11
		Round 2: -25.80 GATCGGGT T:3338.0(18.31%),B:8948.0(16.33%),P:1e-11
		=Final=: -30.72 GATCGGGT T:2840.0(17.20%),B:7702.3(15.09%),P:1e-13
		Performing exhaustive masking of motif...
		Reprioritizing potential motifs...
	20 of 25 Initial Sequence: AGTCCACG... (-11.362)
		Round 1: -15.02 AGTCCACG T:1195.0(6.98%),B:3123.1(6.03%),P:1e-6
		Round 2: -21.57 TGTCCACG T:605.0(3.60%),B:1414.3(2.78%),P:1e-9
		Round 3: -21.57 TGTCCACG T:605.0(3.60%),B:1414.3(2.78%),P:1e-9
		=Final=: -22.78 TGTCCACG T:719.0(4.36%),B:1747.7(3.42%),P:1e-9
		Performing exhaustive masking of motif...
		Reprioritizing potential motifs...
	21 of 25 Initial Sequence: TTGCTCTT... (-11.281)
		Round 1: -16.06 TTGCTCTT T:936.0(5.51%),B:2381.8(4.63%),P:1e-6
		Round 2: -16.06 TTGCTCTT T:936.0(5.51%),B:2381.8(4.63%),P:1e-6
		=Final=: -15.72 TTGCTCTT T:893.0(5.41%),B:2324.9(4.55%),P:1e-6
		Performing exhaustive masking of motif...
		Reprioritizing potential motifs...
	22 of 25 Initial Sequence: CTAGGACA... (-10.914)
		Round 1: -10.91 CTAGGACA T:285.0(1.71%),B:669.9(1.32%),P:1e-4
		Round 2: -10.91 CTAGGACA T:285.0(1.71%),B:669.9(1.32%),P:1e-4
		=Final=: -9.23 CTAGGACA T:270.0(1.64%),B:660.2(1.29%),P:1e-4
		Performing exhaustive masking of motif...
		Reprioritizing potential motifs...
	23 of 25 Initial Sequence: GTAGACAA... (-10.568)
		Round 1: -15.14 GTAGACAA T:431.0(2.58%),B:1016.3(2.00%),P:1e-6
		Round 2: -15.79 GTAGACAA T:1186.0(6.93%),B:3084.4(5.96%),P:1e-6
		Round 3: -15.79 GTAGACAA T:1186.0(6.93%),B:3084.4(5.96%),P:1e-6
		=Final=: -17.84 GTAGACAA T:1098.0(6.65%),B:2876.6(5.63%),P:1e-7
		Performing exhaustive masking of motif...
		Reprioritizing potential motifs...
	24 of 25 Initial Sequence: CGAATTCA... (-10.482)
		Round 1: -16.59 CGAATTCA T:4491.0(23.82%),B:12534.9(22.09%),P:1e-7
		Round 2: -16.59 CGAATTCA T:4491.0(23.82%),B:12534.9(22.09%),P:1e-7
		=Final=: -25.21 CGAATTCA T:6481.0(39.26%),B:18754.6(36.73%),P:1e-10
		Performing exhaustive masking of motif...
		Reprioritizing potential motifs...
	25 of 25 Initial Sequence: TTAGTAGC... (-10.902)
		Round 1: -14.84 TTAGTAGC T:375.0(2.25%),B:869.3(1.72%),P:1e-6
		Round 2: -14.84 TTAGTAGC T:375.0(2.25%),B:869.3(1.72%),P:1e-6
		=Final=: -15.75 TTAGTAGC T:367.0(2.22%),B:859.3(1.68%),P:1e-6
		Performing exhaustive masking of motif...
		Reprioritizing potential motifs...

	Finalizing Enrichment Statistics (new in v3.4)
	Reading input files...
	67610 total sequences read
	Cache length = 11180
	Using binomial scoring
	Checking enrichment of 25 motif(s)
	|0%                                    50%                                  100%|
	=================================================================================
	Output in file: /project/lbarreiro/USERS/ellen/KnightMolecules/demultiplexed/FastQ/15_transcriptionFactorMotifs/dataDriven_commonBaseline//tfMotifOutput_UP_fluni//homerMotifs.motifs8


	Number of Trial motifs (-T) set to 9 (from 10) to work well with 3 CPUs
	Scanning input files...
	Parsing sequences...
	|0%                                   50%                                  100%|
	================================================================================
	Total number of Oligos: 523641
	Autoadjustment for sequence coverage in background: 0.98x

	Oligos: 523641 of 551887 max
	Tree  : 1069636 of 2759435 max
	Optimizing memory usage...
	Cache length = 11180
	Using binomial scoring

	Global Optimization Phase: Looking for enriched oligos with up to 2 mismatches...

	Screening oligos 523641 (allowing 0 mismatches):
	|0%                                   50%                                  100%|
	================================================================================
		3.64% skipped, 96.36% checked (504581 of 523641), of those checked:
		3.64% not in target, 0.00% increased p-value, 0.00% high p-value

	Screening oligos 523641 (allowing 1 mismatches):
	|0%                                   50%                                  100%|
	================================================================================
		3.64% skipped, 96.36% checked (504581 of 523641), of those checked:
		0.00% not in target, 42.17% increased p-value, 54.42% high p-value

	Screening oligos 523641 (allowing 2 mismatches):
	|0%                                   50%                                  100%|
	================================================================================
		73.98% skipped, 26.02% checked (136248 of 523641), of those checked:
		0.00% not in target, 17.49% increased p-value, 0.00% high p-value
	Reading input files...
	67610 total sequences read
	Cache length = 11180
	Using binomial scoring

	Local Optimization Phase:
	1 of 25 Initial Sequence: CACCAGGTGG... (-102.521)
		Round 1: -195.16 CACCAGGTGG T:2932.0(16.27%),B:5955.4(11.19%),P:1e-84
		Round 2: -199.52 CACCWGGTGG T:2316.0(13.09%),B:4450.6(8.48%),P:1e-86
		Round 3: -199.52 CACCWGGTGG T:2316.0(13.09%),B:4450.6(8.48%),P:1e-86
		=Final=: -138.30 CACCWGGTGG T:1594.0(9.66%),B:3227.6(6.32%),P:1e-60
		Performing exhaustive masking of motif...
		Reprioritizing potential motifs...
	2 of 25 Initial Sequence: CCCTCTAGTG... (-35.989)
		Round 1: -58.51 CCCTCTAGTG T:360.0(2.16%),B:592.8(1.17%),P:1e-25
		Round 2: -58.51 CCCTCTAGTG T:360.0(2.16%),B:592.8(1.17%),P:1e-25
		=Final=: -63.76 CCCTCTAGTG T:357.0(2.16%),B:582.7(1.14%),P:1e-27
		Performing exhaustive masking of motif...
		Reprioritizing potential motifs...
	3 of 25 Initial Sequence: TGTACACCGG... (-31.788)
		Round 1: -39.82 TGTACACCGG T:2791.0(15.55%),B:7125.8(13.23%),P:1e-17
		Round 2: -39.82 TGTACACCGG T:2791.0(15.55%),B:7125.8(13.23%),P:1e-17
		=Final=: -39.81 TGTACACCGG T:1593.0(9.65%),B:3981.2(7.80%),P:1e-17
		Performing exhaustive masking of motif...
		Reprioritizing potential motifs...
	4 of 25 Initial Sequence: TGTGCGGGAT... (-28.611)
		Round 1: -28.61 TGTGCGGGAT T:14.0(0.08%),B:4.0(0.01%),P:1e-12
		Round 2: -28.61 TGTGCGGGAT T:14.0(0.08%),B:4.0(0.01%),P:1e-12
		=Final=: -26.52 TGTGCGGGAT T:14.0(0.08%),B:4.0(0.01%),P:1e-11
		Performing exhaustive masking of motif...
		Reprioritizing potential motifs...
	5 of 25 Initial Sequence: AACTTTTGGA... (-24.670)
		Round 1: -40.26 AACTTTTGGA T:5179.0(26.93%),B:13787.8(24.02%),P:1e-17
		Round 2: -43.47 AACTTTTGGA T:4609.0(24.36%),B:12112.8(21.44%),P:1e-18
		Round 3: -43.47 AACTTTTGGA T:4609.0(24.36%),B:12112.8(21.44%),P:1e-18
		=Final=: -52.57 AACTTTTGGA T:3848.0(23.31%),B:10286.4(20.15%),P:1e-22
		Performing exhaustive masking of motif...
		Reprioritizing potential motifs...
	6 of 25 Initial Sequence: CGCGGATCAG... (-24.518)
		Round 1: -33.28 CGCGGATCAG T:175.0(1.05%),B:276.4(0.55%),P:1e-14
		Round 2: -33.28 CGCGGATCAG T:175.0(1.05%),B:276.4(0.55%),P:1e-14
		=Final=: -33.33 CGCGGATCAG T:181.0(1.10%),B:295.4(0.58%),P:1e-14
		Performing exhaustive masking of motif...
		Reprioritizing potential motifs...
	7 of 25 Initial Sequence: AAACACCGGT... (-23.107)
		Round 1: -25.62 AAACACCGGT T:25.0(0.15%),B:13.8(0.03%),P:1e-11
		Round 2: -25.62 AAACACCGGT T:25.0(0.15%),B:13.8(0.03%),P:1e-11
		=Final=: -26.15 AAACACCGGT T:25.0(0.15%),B:13.8(0.03%),P:1e-11
		Performing exhaustive masking of motif...
		Reprioritizing potential motifs...
	8 of 25 Initial Sequence: TTTCATTTTA... (-21.491)
		Round 1: -41.14 TTTCATTTTA T:2458.0(13.83%),B:6187.1(11.60%),P:1e-17
		Round 2: -42.78 TTTCAYTTTA T:2511.0(14.11%),B:6308.1(11.81%),P:1e-18
		Round 3: -42.91 TTTCATTTTA T:1552.0(8.97%),B:3706.5(7.12%),P:1e-18
		Round 4: -44.12 TTTCATTTTA T:1714.0(9.86%),B:4126.4(7.89%),P:1e-19
		Round 5: -44.12 TTTCATTTTA T:1714.0(9.86%),B:4126.4(7.89%),P:1e-19
		=Final=: -42.68 TTTCATTTTA T:1494.0(9.05%),B:3672.3(7.19%),P:1e-18
		Performing exhaustive masking of motif...
		Reprioritizing potential motifs...
	9 of 25 Initial Sequence: GTATTAAGGG... (-21.471)
		Round 1: -21.53 GTATTAAGGG T:20.0(0.12%),B:11.0(0.02%),P:1e-9
		Round 2: -21.53 GTATTAAGGG T:20.0(0.12%),B:11.0(0.02%),P:1e-9
		=Final=: -9.34 GTATTAAGGG T:14470.0(87.65%),B:44245.1(86.66%),P:1e-4
		Performing exhaustive masking of motif...
		Reprioritizing potential motifs...
	10 of 25 Initial Sequence: GGGTACGGTG... (-28.611)
		Round 1: -28.61 GGGTACGGTG T:14.0(0.08%),B:4.0(0.01%),P:1e-12
		Round 2: -28.61 GGGTACGGTG T:14.0(0.08%),B:4.0(0.01%),P:1e-12
		=Final=: -26.52 GGGTACGGTG T:14.0(0.08%),B:4.0(0.01%),P:1e-11
		Performing exhaustive masking of motif...
		Reprioritizing potential motifs...
	11 of 25 Initial Sequence: AACGGCTGTT... (-23.107)
		Round 1: -23.11 AACGGCTGTT T:10.0(0.06%),B:2.0(0.00%),P:1e-10
		Round 2: -23.11 AACGGCTGTT T:10.0(0.06%),B:2.0(0.00%),P:1e-10
		=Final=: -26.69 AACGGCTGTT T:10.0(0.06%),B:2.0(0.00%),P:1e-11
		Performing exhaustive masking of motif...
		Reprioritizing potential motifs...
	12 of 25 Initial Sequence: GGTTGGGGGT... (-21.581)
		Round 1: -35.27 GGTTGGGGGT T:1551.0(8.97%),B:3796.1(7.28%),P:1e-15
		Round 2: -37.51 GGTKGGGGGT T:1652.0(9.52%),B:4042.6(7.74%),P:1e-16
		Round 3: -40.71 GGTTGGGGGT T:2628.0(14.72%),B:6662.6(12.43%),P:1e-17
		Round 4: -41.71 GGTTGGGGGT T:2422.0(13.65%),B:6079.3(11.41%),P:1e-18
		Round 5: -44.38 GGTTGGGGGT T:1689.0(9.73%),B:4055.3(7.76%),P:1e-19
		Round 6: -44.38 GGTTGGGGGT T:1689.0(9.73%),B:4055.3(7.76%),P:1e-19
		=Final=: -38.57 GGTTGGGGGT T:1650.0(9.99%),B:4157.0(8.14%),P:1e-16
		Performing exhaustive masking of motif...
		Reprioritizing potential motifs...
	13 of 25 Initial Sequence: GTGGCGACAT... (-21.059)
		Round 1: -21.06 GTGGCGACAT T:13.0(0.08%),B:4.8(0.01%),P:1e-9
		Round 2: -21.06 GTGGCGACAT T:13.0(0.08%),B:4.8(0.01%),P:1e-9
		=Final=: -20.41 GTGGCGACAT T:13.0(0.08%),B:4.8(0.01%),P:1e-8
		Performing exhaustive masking of motif...
		Reprioritizing potential motifs...
	14 of 25 Initial Sequence: TGCTGAGTCA... (-20.765)
		Round 1: -24.93 TGCTGAGTCA T:269.0(1.62%),B:527.0(1.04%),P:1e-10
		Round 2: -24.93 TGCTGAGTCA T:269.0(1.62%),B:527.0(1.04%),P:1e-10
		=Final=: -21.60 TGCTGAGTCA T:254.0(1.54%),B:521.6(1.02%),P:1e-9
		Performing exhaustive masking of motif...
		Reprioritizing potential motifs...
	15 of 25 Initial Sequence: TCGTTGCAGG... (-19.794)
		Round 1: -19.79 TCGTTGCAGG T:9.0(0.05%),B:2.8(0.00%),P:1e-8
		Round 2: -19.79 TCGTTGCAGG T:9.0(0.05%),B:2.8(0.00%),P:1e-8
		=Final=: -17.31 TCGTTGCAGG T:9.0(0.05%),B:2.8(0.01%),P:1e-7
		Performing exhaustive masking of motif...
		Reprioritizing potential motifs...
	16 of 25 Initial Sequence: CCGAACTCAT... (-19.794)
		Round 1: -28.30 CCGAAMTCAT T:20.0(0.12%),B:7.5(0.01%),P:1e-12
		Round 2: -28.30 CCGAAMTCAT T:20.0(0.12%),B:7.5(0.01%),P:1e-12
		=Final=: -28.16 CCGAAMTCAT T:20.0(0.12%),B:7.5(0.01%),P:1e-12
		Performing exhaustive masking of motif...
		Reprioritizing potential motifs...
	17 of 25 Initial Sequence: TGAACGCGTG... (-19.794)
		Round 1: -19.79 TGAACGCGTG T:9.0(0.05%),B:1.9(0.00%),P:1e-8
		Round 2: -19.79 TGAACGCGTG T:9.0(0.05%),B:1.9(0.00%),P:1e-8
		=Final=: -23.26 TGAACGCGTG T:9.0(0.05%),B:1.9(0.00%),P:1e-10
		Performing exhaustive masking of motif...
		Reprioritizing potential motifs...
	18 of 25 Initial Sequence: GCGGATTCAG... (-19.794)
		Round 1: -19.79 GCGGATTCAG T:9.0(0.05%),B:2.1(0.00%),P:1e-8
		Round 2: -19.79 GCGGATTCAG T:9.0(0.05%),B:2.1(0.00%),P:1e-8
		=Final=: -17.31 GCGGATTCAG T:9.0(0.05%),B:2.1(0.00%),P:1e-7
		Performing exhaustive masking of motif...
		Reprioritizing potential motifs...
	19 of 25 Initial Sequence: GGGGCTACCT... (-19.660)
		Round 1: -31.65 GGGGCTACCT T:62.0(0.37%),B:59.6(0.12%),P:1e-13
		Round 2: -31.65 GGGGCTACCT T:62.0(0.37%),B:59.6(0.12%),P:1e-13
		=Final=: -32.83 GGGGCTACCT T:62.0(0.38%),B:59.6(0.12%),P:1e-14
		Performing exhaustive masking of motif...
		Reprioritizing potential motifs...
	20 of 25 Initial Sequence: TATACAGGTT... (-19.579)
		Round 1: -34.04 TATACAGGTT T:4912.0(25.74%),B:13192.1(23.11%),P:1e-14
		Round 2: -34.04 TATACAGGTT T:4912.0(25.74%),B:13192.1(23.11%),P:1e-14
		=Final=: -38.85 TATACAGGTT T:8497.0(51.47%),B:24595.0(48.17%),P:1e-16
		Performing exhaustive masking of motif...
		Reprioritizing potential motifs...
	21 of 25 Initial Sequence: AGGTATCTTC... (-23.514)
		Round 1: -24.64 AGGTATCTTC T:41.0(0.25%),B:35.3(0.07%),P:1e-10
		Round 2: -24.64 AGGTATCTTC T:41.0(0.25%),B:35.3(0.07%),P:1e-10
		=Final=: -25.59 AGGTATCTTC T:41.0(0.25%),B:35.3(0.07%),P:1e-11
		Performing exhaustive masking of motif...
		Reprioritizing potential motifs...
	22 of 25 Initial Sequence: TCAAAAAGCG... (-23.107)
		Round 1: -25.62 TCAAAAAGCG T:13.0(0.08%),B:3.2(0.01%),P:1e-11
		Round 2: -29.37 TCAAWTAGCG T:27.0(0.16%),B:13.9(0.03%),P:1e-12
		Round 3: -29.37 TCAAWTAGCG T:27.0(0.16%),B:13.9(0.03%),P:1e-12
		=Final=: -29.84 TCAAWTAGCG T:27.0(0.16%),B:13.9(0.03%),P:1e-12
		Performing exhaustive masking of motif...
		Reprioritizing potential motifs...
	23 of 25 Initial Sequence: CGGTCAACCT... (-23.107)
		Round 1: -23.11 CGGTCAACCT T:10.0(0.06%),B:2.3(0.00%),P:1e-10
		Round 2: -23.11 CGGTCAACCT T:10.0(0.06%),B:2.3(0.00%),P:1e-10
		=Final=: -20.05 CGGTCAACCT T:10.0(0.06%),B:2.3(0.00%),P:1e-8
		Performing exhaustive masking of motif...
		Reprioritizing potential motifs...
	24 of 25 Initial Sequence: GATTATCCAA... (-17.908)
		Round 1: -17.91 GATTATCCAA T:13.0(0.08%),B:5.0(0.01%),P:1e-7
		Round 2: -17.91 GATTATCCAA T:13.0(0.08%),B:5.0(0.01%),P:1e-7
		=Final=: -17.81 GATTATCCAA T:13.0(0.08%),B:5.0(0.01%),P:1e-7
		Performing exhaustive masking of motif...
		Reprioritizing potential motifs...
	25 of 25 Initial Sequence: AATTAATTTG... (-17.793)
		Round 1: -30.37 AATTAATTTG T:349.0(2.09%),B:692.0(1.37%),P:1e-13
		Round 2: -32.39 AATTAATTTG T:399.0(2.39%),B:802.6(1.59%),P:1e-14
		Round 3: -36.28 AATTAATTTG T:468.0(2.80%),B:947.5(1.87%),P:1e-15
		Round 4: -40.19 AATTAATTTG T:359.0(2.15%),B:665.5(1.32%),P:1e-17
		Round 5: -40.19 AATTAATTTG T:359.0(2.15%),B:665.5(1.32%),P:1e-17
		=Final=: -35.47 AATTAATTTG T:335.0(2.03%),B:646.1(1.27%),P:1e-15
		Performing exhaustive masking of motif...
		Reprioritizing potential motifs...

	Finalizing Enrichment Statistics (new in v3.4)
	Reading input files...
	67610 total sequences read
	Cache length = 11180
	Using binomial scoring
	Checking enrichment of 25 motif(s)
	|0%                                    50%                                  100%|
	=================================================================================
	Output in file: /project/lbarreiro/USERS/ellen/KnightMolecules/demultiplexed/FastQ/15_transcriptionFactorMotifs/dataDriven_commonBaseline//tfMotifOutput_UP_fluni//homerMotifs.motifs10


	Number of Trial motifs (-T) set to 9 (from 10) to work well with 3 CPUs
	-blen automatically set to 2
	Scanning input files...
	Parsing sequences...
	|0%                                   50%                                  100%|
	================================================================================
	Total number of Oligos: 6313375
	Autoadjustment for sequence coverage in background: 0.98x

	Oligos: 6313375 of 8830118 max
	Tree  : 13499564 of 44150590 max
	Optimizing memory usage...
	Cache length = 11180
	Using binomial scoring

	Global Optimization Phase: Looking for enriched oligos with up to 2 mismatches...

	Screening oligos 6313375 (allowing 0 mismatches):
	|0%                                   50%                                  100%|
	================================================================================
		42.20% skipped, 57.80% checked (3649010 of 6313375), of those checked:
		42.20% not in target, 0.00% increased p-value, 0.00% high p-value

	Screening oligos 6313375 (allowing 1 mismatches):
	|0%                                   50%                                  100%|
	================================================================================
		42.20% skipped, 57.80% checked (3649010 of 6313375), of those checked:
		0.00% not in target, 33.66% increased p-value, 38.29% high p-value

	Screening oligos 6313375 (allowing 2 mismatches):
	|0%                                   50%                                  100%|
	================================================================================
		85.42% skipped, 14.58% checked (920181 of 6313375), of those checked:
		0.00% not in target, 11.08% increased p-value, 0.00% high p-value
	Reading input files...
	67610 total sequences read
	Cache length = 11180
	Using binomial scoring

	Local Optimization Phase:
	1 of 25 Initial Sequence: CCACTAGGTGGC... (-160.507)
		Round 1: -240.42 CCACTAGGTGGC T:2614.0(14.64%),B:4926.1(9.35%),P:1e-104
		Round 2: -270.31 CCACYAGGTGGC T:2293.0(12.97%),B:4042.6(7.74%),P:1e-117
		Round 3: -274.94 CCACYAGRTGGC T:2228.0(12.62%),B:3877.5(7.44%),P:1e-119
		Round 4: -282.95 CCACYAGGTGGC T:2003.0(11.43%),B:3347.4(6.45%),P:1e-122
		Round 5: -282.95 CCACYAGGTGGC T:2003.0(11.43%),B:3347.4(6.45%),P:1e-122
		=Final=: -283.45 CCACYAGGTGGC T:1777.0(10.76%),B:3037.0(5.95%),P:1e-123
		Performing exhaustive masking of motif...
		Reprioritizing potential motifs...
	2 of 25 Initial Sequence: GAAGCTCCCCCT... (-51.344)
		Round 1: -51.34 GAAGCTCCCCCT T:21.0(0.13%),B:3.1(0.01%),P:1e-22
		Round 2: -51.34 GAAGCTCCCCCT T:21.0(0.13%),B:3.1(0.01%),P:1e-22
		=Final=: -3.97 GAAGCTCCCCCT T:14965.0(90.65%),B:46033.1(90.17%),P:1e-1
		Performing exhaustive masking of motif...
		Reprioritizing potential motifs...
	3 of 25 Initial Sequence: GTCTCCAGCTGT... (-37.994)
		Round 1: -52.87 GTCTCCAGCTGT T:24.0(0.15%),B:5.0(0.01%),P:1e-22
		Round 2: -52.87 GTCTCCAGCTGT T:24.0(0.15%),B:5.0(0.01%),P:1e-22
		=Final=: -24.51 GTCTCCAGCTGT T:16.0(0.10%),B:5.9(0.01%),P:1e-10
		Performing exhaustive masking of motif...
		Reprioritizing potential motifs...
	4 of 25 Initial Sequence: GGGGGGGGGGGG... (-34.557)
		Round 1: -61.12 GGGGGGGGGGGG T:4527.0(23.98%),B:11533.6(20.53%),P:1e-26
		Round 2: -61.12 GGGGGGGGGGGG T:4527.0(23.98%),B:11533.6(20.53%),P:1e-26
		=Final=: -22.60 GGGGGGGGGGGG T:1259.0(7.63%),B:3263.9(6.39%),P:1e-9
		Performing exhaustive masking of motif...
		Reprioritizing potential motifs...
	5 of 25 Initial Sequence: GACAGTGTAGCC... (-33.635)
		Round 1: -44.89 GACAGTGTAGCC T:16.0(0.10%),B:2.4(0.00%),P:1e-19
		Round 2: -44.89 GACAGTGTAGCC T:16.0(0.10%),B:2.4(0.00%),P:1e-19
		=Final=: -7.50 GACAGTGTAGCC T:5.0(0.03%),B:2.4(0.00%),P:1e-3
		Performing exhaustive masking of motif...
		Reprioritizing potential motifs...
	6 of 25 Initial Sequence: CGGGTGTACTAC... (-33.635)
		Round 1: -48.78 CGGGTGTACTAC T:17.0(0.10%),B:2.9(0.00%),P:1e-21
		Round 2: -48.78 CGGGTGTACTAC T:17.0(0.10%),B:2.9(0.00%),P:1e-21
		=Final=: -30.36 CGGGTGTACTAC T:17.0(0.10%),B:5.0(0.01%),P:1e-13
		Performing exhaustive masking of motif...
		Reprioritizing potential motifs...
	7 of 25 Initial Sequence: CTCCCGATGCAT... (-29.364)
		Round 1: -45.50 CTCCCGATGCAT T:27.0(0.16%),B:7.0(0.01%),P:1e-19
		Round 2: -56.06 CTCCCGATGCAT T:25.0(0.15%),B:4.8(0.01%),P:1e-24
		Round 3: -64.89 CTCCCGATGCAT T:21.0(0.13%),B:2.8(0.00%),P:1e-28
		Round 4: -69.05 CTCSSGWTGCAY T:22.0(0.13%),B:2.8(0.00%),P:1e-29
		Round 5: -69.05 CTCSSGWTGCAY T:22.0(0.13%),B:2.8(0.00%),P:1e-29
		=Final=: -58.69 CTCSSGWTGCAY T:22.0(0.13%),B:2.8(0.01%),P:1e-25
		Performing exhaustive masking of motif...
		Reprioritizing potential motifs...
	8 of 25 Initial Sequence: TAATACAGTTCC... (-26.523)
		Round 1: -48.78 TAATACAGTTCC T:17.0(0.10%),B:2.0(0.00%),P:1e-21
		Round 2: -48.78 TAATACAGTTCC T:17.0(0.10%),B:2.0(0.00%),P:1e-21
		=Final=: -19.92 TAATACAGTTCC T:8.0(0.05%),B:2.0(0.00%),P:1e-8
		Performing exhaustive masking of motif...
		Reprioritizing potential motifs...
	9 of 25 Initial Sequence: TTGGGACAGTGA... (-26.523)
		Round 1: -31.67 TTGGGACAGTGA T:15.0(0.09%),B:3.7(0.01%),P:1e-13
		Round 2: -37.31 TTGGGACAGTGG T:14.0(0.08%),B:2.8(0.00%),P:1e-16
		Round 3: -37.31 TTGGGACAGTGG T:14.0(0.08%),B:2.8(0.00%),P:1e-16
		=Final=: -31.90 TTGGGACAGTGG T:14.0(0.08%),B:2.8(0.01%),P:1e-13
		Performing exhaustive masking of motif...
		Reprioritizing potential motifs...
	10 of 25 Initial Sequence: CATTCCCAGCCT... (-26.523)
		Round 1: -26.52 CATTCCCAGCCT T:11.0(0.07%),B:2.8(0.00%),P:1e-11
		Round 2: -26.52 CATTCCCAGCCT T:11.0(0.07%),B:2.8(0.00%),P:1e-11
		=Final=: -22.89 CATTCCCAGCCT T:11.0(0.07%),B:2.8(0.01%),P:1e-9
		Performing exhaustive masking of motif...
		Reprioritizing potential motifs...
	11 of 25 Initial Sequence: AAGGAAAAGATA... (-25.620)
		Round 1: -32.33 AAGGAAAAGATA T:23.0(0.14%),B:8.0(0.02%),P:1e-14
		Round 2: -34.31 AWGGAAAAGATA T:37.0(0.22%),B:21.2(0.04%),P:1e-14
		Round 3: -35.09 AWGGAAAAGATA T:40.0(0.24%),B:24.2(0.05%),P:1e-15
		Round 4: -35.09 AWGGAAAAGATA T:40.0(0.24%),B:24.2(0.05%),P:1e-15
		=Final=: -35.94 AWGGAAAAGATA T:40.0(0.24%),B:24.2(0.05%),P:1e-15
		Performing exhaustive masking of motif...
		Reprioritizing potential motifs...
	12 of 25 Initial Sequence: CAGGGAGCAAGC... (-25.620)
		Round 1: -26.60 CAGGGAGCAAGC T:18.0(0.11%),B:6.6(0.01%),P:1e-11
		Round 2: -40.98 CAAGGAGCAAGC T:28.0(0.17%),B:9.4(0.02%),P:1e-17
		Round 3: -40.98 CAAGGAGCAAGC T:28.0(0.17%),B:9.4(0.02%),P:1e-17
		=Final=: -40.80 CAAGGAGCAAGC T:28.0(0.17%),B:9.4(0.02%),P:1e-17
		Performing exhaustive masking of motif...
		Reprioritizing potential motifs...
	13 of 25 Initial Sequence: TAATGCCACCAC... (-23.105)
		Round 1: -26.52 TAATGCCACCAC T:11.0(0.07%),B:2.8(0.00%),P:1e-11
		Round 2: -37.31 TATTGCCACCAC T:14.0(0.08%),B:2.8(0.00%),P:1e-16
		Round 3: -37.31 TATTGCCACCAC T:14.0(0.08%),B:2.8(0.00%),P:1e-16
		=Final=: -9.75 TATTGCCACCAC T:6.0(0.04%),B:2.8(0.01%),P:1e-4
		Performing exhaustive masking of motif...
		Reprioritizing potential motifs...
	14 of 25 Initial Sequence: ATTTTGTGCTGA... (-23.105)
		Round 1: -44.89 ATTTTGTGCTGA T:16.0(0.10%),B:2.9(0.00%),P:1e-19
		Round 2: -44.89 ATTTTGTGCTGA T:16.0(0.10%),B:2.9(0.00%),P:1e-19
		=Final=: -41.30 ATTTTGTGCTGA T:14.0(0.08%),B:1.9(0.00%),P:1e-17
		Performing exhaustive masking of motif...
		Reprioritizing potential motifs...
	15 of 25 Initial Sequence: TACGCGGGTTAG... (-23.105)
		Round 1: -35.21 TACGCGGGTTAG T:31.0(0.19%),B:14.6(0.03%),P:1e-15
		Round 2: -35.21 TACGCGGGTTAG T:31.0(0.19%),B:14.6(0.03%),P:1e-15
		=Final=: -35.68 TACGCGGGTTAG T:31.0(0.19%),B:14.6(0.03%),P:1e-15
		Performing exhaustive masking of motif...
		Reprioritizing potential motifs...
	16 of 25 Initial Sequence: ATTTATAAAGAT... (-23.105)
		Round 1: -33.64 ATTTATAAAGAT T:13.0(0.08%),B:2.9(0.00%),P:1e-14
		Round 2: -33.64 ATTTATAAAGAT T:13.0(0.08%),B:2.9(0.00%),P:1e-14
		=Final=: -28.82 ATTTATAAAGAT T:13.0(0.08%),B:2.9(0.01%),P:1e-12
		Performing exhaustive masking of motif...
		Reprioritizing potential motifs...
	17 of 25 Initial Sequence: CACTAGATGGCA... (-21.538)
		Round 1: -36.84 CACTAGATGGCA T:59.0(0.36%),B:48.7(0.10%),P:1e-16
		Round 2: -36.84 CACTAGATGGCA T:59.0(0.36%),B:48.7(0.10%),P:1e-16
		=Final=: -38.02 CACTAGATGGCA T:59.0(0.36%),B:48.7(0.10%),P:1e-16
		Performing exhaustive masking of motif...
		Reprioritizing potential motifs...
	18 of 25 Initial Sequence: AGTGCACGTACT... (-21.201)
		Round 1: -47.93 AGTGCACGTACT T:20.0(0.12%),B:3.9(0.01%),P:1e-20
		Round 2: -47.93 AGTGCACGTACT T:20.0(0.12%),B:3.9(0.01%),P:1e-20
		=Final=: -44.82 AGTGCACGTACT T:24.0(0.15%),B:5.9(0.01%),P:1e-19
		Performing exhaustive masking of motif...
		Reprioritizing potential motifs...
	19 of 25 Initial Sequence: GTTCGTGTGTGA... (-20.942)
		Round 1: -24.79 GTTCGTGTGTGA T:53.0(0.32%),B:54.1(0.11%),P:1e-10
		Round 2: -31.28 GTTCTTGTGTGA T:131.0(0.79%),B:189.8(0.38%),P:1e-13
		Round 3: -41.05 GTTCKTGTGTGA T:83.0(0.50%),B:80.7(0.16%),P:1e-17
		Round 4: -41.05 GTTCKTGTGTGA T:83.0(0.50%),B:80.7(0.16%),P:1e-17
		=Final=: -41.32 GTTCKTGTGTGA T:82.0(0.50%),B:80.7(0.16%),P:1e-17
		Performing exhaustive masking of motif...
		Reprioritizing potential motifs...
	20 of 25 Initial Sequence: AAACTTCACCGC... (-20.736)
		Round 1: -24.52 AAACTTCACCGC T:388.0(2.32%),B:824.7(1.63%),P:1e-10
		Round 2: -33.86 AAACTTCACCGC T:216.0(1.30%),B:363.9(0.72%),P:1e-14
		Round 3: -33.86 AAACTTCACCGC T:216.0(1.30%),B:363.9(0.72%),P:1e-14
		=Final=: -36.10 AAACTTCACCGC T:214.0(1.30%),B:359.8(0.70%),P:1e-15
		Performing exhaustive masking of motif...
		Reprioritizing potential motifs...
	21 of 25 Initial Sequence: TTCTTGACCGGG... (-20.300)
		Round 1: -28.14 TTCTTGACCGGG T:293.0(1.76%),B:568.2(1.13%),P:1e-12
		Round 2: -35.10 TTCTTGACCGGG T:246.0(1.48%),B:426.2(0.85%),P:1e-15
		Round 3: -35.10 TTCTTGACCGGG T:246.0(1.48%),B:426.2(0.85%),P:1e-15
		=Final=: -34.72 TTCTTGACCGGG T:238.0(1.44%),B:420.0(0.82%),P:1e-15
		Performing exhaustive masking of motif...
		Reprioritizing potential motifs...
	22 of 25 Initial Sequence: AGTGGACAGAGG... (-20.205)
		Round 1: -23.81 AGTGGACAGAGG T:18.0(0.11%),B:7.7(0.01%),P:1e-10
		Round 2: -23.81 AGTGGACAGAGG T:18.0(0.11%),B:7.7(0.01%),P:1e-10
		=Final=: -8.98 AGTGGACAGAGG T:10.0(0.06%),B:7.7(0.02%),P:1e-3
		Performing exhaustive masking of motif...
		Reprioritizing potential motifs...
	23 of 25 Initial Sequence: ATGACAGGAGAT... (-19.889)
		Round 1: -25.02 ATGACAGGAGAT T:16.0(0.10%),B:5.6(0.01%),P:1e-10
		Round 2: -25.02 ATGACAGGAGAT T:16.0(0.10%),B:5.6(0.01%),P:1e-10
		=Final=: -13.69 ATGACAGGAGAT T:11.0(0.07%),B:5.6(0.01%),P:1e-5
		Performing exhaustive masking of motif...
		Reprioritizing potential motifs...
	24 of 25 Initial Sequence: TTCTCCAGTAAG... (-19.889)
		Round 1: -26.30 TTCTCCAGTAAG T:15.0(0.09%),B:4.1(0.01%),P:1e-11
		Round 2: -28.30 TGCTCCAGTACG T:20.0(0.12%),B:7.2(0.01%),P:1e-12
		Round 3: -31.45 TGCTCCAGTACG T:20.0(0.12%),B:6.2(0.01%),P:1e-13
		Round 4: -31.45 TGCTCCAGTACG T:20.0(0.12%),B:6.2(0.01%),P:1e-13
		=Final=: -19.77 TGCTCCAGTACG T:15.0(0.09%),B:6.2(0.01%),P:1e-8
		Performing exhaustive masking of motif...
		Reprioritizing potential motifs...
	25 of 25 Initial Sequence: GATGTAATCGCG... (-19.889)
		Round 1: -19.89 GATGTAATCGCG T:11.0(0.07%),B:4.0(0.01%),P:1e-8
		Round 2: -19.89 GATGTAATCGCG T:11.0(0.07%),B:4.0(0.01%),P:1e-8
		=Final=: -18.73 GATGTAATCGCG T:11.0(0.07%),B:4.0(0.01%),P:1e-8
		Performing exhaustive masking of motif...
		Reprioritizing potential motifs...

	Finalizing Enrichment Statistics (new in v3.4)
	Reading input files...
	67610 total sequences read
	Cache length = 11180
	Using binomial scoring
	Checking enrichment of 25 motif(s)
	|0%                                    50%                                  100%|
	=================================================================================
	Output in file: /project/lbarreiro/USERS/ellen/KnightMolecules/demultiplexed/FastQ/15_transcriptionFactorMotifs/dataDriven_commonBaseline//tfMotifOutput_UP_fluni//homerMotifs.motifs12

	(Motifs in homer2 format)
	Determining similar motifs... 75 reduced to 50 motifs
	Outputing HTML and sequence logos for motif comparison...
	Checking de novo motifs against known motifs...
	Formatting HTML page...
		1 of 50 (1e-123) similar to CTCF(Zf)/CD4+-CTCF-ChIP-Seq(Barski_et_al.)/Homer(0.879)
		2 of 50 (1e-33) similar to ZEB2(Zf)/SNU398-ZEB2-ChIP-Seq(GSE103048)/Homer(0.829)
		3 of 50 (1e-23) similar to CTCFL/MA1102.2/Jaspar(0.829)
		4 of 50 (1e-23) similar to HNF4A(var.2)/MA1494.1/Jaspar(0.672)
		5 of 50 (1e-19) similar to IRF1(IRF)/PBMC-IRF1-ChIP-Seq(GSE43036)/Homer(0.765)
		6 of 50 (1e-18) similar to PB0026.1_Gm397_1/Jaspar(0.739)
		7 of 50 (1e-18) similar to GRHL2/MA1105.2/Jaspar(0.773)
		8 of 50 (1e-17) similar to PLAGL2/MA1548.1/Jaspar(0.818)
		9 of 50 (1e-17) similar to Lhx3/MA0135.1/Jaspar(0.805)
		10 of 50 (1e-17) similar to FOXA2/MA0047.3/Jaspar(0.710)
		11 of 50 (1e-16) similar to Mecom/MA0029.1/Jaspar(0.740)
		12 of 50 (1e-15) similar to PB0130.1_Gm397_2/Jaspar(0.673)
		13 of 50 (1e-15) similar to KLF4/MA0039.4/Jaspar(0.720)
		14 of 50 (1e-15) similar to SIX1/MA1118.1/Jaspar(0.632)
		15 of 50 (1e-14) similar to Znf263(Zf)/K562-Znf263-ChIP-Seq(GSE31477)/Homer(0.598)
		16 of 50 (1e-14) similar to RHOXF1/MA0719.1/Jaspar(0.643)
		17 of 50 (1e-13) similar to PB0208.1_Zscan4_2/Jaspar(0.651)
		18 of 50 (1e-13) similar to NR1I3/MA1534.1/Jaspar(0.621)
		19 of 50 (1e-13) similar to PB0170.1_Sox17_2/Jaspar(0.731)
		20 of 50 (1e-13) similar to ZEB2(Zf)/SNU398-ZEB2-ChIP-Seq(GSE103048)/Homer(0.614)
		21 of 50 (1e-12) similar to Ddit3::Cebpa/MA0019.1/Jaspar(0.532)
		22 of 50 (1e-12) similar to PH0037.1_Hdx/Jaspar(0.732)
		23 of 50 (1e-11) similar to Zfp809(Zf)/ES-Zfp809-ChIP-Seq(GSE70799)/Homer(0.625)
		24 of 50 (1e-11) similar to E2F3(E2F)/MEF-E2F3-ChIP-Seq(GSE71376)/Homer(0.697)
		25 of 50 (1e-11) similar to ZNF652/MA1657.1/Jaspar(0.717)
		26 of 50 (1e-10) similar to BARHL2/MA0635.1/Jaspar(0.780)
		27 of 50 (1e-9) similar to HESX1/MA0894.1/Jaspar(0.677)
		28 of 50 (1e-9) similar to BACH1/MA1633.1/Jaspar(0.971)
		29 of 50 (1e-8) similar to PB0154.1_Osr1_2/Jaspar(0.749)
		30 of 50 (1e-8) similar to MYB/MA0100.3/Jaspar(0.649)
		31 of 50 (1e-8) similar to Tcf21(bHLH)/ArterySmoothMuscle-Tcf21-ChIP-Seq(GSE61369)/Homer(0.759)
		32 of 50 (1e-8) similar to ZNF415(Zf)/HEK293-ZNF415.GFP-ChIP-Seq(GSE58341)/Homer(0.617)
		33 of 50 (1e-8) similar to ZNF354C/MA0130.1/Jaspar(0.830)
		34 of 50 (1e-8) similar to Chop(bZIP)/MEF-Chop-ChIP-Seq(GSE35681)/Homer(0.665)
		35 of 50 (1e-7) similar to Arnt:Ahr(bHLH)/MCF7-Arnt-ChIP-Seq(Lo_et_al.)/Homer(0.675)
		36 of 50 (1e-7) similar to PB0129.1_Glis2_2/Jaspar(0.683)
		37 of 50 (1e-7) similar to PB0156.1_Plagl1_2/Jaspar(0.606)
		38 of 50 (1e-7) similar to ZBTB12/MA1649.1/Jaspar(0.611)
		39 of 50 (1e-7) similar to Tcf21/MA0832.1/Jaspar(0.840)
		40 of 50 (1e-6) similar to ZBED1/MA0749.1/Jaspar(0.743)
		41 of 50 (1e-6) similar to MEIS3/MA0775.1/Jaspar(0.704)
		42 of 50 (1e-6) similar to ZNF652/MA1657.1/Jaspar(0.663)
		43 of 50 (1e-6) similar to GFY(?)/Promoter/Homer(0.676)
		44 of 50 (1e-5) similar to DPRX/MA1480.1/Jaspar(0.753)
		45 of 50 (1e-5) similar to Dux/MA0611.1/Jaspar(0.898)
		46 of 50 (1e-5) similar to TEAD(TEA)/Fibroblast-PU.1-ChIP-Seq(Unpublished)/Homer(0.749)
		47 of 50 (1e-4) similar to MEIS2/MA0774.1/Jaspar(0.631)
		48 of 50 (1e-4) similar to SF1(NR)/H295R-Nr5a1-ChIP-Seq(GSE44220)/Homer(0.729)
		49 of 50 (1e-4) similar to ZNF410/MA0752.1/Jaspar(0.692)
		50 of 50 (1e-1) similar to ZSCAN29/MA1602.1/Jaspar(0.677)
	Job finished - if results look good, please send beer to ..

	Cleaning up tmp files...

