
	Position file = /project/lbarreiro/USERS/ellen/KnightMolecules/demultiplexed/FastQ/15_transcriptionFactorMotifs//annotateInput_DOWN_bg.txt
	Genome = mm10
	Output Directory = /project/lbarreiro/USERS/ellen/KnightMolecules/demultiplexed/FastQ/15_transcriptionFactorMotifs//tfMotifOutput_DOWN_bg/
	Fragment size set to 500
	Will use repeat masked sequences
	Using 3 CPUs
	background position file: /project/lbarreiro/USERS/ellen/KnightMolecules/demultiplexed/FastQ/13_mashr//annotateInput.txt
	Found mset for "mouse", will check against vertebrates motifs
	Peak/BED file conversion summary:
		BED/Header formatted lines: 17842
		peakfile formatted lines: 0

	Peak File Statistics:
		Total Peaks: 17842
		Redundant Peak IDs: 0
		Peaks lacking information: 0 (need at least 5 columns per peak)
		Peaks with misformatted coordinates: 0 (should be integer)
		Peaks with misformatted strand: 0 (should be either +/- or 0/1)

	Peak file looks good!

	Peak/BED file conversion summary:
		BED/Header formatted lines: 74314
		peakfile formatted lines: 0
	Max distance to merge: 500 bp
	Calculating co-bound peaks relative to reference: /project/lbarreiro/USERS/ellen/KnightMolecules/demultiplexed/FastQ/15_transcriptionFactorMotifs//tfMotifOutput_DOWN_bg//bg.clean.pos

	Comparing peaks: (peakfile, overlapping peaks, logRatio(obs/expected), logP)
	**	/project/lbarreiro/USERS/ellen/KnightMolecules/demultiplexed/FastQ/15_transcriptionFactorMotifs//tfMotifOutput_DOWN_bg//target.clean..pos	17844	3.29	0.00

	**	Pairwise stats are approx with fixed distance (-d 500) and -cobound #
		They get worse as the size increases and peaks from a single file start overlapping
		To get accurate ones, adjust peak sizes first with adjustPeakFile.pl and
		then rerun mergePeaks with the "-d given" option (only applies to -cobound #)

	Co-bound by 0 peaks: 56470
	Co-bound by 1 peaks: 17844 (max: 17844 effective total)
	Custom genome sequence directory: /project/lbarreiro/USERS/ellen/programs/homer/.//data/genomes/mm10//

	Extracting sequences from directory: /project/lbarreiro/USERS/ellen/programs/homer/.//data/genomes/mm10//
	Extracting 5382 sequences from chr1
	Extracting 5868 sequences from chr2
	Extracting 4084 sequences from chr3
	Extracting 4407 sequences from chr4
	Extracting 4489 sequences from chr5
	Extracting 4281 sequences from chr6
	Extracting 4457 sequences from chr7
	Extracting 3685 sequences from chr8
	Extracting 3850 sequences from chr9
	Extracting 4100 sequences from chr10
	Extracting 4676 sequences from chr11
	Extracting 3152 sequences from chr12
	Extracting 3723 sequences from chr13
	Extracting 2993 sequences from chr14
	Extracting 2979 sequences from chr15
	Extracting 2573 sequences from chr16
	Extracting 3101 sequences from chr17
	Extracting 2417 sequences from chr18
	Extracting 2136 sequences from chr19
	Extracting 1959 sequences from chrX
		6692 of 74312 removed because they had >70.00% Ns (i.e. masked repeats)

	Not removing redundant sequences


	Sequences processed:
		Auto detected maximum sequence length of 501 bp
		67620 total

	Frequency Bins: 0.2 0.25 0.3 0.35 0.4 0.45 0.5 0.6 0.7 0.8
	Freq	Bin	Count
	0.25	1	5
	0.3	2	151
	0.35	3	1403
	0.4	4	6198
	0.45	5	14138
	0.5	6	16974
	0.6	7	19482
	0.7	8	7442
	0.8	9	1824
	10	10	3
	Bin	# Targets	# Background	Background Weight
	1	1	4	0.805
	2	40	111	1.160
	3	345	1058	1.049
	4	1588	4610	1.109
	5	3868	10270	1.212
	6	4807	12167	1.271
	7	4878	14604	1.075
	8	458	6984	0.211
	9	45	1779	0.081
	Normalizing lower order oligos using homer2

	Reading input files...
	67617 total sequences read
	Autonormalization: 1-mers (4 total)
		A	26.29%	26.22%	1.003
		C	23.71%	23.78%	0.997
		G	23.71%	23.78%	0.997
		T	26.29%	26.22%	1.003
	Autonormalization: 2-mers (16 total)
		AA	7.60%	7.57%	1.004
		CA	7.64%	7.60%	1.005
		GA	6.38%	6.41%	0.995
		TA	4.68%	4.64%	1.008
		AC	5.32%	5.39%	0.988
		CC	6.46%	6.44%	1.003
		GC	5.55%	5.54%	1.001
		TC	6.38%	6.41%	0.995
		AG	8.18%	7.97%	1.026
		CG	1.43%	1.77%	0.808
		GG	6.46%	6.44%	1.003
		TG	7.64%	7.60%	1.005
		AT	5.18%	5.28%	0.980
		CT	8.18%	7.97%	1.026
		GT	5.32%	5.39%	0.988
		TT	7.60%	7.57%	1.004
	Autonormalization: 3-mers (64 total)
	Normalization weights can be found in file: /project/lbarreiro/USERS/ellen/KnightMolecules/demultiplexed/FastQ/15_transcriptionFactorMotifs//tfMotifOutput_DOWN_bg//seq.autonorm.tsv
	Converging on autonormalization solution:
	...............................................................................
	Final normalization:	Autonormalization: 1-mers (4 total)
		A	26.29%	26.29%	1.000
		C	23.71%	23.71%	1.000
		G	23.71%	23.71%	1.000
		T	26.29%	26.29%	1.000
	Autonormalization: 2-mers (16 total)
		AA	7.60%	7.58%	1.003
		CA	7.64%	7.65%	0.998
		GA	6.38%	6.40%	0.996
		TA	4.68%	4.65%	1.005
		AC	5.32%	5.35%	0.995
		CC	6.46%	6.45%	1.002
		GC	5.55%	5.51%	1.008
		TC	6.38%	6.40%	0.996
		AG	8.18%	8.13%	1.007
		CG	1.43%	1.48%	0.963
		GG	6.46%	6.45%	1.002
		TG	7.64%	7.65%	0.998
		AT	5.18%	5.23%	0.990
		CT	8.18%	8.13%	1.007
		GT	5.32%	5.35%	0.995
		TT	7.60%	7.58%	1.003
	Autonormalization: 3-mers (64 total)
	Finished preparing sequence/group files

	----------------------------------------------------------
	Known motif enrichment

	Reading input files...
	67617 total sequences read
	440 motifs loaded
	Cache length = 11180
	Using binomial scoring
	Checking enrichment of 440 motif(s)
	|0%                                    50%                                  100%|
	=================================================================================
	Preparing HTML output with sequence logos...
		1 of 440 (1e-419) CTCF(Zf)/CD4+-CTCF-ChIP-Seq(Barski_et_al.)/Homer
		2 of 440 (1e-404) BORIS(Zf)/K562-CTCFL-ChIP-Seq(GSE32465)/Homer
		3 of 440 (1e-25) Mef2b(MADS)/HEK293-Mef2b.V5-ChIP-Seq(GSE67450)/Homer
		4 of 440 (1e-24) Mef2c(MADS)/GM12878-Mef2c-ChIP-Seq(GSE32465)/Homer
		5 of 440 (1e-22) PU.1:IRF8(ETS:IRF)/pDC-Irf8-ChIP-Seq(GSE66899)/Homer
		6 of 440 (1e-20) Ascl1(bHLH)/NeuralTubes-Ascl1-ChIP-Seq(GSE55840)/Homer
		7 of 440 (1e-20) IRF8(IRF)/BMDM-IRF8-ChIP-Seq(GSE77884)/Homer
		8 of 440 (1e-19) Bcl11a(Zf)/HSPC-BCL11A-ChIP-Seq(GSE104676)/Homer
		9 of 440 (1e-16) E2A(bHLH)/proBcell-E2A-ChIP-Seq(GSE21978)/Homer
		10 of 440 (1e-16) CTCF-SatelliteElement(Zf?)/CD4+-CTCF-ChIP-Seq(Barski_et_al.)/Homer
		11 of 440 (1e-15) Ascl2(bHLH)/ESC-Ascl2-ChIP-Seq(GSE97712)/Homer
		12 of 440 (1e-14) Mef2a(MADS)/HL1-Mef2a.biotin-ChIP-Seq(GSE21529)/Homer
		13 of 440 (1e-14) IRF3(IRF)/BMDM-Irf3-ChIP-Seq(GSE67343)/Homer
		14 of 440 (1e-14) Ptf1a(bHLH)/Panc1-Ptf1a-ChIP-Seq(GSE47459)/Homer
		15 of 440 (1e-13) Slug(Zf)/Mesoderm-Snai2-ChIP-Seq(GSE61475)/Homer
		16 of 440 (1e-13) Twist2(bHLH)/Myoblast-Twist2.Ty1-ChIP-Seq(GSE127998)/Homer
		17 of 440 (1e-13) NeuroD1(bHLH)/Islet-NeuroD1-ChIP-Seq(GSE30298)/Homer
		18 of 440 (1e-12) ZEB1(Zf)/PDAC-ZEB1-ChIP-Seq(GSE64557)/Homer
		19 of 440 (1e-12) PU.1-IRF(ETS:IRF)/Bcell-PU.1-ChIP-Seq(GSE21512)/Homer
		20 of 440 (1e-12) HEB(bHLH)/mES-Heb-ChIP-Seq(GSE53233)/Homer
		21 of 440 (1e-11) ETV1(ETS)/GIST48-ETV1-ChIP-Seq(GSE22441)/Homer
		22 of 440 (1e-11) Olig2(bHLH)/Neuron-Olig2-ChIP-Seq(GSE30882)/Homer
		23 of 440 (1e-11) SpiB(ETS)/OCILY3-SPIB-ChIP-Seq(GSE56857)/Homer
		24 of 440 (1e-11) BHLHA15(bHLH)/NIH3T3-BHLHB8.HA-ChIP-Seq(GSE119782)/Homer
		25 of 440 (1e-11) Mef2d(MADS)/Retina-Mef2d-ChIP-Seq(GSE61391)/Homer
		26 of 440 (1e-11) ZBTB18(Zf)/HEK293-ZBTB18.GFP-ChIP-Seq(GSE58341)/Homer
		27 of 440 (1e-10) TCF4(bHLH)/SHSY5Y-TCF4-ChIP-Seq(GSE96915)/Homer
		28 of 440 (1e-10) Atoh1(bHLH)/Cerebellum-Atoh1-ChIP-Seq(GSE22111)/Homer
		29 of 440 (1e-10) ERG(ETS)/VCaP-ERG-ChIP-Seq(GSE14097)/Homer
		30 of 440 (1e-10) E2A(bHLH),near_PU.1/Bcell-PU.1-ChIP-Seq(GSE21512)/Homer
		31 of 440 (1e-10) Fli1(ETS)/CD8-FLI-ChIP-Seq(GSE20898)/Homer
		32 of 440 (1e-10) PU.1(ETS)/ThioMac-PU.1-ChIP-Seq(GSE21512)/Homer
		33 of 440 (1e-9) ETS1(ETS)/Jurkat-ETS1-ChIP-Seq(GSE17954)/Homer
		34 of 440 (1e-9) Snail1(Zf)/LS174T-SNAIL1.HA-ChIP-Seq(GSE127183)/Homer
		35 of 440 (1e-8) HIC1(Zf)/Treg-ZBTB29-ChIP-Seq(GSE99889)/Homer
		36 of 440 (1e-8) Etv2(ETS)/ES-ER71-ChIP-Seq(GSE59402)/Homer
		37 of 440 (1e-8) Erra(NR)/HepG2-Erra-ChIP-Seq(GSE31477)/Homer
		38 of 440 (1e-7) GABPA(ETS)/Jurkat-GABPa-ChIP-Seq(GSE17954)/Homer
		39 of 440 (1e-7) Tcf12(bHLH)/GM12878-Tcf12-ChIP-Seq(GSE32465)/Homer
		40 of 440 (1e-6) Unknown-ESC-element(?)/mES-Nanog-ChIP-Seq(GSE11724)/Homer
		41 of 440 (1e-6) ELF5(ETS)/T47D-ELF5-ChIP-Seq(GSE30407)/Homer
		42 of 440 (1e-6) Zic3(Zf)/mES-Zic3-ChIP-Seq(GSE37889)/Homer
		43 of 440 (1e-6) ETV4(ETS)/HepG2-ETV4-ChIP-Seq(ENCODE)/Homer
		44 of 440 (1e-6) Gata6(Zf)/HUG1N-GATA6-ChIP-Seq(GSE51936)/Homer
		45 of 440 (1e-6) Gata2(Zf)/K562-GATA2-ChIP-Seq(GSE18829)/Homer
		46 of 440 (1e-5) ELF3(ETS)/PDAC-ELF3-ChIP-Seq(GSE64557)/Homer
		47 of 440 (1e-5) EHF(ETS)/LoVo-EHF-ChIP-Seq(GSE49402)/Homer
		48 of 440 (1e-5) Smad4(MAD)/ESC-SMAD4-ChIP-Seq(GSE29422)/Homer
		49 of 440 (1e-5) LRF(Zf)/Erythroblasts-ZBTB7A-ChIP-Seq(GSE74977)/Homer
		50 of 440 (1e-5) Tcf21(bHLH)/ArterySmoothMuscle-Tcf21-ChIP-Seq(GSE61369)/Homer
		51 of 440 (1e-5) Elf4(ETS)/BMDM-Elf4-ChIP-Seq(GSE88699)/Homer
		52 of 440 (1e-5) Zac1(Zf)/Neuro2A-Plagl1-ChIP-Seq(GSE75942)/Homer
		53 of 440 (1e-5) GATA3(Zf)/iTreg-Gata3-ChIP-Seq(GSE20898)/Homer
		54 of 440 (1e-5) PR(NR)/T47D-PR-ChIP-Seq(GSE31130)/Homer
		55 of 440 (1e-5) NeuroG2(bHLH)/Fibroblast-NeuroG2-ChIP-Seq(GSE75910)/Homer
		56 of 440 (1e-5) NF1-halfsite(CTF)/LNCaP-NF1-ChIP-Seq(Unpublished)/Homer
		57 of 440 (1e-5) THRb(NR)/HepG2-THRb.Flag-ChIP-Seq(Encode)/Homer
		58 of 440 (1e-5) Smad3(MAD)/NPC-Smad3-ChIP-Seq(GSE36673)/Homer
		59 of 440 (1e-5) Smad2(MAD)/ES-SMAD2-ChIP-Seq(GSE29422)/Homer
		60 of 440 (1e-5) Gata4(Zf)/Heart-Gata4-ChIP-Seq(GSE35151)/Homer
		61 of 440 (1e-4) Gata1(Zf)/K562-GATA1-ChIP-Seq(GSE18829)/Homer
		62 of 440 (1e-4) ZEB2(Zf)/SNU398-ZEB2-ChIP-Seq(GSE103048)/Homer
		63 of 440 (1e-4) IRF4(IRF)/GM12878-IRF4-ChIP-Seq(GSE32465)/Homer
		64 of 440 (1e-4) EWS:ERG-fusion(ETS)/CADO_ES1-EWS:ERG-ChIP-Seq(SRA014231)/Homer
		65 of 440 (1e-4) AR-halfsite(NR)/LNCaP-AR-ChIP-Seq(GSE27824)/Homer
		66 of 440 (1e-4) IRF1(IRF)/PBMC-IRF1-ChIP-Seq(GSE43036)/Homer
		67 of 440 (1e-3) Ets1-distal(ETS)/CD4+-PolII-ChIP-Seq(Barski_et_al.)/Homer
		68 of 440 (1e-3) Sox9(HMG)/Limb-SOX9-ChIP-Seq(GSE73225)/Homer
		69 of 440 (1e-3) Foxf1(Forkhead)/Lung-Foxf1-ChIP-Seq(GSE77951)/Homer
		70 of 440 (1e-3) MafF(bZIP)/HepG2-MafF-ChIP-Seq(GSE31477)/Homer
		71 of 440 (1e-3) GRE(NR),IR3/A549-GR-ChIP-Seq(GSE32465)/Homer
		72 of 440 (1e-3) Hoxd12(Homeobox)/ChickenMSG-Hoxd12.Flag-ChIP-Seq(GSE86088)/Homer
		73 of 440 (1e-3) ETS:RUNX(ETS,Runt)/Jurkat-RUNX1-ChIP-Seq(GSE17954)/Homer
		74 of 440 (1e-3) GLIS3(Zf)/Thyroid-Glis3.GFP-ChIP-Seq(GSE103297)/Homer
		75 of 440 (1e-3) IRF2(IRF)/Erythroblas-IRF2-ChIP-Seq(GSE36985)/Homer
		76 of 440 (1e-3) Zic2(Zf)/ESC-Zic2-ChIP-Seq(SRP197560)/Homer
		77 of 440 (1e-2) Sox15(HMG)/CPA-Sox15-ChIP-Seq(GSE62909)/Homer
		78 of 440 (1e-2) ZNF189(Zf)/HEK293-ZNF189.GFP-ChIP-Seq(GSE58341)/Homer
		79 of 440 (1e-2) Myf5(bHLH)/GM-Myf5-ChIP-Seq(GSE24852)/Homer
		80 of 440 (1e-2) ETS:E-box(ETS,bHLH)/HPC7-Scl-ChIP-Seq(GSE22178)/Homer
		81 of 440 (1e-2) Twist(bHLH)/HMLE-TWIST1-ChIP-Seq(Chang_et_al)/Homer
		82 of 440 (1e-2) FOXK1(Forkhead)/HEK293-FOXK1-ChIP-Seq(GSE51673)/Homer
		83 of 440 (1e-2) RUNX(Runt)/HPC7-Runx1-ChIP-Seq(GSE22178)/Homer
		84 of 440 (1e-2) PRDM1(Zf)/Hela-PRDM1-ChIP-Seq(GSE31477)/Homer
		85 of 440 (1e-2) Sox2(HMG)/mES-Sox2-ChIP-Seq(GSE11431)/Homer
		86 of 440 (1e-2) TATA-Box(TBP)/Promoter/Homer
		87 of 440 (1e-2) Zic(Zf)/Cerebellum-ZIC1.2-ChIP-Seq(GSE60731)/Homer
		88 of 440 (1e-2) RUNX-AML(Runt)/CD4+-PolII-ChIP-Seq(Barski_et_al.)/Homer
		89 of 440 (1e-2) ZNF416(Zf)/HEK293-ZNF416.GFP-ChIP-Seq(GSE58341)/Homer
		90 of 440 (1e-2) SCL(bHLH)/HPC7-Scl-ChIP-Seq(GSE13511)/Homer
		91 of 440 (1e-2) EWS:FLI1-fusion(ETS)/SK_N_MC-EWS:FLI1-ChIP-Seq(SRA014231)/Homer
		92 of 440 (1e-2) SPDEF(ETS)/VCaP-SPDEF-ChIP-Seq(SRA014231)/Homer
		93 of 440 (1e-2) ARE(NR)/LNCAP-AR-ChIP-Seq(GSE27824)/Homer
		94 of 440 (1e-2) Foxa2(Forkhead)/Liver-Foxa2-ChIP-Seq(GSE25694)/Homer
		95 of 440 (1e-2) PRDM9(Zf)/Testis-DMC1-ChIP-Seq(GSE35498)/Homer
		96 of 440 (1e-2) RUNX1(Runt)/Jurkat-RUNX1-ChIP-Seq(GSE29180)/Homer
	----------------------------------------------------------
	De novo motif finding (HOMER)

	Number of Trial motifs (-T) set to 9 (from 10) to work well with 3 CPUs
	Scanning input files...
	Parsing sequences...
	|0%                                   50%                                  100%|
	================================================================================
	Total number of Oligos: 32896
	Autoadjustment for sequence coverage in background: 0.99x

	Oligos: 32896 of 34497 max
	Tree  : 67084 of 172485 max
	Optimizing memory usage...
	Cache length = 11180
	Using binomial scoring

	Global Optimization Phase: Looking for enriched oligos with up to 2 mismatches...

	Screening oligos 32896 (allowing 0 mismatches):
	|0%                                   50%                                  100%|
	================================================================================
		0.01% skipped, 99.99% checked (32893 of 32896), of those checked:
		0.01% not in target, 0.00% increased p-value, 0.00% high p-value

	Screening oligos 32896 (allowing 1 mismatches):
	|0%                                   50%                                  100%|
	================================================================================
		0.01% skipped, 99.99% checked (32893 of 32896), of those checked:
		0.00% not in target, 48.21% increased p-value, 49.77% high p-value

	Screening oligos 32896 (allowing 2 mismatches):
	|0%                                   50%                                  100%|
	================================================================================
		66.27% skipped, 33.73% checked (11097 of 32896), of those checked:
		0.00% not in target, 29.76% increased p-value, 0.00% high p-value
	Reading input files...
	67617 total sequences read
	Cache length = 11180
	Using binomial scoring

	Local Optimization Phase:
	1 of 25 Initial Sequence: CGCCACCT... (-98.251)
		Round 1: -259.17 YGCCCYCT T:4496.0(24.46%),B:9845.8(17.37%),P:1e-112
		Round 2: -259.17 YGCCCYCT T:4496.0(24.46%),B:9845.8(17.37%),P:1e-112
		=Final=: -301.51 YGCCCYCT T:3949.0(24.64%),B:8830.2(17.02%),P:1e-130
		Performing exhaustive masking of motif...
		Reprioritizing potential motifs...
	2 of 25 Initial Sequence: ACCTGCAG... (-41.127)
		Round 1: -53.35 ACCTGCAG T:6341.0(32.67%),B:17697.0(29.04%),P:1e-23
		Round 2: -53.35 ACCTGCAG T:6341.0(32.67%),B:17697.0(29.04%),P:1e-23
		=Final=: -53.93 ACCTGCAG T:4725.0(29.48%),B:13459.7(25.94%),P:1e-23
		Performing exhaustive masking of motif...
		Reprioritizing potential motifs...
	3 of 25 Initial Sequence: GTCTGGAC... (-31.386)
		Round 1: -45.12 GTCTGGAC T:4378.0(23.90%),B:12100.6(20.91%),P:1e-19
		Round 2: -47.21 GTCTGSAC T:7817.0(38.59%),B:22246.0(35.03%),P:1e-20
		Round 3: -47.21 GTCTGSAC T:7817.0(38.59%),B:22246.0(35.03%),P:1e-20
		=Final=: -52.61 GTCTGSAC T:6054.0(37.77%),B:17649.9(34.02%),P:1e-22
		Performing exhaustive masking of motif...
		Reprioritizing potential motifs...
	4 of 25 Initial Sequence: TATTTTTA... (-27.453)
		Round 1: -64.82 TATTTTTA T:4631.0(25.09%),B:12440.2(21.43%),P:1e-28
		Round 2: -64.82 TATTTTTA T:4631.0(25.09%),B:12440.2(21.43%),P:1e-28
		=Final=: -61.07 TATTTTTA T:3745.0(23.36%),B:10326.2(19.90%),P:1e-26
		Performing exhaustive masking of motif...
		Reprioritizing potential motifs...
	5 of 25 Initial Sequence: TGGAGATA... (-26.445)
		Round 1: -41.51 TGGAGATA T:4434.0(24.17%),B:12345.6(21.28%),P:1e-18
		Round 2: -42.44 TGBAGATA T:4436.0(24.17%),B:12332.6(21.26%),P:1e-18
		Round 3: -42.48 TGRRGATC T:7349.0(36.77%),B:21001.8(33.44%),P:1e-18
		Round 4: -44.48 TGRRGATM T:8388.0(40.74%),B:24040.3(37.25%),P:1e-19
		Round 5: -44.48 TGRRGATM T:8388.0(40.74%),B:24040.3(37.25%),P:1e-19
		=Final=: -52.94 TGRRGATM T:8270.0(51.59%),B:24725.4(47.65%),P:1e-22
		Performing exhaustive masking of motif...
		Reprioritizing potential motifs...
	6 of 25 Initial Sequence: TCTGGCCA... (-21.572)
		Round 1: -47.14 TCTGGCCA T:7856.0(38.74%),B:22364.7(35.18%),P:1e-20
		Round 2: -54.92 KCTGGCCA T:7537.0(37.51%),B:21188.2(33.68%),P:1e-23
		Round 3: -54.92 KCTGGCCA T:7537.0(37.51%),B:21188.2(33.68%),P:1e-23
		=Final=: -28.91 KCTGGCCA T:4876.0(30.42%),B:14445.2(27.84%),P:1e-12
		Performing exhaustive masking of motif...
		Reprioritizing potential motifs...
	7 of 25 Initial Sequence: TTCCTTCC... (-20.498)
		Round 1: -29.45 TTCCTTCC T:3403.0(19.13%),B:9571.2(16.93%),P:1e-12
		Round 2: -29.45 TTCCTTCC T:3403.0(19.13%),B:9571.2(16.93%),P:1e-12
		=Final=: -32.78 TTCCTTCC T:3243.0(20.23%),B:9264.6(17.86%),P:1e-14
		Performing exhaustive masking of motif...
		Reprioritizing potential motifs...
	8 of 25 Initial Sequence: TTTCACTT... (-20.374)
		Round 1: -29.54 TTTCACTT T:3401.0(19.12%),B:9561.7(16.92%),P:1e-12
		Round 2: -33.36 TTTCATTT T:5912.0(30.85%),B:16983.3(28.05%),P:1e-14
		Round 3: -33.49 TTTMATTY T:5078.0(27.15%),B:14475.7(24.47%),P:1e-14
		Round 4: -33.49 TTTMATTY T:5078.0(27.15%),B:14475.7(24.47%),P:1e-14
		=Final=: -27.08 TTTMATTY T:4021.0(25.08%),B:11805.9(22.75%),P:1e-11
		Performing exhaustive masking of motif...
		Reprioritizing potential motifs...
	9 of 25 Initial Sequence: GGTTCCTC... (-19.933)
		Round 1: -32.65 GGTTCCTC T:6708.0(34.20%),B:19403.1(31.35%),P:1e-14
		Round 2: -42.83 GGTWCCTC T:7835.0(38.66%),B:22440.9(35.27%),P:1e-18
		Round 3: -57.68 GGTACCAC T:4957.0(26.60%),B:13526.9(23.06%),P:1e-25
		Round 4: -61.74 GGTACCAC T:5339.0(28.33%),B:14561.8(24.59%),P:1e-26
		Round 5: -61.74 GGTACCAC T:5339.0(28.33%),B:14561.8(24.59%),P:1e-26
		=Final=: -61.25 GGTACCAC T:6443.0(40.19%),B:18719.7(36.08%),P:1e-26
		Performing exhaustive masking of motif...
		Reprioritizing potential motifs...
	10 of 25 Initial Sequence: GTGGTCCA... (-17.922)
		Round 1: -28.42 GTGGTCCA T:2480.0(14.33%),B:6846.6(12.43%),P:1e-12
		Round 2: -28.42 GTGGTCCA T:2480.0(14.33%),B:6846.6(12.43%),P:1e-12
		=Final=: -25.86 GTGGTCCA T:2164.0(13.50%),B:6090.1(11.74%),P:1e-11
		Performing exhaustive masking of motif...
		Reprioritizing potential motifs...
	11 of 25 Initial Sequence: GCATCTGC... (-17.176)
		Round 1: -36.26 GCATCTGC T:3643.0(20.33%),B:10122.7(17.82%),P:1e-15
		Round 2: -36.26 GCATCTGC T:3643.0(20.33%),B:10122.7(17.82%),P:1e-15
		=Final=: -42.11 GCATCTGC T:3202.0(19.98%),B:8968.5(17.28%),P:1e-18
		Performing exhaustive masking of motif...
		Reprioritizing potential motifs...
	12 of 25 Initial Sequence: CTGCTATA... (-15.972)
		Round 1: -15.97 CTGCTATA T:205.0(1.27%),B:446.1(0.86%),P:1e-6
		Round 2: -15.97 CTGCTATA T:205.0(1.27%),B:446.1(0.86%),P:1e-6
		=Final=: -15.76 CTGCTATA T:200.0(1.25%),B:440.5(0.85%),P:1e-6
		Performing exhaustive masking of motif...
		Reprioritizing potential motifs...
	13 of 25 Initial Sequence: GTAGAGAC... (-15.769)
		Round 1: -27.07 GTAGAGAC T:7725.0(38.24%),B:22694.8(35.59%),P:1e-11
		Round 2: -27.07 GTAGAGAC T:7725.0(38.24%),B:22694.8(35.59%),P:1e-11
		=Final=: -29.45 GTAGAGAC T:6035.0(37.65%),B:18102.4(34.89%),P:1e-12
		Performing exhaustive masking of motif...
		Reprioritizing potential motifs...
	14 of 25 Initial Sequence: AGATGTGC... (-14.439)
		Round 1: -31.08 AGATGTGC T:2535.0(14.63%),B:6955.6(12.61%),P:1e-13
		Round 2: -31.08 AGATGTGC T:2535.0(14.63%),B:6955.6(12.61%),P:1e-13
		=Final=: -35.19 AGATGTGC T:2334.0(14.56%),B:6444.7(12.42%),P:1e-15
		Performing exhaustive masking of motif...
		Reprioritizing potential motifs...
	15 of 25 Initial Sequence: GTTCGTGC... (-12.994)
		Round 1: -13.25 GTTCGTGC T:85.0(0.53%),B:156.4(0.30%),P:1e-5
		Round 2: -16.05 GGTCSAGC T:363.0(2.24%),B:874.5(1.68%),P:1e-6
		Round 3: -24.59 GGTCKAKY T:754.0(4.59%),B:1881.3(3.58%),P:1e-10
		Round 4: -26.56 GGTCTAGY T:597.0(3.66%),B:1425.9(2.72%),P:1e-11
		Round 5: -26.56 GGTCTAGY T:597.0(3.66%),B:1425.9(2.72%),P:1e-11
		=Final=: -27.85 GGTCTAGY T:584.0(3.64%),B:1396.5(2.69%),P:1e-12
		Performing exhaustive masking of motif...
		Reprioritizing potential motifs...
	16 of 25 Initial Sequence: GGAGGCCT... (-12.988)
		Round 1: -22.42 GGAGGCCT T:1992.0(11.69%),B:5525.9(10.16%),P:1e-9
		Round 2: -23.81 GCAGGCCT T:3312.0(18.67%),B:9442.9(16.72%),P:1e-10
		Round 3: -23.81 GCAGGCCT T:3312.0(18.67%),B:9442.9(16.72%),P:1e-10
		=Final=: -22.16 GCAGGCCT T:2823.0(17.61%),B:8192.5(15.79%),P:1e-9
		Performing exhaustive masking of motif...
		Reprioritizing potential motifs...
	17 of 25 Initial Sequence: AGGTTCAA... (-12.741)
		Round 1: -19.95 AGGTTCAA T:6090.0(31.61%),B:18014.3(29.47%),P:1e-8
		Round 2: -21.07 AGGTTCAA T:7300.0(36.58%),B:21666.7(34.29%),P:1e-9
		Round 3: -25.09 AGGTTCAA T:8071.0(39.56%),B:23836.9(37.00%),P:1e-10
		Round 4: -25.09 AGGTTCAA T:8071.0(39.56%),B:23836.9(37.00%),P:1e-10
		=Final=: -30.63 AGGTTCAA T:6282.0(39.19%),B:18858.7(36.35%),P:1e-13
		Performing exhaustive masking of motif...
		Reprioritizing potential motifs...
	18 of 25 Initial Sequence: GTCCACCA... (-12.240)
		Round 1: -17.99 GTCCACCA T:469.0(2.88%),B:1152.9(2.21%),P:1e-7
		Round 2: -20.32 GTACACTA T:487.0(2.99%),B:1178.9(2.26%),P:1e-8
		Round 3: -20.32 GTACACTA T:487.0(2.99%),B:1178.9(2.26%),P:1e-8
		=Final=: -22.42 GTACACTA T:2401.0(14.98%),B:6884.9(13.27%),P:1e-9
		Performing exhaustive masking of motif...
		Reprioritizing potential motifs...
	19 of 25 Initial Sequence: TCCTGTTC... (-12.387)
		Round 1: -24.14 TCCTGTTC T:5965.0(31.07%),B:17466.0(28.72%),P:1e-10
		Round 2: -24.14 TCCTGTTC T:5965.0(31.07%),B:17466.0(28.72%),P:1e-10
		=Final=: -29.74 TCCTGTTC T:4892.0(30.52%),B:14475.5(27.90%),P:1e-12
		Performing exhaustive masking of motif...
		Reprioritizing potential motifs...
	20 of 25 Initial Sequence: TTTAGTTG... (-11.010)
		Round 1: -16.07 TTTAGTTG T:558.0(3.42%),B:1425.9(2.72%),P:1e-6
		Round 2: -16.07 TTTAGTTG T:558.0(3.42%),B:1425.9(2.72%),P:1e-6
		=Final=: -18.04 TTTAGTTG T:551.0(3.44%),B:1399.9(2.70%),P:1e-7
		Performing exhaustive masking of motif...
		Reprioritizing potential motifs...
	21 of 25 Initial Sequence: GTCAAATA... (-10.803)
		Round 1: -11.44 GTCAAATA T:439.0(2.70%),B:1143.8(2.19%),P:1e-4
		Round 2: -12.09 GTCWAAGA T:867.0(5.27%),B:2386.3(4.52%),P:1e-5
		Round 3: -16.46 GTCTAAGA T:1322.0(7.92%),B:3653.7(6.84%),P:1e-7
		Round 4: -16.77 GTTTAAGA T:2339.0(13.58%),B:6699.3(12.18%),P:1e-7
		Round 5: -16.77 GTTTAAGA T:2339.0(13.58%),B:6699.3(12.18%),P:1e-7
		=Final=: -13.18 GTTTAAGA T:2071.0(12.92%),B:6084.8(11.73%),P:1e-5
		Performing exhaustive masking of motif...
		Reprioritizing potential motifs...
	22 of 25 Initial Sequence: CCAAATTC... (-10.724)
		Round 1: -16.33 CCAAATTC T:792.0(4.82%),B:2095.1(3.98%),P:1e-7
		Round 2: -21.09 CCAAATTW T:1242.0(7.46%),B:3336.6(6.26%),P:1e-9
		Round 3: -21.09 CCAAATTW T:1242.0(7.46%),B:3336.6(6.26%),P:1e-9
		=Final=: -21.05 CCAAATTW T:1544.0(9.63%),B:4297.6(8.28%),P:1e-9
		Performing exhaustive masking of motif...
		Reprioritizing potential motifs...
	23 of 25 Initial Sequence: GTGTGAAC... (-10.910)
		Round 1: -17.77 GTGTGAAC T:4933.0(26.49%),B:14568.9(24.60%),P:1e-7
		Round 2: -21.80 GYGTGAAC T:6590.0(33.71%),B:19464.0(31.43%),P:1e-9
		Round 3: -24.26 RTGTGAAC T:4656.0(25.21%),B:13485.0(23.00%),P:1e-10
		Round 4: -24.26 RTGTGAAC T:4656.0(25.21%),B:13485.0(23.00%),P:1e-10
		=Final=: -20.89 RTGTGAAC T:3931.0(24.52%),B:11681.6(22.51%),P:1e-9
		Performing exhaustive masking of motif...
		Reprioritizing potential motifs...
	24 of 25 Initial Sequence: TGAACGGA... (-14.893)
		Round 1: -19.12 TGAACGGA T:146.0(0.91%),B:279.3(0.54%),P:1e-8
		Round 2: -19.36 TGGACGGA T:252.0(1.56%),B:549.4(1.06%),P:1e-8
		Round 3: -19.36 TGGACGGA T:252.0(1.56%),B:549.4(1.06%),P:1e-8
		=Final=: -19.48 TGGACGGA T:248.0(1.55%),B:543.8(1.05%),P:1e-8
		Performing exhaustive masking of motif...
		Reprioritizing potential motifs...
	25 of 25 Initial Sequence: TGGGCCCC... (-10.966)
		Round 1: -25.31 TGGGCCCC T:7268.0(36.45%),B:21380.8(33.93%),P:1e-10
		Round 2: -25.31 TGGGCCCC T:7268.0(36.45%),B:21380.8(33.93%),P:1e-10
		=Final=: -21.12 TGGGCCCC T:4884.0(30.47%),B:14680.1(28.29%),P:1e-9
		Performing exhaustive masking of motif...
		Reprioritizing potential motifs...

	Finalizing Enrichment Statistics (new in v3.4)
	Reading input files...
	67617 total sequences read
	Cache length = 11180
	Using binomial scoring
	Checking enrichment of 25 motif(s)
	|0%                                    50%                                  100%|
	=================================================================================
	Output in file: /project/lbarreiro/USERS/ellen/KnightMolecules/demultiplexed/FastQ/15_transcriptionFactorMotifs//tfMotifOutput_DOWN_bg//homerMotifs.motifs8


	Number of Trial motifs (-T) set to 9 (from 10) to work well with 3 CPUs
	Scanning input files...
	Parsing sequences...
	|0%                                   50%                                  100%|
	================================================================================
	Total number of Oligos: 523645
	Autoadjustment for sequence coverage in background: 0.99x

	Oligos: 523645 of 551887 max
	Tree  : 1069648 of 2759435 max
	Optimizing memory usage...
	Cache length = 11180
	Using binomial scoring

	Global Optimization Phase: Looking for enriched oligos with up to 2 mismatches...

	Screening oligos 523645 (allowing 0 mismatches):
	|0%                                   50%                                  100%|
	================================================================================
		6.98% skipped, 93.02% checked (487105 of 523645), of those checked:
		6.98% not in target, 0.00% increased p-value, 0.00% high p-value

	Screening oligos 523645 (allowing 1 mismatches):
	|0%                                   50%                                  100%|
	================================================================================
		6.98% skipped, 93.02% checked (487105 of 523645), of those checked:
		0.00% not in target, 42.33% increased p-value, 52.68% high p-value

	Screening oligos 523645 (allowing 2 mismatches):
	|0%                                   50%                                  100%|
	================================================================================
		74.03% skipped, 25.97% checked (135994 of 523645), of those checked:
		0.00% not in target, 14.27% increased p-value, 0.00% high p-value
	Reading input files...
	67617 total sequences read
	Cache length = 11180
	Using binomial scoring

	Local Optimization Phase:
	1 of 25 Initial Sequence: CACTAGGGGG... (-212.148)
		Round 1: -451.15 CACTAGGGGG T:3197.0(18.08%),B:5575.0(10.24%),P:1e-195
		Round 2: -484.79 CACTAGGKGG T:3243.0(18.32%),B:5541.8(10.19%),P:1e-210
		Round 3: -484.79 CACTAGGKGG T:3243.0(18.32%),B:5541.8(10.19%),P:1e-210
		=Final=: -545.31 CACTAGGKGG T:3020.0(18.84%),B:5278.5(10.17%),P:1e-236
		Performing exhaustive masking of motif...
		Reprioritizing potential motifs...
	2 of 25 Initial Sequence: GAAGTGAAAC... (-51.232)
		Round 1: -75.01 GAAGTGAAAC T:1314.0(7.87%),B:2957.1(5.57%),P:1e-32
		Round 2: -75.01 GAAGTGAAAC T:1314.0(7.87%),B:2957.1(5.57%),P:1e-32
		=Final=: -77.34 GAAGTGAAAC T:1272.0(7.94%),B:2903.5(5.60%),P:1e-33
		Performing exhaustive masking of motif...
		Reprioritizing potential motifs...
	3 of 25 Initial Sequence: CAGGTGGCGC... (-41.261)
		Round 1: -60.88 CAGGTGGCGC T:560.0(3.43%),B:1097.5(2.10%),P:1e-26
		Round 2: -63.21 YAGGKGGCGC T:424.0(2.61%),B:757.5(1.46%),P:1e-27
		Round 3: -63.21 YAGGKGGCGC T:424.0(2.61%),B:757.5(1.46%),P:1e-27
		=Final=: -58.00 YAGGKGGCGC T:241.0(1.50%),B:366.1(0.71%),P:1e-25
		Performing exhaustive masking of motif...
		Reprioritizing potential motifs...
	4 of 25 Initial Sequence: GCATCTGCAC... (-38.426)
		Round 1: -57.18 GCATCTGCAC T:4866.0(26.18%),B:13269.2(22.68%),P:1e-24
		Round 2: -73.15 GCATCTGCAB T:5268.0(28.01%),B:14125.8(23.95%),P:1e-31
		Round 3: -75.97 VCATCTGCAN T:6612.0(33.80%),B:17962.0(29.40%),P:1e-32
		Round 4: -76.52 RCATCTGCAN T:4971.0(26.66%),B:13206.6(22.59%),P:1e-33
		Round 5: -76.52 RCATCTGCAN T:4971.0(26.66%),B:13206.6(22.59%),P:1e-33
		=Final=: -77.38 RCATCTGCAN T:4067.0(25.37%),B:11077.8(21.35%),P:1e-33
		Performing exhaustive masking of motif...
		Reprioritizing potential motifs...
	5 of 25 Initial Sequence: GTCCAGACTG... (-31.810)
		Round 1: -48.89 GTCCAGACTG T:4414.0(24.07%),B:12120.2(20.94%),P:1e-21
		Round 2: -48.89 GTCCAGACTG T:4414.0(24.07%),B:12120.2(20.94%),P:1e-21
		=Final=: -51.86 GTCCAGACTG T:2228.0(13.90%),B:5889.3(11.35%),P:1e-22
		Performing exhaustive masking of motif...
		Reprioritizing potential motifs...
	6 of 25 Initial Sequence: CATTTTCGGT... (-30.646)
		Round 1: -30.65 CATTTTCGGT T:12.0(0.07%),B:2.9(0.00%),P:1e-13
		Round 2: -30.65 CATTTTCGGT T:12.0(0.07%),B:2.9(0.00%),P:1e-13
		=Final=: -26.34 CATTTTCGGT T:12.0(0.07%),B:2.9(0.01%),P:1e-11
		Performing exhaustive masking of motif...
		Reprioritizing potential motifs...
	7 of 25 Initial Sequence: CTAAAAATAG... (-29.734)
		Round 1: -58.08 CTAAAAATAG T:3379.0(19.01%),B:8933.2(15.90%),P:1e-25
		Round 2: -58.08 CTAAAAATAG T:3379.0(19.01%),B:8933.2(15.90%),P:1e-25
		=Final=: -49.27 CTAAAAATAG T:2363.0(14.74%),B:6324.5(12.19%),P:1e-21
		Performing exhaustive masking of motif...
		Reprioritizing potential motifs...
	8 of 25 Initial Sequence: TGCAGGTCTA... (-27.199)
		Round 1: -43.32 TGCAGGTCTA T:2091.0(12.23%),B:5454.4(10.03%),P:1e-18
		Round 2: -43.32 TGCAGGTCTA T:2091.0(12.23%),B:5454.4(10.03%),P:1e-18
		=Final=: -42.37 TGCAGGTCTA T:1934.0(12.06%),B:5141.0(9.91%),P:1e-18
		Performing exhaustive masking of motif...
		Reprioritizing potential motifs...
	9 of 25 Initial Sequence: CTGTGCACCA... (-26.101)
		Round 1: -46.76 CTGTGCACCA T:3470.0(19.46%),B:9398.3(16.66%),P:1e-20
		Round 2: -46.76 CTGTGCACCA T:3470.0(19.46%),B:9398.3(16.66%),P:1e-20
		=Final=: -48.35 CTGTGCACCA T:2812.0(17.54%),B:7684.3(14.81%),P:1e-20
		Performing exhaustive masking of motif...
		Reprioritizing potential motifs...
	10 of 25 Initial Sequence: AGAGGTACCT... (-24.485)
		Round 1: -33.17 AGAGGTACCT T:5648.0(29.70%),B:16193.1(26.94%),P:1e-14
		Round 2: -33.17 AGAGGTACCT T:5648.0(29.70%),B:16193.1(26.94%),P:1e-14
		=Final=: -35.67 AGAGGTACCT T:4366.0(27.24%),B:12690.8(24.46%),P:1e-15
		Performing exhaustive masking of motif...
		Reprioritizing potential motifs...
	11 of 25 Initial Sequence: TTTAGCTGAA... (-22.608)
		Round 1: -34.14 TTTAGCTGAA T:4581.0(24.86%),B:12966.8(22.23%),P:1e-14
		Round 2: -34.14 TTTAGCTGAA T:4581.0(24.86%),B:12966.8(22.23%),P:1e-14
		=Final=: -31.25 TTTAGCTGAA T:2988.0(18.64%),B:8509.4(16.40%),P:1e-13
		Performing exhaustive masking of motif...
		Reprioritizing potential motifs...
	12 of 25 Initial Sequence: AGTTCTGCTT... (-20.932)
		Round 1: -39.37 AGTTCTGCTT T:2984.0(16.99%),B:8113.6(14.55%),P:1e-17
		Round 2: -39.37 AGTTCTGCTT T:2984.0(16.99%),B:8113.6(14.55%),P:1e-17
		=Final=: -44.79 AGTTCTGCTT T:2621.0(16.35%),B:7161.1(13.80%),P:1e-19
		Performing exhaustive masking of motif...
		Reprioritizing potential motifs...
	13 of 25 Initial Sequence: AGGAAGGAAC... (-20.435)
		Round 1: -35.39 AGGAAGGAAC T:2421.0(14.02%),B:6540.2(11.91%),P:1e-15
		Round 2: -35.39 AGGAAGGAAC T:2421.0(14.02%),B:6540.2(11.91%),P:1e-15
		=Final=: -38.12 AGGAAGGAAC T:2422.0(15.11%),B:6663.1(12.84%),P:1e-16
		Performing exhaustive masking of motif...
		Reprioritizing potential motifs...
	14 of 25 Initial Sequence: CGATTAGCAG... (-20.232)
		Round 1: -27.05 CGATTAGCAG T:15.0(0.09%),B:4.3(0.01%),P:1e-11
		Round 2: -27.08 CGATTAGSAG T:11.0(0.07%),B:2.8(0.00%),P:1e-11
		Round 3: -27.08 CGATTAGSAG T:11.0(0.07%),B:2.8(0.00%),P:1e-11
		=Final=: -20.48 CGATTAGSAG T:10.0(0.06%),B:2.8(0.01%),P:1e-8
		Performing exhaustive masking of motif...
		Reprioritizing potential motifs...
	15 of 25 Initial Sequence: CGTCAAGATT... (-20.232)
		Round 1: -20.23 CGTCAAGATT T:9.0(0.06%),B:1.3(0.00%),P:1e-8
		Round 2: -20.23 CGTCAAGATT T:9.0(0.06%),B:1.3(0.00%),P:1e-8
		=Final=: -23.65 CGTCAAGATT T:9.0(0.06%),B:1.3(0.00%),P:1e-10
		Performing exhaustive masking of motif...
		Reprioritizing potential motifs...
	16 of 25 Initial Sequence: GCTCAATTGA... (-20.232)
		Round 1: -20.23 GCTCAATTGA T:9.0(0.06%),B:2.3(0.00%),P:1e-8
		Round 2: -20.23 GCTCAATTGA T:9.0(0.06%),B:2.3(0.00%),P:1e-8
		=Final=: -15.01 GCTCAATTGA T:8.0(0.05%),B:2.3(0.00%),P:1e-6
		Performing exhaustive masking of motif...
		Reprioritizing potential motifs...
	17 of 25 Initial Sequence: TCCAAATTCA... (-20.006)
		Round 1: -28.44 TCCAAATTCA T:2640.0(15.18%),B:7321.3(13.23%),P:1e-12
		Round 2: -28.44 TCCAAATTCA T:2640.0(15.18%),B:7321.3(13.23%),P:1e-12
		=Final=: -30.99 TCCAAATTCA T:819.0(5.11%),B:2028.8(3.91%),P:1e-13
		Performing exhaustive masking of motif...
		Reprioritizing potential motifs...
	18 of 25 Initial Sequence: TCCGTCTGTT... (-19.128)
		Round 1: -20.47 TCCGTCTGTT T:15.0(0.09%),B:6.6(0.01%),P:1e-8
		Round 2: -20.47 TCCGTCTGTT T:15.0(0.09%),B:6.6(0.01%),P:1e-8
		=Final=: -20.38 TCCGTCTGTT T:15.0(0.09%),B:6.6(0.01%),P:1e-8
		Performing exhaustive masking of motif...
		Reprioritizing potential motifs...
	19 of 25 Initial Sequence: ACGTTTGCAG... (-18.727)
		Round 1: -37.79 ACGTTTGCAG T:1569.0(9.32%),B:4034.0(7.52%),P:1e-16
		Round 2: -37.79 ACGTTTGCAG T:1569.0(9.32%),B:4034.0(7.52%),P:1e-16
		=Final=: -39.68 ACGTTTGCAG T:1491.0(9.30%),B:3871.6(7.46%),P:1e-17
		Performing exhaustive masking of motif...
		Reprioritizing potential motifs...
	20 of 25 Initial Sequence: TACAGGTGTC... (-18.435)
		Round 1: -23.05 TACAGGTGTC T:36.0(0.22%),B:31.6(0.06%),P:1e-10
		Round 2: -23.78 TACAGGTGTC T:789.0(4.80%),B:1988.9(3.78%),P:1e-10
		Round 3: -27.46 TACAGGTGTC T:508.0(3.12%),B:1174.8(2.25%),P:1e-11
		Round 4: -27.46 TACAGGTGTC T:508.0(3.12%),B:1174.8(2.25%),P:1e-11
		=Final=: -28.41 TACAGGTGTC T:501.0(3.13%),B:1162.7(2.24%),P:1e-12
		Performing exhaustive masking of motif...
		Reprioritizing potential motifs...
	21 of 25 Initial Sequence: CAACATCGTC... (-17.395)
		Round 1: -24.53 CAACATCGTC T:145.0(0.90%),B:254.2(0.49%),P:1e-10
		Round 2: -26.47 CAACATCGTC T:218.0(1.35%),B:421.5(0.81%),P:1e-11
		Round 3: -26.84 CAACATCGTC T:200.0(1.24%),B:375.2(0.72%),P:1e-11
		Round 4: -27.53 CAACATCGTC T:218.0(1.35%),B:416.8(0.80%),P:1e-11
		Round 5: -28.17 CAACATCGTC T:315.0(1.95%),B:656.4(1.26%),P:1e-12
		Round 6: -28.17 CAACATCGTC T:315.0(1.95%),B:656.4(1.26%),P:1e-12
		=Final=: -29.96 CAACATCGTC T:310.0(1.93%),B:642.4(1.24%),P:1e-13
		Performing exhaustive masking of motif...
		Reprioritizing potential motifs...
	22 of 25 Initial Sequence: AATTAAACCC... (-17.350)
		Round 1: -22.05 AATTAAACCC T:32.0(0.20%),B:26.8(0.05%),P:1e-9
		Round 2: -22.32 AATTAAACCG T:41.0(0.26%),B:40.8(0.08%),P:1e-9
		Round 3: -23.60 AATTWAACGC T:31.0(0.19%),B:23.1(0.04%),P:1e-10
		Round 4: -23.60 AATTWAACGC T:31.0(0.19%),B:23.1(0.04%),P:1e-10
		=Final=: -24.18 AATTWAACGC T:31.0(0.19%),B:23.1(0.04%),P:1e-10
		Performing exhaustive masking of motif...
		Reprioritizing potential motifs...
	23 of 25 Initial Sequence: TCGCGGGTGA... (-16.979)
		Round 1: -16.98 TCGCGGGTGA T:8.0(0.05%),B:2.8(0.00%),P:1e-7
		Round 2: -16.98 TCGCGGGTGA T:8.0(0.05%),B:2.8(0.00%),P:1e-7
		=Final=: -15.01 TCGCGGGTGA T:8.0(0.05%),B:2.8(0.01%),P:1e-6
		Performing exhaustive masking of motif...
		Reprioritizing potential motifs...
	24 of 25 Initial Sequence: ATGTGCCGTG... (-16.979)
		Round 1: -16.98 ATGTGCCGTG T:8.0(0.05%),B:1.4(0.00%),P:1e-7
		Round 2: -16.98 ATGTGCCGTG T:8.0(0.05%),B:1.4(0.00%),P:1e-7
		=Final=: -20.28 ATGTGCCGTG T:8.0(0.05%),B:1.4(0.00%),P:1e-8
		Performing exhaustive masking of motif...
		Reprioritizing potential motifs...
	25 of 25 Initial Sequence: ATGCCCGACA... (-16.979)
		Round 1: -30.65 ATGCCCGACA T:12.0(0.07%),B:2.9(0.00%),P:1e-13
		Round 2: -30.65 ATGCCCGACA T:12.0(0.07%),B:2.9(0.00%),P:1e-13
		=Final=: -26.34 ATGCCCGACA T:12.0(0.07%),B:2.9(0.01%),P:1e-11
		Performing exhaustive masking of motif...
		Reprioritizing potential motifs...

	Finalizing Enrichment Statistics (new in v3.4)
	Reading input files...
	67617 total sequences read
	Cache length = 11180
	Using binomial scoring
	Checking enrichment of 25 motif(s)
	|0%                                    50%                                  100%|
	=================================================================================
	Output in file: /project/lbarreiro/USERS/ellen/KnightMolecules/demultiplexed/FastQ/15_transcriptionFactorMotifs//tfMotifOutput_DOWN_bg//homerMotifs.motifs10


	Number of Trial motifs (-T) set to 9 (from 10) to work well with 3 CPUs
	-blen automatically set to 2
	Scanning input files...
	Parsing sequences...
	|0%                                   50%                                  100%|
	================================================================================
	Total number of Oligos: 6313453
	Autoadjustment for sequence coverage in background: 0.99x

	Oligos: 6313453 of 8830118 max
	Tree  : 13499744 of 44150590 max
	Optimizing memory usage...
	Cache length = 11180
	Using binomial scoring

	Global Optimization Phase: Looking for enriched oligos with up to 2 mismatches...

	Screening oligos 6313453 (allowing 0 mismatches):
	|0%                                   50%                                  100%|
	================================================================================
		46.83% skipped, 53.17% checked (3357172 of 6313453), of those checked:
		46.83% not in target, 0.00% increased p-value, 0.00% high p-value

	Screening oligos 6313453 (allowing 1 mismatches):
	|0%                                   50%                                  100%|
	================================================================================
		46.83% skipped, 53.17% checked (3357172 of 6313453), of those checked:
		0.00% not in target, 30.64% increased p-value, 34.11% high p-value

	Screening oligos 6313453 (allowing 2 mismatches):
	|0%                                   50%                                  100%|
	================================================================================
		85.80% skipped, 14.20% checked (896703 of 6313453), of those checked:
		0.00% not in target, 9.73% increased p-value, 0.00% high p-value
	Reading input files...
	67617 total sequences read
	Cache length = 11180
	Using binomial scoring

	Local Optimization Phase:
	1 of 25 Initial Sequence: GCCCCCTAGTGG... (-425.563)
		Round 1: -674.79 GCCCCCTAGTGG T:3342.0(18.82%),B:5074.9(9.37%),P:1e-293
		Round 2: -692.84 GCCCCCTDGTGG T:3313.0(18.67%),B:4958.1(9.17%),P:1e-300
		Round 3: -692.84 GCCCCCTDGTGG T:3313.0(18.67%),B:4958.1(9.17%),P:1e-300
		=Final=: -798.80 GCCCCCTDGTGG T:3084.0(19.24%),B:4678.2(9.02%),P:1e-346
		Performing exhaustive masking of motif...
		Reprioritizing potential motifs...
	2 of 25 Initial Sequence: AGTTTCAGTTCC... (-48.820)
		Round 1: -70.35 AGTTTCAGTTCC T:2281.0(13.26%),B:5646.7(10.37%),P:1e-30
		Round 2: -74.34 AGTTTCAGTTCC T:1728.0(10.22%),B:4079.7(7.60%),P:1e-32
		Round 3: -89.48 AGTTTCAGTTCC T:1455.0(8.68%),B:3219.1(6.05%),P:1e-38
		Round 4: -93.55 RGTTTCASTTCC T:1572.0(9.34%),B:3498.0(6.56%),P:1e-40
		Round 5: -103.02 RGTTTCASTTCC T:1527.0(9.09%),B:3312.7(6.22%),P:1e-44
		Round 6: -103.02 RGTTTCASTTCC T:1527.0(9.09%),B:3312.7(6.22%),P:1e-44
		=Final=: -108.47 RGTTTCASTTCC T:1466.0(9.15%),B:3218.6(6.20%),P:1e-47
		Performing exhaustive masking of motif...
		Reprioritizing potential motifs...
	3 of 25 Initial Sequence: AGCCTGCATCTG... (-34.301)
		Round 1: -34.30 AGCCTGCATCTG T:13.0(0.08%),B:2.9(0.00%),P:1e-14
		Round 2: -34.30 AGCCTGCATCTG T:13.0(0.08%),B:2.9(0.00%),P:1e-14
		=Final=: -26.34 AGCCTGCATCTG T:12.0(0.07%),B:2.9(0.01%),P:1e-11
		Performing exhaustive masking of motif...
		Reprioritizing potential motifs...
	4 of 25 Initial Sequence: GCTATTTTTAGA... (-30.576)
		Round 1: -57.94 GCTATTTTTAGA T:866.0(5.26%),B:1900.0(3.61%),P:1e-25
		Round 2: -57.94 GCTATTTTTAGA T:866.0(5.26%),B:1900.0(3.61%),P:1e-25
		=Final=: -54.47 GCTATTTTTAGA T:827.0(5.16%),B:1856.4(3.58%),P:1e-23
		Performing exhaustive masking of motif...
		Reprioritizing potential motifs...
	5 of 25 Initial Sequence: CACTAGATGGCG... (-30.546)
		Round 1: -41.61 CACTAGATGGCG T:297.0(1.84%),B:545.1(1.05%),P:1e-18
		Round 2: -43.61 CACTAGATGGCG T:274.0(1.69%),B:482.8(0.93%),P:1e-18
		Round 3: -45.60 CACTAGATGGCG T:287.0(1.77%),B:506.0(0.97%),P:1e-19
		Round 4: -48.49 CACTAGATGGCG T:237.0(1.47%),B:381.9(0.74%),P:1e-21
		Round 5: -48.49 CACTAGATGGCG T:237.0(1.47%),B:381.9(0.74%),P:1e-21
		=Final=: -48.42 CACTAGATGGCG T:233.0(1.45%),B:377.4(0.73%),P:1e-21
		Performing exhaustive masking of motif...
		Reprioritizing potential motifs...
	6 of 25 Initial Sequence: AGCACATCTGGA... (-29.931)
		Round 1: -50.22 AGCACATCTGGA T:1820.0(10.73%),B:4589.2(8.51%),P:1e-21
		Round 2: -50.22 AGCACATCTGGA T:1820.0(10.73%),B:4589.2(8.51%),P:1e-21
		=Final=: -49.44 AGCACATCTGGA T:1667.0(10.40%),B:4271.5(8.23%),P:1e-21
		Performing exhaustive masking of motif...
		Reprioritizing potential motifs...
	7 of 25 Initial Sequence: TTTTTACACGCG... (-29.314)
		Round 1: -38.04 TTTTTACACGCG T:14.0(0.09%),B:2.0(0.00%),P:1e-16
		Round 2: -38.04 TTTTTACACGCG T:14.0(0.09%),B:2.0(0.00%),P:1e-16
		=Final=: -32.51 TTTTTACACGCG T:14.0(0.09%),B:2.0(0.00%),P:1e-14
		Performing exhaustive masking of motif...
		Reprioritizing potential motifs...
	8 of 25 Initial Sequence: CGACTTCCTTCC... (-27.611)
		Round 1: -44.77 CGACTTCCTTCC T:1053.0(6.36%),B:2508.7(4.75%),P:1e-19
		Round 2: -44.86 CGACTTCCTTCC T:985.0(5.96%),B:2321.6(4.40%),P:1e-19
		Round 3: -47.23 CGACTTCCTTCC T:744.0(4.54%),B:1654.5(3.16%),P:1e-20
		Round 4: -47.23 CGACTTCCTTCC T:744.0(4.54%),B:1654.5(3.16%),P:1e-20
		=Final=: -50.17 CGACTTCCTTCC T:728.0(4.54%),B:1619.3(3.12%),P:1e-21
		Performing exhaustive masking of motif...
		Reprioritizing potential motifs...
	9 of 25 Initial Sequence: CACTTGAATTTC... (-27.075)
		Round 1: -38.55 CACTTGAATTTC T:19.0(0.12%),B:4.9(0.01%),P:1e-16
		Round 2: -38.55 CACTTGAATTTC T:19.0(0.12%),B:4.9(0.01%),P:1e-16
		=Final=: -36.50 CACTTGAATTTC T:19.0(0.12%),B:4.9(0.01%),P:1e-15
		Performing exhaustive masking of motif...
		Reprioritizing potential motifs...
	10 of 25 Initial Sequence: TAAACAAAAGAC... (-27.075)
		Round 1: -30.64 TAAACAAAAGAC T:12.0(0.07%),B:2.7(0.00%),P:1e-13
		Round 2: -38.04 TAAACGAAAGAC T:14.0(0.09%),B:2.8(0.00%),P:1e-16
		Round 3: -38.04 TAAACGAAAGAC T:14.0(0.09%),B:2.8(0.00%),P:1e-16
		=Final=: -32.51 TAAACGAAAGAC T:14.0(0.09%),B:2.8(0.01%),P:1e-14
		Performing exhaustive masking of motif...
		Reprioritizing potential motifs...
	11 of 25 Initial Sequence: GACTTAGCAGGT... (-27.075)
		Round 1: -38.87 GACTTAGCAGGT T:17.0(0.11%),B:3.7(0.01%),P:1e-16
		Round 2: -38.87 GACTTAGCAGGT T:17.0(0.11%),B:3.7(0.01%),P:1e-16
		=Final=: -14.32 GACTTAGCAGGT T:9.0(0.06%),B:3.7(0.01%),P:1e-6
		Performing exhaustive masking of motif...
		Reprioritizing potential motifs...
	12 of 25 Initial Sequence: CAACATCCTCTT... (-27.075)
		Round 1: -53.87 CAACATCCTCTT T:39.0(0.24%),B:14.6(0.03%),P:1e-23
		Round 2: -53.87 CAACATCCTCTT T:39.0(0.24%),B:14.6(0.03%),P:1e-23
		=Final=: -53.77 CAACATCCTCTT T:39.0(0.24%),B:14.6(0.03%),P:1e-23
		Performing exhaustive masking of motif...
		Reprioritizing potential motifs...
	13 of 25 Initial Sequence: ATCCTCTAGGAG... (-27.075)
		Round 1: -41.85 ATCCTCTAGGAG T:15.0(0.09%),B:2.5(0.00%),P:1e-18
		Round 2: -41.85 ATCCTCTAGGAG T:15.0(0.09%),B:2.5(0.00%),P:1e-18
		=Final=: -15.01 ATCCTCTAGGAG T:8.0(0.05%),B:2.5(0.00%),P:1e-6
		Performing exhaustive masking of motif...
		Reprioritizing potential motifs...
	14 of 25 Initial Sequence: CCTGCTCCCTTT... (-27.075)
		Round 1: -27.08 CCTGCTCCCTTT T:11.0(0.07%),B:2.7(0.00%),P:1e-11
		Round 2: -27.08 CCTGCTCCCTTT T:11.0(0.07%),B:2.7(0.00%),P:1e-11
		=Final=: -23.37 CCTGCTCCCTTT T:11.0(0.07%),B:2.7(0.01%),P:1e-10
		Performing exhaustive masking of motif...
		Reprioritizing potential motifs...
	15 of 25 Initial Sequence: CTGGCCAGCATG... (-27.075)
		Round 1: -32.67 CTGGCCAGCATG T:17.0(0.11%),B:4.1(0.01%),P:1e-14
		Round 2: -44.88 CTTGCCAGCATG T:23.0(0.14%),B:5.3(0.01%),P:1e-19
		Round 3: -44.88 CTTGCCAGCATG T:23.0(0.14%),B:5.3(0.01%),P:1e-19
		=Final=: -43.10 CTTGCCAGCATG T:23.0(0.14%),B:5.3(0.01%),P:1e-18
		Performing exhaustive masking of motif...
		Reprioritizing potential motifs...
	16 of 25 Initial Sequence: CCTGGGAACTTC... (-27.075)
		Round 1: -29.31 CCTGGGAACTTC T:14.0(0.09%),B:3.0(0.01%),P:1e-12
		Round 2: -32.67 CCCGGGAACTTC T:17.0(0.11%),B:4.0(0.01%),P:1e-14
		Round 3: -32.67 CCCGGGAACTTC T:17.0(0.11%),B:4.0(0.01%),P:1e-14
		=Final=: -31.08 CCCGGGAACTTC T:17.0(0.11%),B:4.0(0.01%),P:1e-13
		Performing exhaustive masking of motif...
		Reprioritizing potential motifs...
	17 of 25 Initial Sequence: ACGCAGTAACGC... (-27.044)
		Round 1: -41.85 ACGCAGTAACGC T:15.0(0.09%),B:0.6(0.00%),P:1e-18
		Round 2: -45.73 ACGCAGTAACGC T:16.0(0.10%),B:2.9(0.00%),P:1e-19
		Round 3: -45.73 ACGCAGTAACGC T:16.0(0.10%),B:2.9(0.00%),P:1e-19
		=Final=: -45.81 ACGCAGTAACGC T:15.0(0.09%),B:0.6(0.00%),P:1e-19
		Performing exhaustive masking of motif...
		Reprioritizing potential motifs...
	18 of 25 Initial Sequence: GTGTGGACCACG... (-26.262)
		Round 1: -34.55 GTGTGGACCACG T:37.0(0.23%),B:22.2(0.04%),P:1e-15
		Round 2: -34.55 GTGTGGACCACG T:37.0(0.23%),B:22.2(0.04%),P:1e-15
		=Final=: -33.35 GTGTGGACCACG T:36.0(0.22%),B:22.2(0.04%),P:1e-14
		Performing exhaustive masking of motif...
		Reprioritizing potential motifs...
	19 of 25 Initial Sequence: TGTCTGAGGTTC... (-25.880)
		Round 1: -34.10 TGTCTGAGGTTC T:668.0(4.08%),B:1552.5(2.96%),P:1e-14
		Round 2: -34.10 TGTCTGAGGTTC T:668.0(4.08%),B:1552.5(2.96%),P:1e-14
		=Final=: -34.86 TGTCTGAGGTTC T:626.0(3.91%),B:1454.8(2.80%),P:1e-15
		Performing exhaustive masking of motif...
		Reprioritizing potential motifs...
	20 of 25 Initial Sequence: TGCAGAAGTAGC... (-25.496)
		Round 1: -36.65 TGCAGAAGTAGC T:939.0(5.69%),B:2273.2(4.31%),P:1e-15
		Round 2: -36.65 TGCAGAAGTAGC T:939.0(5.69%),B:2273.2(4.31%),P:1e-15
		=Final=: -41.91 TGCAGAAGTAGC T:913.0(5.70%),B:2191.6(4.22%),P:1e-18
		Performing exhaustive masking of motif...
		Reprioritizing potential motifs...
	21 of 25 Initial Sequence: AAAATAGACACG... (-25.187)
		Round 1: -29.93 AAAATAGACACG T:685.0(4.18%),B:1635.0(3.12%),P:1e-12
		Round 2: -31.54 AAAATAGACACG T:488.0(3.00%),B:1087.0(2.09%),P:1e-13
		Round 3: -31.54 AAAATAGACACG T:488.0(3.00%),B:1087.0(2.09%),P:1e-13
		=Final=: -32.21 AAAATAGACACG T:479.0(2.99%),B:1074.1(2.07%),P:1e-13
		Performing exhaustive masking of motif...
		Reprioritizing potential motifs...
	22 of 25 Initial Sequence: CAAGGCCTCCCT... (-24.330)
		Round 1: -25.80 CAAGGCCTCCCT T:16.0(0.10%),B:5.3(0.01%),P:1e-11
		Round 2: -31.65 CAAGGCGTCCCT T:21.0(0.13%),B:7.3(0.01%),P:1e-13
		Round 3: -31.65 CAAGGCGTCCCT T:21.0(0.13%),B:7.3(0.01%),P:1e-13
		=Final=: -31.25 CAAGGCGTCCCT T:21.0(0.13%),B:7.3(0.01%),P:1e-13
		Performing exhaustive masking of motif...
		Reprioritizing potential motifs...
	23 of 25 Initial Sequence: CTGTGCATGCCA... (-24.284)
		Round 1: -39.86 CTGTGCATGCCA T:780.0(4.75%),B:1807.6(3.44%),P:1e-17
		Round 2: -48.37 CTGTGCATGCCA T:1152.0(6.93%),B:2745.2(5.18%),P:1e-21
		Round 3: -67.44 CTGTGCATGCCA T:1197.0(7.20%),B:2704.9(5.11%),P:1e-29
		Round 4: -69.36 CTGTGCATGCCA T:1454.0(8.67%),B:3380.8(6.34%),P:1e-30
		Round 5: -69.36 CTGTGCATGCCA T:1454.0(8.67%),B:3380.8(6.34%),P:1e-30
		=Final=: -68.75 CTGTGCATGCCA T:1365.0(8.52%),B:3226.3(6.22%),P:1e-29
		Performing exhaustive masking of motif...
		Reprioritizing potential motifs...
	24 of 25 Initial Sequence: TTGCAGGTGTTC... (-24.939)
		Round 1: -33.08 TTGCAGGTGTTC T:268.0(1.66%),B:512.1(0.99%),P:1e-14
		Round 2: -36.93 TTGCAGGTGTTC T:428.0(2.63%),B:895.4(1.72%),P:1e-16
		Round 3: -37.00 TTGCAGGTGTTC T:494.0(3.03%),B:1065.2(2.04%),P:1e-16
		Round 4: -38.14 TTGCAGGTGTTC T:228.0(1.41%),B:396.4(0.76%),P:1e-16
		Round 5: -38.98 TTGCAGGTGTTC T:476.0(2.93%),B:1007.2(1.93%),P:1e-16
		Round 6: -38.98 TTGCAGGTGTTC T:476.0(2.93%),B:1007.2(1.93%),P:1e-16
		=Final=: -37.99 TTGCAGGTGTTC T:464.0(2.89%),B:996.2(1.92%),P:1e-16
		Performing exhaustive masking of motif...
		Reprioritizing potential motifs...
	25 of 25 Initial Sequence: CAGTCAGCAGTC... (-23.601)
		Round 1: -27.08 CAGTCAGCAGTC T:11.0(0.07%),B:2.3(0.00%),P:1e-11
		Round 2: -27.08 CAGTCAGCAGTC T:11.0(0.07%),B:2.3(0.00%),P:1e-11
		=Final=: -23.37 CAGTCAGCAGTC T:11.0(0.07%),B:2.3(0.00%),P:1e-10
		Performing exhaustive masking of motif...
		Reprioritizing potential motifs...

	Finalizing Enrichment Statistics (new in v3.4)
	Reading input files...
	67617 total sequences read
	Cache length = 11180
	Using binomial scoring
	Checking enrichment of 25 motif(s)
	|0%                                    50%                                  100%|
	=================================================================================
	Output in file: /project/lbarreiro/USERS/ellen/KnightMolecules/demultiplexed/FastQ/15_transcriptionFactorMotifs//tfMotifOutput_DOWN_bg//homerMotifs.motifs12

	(Motifs in homer2 format)
	Determining similar motifs... 75 reduced to 40 motifs
	Outputing HTML and sequence logos for motif comparison...
	Checking de novo motifs against known motifs...
	Formatting HTML page...
		1 of 40 (1e-346) similar to BORIS(Zf)/K562-CTCFL-ChIP-Seq(GSE32465)/Homer(0.939)
		2 of 40 (1e-47) similar to PU.1:IRF8(ETS:IRF)/pDC-Irf8-ChIP-Seq(GSE66899)/Homer(0.979)
		3 of 40 (1e-36) similar to HAND2/MA1638.1/Jaspar(0.799)
		4 of 40 (1e-34) similar to AR-halfsite(NR)/LNCaP-AR-ChIP-Seq(GSE27824)/Homer(0.696)
		5 of 40 (1e-28) similar to PB0026.1_Gm397_1/Jaspar(0.671)
		6 of 40 (1e-28) similar to PB0156.1_Plagl1_2/Jaspar(0.697)
		7 of 40 (1e-26) similar to MEF2A/MA0052.4/Jaspar(0.921)
		8 of 40 (1e-24) similar to MZF1/MA0056.2/Jaspar(0.767)
		9 of 40 (1e-23) similar to PB0181.1_Spdef_2/Jaspar(0.708)
		10 of 40 (1e-22) similar to Smad2(MAD)/ES-SMAD2-ChIP-Seq(GSE29422)/Homer(0.748)
		11 of 40 (1e-21) similar to ELF3/MA0640.2/Jaspar(0.792)
		12 of 40 (1e-20) similar to SpiB(ETS)/OCILY3-SPIB-ChIP-Seq(GSE56857)/Homer(0.672)
		13 of 40 (1e-19) similar to HOXD13/MA0909.2/Jaspar(0.625)
		14 of 40 (1e-18) similar to PB0044.1_Mtf1_1/Jaspar(0.670)
		15 of 40 (1e-17) similar to ZBTB18/MA0698.1/Jaspar(0.729)
		16 of 40 (1e-17) similar to HIC1(Zf)/Treg-ZBTB29-ChIP-Seq(GSE99889)/Homer(0.639)
		17 of 40 (1e-15) similar to MafF(bZIP)/HepG2-MafF-ChIP-Seq(GSE31477)/Homer(0.604)
		18 of 40 (1e-15) similar to PH0114.1_Nkx2-5/Jaspar(0.797)
		19 of 40 (1e-15) similar to RUNX3/MA0684.2/Jaspar(0.700)
		20 of 40 (1e-15) similar to IKZF1/MA1508.1/Jaspar(0.847)
		21 of 40 (1e-15) similar to PRDM14(Zf)/H1-PRDM14-ChIP-Seq(GSE22767)/Homer(0.740)
		22 of 40 (1e-14) similar to Smad4/MA1153.1/Jaspar(0.713)
		23 of 40 (1e-14) similar to T1ISRE(IRF)/ThioMac-Ifnb-Expression/Homer(0.692)
		24 of 40 (1e-13) similar to ZNF692(Zf)/HEK293-ZNF692.GFP-ChIP-Seq(GSE58341)/Homer(0.906)
		25 of 40 (1e-13) similar to Sox9(HMG)/Limb-SOX9-ChIP-Seq(GSE73225)/Homer(0.574)
		26 of 40 (1e-12) similar to IRF6/MA1509.1/Jaspar(0.778)
		27 of 40 (1e-12) similar to PB0170.1_Sox17_2/Jaspar(0.694)
		28 of 40 (1e-11) similar to Ptf1a(var.3)/MA1620.1/Jaspar(0.765)
		29 of 40 (1e-11) similar to HIC2/MA0738.1/Jaspar(0.680)
		30 of 40 (1e-10) similar to Arid3a/MA0151.1/Jaspar(0.678)
		31 of 40 (1e-10) similar to VENTX/MA0724.1/Jaspar(0.787)
		32 of 40 (1e-10) similar to MafA(bZIP)/Islet-MafA-ChIP-Seq(GSE30298)/Homer(0.753)
		33 of 40 (1e-9) similar to VDR/MA0693.2/Jaspar(0.753)
		34 of 40 (1e-9) similar to NFkB-p65-Rel(RHD)/ThioMac-LPS-Expression(GSE23622)/Homer(0.709)
		35 of 40 (1e-8) similar to NEUROD1/MA1109.1/Jaspar(0.696)
		36 of 40 (1e-6) similar to TCF3/MA0522.3/Jaspar(0.653)
		37 of 40 (1e-6) similar to PB0181.1_Spdef_2/Jaspar(0.564)
		38 of 40 (1e-6) similar to ZBTB12/MA1649.1/Jaspar(0.662)
		39 of 40 (1e-6) similar to MAF::NFE2/MA0501.1/Jaspar(0.688)
		40 of 40 (1e-3) similar to Hnf6b(Homeobox)/LNCaP-Hnf6b-ChIP-Seq(GSE106305)/Homer(0.656)
	Job finished - if results look good, please send beer to ..

	Cleaning up tmp files...

