
	Position file = /project/lbarreiro/USERS/ellen/KnightMolecules/demultiplexed/FastQ/15_transcriptionFactorMotifs/dataDriven_commonBaseline//annotateInput_UP_hq.txt
	Genome = mm10
	Output Directory = /project/lbarreiro/USERS/ellen/KnightMolecules/demultiplexed/FastQ/15_transcriptionFactorMotifs/dataDriven_commonBaseline//tfMotifOutput_UP_hq/
	Fragment size set to 500
	Will use repeat masked sequences
	Using 3 CPUs
	background position file: /project/lbarreiro/USERS/ellen/KnightMolecules/demultiplexed/FastQ/13_mashr//annotateInput.txt
	Found mset for "mouse", will check against vertebrates motifs
Argument "start" isn't numeric in addition (+) at /project/lbarreiro/USERS/ellen/programs/homer/bin/bed2pos.pl line 103, <IN> line 1.
	Peak/BED file conversion summary:
		BED/Header formatted lines: 13090
		peakfile formatted lines: 0

	Peak File Statistics:
		Total Peaks: 13090
		Redundant Peak IDs: 0
		Peaks lacking information: 0 (need at least 5 columns per peak)
		Peaks with misformatted coordinates: 1 (should be integer)
		Peaks with misformatted strand: 0 (should be either +/- or 0/1)

	Peak file looks good!

	Peak/BED file conversion summary:
		BED/Header formatted lines: 74314
		peakfile formatted lines: 0
	Max distance to merge: 500 bp
	Calculating co-bound peaks relative to reference: /project/lbarreiro/USERS/ellen/KnightMolecules/demultiplexed/FastQ/15_transcriptionFactorMotifs/dataDriven_commonBaseline//tfMotifOutput_UP_hq//bg.clean.pos

	Comparing peaks: (peakfile, overlapping peaks, logRatio(obs/expected), logP)
	**	/project/lbarreiro/USERS/ellen/KnightMolecules/demultiplexed/FastQ/15_transcriptionFactorMotifs/dataDriven_commonBaseline//tfMotifOutput_UP_hq//target.clean..pos	13091	3.29	0.00

	**	Pairwise stats are approx with fixed distance (-d 500) and -cobound #
		They get worse as the size increases and peaks from a single file start overlapping
		To get accurate ones, adjust peak sizes first with adjustPeakFile.pl and
		then rerun mergePeaks with the "-d given" option (only applies to -cobound #)

	Co-bound by 0 peaks: 61223
	Co-bound by 1 peaks: 13091 (max: 13091 effective total)
Argument "end" isn't numeric in addition (+) at /project/lbarreiro/USERS/ellen/programs/homer/bin/resizePosFile.pl line 65, <IN> line 1.
	Custom genome sequence directory: /project/lbarreiro/USERS/ellen/programs/homer/.//data/genomes/mm10//

	Extracting sequences from directory: /project/lbarreiro/USERS/ellen/programs/homer/.//data/genomes/mm10//
	Extracting 5382 sequences from chr1
	Extracting 5868 sequences from chr2
	Extracting 4084 sequences from chr3
	Extracting 4408 sequences from chr4
	Extracting 4489 sequences from chr5
	Extracting 4281 sequences from chr6
	Extracting 4456 sequences from chr7
	Extracting 3685 sequences from chr8
	Extracting 3850 sequences from chr9
	Extracting 4100 sequences from chr10
	Extracting 4676 sequences from chr11
	Extracting 3152 sequences from chr12
	Extracting 3723 sequences from chr13
	Extracting 2993 sequences from chr14
	Extracting 2979 sequences from chr15
	Extracting 2573 sequences from chr16
	Extracting 3100 sequences from chr17
	Extracting 2417 sequences from chr18
	Extracting 2137 sequences from chr19
	Extracting 1959 sequences from chrX
	!!Could not open file for chromosome (.fa or .fa.masked)
		6691 of 74312 removed because they had >70.00% Ns (i.e. masked repeats)

	Not removing redundant sequences


	Sequences processed:
		Auto detected maximum sequence length of 501 bp
		67621 total

	Frequency Bins: 0.2 0.25 0.3 0.35 0.4 0.45 0.5 0.6 0.7 0.8
	Freq	Bin	Count
	0.25	1	5
	0.3	2	151
	0.35	3	1403
	0.4	4	6199
	0.45	5	14138
	0.5	6	16975
	0.6	7	19482
	0.7	8	7441
	0.8	9	1824
	10	10	3
	Bin	# Targets	# Background	Background Weight
	2	14	137	0.459
	3	113	1290	0.393
	4	565	5634	0.450
	5	1612	12526	0.578
	6	2434	14541	0.751
	7	4770	14712	1.455
	8	2540	4901	2.326
	9	273	1551	0.790
	Normalizing lower order oligos using homer2

	Reading input files...
	67613 total sequences read
	Autonormalization: 1-mers (4 total)
		A	23.49%	23.60%	0.996
		C	26.51%	26.40%	1.004
		G	26.51%	26.40%	1.004
		T	23.49%	23.60%	0.996
	Autonormalization: 2-mers (16 total)
		AA	6.30%	6.21%	1.015
		CA	7.17%	7.33%	0.979
		GA	6.32%	6.36%	0.995
		TA	3.68%	3.69%	0.998
		AC	5.14%	5.16%	0.996
		CC	8.02%	7.87%	1.018
		GC	7.03%	7.02%	1.002
		TC	6.32%	6.36%	0.995
		AG	7.96%	7.99%	0.996
		CG	3.36%	3.22%	1.047
		GG	8.02%	7.87%	1.018
		TG	7.17%	7.33%	0.979
		AT	4.09%	4.22%	0.968
		CT	7.96%	7.99%	0.996
		GT	5.14%	5.16%	0.996
		TT	6.30%	6.21%	1.015
	Autonormalization: 3-mers (64 total)
	Normalization weights can be found in file: /project/lbarreiro/USERS/ellen/KnightMolecules/demultiplexed/FastQ/15_transcriptionFactorMotifs/dataDriven_commonBaseline//tfMotifOutput_UP_hq//seq.autonorm.tsv
	Converging on autonormalization solution:
	...............................................................................
	Final normalization:	Autonormalization: 1-mers (4 total)
		A	23.49%	23.50%	0.999
		C	26.51%	26.50%	1.000
		G	26.51%	26.50%	1.000
		T	23.49%	23.50%	0.999
	Autonormalization: 2-mers (16 total)
		AA	6.30%	6.28%	1.004
		CA	7.17%	7.20%	0.996
		GA	6.32%	6.34%	0.998
		TA	3.68%	3.68%	1.001
		AC	5.14%	5.13%	1.002
		CC	8.02%	7.98%	1.005
		GC	7.03%	7.05%	0.996
		TC	6.32%	6.34%	0.998
		AG	7.96%	7.95%	1.001
		CG	3.36%	3.37%	1.000
		GG	8.02%	7.98%	1.005
		TG	7.17%	7.20%	0.996
		AT	4.09%	4.14%	0.988
		CT	7.96%	7.95%	1.001
		GT	5.14%	5.13%	1.002
		TT	6.30%	6.28%	1.004
	Autonormalization: 3-mers (64 total)
	Finished preparing sequence/group files

	----------------------------------------------------------
	Known motif enrichment

	Reading input files...
	67613 total sequences read
	440 motifs loaded
	Cache length = 11180
	Using binomial scoring
	Checking enrichment of 440 motif(s)
	|0%                                    50%                                  100%|
	=================================================================================
	Preparing HTML output with sequence logos...
		1 of 440 (1e-44) Sp1(Zf)/Promoter/Homer
		2 of 440 (1e-36) KLF3(Zf)/MEF-Klf3-ChIP-Seq(GSE44748)/Homer
		3 of 440 (1e-28) KLF1(Zf)/HUDEP2-KLF1-CutnRun(GSE136251)/Homer
		4 of 440 (1e-27) NFY(CCAAT)/Promoter/Homer
		5 of 440 (1e-22) Sp2(Zf)/HEK293-Sp2.eGFP-ChIP-Seq(Encode)/Homer
		6 of 440 (1e-21) Sp5(Zf)/mES-Sp5.Flag-ChIP-Seq(GSE72989)/Homer
		7 of 440 (1e-20) ETV1(ETS)/GIST48-ETV1-ChIP-Seq(GSE22441)/Homer
		8 of 440 (1e-20) KLF5(Zf)/LoVo-KLF5-ChIP-Seq(GSE49402)/Homer
		9 of 440 (1e-20) ELF1(ETS)/Jurkat-ELF1-ChIP-Seq(SRA014231)/Homer
		10 of 440 (1e-19) Klf9(Zf)/GBM-Klf9-ChIP-Seq(GSE62211)/Homer
		11 of 440 (1e-19) GABPA(ETS)/Jurkat-GABPa-ChIP-Seq(GSE17954)/Homer
		12 of 440 (1e-19) Elf4(ETS)/BMDM-Elf4-ChIP-Seq(GSE88699)/Homer
		13 of 440 (1e-18) Elk4(ETS)/Hela-Elk4-ChIP-Seq(GSE31477)/Homer
		14 of 440 (1e-18) ETV4(ETS)/HepG2-ETV4-ChIP-Seq(ENCODE)/Homer
		15 of 440 (1e-18) YY1(Zf)/Promoter/Homer
		16 of 440 (1e-17) Elk1(ETS)/Hela-Elk1-ChIP-Seq(GSE31477)/Homer
		17 of 440 (1e-16) ETS1(ETS)/Jurkat-ETS1-ChIP-Seq(GSE17954)/Homer
		18 of 440 (1e-15) Ronin(THAP)/ES-Thap11-ChIP-Seq(GSE51522)/Homer
		19 of 440 (1e-15) KLF14(Zf)/HEK293-KLF14.GFP-ChIP-Seq(GSE58341)/Homer
		20 of 440 (1e-14) GFY-Staf(?,Zf)/Promoter/Homer
		21 of 440 (1e-14) ETS(ETS)/Promoter/Homer
		22 of 440 (1e-14) Fli1(ETS)/CD8-FLI-ChIP-Seq(GSE20898)/Homer
		23 of 440 (1e-13) ERG(ETS)/VCaP-ERG-ChIP-Seq(GSE14097)/Homer
		24 of 440 (1e-13) EHF(ETS)/LoVo-EHF-ChIP-Seq(GSE49402)/Homer
		25 of 440 (1e-13) Etv2(ETS)/ES-ER71-ChIP-Seq(GSE59402)/Homer
		26 of 440 (1e-12) Klf4(Zf)/mES-Klf4-ChIP-Seq(GSE11431)/Homer
		27 of 440 (1e-12) KLF6(Zf)/PDAC-KLF6-ChIP-Seq(GSE64557)/Homer
		28 of 440 (1e-11) GFY(?)/Promoter/Homer
		29 of 440 (1e-11) SpiB(ETS)/OCILY3-SPIB-ChIP-Seq(GSE56857)/Homer
		30 of 440 (1e-11) Maz(Zf)/HepG2-Maz-ChIP-Seq(GSE31477)/Homer
		31 of 440 (1e-10) KLF10(Zf)/HEK293-KLF10.GFP-ChIP-Seq(GSE58341)/Homer
		32 of 440 (1e-10) NRF1(NRF)/MCF7-NRF1-ChIP-Seq(Unpublished)/Homer
		33 of 440 (1e-9) PU.1(ETS)/ThioMac-PU.1-ChIP-Seq(GSE21512)/Homer
		34 of 440 (1e-9) ELF5(ETS)/T47D-ELF5-ChIP-Seq(GSE30407)/Homer
		35 of 440 (1e-9) ZNF711(Zf)/SHSY5Y-ZNF711-ChIP-Seq(GSE20673)/Homer
		36 of 440 (1e-7) E-box(bHLH)/Promoter/Homer
		37 of 440 (1e-6) ZFX(Zf)/mES-Zfx-ChIP-Seq(GSE11431)/Homer
		38 of 440 (1e-6) ZNF467(Zf)/HEK293-ZNF467.GFP-ChIP-Seq(GSE58341)/Homer
		39 of 440 (1e-6) IRF8(IRF)/BMDM-IRF8-ChIP-Seq(GSE77884)/Homer
		40 of 440 (1e-5) EWS:FLI1-fusion(ETS)/SK_N_MC-EWS:FLI1-ChIP-Seq(SRA014231)/Homer
		41 of 440 (1e-5) PU.1:IRF8(ETS:IRF)/pDC-Irf8-ChIP-Seq(GSE66899)/Homer
		42 of 440 (1e-5) PU.1-IRF(ETS:IRF)/Bcell-PU.1-ChIP-Seq(GSE21512)/Homer
		43 of 440 (1e-5) NRF(NRF)/Promoter/Homer
		44 of 440 (1e-4) Foxo1(Forkhead)/RAW-Foxo1-ChIP-Seq(Fan_et_al.)/Homer
		45 of 440 (1e-4) SPDEF(ETS)/VCaP-SPDEF-ChIP-Seq(SRA014231)/Homer
		46 of 440 (1e-4) ELF3(ETS)/PDAC-ELF3-ChIP-Seq(GSE64557)/Homer
		47 of 440 (1e-4) GFX(?)/Promoter/Homer
		48 of 440 (1e-4) E2F4(E2F)/K562-E2F4-ChIP-Seq(GSE31477)/Homer
		49 of 440 (1e-4) Ets1-distal(ETS)/CD4+-PolII-ChIP-Seq(Barski_et_al.)/Homer
		50 of 440 (1e-4) ZBTB33(Zf)/GM12878-ZBTB33-ChIP-Seq(GSE32465)/Homer
		51 of 440 (1e-4) bHLHE40(bHLH)/HepG2-BHLHE40-ChIP-Seq(GSE31477)/Homer
		52 of 440 (1e-4) TR4(NR),DR1/Hela-TR4-ChIP-Seq(GSE24685)/Homer
		53 of 440 (1e-4) Mef2b(MADS)/HEK293-Mef2b.V5-ChIP-Seq(GSE67450)/Homer
		54 of 440 (1e-4) Smad3(MAD)/NPC-Smad3-ChIP-Seq(GSE36673)/Homer
		55 of 440 (1e-4) TFE3(bHLH)/MEF-TFE3-ChIP-Seq(GSE75757)/Homer
		56 of 440 (1e-3) Arnt:Ahr(bHLH)/MCF7-Arnt-ChIP-Seq(Lo_et_al.)/Homer
		57 of 440 (1e-3) Zac1(Zf)/Neuro2A-Plagl1-ChIP-Seq(GSE75942)/Homer
		58 of 440 (1e-3) MafF(bZIP)/HepG2-MafF-ChIP-Seq(GSE31477)/Homer
		59 of 440 (1e-2) Egr2(Zf)/Thymocytes-Egr2-ChIP-Seq(GSE34254)/Homer
		60 of 440 (1e-2) Erra(NR)/HepG2-Erra-ChIP-Seq(GSE31477)/Homer
		61 of 440 (1e-2) Foxf1(Forkhead)/Lung-Foxf1-ChIP-Seq(GSE77951)/Homer
		62 of 440 (1e-2) Foxo3(Forkhead)/U2OS-Foxo3-ChIP-Seq(E-MTAB-2701)/Homer
		63 of 440 (1e-2) EKLF(Zf)/Erythrocyte-Klf1-ChIP-Seq(GSE20478)/Homer
		64 of 440 (1e-2) Usf2(bHLH)/C2C12-Usf2-ChIP-Seq(GSE36030)/Homer
		65 of 440 (1e-2) Mef2c(MADS)/GM12878-Mef2c-ChIP-Seq(GSE32465)/Homer
		66 of 440 (1e-2) RUNX(Runt)/HPC7-Runx1-ChIP-Seq(GSE22178)/Homer
		67 of 440 (1e-2) RUNX1(Runt)/Jurkat-RUNX1-ChIP-Seq(GSE29180)/Homer
		68 of 440 (1e-2) Hoxa9(Homeobox)/ChickenMSG-Hoxa9.Flag-ChIP-Seq(GSE86088)/Homer
		69 of 440 (1e-2) CArG(MADS)/PUER-Srf-ChIP-Seq(Sullivan_et_al.)/Homer
		70 of 440 (1e-2) HNF4a(NR),DR1/HepG2-HNF4a-ChIP-Seq(GSE25021)/Homer
		71 of 440 (1e-2) Egr1(Zf)/K562-Egr1-ChIP-Seq(GSE32465)/Homer
		72 of 440 (1e-2) ZKSCAN1(Zf)/HepG2-ZKSCAN1-ChIP-Seq(Encode)/Homer
		73 of 440 (1e-2) E2F7(E2F)/Hela-E2F7-ChIP-Seq(GSE32673)/Homer
		74 of 440 (1e-2) FOXP1(Forkhead)/H9-FOXP1-ChIP-Seq(GSE31006)/Homer
		75 of 440 (1e-2) NPAS(bHLH)/Liver-NPAS-ChIP-Seq(GSE39860)/Homer
		76 of 440 (1e-2) Smad4(MAD)/ESC-SMAD4-ChIP-Seq(GSE29422)/Homer
		77 of 440 (1e-2) ZNF143|STAF(Zf)/CUTLL-ZNF143-ChIP-Seq(GSE29600)/Homer
		78 of 440 (1e-2) E2F3(E2F)/MEF-E2F3-ChIP-Seq(GSE71376)/Homer
		79 of 440 (1e-2) Mef2a(MADS)/HL1-Mef2a.biotin-ChIP-Seq(GSE21529)/Homer
		80 of 440 (1e-2) USF1(bHLH)/GM12878-Usf1-ChIP-Seq(GSE32465)/Homer
		81 of 440 (1e-2) n-Myc(bHLH)/mES-nMyc-ChIP-Seq(GSE11431)/Homer
		82 of 440 (1e-2) FOXA1(Forkhead)/LNCAP-FOXA1-ChIP-Seq(GSE27824)/Homer
		83 of 440 (1e-2) ZSCAN22(Zf)/HEK293-ZSCAN22.GFP-ChIP-Seq(GSE58341)/Homer
		84 of 440 (1e-2) ETS:RUNX(ETS,Runt)/Jurkat-RUNX1-ChIP-Seq(GSE17954)/Homer
		85 of 440 (1e-2) Mef2d(MADS)/Retina-Mef2d-ChIP-Seq(GSE61391)/Homer
	----------------------------------------------------------
	De novo motif finding (HOMER)

	Number of Trial motifs (-T) set to 9 (from 10) to work well with 3 CPUs
	Scanning input files...
	Parsing sequences...
	|0%                                   50%                                  100%|
	================================================================================
	Total number of Oligos: 32896
	Autoadjustment for sequence coverage in background: 1.00x

	Oligos: 32896 of 34497 max
	Tree  : 67084 of 172485 max
	Optimizing memory usage...
	Cache length = 11180
	Using binomial scoring

	Global Optimization Phase: Looking for enriched oligos with up to 2 mismatches...

	Screening oligos 32896 (allowing 0 mismatches):
	|0%                                   50%                                  100%|
	================================================================================
		0.00% skipped, 100.00% checked (32896 of 32896), of those checked:
		0.00% not in target, 0.00% increased p-value, 0.00% high p-value

	Screening oligos 32896 (allowing 1 mismatches):
	|0%                                   50%                                  100%|
	================================================================================
		0.00% skipped, 100.00% checked (32896 of 32896), of those checked:
		0.00% not in target, 48.86% increased p-value, 51.46% high p-value

	Screening oligos 32896 (allowing 2 mismatches):
	|0%                                   50%                                  100%|
	================================================================================
		69.69% skipped, 30.31% checked (9971 of 32896), of those checked:
		0.00% not in target, 26.12% increased p-value, 0.00% high p-value
	Reading input files...
	67613 total sequences read
	Cache length = 11180
	Using binomial scoring

	Local Optimization Phase:
	1 of 25 Initial Sequence: CCCCGCCC... (-81.906)
		Round 1: -176.24 CCCCGCCC T:7920.0(47.42%),B:26781.2(39.16%),P:1e-76
		Round 2: -178.04 CTACGCCT T:8386.0(49.37%),B:28461.8(41.03%),P:1e-77
		Round 3: -180.13 CTCCGCCC T:7858.0(47.15%),B:26471.3(38.81%),P:1e-78
		Round 4: -180.13 CTCCGCCC T:7858.0(47.15%),B:26471.3(38.81%),P:1e-78
		=Final=: -60.73 CTCCGCCC T:2910.0(23.62%),B:10660.8(19.69%),P:1e-26
		Performing exhaustive masking of motif...
		Reprioritizing potential motifs...
	2 of 25 Initial Sequence: ATTGGCGG... (-52.954)
		Round 1: -97.57 ATTGGCGG T:7519.0(45.68%),B:27157.8(39.59%),P:1e-42
		Round 2: -97.57 ATTGGCGG T:7519.0(45.68%),B:27157.8(39.59%),P:1e-42
		=Final=: -48.27 ATTGGCGG T:1955.0(15.87%),B:6990.5(12.91%),P:1e-20
		Performing exhaustive masking of motif...
		Reprioritizing potential motifs...
	3 of 25 Initial Sequence: ACTTCCGT... (-35.290)
		Round 1: -65.36 ACTTCCGT T:4960.0(33.14%),B:18105.9(28.54%),P:1e-28
		Round 2: -73.92 WCTTCCGT T:5938.0(38.24%),B:21691.4(33.14%),P:1e-32
		Round 3: -73.92 WCTTCCGT T:5938.0(38.24%),B:21691.4(33.14%),P:1e-32
		=Final=: -61.67 WCTTCCGT T:5960.0(48.37%),B:23570.4(43.53%),P:1e-26
		Performing exhaustive masking of motif...
		Reprioritizing potential motifs...
	4 of 25 Initial Sequence: ACCAATCG... (-30.654)
		Round 1: -62.57 ACCAATCG T:2455.0(18.07%),B:8439.0(14.49%),P:1e-27
		Round 2: -62.57 ACCAATCG T:2455.0(18.07%),B:8439.0(14.49%),P:1e-27
		=Final=: -43.81 ACCAATCG T:817.0(6.63%),B:2597.1(4.80%),P:1e-19
		Performing exhaustive masking of motif...
		Reprioritizing potential motifs...
	5 of 25 Initial Sequence: TAAGGCGG... (-25.544)
		Round 1: -38.29 TAAGGCGG T:3408.0(24.17%),B:12720.0(21.02%),P:1e-16
		Round 2: -63.02 TARGGCGG T:5639.0(36.73%),B:20834.8(32.07%),P:1e-27
		Round 3: -63.02 TARGGCGG T:5639.0(36.73%),B:20834.8(32.07%),P:1e-27
		=Final=: -34.30 TARGGCGG T:3549.0(28.80%),B:13889.2(25.65%),P:1e-14
		Performing exhaustive masking of motif...
		Reprioritizing potential motifs...
	6 of 25 Initial Sequence: GTCACGTG... (-22.514)
		Round 1: -33.30 GTCACGTG T:604.0(4.78%),B:1880.7(3.43%),P:1e-14
		Round 2: -33.72 GTCACGCG T:925.0(7.23%),B:3072.6(5.54%),P:1e-14
		Round 3: -40.38 ATYACGYG T:987.0(7.70%),B:3213.2(5.79%),P:1e-17
		Round 4: -40.38 ATYACGYG T:987.0(7.70%),B:3213.2(5.79%),P:1e-17
		=Final=: -27.78 ATYACGYG T:815.0(6.61%),B:2788.2(5.15%),P:1e-12
		Performing exhaustive masking of motif...
		Reprioritizing potential motifs...
	7 of 25 Initial Sequence: CTTCCGCT... (-20.988)
		Round 1: -29.93 CTTCCGCT T:3314.0(23.58%),B:12596.7(20.84%),P:1e-12
		Round 2: -35.69 VTTCCTCW T:4486.0(30.52%),B:17131.2(27.23%),P:1e-15
		Round 3: -37.03 CTTCCTCT T:4529.0(30.76%),B:17258.6(27.40%),P:1e-16
		Round 4: -37.70 CTTCCTYA T:5743.0(37.26%),B:22128.9(33.68%),P:1e-16
		Round 5: -41.77 STTCCTYA T:6579.0(41.37%),B:25332.4(37.51%),P:1e-18
		Round 6: -41.77 STTCCTYA T:6579.0(41.37%),B:25332.4(37.51%),P:1e-18
		=Final=: -42.78 STTCCTYA T:4962.0(40.27%),B:19701.9(36.38%),P:1e-18
		Performing exhaustive masking of motif...
		Reprioritizing potential motifs...
	8 of 25 Initial Sequence: GGGGGGGG... (-20.397)
		Round 1: -13.95 GGGGGGGG T:6600.0(41.47%),B:26948.0(39.35%),P:1e-6
		Round 2: -14.44 GGGGGGGR T:7857.0(47.15%),B:32171.8(44.95%),P:1e-6
		Round 3: -14.44 GGGGGGGR T:7857.0(47.15%),B:32171.8(44.95%),P:1e-6
		=Final=: -15.50 GGGGGGGR T:6283.0(50.99%),B:26372.0(48.70%),P:1e-6
		Performing exhaustive masking of motif...
		Reprioritizing potential motifs...
	9 of 25 Initial Sequence: TGCGCATG... (-18.954)
		Round 1: -47.62 TGCGCATG T:1573.0(11.99%),B:5322.4(9.40%),P:1e-20
		Round 2: -47.62 TGCGCATG T:1573.0(11.99%),B:5322.4(9.40%),P:1e-20
		=Final=: -29.36 TGCGCATG T:1330.0(10.79%),B:4804.6(8.87%),P:1e-12
		Performing exhaustive masking of motif...
		Reprioritizing potential motifs...
	10 of 25 Initial Sequence: TCTCGCGA... (-18.888)
		Round 1: -24.65 TCTCGCGA T:303.0(2.43%),B:880.2(1.62%),P:1e-10
		Round 2: -24.65 TCTCGCGA T:303.0(2.43%),B:880.2(1.62%),P:1e-10
		=Final=: -16.21 TCTCGCGA T:244.0(1.98%),B:754.3(1.39%),P:1e-7
		Performing exhaustive masking of motif...
		Reprioritizing potential motifs...
	11 of 25 Initial Sequence: AAAAAAAA... (-17.919)
		Round 1: -26.26 AAAAAAAA T:6825.0(42.53%),B:27079.6(39.50%),P:1e-11
		Round 2: -26.76 AAAAAAAA T:7312.0(44.76%),B:29047.1(41.67%),P:1e-11
		Round 3: -26.76 AAAAAAAA T:7312.0(44.76%),B:29047.1(41.67%),P:1e-11
		=Final=: -8.48 AAAAAAAA T:2907.0(23.59%),B:12053.5(22.26%),P:1e-3
		Performing exhaustive masking of motif...
		Reprioritizing potential motifs...
	12 of 25 Initial Sequence: CTGATTGG... (-16.040)
		Round 1: -34.61 CTGATTGG T:817.0(6.42%),B:2653.0(4.80%),P:1e-15
		Round 2: -35.50 CTGATTGG T:867.0(6.80%),B:2829.3(5.11%),P:1e-15
		Round 3: -35.50 CTGATTGG T:867.0(6.80%),B:2829.3(5.11%),P:1e-15
		=Final=: -26.62 CTGATTGG T:793.0(6.44%),B:2719.7(5.02%),P:1e-11
		Performing exhaustive masking of motif...
		Reprioritizing potential motifs...
	13 of 25 Initial Sequence: GTCGGCAA... (-15.773)
		Round 1: -30.23 GTCGGCAA T:2498.0(18.35%),B:9310.9(15.87%),P:1e-13
		Round 2: -30.23 GTCGGCAA T:2498.0(18.35%),B:9310.9(15.87%),P:1e-13
		=Final=: -27.82 GTCGGCAA T:2213.0(17.96%),B:8450.7(15.61%),P:1e-12
		Performing exhaustive masking of motif...
		Reprioritizing potential motifs...
	14 of 25 Initial Sequence: TCGTACGT... (-14.897)
		Round 1: -16.23 TCGTWCGD T:4214.0(28.97%),B:16858.4(26.86%),P:1e-7
		Round 2: -16.23 TCGTWCGD T:4214.0(28.97%),B:16858.4(26.86%),P:1e-7
		=Final=: -18.47 TCGTWCGD T:3389.0(27.51%),B:13690.1(25.28%),P:1e-8
		Performing exhaustive masking of motif...
		Reprioritizing potential motifs...
	15 of 25 Initial Sequence: ATAGGCCC... (-13.522)
		Round 1: -28.24 ATAGGCCC T:3731.0(26.13%),B:14347.9(23.37%),P:1e-12
		Round 2: -28.24 ATAGGCCC T:3731.0(26.13%),B:14347.9(23.37%),P:1e-12
		=Final=: -24.96 ATAGGCCC T:3032.0(24.61%),B:11960.8(22.09%),P:1e-10
		Performing exhaustive masking of motif...
		Reprioritizing potential motifs...
	16 of 25 Initial Sequence: GGGGCGTG... (-13.162)
		Round 1: -18.69 GGGGCGTG T:641.0(5.07%),B:2212.1(4.02%),P:1e-8
		Round 2: -19.46 GGGRCGTA T:512.0(4.07%),B:1706.3(3.12%),P:1e-8
		Round 3: -26.37 KKGGCGTA T:321.0(2.57%),B:926.3(1.70%),P:1e-11
		Round 4: -26.46 TWDGCGKA T:786.0(6.18%),B:2649.3(4.80%),P:1e-11
		Round 5: -27.45 KTDGCGTA T:474.0(3.77%),B:1469.7(2.69%),P:1e-11
		Round 6: -28.56 WTDGCGTA T:2093.0(15.62%),B:7733.8(13.37%),P:1e-12
		Round 7: -28.56 WTDGCGTA T:2093.0(15.62%),B:7733.8(13.37%),P:1e-12
		=Final=: -22.81 WTDGCGTA T:1985.0(16.11%),B:7628.4(14.09%),P:1e-9
		Performing exhaustive masking of motif...
		Reprioritizing potential motifs...
	17 of 25 Initial Sequence: TAGGTTGC... (-13.271)
		Round 1: -16.62 TAGGTTGC T:242.0(1.95%),B:733.0(1.35%),P:1e-7
		Round 2: -16.62 TAGGTTGC T:242.0(1.95%),B:733.0(1.35%),P:1e-7
		=Final=: -15.26 TAGGTTGC T:233.0(1.89%),B:723.7(1.34%),P:1e-6
		Performing exhaustive masking of motif...
		Reprioritizing potential motifs...
	18 of 25 Initial Sequence: GCACATTC... (-12.474)
		Round 1: -12.47 GCACATTC T:185.0(1.49%),B:567.8(1.05%),P:1e-5
		Round 2: -12.47 GCACATTC T:185.0(1.49%),B:567.8(1.05%),P:1e-5
		=Final=: -13.44 GCACATTC T:184.0(1.49%),B:561.4(1.04%),P:1e-5
		Performing exhaustive masking of motif...
		Reprioritizing potential motifs...
	19 of 25 Initial Sequence: AAATGGCG... (-12.061)
		Round 1: -20.14 AAATGGCG T:523.0(4.16%),B:1741.0(3.18%),P:1e-8
		Round 2: -20.14 AAATGGCG T:523.0(4.16%),B:1741.0(3.18%),P:1e-8
		=Final=: -20.13 AAATGGCG T:503.0(4.08%),B:1686.7(3.11%),P:1e-8
		Performing exhaustive masking of motif...
		Reprioritizing potential motifs...
	20 of 25 Initial Sequence: TCGTCTCG... (-11.770)
		Round 1: -13.06 TCGTCTCG T:1386.0(10.64%),B:5319.1(9.40%),P:1e-5
		Round 2: -16.22 TCGTCTCG T:1110.0(8.62%),B:4115.6(7.35%),P:1e-7
		Round 3: -16.22 TCGTCTCG T:1110.0(8.62%),B:4115.6(7.35%),P:1e-7
		=Final=: -15.30 TCGTCTCG T:1050.0(8.52%),B:3957.1(7.31%),P:1e-6
		Performing exhaustive masking of motif...
		Reprioritizing potential motifs...
	21 of 25 Initial Sequence: CGATAGGC... (-11.519)
		Round 1: -18.54 CGATAGGC T:258.0(2.07%),B:774.9(1.43%),P:1e-8
		Round 2: -18.54 CGATAGGC T:258.0(2.07%),B:774.9(1.43%),P:1e-8
		=Final=: -18.66 CGATAGGC T:726.0(5.89%),B:2581.4(4.77%),P:1e-8
		Performing exhaustive masking of motif...
		Reprioritizing potential motifs...
	22 of 25 Initial Sequence: AGCCGTAG... (-11.464)
		Round 1: -14.95 AGCCGTAG T:679.0(5.36%),B:2427.9(4.40%),P:1e-6
		Round 2: -15.14 AGSCGTGG T:662.0(5.23%),B:2357.6(4.28%),P:1e-6
		Round 3: -15.14 AGSCGTGG T:662.0(5.23%),B:2357.6(4.28%),P:1e-6
		=Final=: -16.00 AGSCGTGG T:637.0(5.17%),B:2274.0(4.20%),P:1e-6
		Performing exhaustive masking of motif...
		Reprioritizing potential motifs...
	23 of 25 Initial Sequence: GTTTCCGG... (-10.967)
		Round 1: -12.51 GTTTCCGG T:135.0(1.09%),B:389.6(0.72%),P:1e-5
		Round 2: -13.79 GTTTACGG T:253.0(2.03%),B:804.4(1.48%),P:1e-5
		Round 3: -15.51 GTTTMCGG T:242.0(1.95%),B:745.7(1.37%),P:1e-6
		Round 4: -17.69 GTTTMCGG T:706.0(5.57%),B:2484.5(4.51%),P:1e-7
		Round 5: -17.69 GTTTMCGG T:706.0(5.57%),B:2484.5(4.51%),P:1e-7
		=Final=: -9.87 GTTTMCGG T:162.0(1.31%),B:516.7(0.95%),P:1e-4
		Performing exhaustive masking of motif...
		Reprioritizing potential motifs...
	24 of 25 Initial Sequence: AAGCAGAA... (-10.878)
		Round 1: -22.70 AAGCAGAA T:3417.0(24.22%),B:13277.8(21.84%),P:1e-9
		Round 2: -23.16 AAGCAGAA T:3311.0(23.57%),B:12824.3(21.18%),P:1e-10
		Round 3: -23.16 AAGCAGAA T:3311.0(23.57%),B:12824.3(21.18%),P:1e-10
		=Final=: -20.18 AAGCAGAA T:2779.0(22.55%),B:11036.8(20.38%),P:1e-8
		Performing exhaustive masking of motif...
		Reprioritizing potential motifs...
	25 of 25 Initial Sequence: GCAGCCAA... (-11.148)
		Round 1: -18.26 GCAGCCAA T:1135.0(8.80%),B:4167.6(7.44%),P:1e-7
		Round 2: -18.26 GCAGCCAA T:1135.0(8.80%),B:4167.6(7.44%),P:1e-7
		=Final=: -17.52 GCAGCCAA T:1071.0(8.69%),B:3993.0(7.37%),P:1e-7
		Performing exhaustive masking of motif...
		Reprioritizing potential motifs...

	Finalizing Enrichment Statistics (new in v3.4)
	Reading input files...
	67613 total sequences read
	Cache length = 11180
	Using binomial scoring
	Checking enrichment of 25 motif(s)
	|0%                                    50%                                  100%|
	=================================================================================
	Output in file: /project/lbarreiro/USERS/ellen/KnightMolecules/demultiplexed/FastQ/15_transcriptionFactorMotifs/dataDriven_commonBaseline//tfMotifOutput_UP_hq//homerMotifs.motifs8


	Number of Trial motifs (-T) set to 9 (from 10) to work well with 3 CPUs
	Scanning input files...
	Parsing sequences...
	|0%                                   50%                                  100%|
	================================================================================
	Total number of Oligos: 523645
	Autoadjustment for sequence coverage in background: 1.00x

	Oligos: 523645 of 551887 max
	Tree  : 1069648 of 2759435 max
	Optimizing memory usage...
	Cache length = 11180
	Using binomial scoring

	Global Optimization Phase: Looking for enriched oligos with up to 2 mismatches...

	Screening oligos 523645 (allowing 0 mismatches):
	|0%                                   50%                                  100%|
	================================================================================
		4.67% skipped, 95.33% checked (499176 of 523645), of those checked:
		4.67% not in target, 0.00% increased p-value, 0.00% high p-value

	Screening oligos 523645 (allowing 1 mismatches):
	|0%                                   50%                                  100%|
	================================================================================
		4.67% skipped, 95.33% checked (499176 of 523645), of those checked:
		0.00% not in target, 40.38% increased p-value, 55.57% high p-value

	Screening oligos 523645 (allowing 2 mismatches):
	|0%                                   50%                                  100%|
	================================================================================
		75.18% skipped, 24.82% checked (129958 of 523645), of those checked:
		0.00% not in target, 15.66% increased p-value, 0.00% high p-value
	Reading input files...
	67613 total sequences read
	Cache length = 11180
	Using binomial scoring

	Local Optimization Phase:
	1 of 25 Initial Sequence: GGGCGGGGCT... (-100.627)
		Round 1: -230.73 GGGCGGGGCT T:4437.0(30.24%),B:13374.2(21.98%),P:1e-100
		Round 2: -282.22 GGGCGGRGCT T:5246.0(34.67%),B:15587.6(25.12%),P:1e-122
		Round 3: -290.09 GGGCGKRGCN T:5145.0(34.14%),B:15152.7(24.51%),P:1e-125
		Round 4: -290.09 GGGCGKRGCN T:5145.0(34.14%),B:15152.7(24.51%),P:1e-125
		=Final=: -105.64 GGGCGKRGCN T:2573.0(20.88%),B:8656.2(15.99%),P:1e-45
		Performing exhaustive masking of motif...
		Reprioritizing potential motifs...
	2 of 25 Initial Sequence: TGATTGGCGG... (-45.267)
		Round 1: -78.08 TGATTGGCGG T:1679.0(12.74%),B:5301.0(9.37%),P:1e-33
		Round 2: -113.69 TGATTGGCSG T:2630.0(19.22%),B:8335.6(14.33%),P:1e-49
		Round 3: -136.26 TGATTGGCBG T:2282.0(16.91%),B:6826.0(11.90%),P:1e-59
		Round 4: -148.97 YGATTGGCBG T:2655.0(19.39%),B:8010.7(13.81%),P:1e-64
		Round 5: -149.80 YGATTGGCBG T:3081.0(22.13%),B:9523.2(16.20%),P:1e-65
		Round 6: -149.80 YGATTGGCBG T:3081.0(22.13%),B:9523.2(16.20%),P:1e-65
		=Final=: -88.90 YGATTGGCBG T:2250.0(18.26%),B:7588.8(14.01%),P:1e-38
		Performing exhaustive masking of motif...
		Reprioritizing potential motifs...
	3 of 25 Initial Sequence: AAAAGCGGAA... (-41.076)
		Round 1: -54.65 AAAAGCGGAA T:5864.0(37.87%),B:21992.7(33.51%),P:1e-23
		Round 2: -54.85 AAAAGCGGAA T:5996.0(38.53%),B:22507.2(34.14%),P:1e-23
		Round 3: -60.10 AAAAGCGGAA T:6614.0(41.54%),B:24782.6(36.87%),P:1e-26
		Round 4: -60.10 AAAAGCGGAA T:6614.0(41.54%),B:24782.6(36.87%),P:1e-26
		=Final=: -59.29 AAAAGCGGAA T:5023.0(40.77%),B:19573.7(36.15%),P:1e-25
		Performing exhaustive masking of motif...
		Reprioritizing potential motifs...
	4 of 25 Initial Sequence: CGCCATTTTG... (-38.747)
		Round 1: -63.17 CGCCATTTTG T:361.0(2.89%),B:828.2(1.52%),P:1e-27
		Round 2: -63.17 CGCCATTTTG T:361.0(2.89%),B:828.2(1.52%),P:1e-27
		=Final=: -60.82 CGCCATTTTG T:340.0(2.76%),B:789.9(1.46%),P:1e-26
		Performing exhaustive masking of motif...
		Reprioritizing potential motifs...
	5 of 25 Initial Sequence: CGCATGCGTA... (-36.745)
		Round 1: -76.13 CGCATGCGTA T:1384.0(10.63%),B:4251.4(7.59%),P:1e-33
		Round 2: -79.31 CGCATGCGTA T:1622.0(12.34%),B:5076.2(8.99%),P:1e-34
		Round 3: -81.48 CGCATGCGTA T:1455.0(11.14%),B:4448.5(7.92%),P:1e-35
		Round 4: -83.30 CGCATGCGTA T:1593.0(12.13%),B:4927.1(8.74%),P:1e-36
		Round 5: -83.30 CGCATGCGTA T:1593.0(12.13%),B:4927.1(8.74%),P:1e-36
		=Final=: -45.59 CGCATGCGTA T:948.0(7.69%),B:3072.1(5.67%),P:1e-19
		Performing exhaustive masking of motif...
		Reprioritizing potential motifs...
	6 of 25 Initial Sequence: CGTCACGTGA... (-28.721)
		Round 1: -52.85 CGTCACGTGA T:985.0(7.68%),B:3056.5(5.51%),P:1e-22
		Round 2: -63.58 CGTCACGTGA T:980.0(7.65%),B:2929.5(5.29%),P:1e-27
		Round 3: -63.58 CGTCACGTGA T:980.0(7.65%),B:2929.5(5.29%),P:1e-27
		=Final=: -40.06 CGTCACGTGA T:689.0(5.59%),B:2158.8(3.99%),P:1e-17
		Performing exhaustive masking of motif...
		Reprioritizing potential motifs...
	7 of 25 Initial Sequence: AAAAAAAAAA... (-26.997)
		Round 1: -41.64 AAAAAAAAAA T:4484.0(30.51%),B:16915.4(26.94%),P:1e-18
		Round 2: -45.56 AAAAAAAAAA T:4780.0(32.16%),B:17975.4(28.37%),P:1e-19
		Round 3: -45.89 AAAAAAAAAA T:4887.0(32.74%),B:18390.1(28.92%),P:1e-19
		Round 4: -46.58 AAAAAAAMAA T:6203.0(39.56%),B:23626.7(35.50%),P:1e-20
		Round 5: -46.58 AAAAAAAMAA T:6203.0(39.56%),B:23626.7(35.50%),P:1e-20
		=Final=: -14.85 AAAAAAAMAA T:2175.0(17.65%),B:8659.0(15.99%),P:1e-6
		Performing exhaustive masking of motif...
		Reprioritizing potential motifs...
	8 of 25 Initial Sequence: CGGACTAGAC... (-26.290)
		Round 1: -26.29 CGGACTAGAC T:10.0(0.08%),B:2.8(0.00%),P:1e-11
		Round 2: -26.29 CGGACTAGAC T:10.0(0.08%),B:2.8(0.00%),P:1e-11
		=Final=: -23.39 CGGACTAGAC T:10.0(0.08%),B:2.8(0.01%),P:1e-10
		Performing exhaustive masking of motif...
		Reprioritizing potential motifs...
	9 of 25 Initial Sequence: CCCTCTAACA... (-23.694)
		Round 1: -24.59 CCCTCTAACA T:41.0(0.33%),B:50.9(0.09%),P:1e-10
		Round 2: -24.59 CCCTCTAACA T:41.0(0.33%),B:50.9(0.09%),P:1e-10
		=Final=: -3.62 CCCTCTAACA T:45.0(0.37%),B:145.6(0.27%),P:1e-1
		Performing exhaustive masking of motif...
		Reprioritizing potential motifs...
	10 of 25 Initial Sequence: CCCCCCCCTT... (-23.477)
		Round 1: -29.22 CCCCCCCCTT T:6841.0(42.61%),B:26981.1(39.39%),P:1e-12
		Round 2: -33.59 CCCCCCCCTT T:6614.0(41.54%),B:25840.4(38.10%),P:1e-14
		Round 3: -33.59 CCCCCCCCTT T:6614.0(41.54%),B:25840.4(38.10%),P:1e-14
		=Final=: -18.45 CCCCCCCCTT T:2649.0(21.50%),B:10542.5(19.47%),P:1e-8
		Performing exhaustive masking of motif...
		Reprioritizing potential motifs...
	11 of 25 Initial Sequence: GGCAGCCAAT... (-23.544)
		Round 1: -38.60 GGCAGCCAAT T:1079.0(8.39%),B:3585.4(6.44%),P:1e-16
		Round 2: -38.60 GGCAGCCAAT T:1079.0(8.39%),B:3585.4(6.44%),P:1e-16
		=Final=: -41.31 GGCAGCCAAT T:1017.0(8.25%),B:3388.3(6.26%),P:1e-17
		Performing exhaustive masking of motif...
		Reprioritizing potential motifs...
	12 of 25 Initial Sequence: TCGTGGTCTA... (-23.346)
		Round 1: -24.97 TCGTGGTCTA T:18.0(0.15%),B:9.2(0.02%),P:1e-10
		Round 2: -24.97 TCGTGGTCTA T:18.0(0.15%),B:9.2(0.02%),P:1e-10
		=Final=: -25.44 TCGTGGTCTA T:18.0(0.15%),B:9.2(0.02%),P:1e-11
		Performing exhaustive masking of motif...
		Reprioritizing potential motifs...
	13 of 25 Initial Sequence: CGGGCGTACG... (-22.614)
		Round 1: -30.07 CGGGCGTACG T:11.0(0.09%),B:2.4(0.00%),P:1e-13
		Round 2: -30.07 CGGGCGTACG T:11.0(0.09%),B:2.4(0.00%),P:1e-13
		=Final=: -26.58 CGGGCGTACG T:11.0(0.09%),B:2.4(0.00%),P:1e-11
		Performing exhaustive masking of motif...
		Reprioritizing potential motifs...
	14 of 25 Initial Sequence: CGACTTCCGT... (-22.175)
		Round 1: -31.64 CGACTTCCGT T:1798.0(13.58%),B:6493.7(11.35%),P:1e-13
		Round 2: -31.64 CGACTTCCGT T:1798.0(13.58%),B:6493.7(11.35%),P:1e-13
		=Final=: -33.79 CGACTTCCGT T:1544.0(12.53%),B:5585.2(10.31%),P:1e-14
		Performing exhaustive masking of motif...
		Reprioritizing potential motifs...
	15 of 25 Initial Sequence: CGCTCGCAAG... (-21.875)
		Round 1: -21.87 CGCTCGCAAG T:14.0(0.11%),B:6.8(0.01%),P:1e-9
		Round 2: -21.87 CGCTCGCAAG T:14.0(0.11%),B:6.8(0.01%),P:1e-9
		=Final=: -22.11 CGCTCGCAAG T:14.0(0.11%),B:6.8(0.01%),P:1e-9
		Performing exhaustive masking of motif...
		Reprioritizing potential motifs...
	16 of 25 Initial Sequence: ATGCGCTTGT... (-20.256)
		Round 1: -20.26 ATGCGCTTGT T:10.0(0.08%),B:3.8(0.01%),P:1e-8
		Round 2: -20.26 ATGCGCTTGT T:10.0(0.08%),B:3.8(0.01%),P:1e-8
		=Final=: -19.55 ATGCGCTTGT T:10.0(0.08%),B:3.8(0.01%),P:1e-8
		Performing exhaustive masking of motif...
		Reprioritizing potential motifs...
	17 of 25 Initial Sequence: GGCTTAGCGC... (-19.436)
		Round 1: -21.06 GGCTTAGCGC T:17.0(0.14%),B:10.8(0.02%),P:1e-9
		Round 2: -21.06 GGCTTAGCGC T:17.0(0.14%),B:10.8(0.02%),P:1e-9
		=Final=: -21.68 GGCTTAGCGC T:17.0(0.14%),B:10.8(0.02%),P:1e-9
		Performing exhaustive masking of motif...
		Reprioritizing potential motifs...
	18 of 25 Initial Sequence: CGAAGCTCGA... (-19.055)
		Round 1: -25.09 CGAACCTBGA T:27.0(0.22%),B:22.5(0.04%),P:1e-10
		Round 2: -25.09 CGAACCTBGA T:27.0(0.22%),B:22.5(0.04%),P:1e-10
		=Final=: -24.21 CGAACCTBGA T:26.0(0.21%),B:22.5(0.04%),P:1e-10
		Performing exhaustive masking of motif...
		Reprioritizing potential motifs...
	19 of 25 Initial Sequence: GGGTAATCGG... (-19.055)
		Round 1: -27.92 GGGTAATCGG T:24.0(0.19%),B:15.3(0.03%),P:1e-12
		Round 2: -27.92 GGGTAATCGG T:24.0(0.19%),B:15.3(0.03%),P:1e-12
		=Final=: -28.61 GGGTAATCGG T:24.0(0.19%),B:15.3(0.03%),P:1e-12
		Performing exhaustive masking of motif...
		Reprioritizing potential motifs...
	20 of 25 Initial Sequence: GGCGTCACTA... (-19.055)
		Round 1: -26.29 GGCGTMACTA T:10.0(0.08%),B:2.5(0.00%),P:1e-11
		Round 2: -26.29 BDCGHAAHTA T:6492.0(40.96%),B:25709.2(37.94%),P:1e-11
		Round 3: -26.99 BDCGNAAHTW T:4580.0(31.05%),B:17850.7(28.20%),P:1e-11
		Round 4: -26.99 BDCGNAAHTW T:4580.0(31.05%),B:17850.7(28.20%),P:1e-11
		=Final=: -16.84 BDCGNAAHTW T:3495.0(28.37%),B:14205.6(26.23%),P:1e-7
		Performing exhaustive masking of motif...
		Reprioritizing potential motifs...
	21 of 25 Initial Sequence: TTTTCGGAGG... (-21.904)
		Round 1: -32.01 TTTTCGGAGG T:19.0(0.15%),B:7.5(0.01%),P:1e-13
		Round 2: -39.67 TTTTCGAAGG T:23.0(0.19%),B:8.0(0.01%),P:1e-17
		Round 3: -39.67 TTTTCGAAGG T:23.0(0.19%),B:8.0(0.01%),P:1e-17
		=Final=: -39.59 TTTTCGAAGG T:23.0(0.19%),B:8.0(0.01%),P:1e-17
		Performing exhaustive masking of motif...
		Reprioritizing potential motifs...
	22 of 25 Initial Sequence: GACCCCGCAA... (-20.256)
		Round 1: -20.83 GACCCCGCAW T:25.0(0.20%),B:23.9(0.04%),P:1e-9
		Round 2: -26.23 GACCCCGCAW T:30.0(0.24%),B:26.8(0.05%),P:1e-11
		Round 3: -26.23 GACCCCGCAW T:30.0(0.24%),B:26.8(0.05%),P:1e-11
		=Final=: -27.06 GACCCCGCAW T:30.0(0.24%),B:26.8(0.05%),P:1e-11
		Performing exhaustive masking of motif...
		Reprioritizing potential motifs...
	23 of 25 Initial Sequence: TCACGCCATG... (-19.055)
		Round 1: -22.61 TCACGCCATG T:9.0(0.07%),B:2.7(0.00%),P:1e-9
		Round 2: -30.07 TTACGCCATG T:11.0(0.09%),B:2.7(0.00%),P:1e-13
		Round 3: -30.07 TTACGCCATG T:11.0(0.09%),B:2.7(0.00%),P:1e-13
		=Final=: -26.58 TTACGCCATG T:11.0(0.09%),B:2.7(0.00%),P:1e-11
		Performing exhaustive masking of motif...
		Reprioritizing potential motifs...
	24 of 25 Initial Sequence: GACCGCCTAC... (-18.030)
		Round 1: -40.50 GACCGCCTAC T:1473.0(11.27%),B:5057.4(8.96%),P:1e-17
		Round 2: -40.50 GACCGCCTAC T:1473.0(11.27%),B:5057.4(8.96%),P:1e-17
		=Final=: -41.37 GACCGCCTAC T:1843.0(14.96%),B:6656.5(12.29%),P:1e-17
		Performing exhaustive masking of motif...
		Reprioritizing potential motifs...
	25 of 25 Initial Sequence: GGCGGACAAG... (-19.055)
		Round 1: -21.06 GGCGGACAAG T:17.0(0.14%),B:10.3(0.02%),P:1e-9
		Round 2: -21.46 GGCGGAAAAA T:42.0(0.34%),B:58.4(0.11%),P:1e-9
		Round 3: -42.21 GGCGGAAAAG T:145.0(1.17%),B:273.3(0.51%),P:1e-18
		Round 4: -42.21 GGCGGAAAAG T:145.0(1.17%),B:273.3(0.51%),P:1e-18
		=Final=: -41.46 GGCGGAAAAG T:143.0(1.16%),B:273.3(0.50%),P:1e-18
		Performing exhaustive masking of motif...
		Reprioritizing potential motifs...

	Finalizing Enrichment Statistics (new in v3.4)
	Reading input files...
	67613 total sequences read
	Cache length = 11180
	Using binomial scoring
	Checking enrichment of 25 motif(s)
	|0%                                    50%                                  100%|
	=================================================================================
	Output in file: /project/lbarreiro/USERS/ellen/KnightMolecules/demultiplexed/FastQ/15_transcriptionFactorMotifs/dataDriven_commonBaseline//tfMotifOutput_UP_hq//homerMotifs.motifs10


	Number of Trial motifs (-T) set to 9 (from 10) to work well with 3 CPUs
	-blen automatically set to 2
	Scanning input files...
	Parsing sequences...
	|0%                                   50%                                  100%|
	================================================================================
	Total number of Oligos: 6313415
	Autoadjustment for sequence coverage in background: 0.99x

	Oligos: 6313415 of 8830118 max
	Tree  : 13499660 of 44150590 max
	Optimizing memory usage...
	Cache length = 11180
	Using binomial scoring

	Global Optimization Phase: Looking for enriched oligos with up to 2 mismatches...

	Screening oligos 6313415 (allowing 0 mismatches):
	|0%                                   50%                                  100%|
	================================================================================
		51.23% skipped, 48.77% checked (3079220 of 6313415), of those checked:
		51.23% not in target, 0.00% increased p-value, 0.00% high p-value

	Screening oligos 6313415 (allowing 1 mismatches):
	|0%                                   50%                                  100%|
	================================================================================
		51.23% skipped, 48.77% checked (3079220 of 6313415), of those checked:
		0.00% not in target, 30.90% increased p-value, 17.34% high p-value

	Screening oligos 6313415 (allowing 2 mismatches):
	|0%                                   50%                                  100%|
	================================================================================
		88.92% skipped, 11.08% checked (699601 of 6313415), of those checked:
		0.00% not in target, 8.30% increased p-value, 0.00% high p-value
	Reading input files...
	67613 total sequences read
	Cache length = 11180
	Using binomial scoring

	Local Optimization Phase:
	1 of 25 Initial Sequence: GGGCGGGGCCTA... (-138.448)
		Round 1: -192.74 GGGCGGGGCCTA T:4130.0(28.48%),B:12744.6(21.06%),P:1e-83
		Round 2: -272.12 GGGCGGGGCCTA T:3513.0(24.81%),B:9777.9(16.60%),P:1e-118
		Round 3: -307.18 GGGCGGGGCCWA T:4026.0(27.88%),B:11186.0(18.75%),P:1e-133
		Round 4: -329.74 GGGCGGGGCYWD T:4822.0(32.39%),B:13640.9(22.37%),P:1e-143
		Round 5: -329.74 GGGCGGGGCYWD T:4822.0(32.39%),B:13640.9(22.37%),P:1e-143
		=Final=: -143.77 GGGCGGGGCYWD T:2305.0(18.71%),B:7213.8(13.32%),P:1e-62
		Performing exhaustive masking of motif...
		Reprioritizing potential motifs...
	2 of 25 Initial Sequence: TCCCTCTAACAC... (-54.650)
		Round 1: -58.43 TCCCTCTAACAC T:21.0(0.17%),B:3.7(0.01%),P:1e-25
		Round 2: -58.43 TCCCTCTAACAC T:21.0(0.17%),B:3.7(0.01%),P:1e-25
		=Final=: -7.26 TCCCTCTAACAC T:5.0(0.04%),B:3.7(0.01%),P:1e-3
		Performing exhaustive masking of motif...
		Reprioritizing potential motifs...
	3 of 25 Initial Sequence: GACCAATCGGAA... (-51.530)
		Round 1: -74.44 GACCAATCGGAA T:287.0(2.30%),B:560.5(1.03%),P:1e-32
		Round 2: -89.78 GACCAATCGGAA T:793.0(6.23%),B:2072.3(3.77%),P:1e-38
		Round 3: -118.23 GACCAATCRGAA T:1707.0(12.94%),B:4978.3(8.83%),P:1e-51
		Round 4: -128.68 RRCCAATSRGAR T:2098.0(15.66%),B:6252.8(10.96%),P:1e-55
		Round 5: -135.01 RACCAATSRGAR T:1675.0(12.71%),B:4717.3(8.38%),P:1e-58
		Round 6: -136.99 RRCCAATVRRVR T:1936.0(14.54%),B:5601.5(9.87%),P:1e-59
		Round 7: -138.27 VRCCAATVRRVR T:2025.0(15.16%),B:5900.5(10.37%),P:1e-60
		Round 8: -138.27 VRCCAATVRRVR T:2025.0(15.16%),B:5900.5(10.37%),P:1e-60
		=Final=: -82.36 VRCCAATVRRVR T:1600.0(12.99%),B:5144.7(9.50%),P:1e-35
		Performing exhaustive masking of motif...
		Reprioritizing potential motifs...
	4 of 25 Initial Sequence: CGCATGCGCAAA... (-46.311)
		Round 1: -58.66 CGCATGCGCAAA T:1332.0(10.25%),B:4262.1(7.61%),P:1e-25
		Round 2: -60.00 CGCATGCGCAAA T:1042.0(8.11%),B:3187.8(5.74%),P:1e-26
		Round 3: -60.00 CGCATGCGCAAA T:1042.0(8.11%),B:3187.8(5.74%),P:1e-26
		=Final=: -40.84 CGCATGCGCAAA T:255.0(2.07%),B:618.5(1.14%),P:1e-17
		Performing exhaustive masking of motif...
		Reprioritizing potential motifs...
	5 of 25 Initial Sequence: CCGCCATTTTGA... (-35.903)
		Round 1: -57.71 CCGCCATTTTGA T:599.0(4.75%),B:1642.6(3.00%),P:1e-25
		Round 2: -63.73 CCGCCATTTTGA T:432.0(3.45%),B:1050.8(1.93%),P:1e-27
		Round 3: -63.73 CCGCCATTTTGA T:432.0(3.45%),B:1050.8(1.93%),P:1e-27
		=Final=: -58.95 CCGCCATTTTGA T:407.0(3.30%),B:1015.0(1.87%),P:1e-25
		Performing exhaustive masking of motif...
		Reprioritizing potential motifs...
	6 of 25 Initial Sequence: TCCCGCCCACTA... (-35.788)
		Round 1: -52.61 TCCCGCCCACTA T:382.0(3.05%),B:953.1(1.75%),P:1e-22
		Round 2: -52.61 TCCCGCCCACTA T:382.0(3.05%),B:953.1(1.75%),P:1e-22
		=Final=: -55.12 TCCCGCCCACTA T:374.0(3.04%),B:928.7(1.72%),P:1e-23
		Performing exhaustive masking of motif...
		Reprioritizing potential motifs...
	7 of 25 Initial Sequence: CGCGTCACGTGA... (-35.615)
		Round 1: -62.19 CGCGTCACGTGA T:240.0(1.93%),B:471.8(0.87%),P:1e-27
		Round 2: -67.96 CVCGTCACGTGA T:434.0(3.46%),B:1033.1(1.90%),P:1e-29
		Round 3: -67.96 CVCGTCACGTGA T:434.0(3.46%),B:1033.1(1.90%),P:1e-29
		=Final=: -42.89 CVCGTCACGTGA T:340.0(2.76%),B:887.9(1.64%),P:1e-18
		Performing exhaustive masking of motif...
		Reprioritizing potential motifs...
	8 of 25 Initial Sequence: CTACAACTCCCA... (-33.726)
		Round 1: -54.05 CTACAACTCCCA T:379.0(3.03%),B:935.8(1.72%),P:1e-23
		Round 2: -57.57 CTACAACTCCCA T:433.0(3.45%),B:1088.4(2.00%),P:1e-25
		Round 3: -63.95 CTACAACTCCCA T:351.0(2.81%),B:795.4(1.46%),P:1e-27
		Round 4: -71.25 CTACAAMTCCCA T:408.0(3.26%),B:936.5(1.72%),P:1e-30
		Round 5: -71.25 CTACAAMTCCCA T:408.0(3.26%),B:936.5(1.72%),P:1e-30
		=Final=: -57.72 CTACAAMTCCCA T:358.0(2.91%),B:862.5(1.59%),P:1e-25
		Performing exhaustive masking of motif...
		Reprioritizing potential motifs...
	9 of 25 Initial Sequence: GAAGGCGGAAGT... (-30.480)
		Round 1: -45.48 GAAGGCGGAAGT T:4533.0(30.78%),B:16987.5(27.04%),P:1e-19
		Round 2: -46.44 GAAGGCGGAAGT T:4604.0(31.18%),B:17239.9(27.38%),P:1e-20
		Round 3: -51.85 GAAGGCGGAAGT T:5183.0(34.34%),B:19377.8(30.21%),P:1e-22
		Round 4: -53.71 GAAGGCGGAAGT T:4985.0(33.28%),B:18529.7(29.10%),P:1e-23
		Round 5: -58.15 GAAGGCGGAAGT T:3523.0(24.87%),B:12661.8(20.94%),P:1e-25
		Round 6: -58.64 GAAGGCGGAAGK T:3262.0(23.26%),B:11634.2(19.42%),P:1e-25
		Round 7: -58.64 GAAGGCGGAAGK T:3262.0(23.26%),B:11634.2(19.42%),P:1e-25
		=Final=: -54.62 GAAGGCGGAAGK T:2777.0(22.54%),B:10223.5(18.88%),P:1e-23
		Performing exhaustive masking of motif...
		Reprioritizing potential motifs...
	10 of 25 Initial Sequence: ATGGGTCGTCGC... (-29.801)
		Round 1: -37.91 ATGGGTCGTCGC T:13.0(0.11%),B:2.4(0.00%),P:1e-16
		Round 2: -37.91 ATGGGTCGTCGC T:13.0(0.11%),B:2.4(0.00%),P:1e-16
		=Final=: -33.22 ATGGGTCGTCGC T:13.0(0.11%),B:2.4(0.00%),P:1e-14
		Performing exhaustive masking of motif...
		Reprioritizing potential motifs...
	11 of 25 Initial Sequence: AAAAAAAAAAAA... (-27.958)
		Round 1: -42.03 AAAAAAAAAAAA T:6817.0(42.50%),B:26274.2(38.59%),P:1e-18
		Round 2: -43.84 AAAAAAAAAAAA T:6338.0(40.22%),B:24271.5(36.27%),P:1e-19
		Round 3: -45.72 AAAAAAAAAAAA T:5853.0(37.82%),B:22259.1(33.84%),P:1e-19
		Round 4: -46.88 AAAAAAAAAAAA T:5451.0(35.75%),B:20610.0(31.79%),P:1e-20
		Round 5: -46.88 AAAAAAAAAAAA T:5451.0(35.75%),B:20610.0(31.79%),P:1e-20
		=Final=: -13.99 AAAAAAAAAAAA T:1251.0(10.15%),B:4818.3(8.90%),P:1e-6
		Performing exhaustive masking of motif...
		Reprioritizing potential motifs...
	12 of 25 Initial Sequence: AGGGGCGGGACT... (-23.944)
		Round 1: -40.35 AGGGGCGGGACT T:2331.0(17.24%),B:8393.6(14.43%),P:1e-17
		Round 2: -42.96 AGGGGCGGGACT T:2345.0(17.33%),B:8393.9(14.43%),P:1e-18
		Round 3: -55.01 AGGGGCGGGACT T:1345.0(10.34%),B:4358.1(7.77%),P:1e-23
		Round 4: -59.34 AGGGGCGGGRCT T:1627.0(12.37%),B:5354.0(9.46%),P:1e-25
		Round 5: -59.34 AGGGGCGGGRCT T:1627.0(12.37%),B:5354.0(9.46%),P:1e-25
		=Final=: -46.67 AGGGGCGGGRCT T:1333.0(10.82%),B:4544.2(8.39%),P:1e-20
		Performing exhaustive masking of motif...
		Reprioritizing potential motifs...
	13 of 25 Initial Sequence: TGCAGACTTGGC... (-22.613)
		Round 1: -23.35 TGCAGACTTGGC T:11.0(0.09%),B:3.7(0.01%),P:1e-10
		Round 2: -23.35 TGCAGACTTGGC T:11.0(0.09%),B:3.7(0.01%),P:1e-10
		=Final=: -22.33 TGCAGACTTGGC T:11.0(0.09%),B:3.7(0.01%),P:1e-9
		Performing exhaustive masking of motif...
		Reprioritizing potential motifs...
	14 of 25 Initial Sequence: GGCCTGGGAGAT... (-22.613)
		Round 1: -30.07 GGCCTGGGAGAT T:11.0(0.09%),B:2.9(0.00%),P:1e-13
		Round 2: -30.07 GGCCTGGGAGAT T:11.0(0.09%),B:2.9(0.00%),P:1e-13
		=Final=: -26.58 GGCCTGGGAGAT T:11.0(0.09%),B:2.9(0.01%),P:1e-11
		Performing exhaustive masking of motif...
		Reprioritizing potential motifs...
	15 of 25 Initial Sequence: TCTAGGAGTCGC... (-22.613)
		Round 1: -40.06 TCTAGGAGTCGC T:22.0(0.18%),B:7.2(0.01%),P:1e-17
		Round 2: -40.06 TCTAGGAGTCGC T:22.0(0.18%),B:7.2(0.01%),P:1e-17
		=Final=: -17.98 TCTAGGAGTCGC T:13.0(0.11%),B:7.2(0.01%),P:1e-7
		Performing exhaustive masking of motif...
		Reprioritizing potential motifs...
	16 of 25 Initial Sequence: CTCGACGACGAA... (-22.613)
		Round 1: -26.96 CTCGACGACGAA T:61.0(0.49%),B:93.0(0.17%),P:1e-11
		Round 2: -33.95 CTCGACGACGAA T:12.0(0.10%),B:2.6(0.00%),P:1e-14
		Round 3: -33.95 CTCGACGACGAA T:12.0(0.10%),B:2.6(0.00%),P:1e-14
		=Final=: -29.86 CTCGACGACGAA T:12.0(0.10%),B:2.6(0.00%),P:1e-12
		Performing exhaustive masking of motif...
		Reprioritizing potential motifs...
	17 of 25 Initial Sequence: TCGCGCGTTAAG... (-22.613)
		Round 1: -31.07 TCGCGCGTTAAG T:27.0(0.22%),B:17.2(0.03%),P:1e-13
		Round 2: -31.07 TCGCGCGTTAAG T:27.0(0.22%),B:17.2(0.03%),P:1e-13
		=Final=: -31.77 TCGCGCGTTAAG T:27.0(0.22%),B:17.2(0.03%),P:1e-13
		Performing exhaustive masking of motif...
		Reprioritizing potential motifs...
	18 of 25 Initial Sequence: GCCAATCACCGC... (-22.113)
		Round 1: -52.34 GCCAATCACCGC T:30.0(0.24%),B:10.9(0.02%),P:1e-22
		Round 2: -52.91 GCCAATCACCGC T:38.0(0.31%),B:18.2(0.03%),P:1e-22
		Round 3: -60.49 GCCAATCACCGC T:33.0(0.27%),B:10.9(0.02%),P:1e-26
		Round 4: -60.49 GCCAATCACCGC T:33.0(0.27%),B:10.9(0.02%),P:1e-26
		=Final=: -60.17 GCCAATCACCGC T:33.0(0.27%),B:10.9(0.02%),P:1e-26
		Performing exhaustive masking of motif...
		Reprioritizing potential motifs...
	19 of 25 Initial Sequence: AGAGGAACCTAG... (-21.198)
		Round 1: -31.08 AGAGGAACCTAG T:782.0(6.15%),B:2567.6(4.65%),P:1e-13
		Round 2: -31.08 AGAGGAACCTAG T:782.0(6.15%),B:2567.6(4.65%),P:1e-13
		=Final=: -30.52 AGAGGAACCTAG T:750.0(6.09%),B:2499.4(4.62%),P:1e-13
		Performing exhaustive masking of motif...
		Reprioritizing potential motifs...
	20 of 25 Initial Sequence: CAGAATTGGGGC... (-20.362)
		Round 1: -30.94 CAGAATTGGGGC T:299.0(2.40%),B:816.6(1.50%),P:1e-13
		Round 2: -30.94 CAGAATTGGGGC T:299.0(2.40%),B:816.6(1.50%),P:1e-13
		=Final=: -31.87 CAGAATTGGGGC T:296.0(2.40%),B:810.8(1.50%),P:1e-13
		Performing exhaustive masking of motif...
		Reprioritizing potential motifs...
	21 of 25 Initial Sequence: GCACCAGCTAAG... (-20.292)
		Round 1: -38.71 GCACCAGCTAAG T:45.0(0.36%),B:39.6(0.07%),P:1e-16
		Round 2: -38.71 GCACCAGCTAAG T:45.0(0.36%),B:39.6(0.07%),P:1e-16
		=Final=: -39.60 GCACCAGCTAAG T:45.0(0.37%),B:39.6(0.07%),P:1e-17
		Performing exhaustive masking of motif...
		Reprioritizing potential motifs...
	22 of 25 Initial Sequence: AGGGTGCCTCAG... (-20.255)
		Round 1: -24.56 AGGGTGCCTCAG T:14.0(0.11%),B:5.6(0.01%),P:1e-10
		Round 2: -24.56 AGGGTGCCTCAG T:14.0(0.11%),B:5.6(0.01%),P:1e-10
		=Final=: -8.61 AGGGTGCCTCAG T:7.0(0.06%),B:5.6(0.01%),P:1e-3
		Performing exhaustive masking of motif...
		Reprioritizing potential motifs...
	23 of 25 Initial Sequence: CGTATCCGTTGG... (-20.255)
		Round 1: -31.11 CGTATCCGTTGG T:15.0(0.12%),B:4.3(0.01%),P:1e-13
		Round 2: -37.91 CGTATCCGTTGG T:13.0(0.11%),B:2.8(0.00%),P:1e-16
		Round 3: -37.91 CGTATCCGTTGG T:13.0(0.11%),B:2.8(0.00%),P:1e-16
		=Final=: -33.22 CGTATCCGTTGG T:13.0(0.11%),B:2.8(0.01%),P:1e-14
		Performing exhaustive masking of motif...
		Reprioritizing potential motifs...
	24 of 25 Initial Sequence: TTCCGGACGCGA... (-20.111)
		Round 1: -67.60 TTCCGGACGCGA T:20.0(0.16%),B:0.0(0.00%),P:1e-29
		Round 2: -67.60 TTCCGGACGCGA T:20.0(0.16%),B:0.0(0.00%),P:1e-29
		=Final=: -72.18 TTCCGGACGCGA T:20.0(0.16%),B:0.0(0.00%),P:1e-31
		Performing exhaustive masking of motif...
		Reprioritizing potential motifs...
	25 of 25 Initial Sequence: GAGGAAGGGCTC... (-20.059)
		Round 1: -34.53 GAGGAAGGGCTC T:111.0(0.90%),B:204.0(0.38%),P:1e-14
		Round 2: -34.53 GAGGAAGGGCTC T:111.0(0.90%),B:204.0(0.38%),P:1e-14
		=Final=: -36.07 GAGGAAGGGCTC T:144.0(1.17%),B:295.4(0.55%),P:1e-15
		Performing exhaustive masking of motif...
		Reprioritizing potential motifs...

	Finalizing Enrichment Statistics (new in v3.4)
	Reading input files...
	67613 total sequences read
	Cache length = 11180
	Using binomial scoring
	Checking enrichment of 25 motif(s)
	|0%                                    50%                                  100%|
	=================================================================================
	Output in file: /project/lbarreiro/USERS/ellen/KnightMolecules/demultiplexed/FastQ/15_transcriptionFactorMotifs/dataDriven_commonBaseline//tfMotifOutput_UP_hq//homerMotifs.motifs12

	(Motifs in homer2 format)
	Determining similar motifs... 75 reduced to 34 motifs
	Outputing HTML and sequence logos for motif comparison...
	Checking de novo motifs against known motifs...
	Formatting HTML page...
		1 of 34 (1e-62) similar to Sp2(Zf)/HEK293-Sp2.eGFP-ChIP-Seq(Encode)/Homer(0.943)
		2 of 34 (1e-40) similar to NFY(CCAAT)/Promoter/Homer(0.909)
		3 of 34 (1e-31) similar to Elk1(ETS)/Hela-Elk1-ChIP-Seq(GSE31477)/Homer(0.699)
		4 of 34 (1e-29) similar to SPIC/MA0687.1/Jaspar(0.772)
		5 of 34 (1e-26) similar to YY1/MA0095.2/Jaspar(0.886)
		6 of 34 (1e-26) similar to GFY(?)/Promoter/Homer(0.871)
		7 of 34 (1e-20) similar to NRF1(NRF)/MCF7-NRF1-ChIP-Seq(Unpublished)/Homer(0.797)
		8 of 34 (1e-20) similar to E-box(bHLH)/Promoter/Homer(0.932)
		9 of 34 (1e-20) similar to GLI3/MA1491.1/Jaspar(0.683)
		10 of 34 (1e-19) similar to PB0058.1_Sfpi1_1/Jaspar(0.802)
		11 of 34 (1e-17) similar to ETV5/MA0765.2/Jaspar(0.825)
		12 of 34 (1e-16) similar to Slug(Zf)/Mesoderm-Snai2-ChIP-Seq(GSE61475)/Homer(0.632)
		13 of 34 (1e-15) similar to Ebf2/MA1604.1/Jaspar(0.657)
		14 of 34 (1e-14) similar to PB0041.1_Mafb_1/Jaspar(0.690)
		15 of 34 (1e-14) similar to ZNF669(Zf)/HEK293-ZNF669.GFP-ChIP-Seq(GSE58341)/Homer(0.682)
		16 of 34 (1e-13) similar to PAX6/MA0069.1/Jaspar(0.597)
		17 of 34 (1e-13) similar to Atf1/MA0604.1/Jaspar(0.674)
		18 of 34 (1e-13) similar to RORC/MA1151.1/Jaspar(0.548)
		19 of 34 (1e-12) similar to PB0094.1_Zfp128_1/Jaspar(0.769)
		20 of 34 (1e-12) similar to PB0032.1_IRC900814_1/Jaspar(0.561)
		21 of 34 (1e-12) similar to Arnt:Ahr(bHLH)/MCF7-Arnt-ChIP-Seq(Lo_et_al.)/Homer(0.662)
		22 of 34 (1e-11) similar to BSX/MA0876.1/Jaspar(0.750)
		23 of 34 (1e-11) similar to ZNF711(Zf)/SHSY5Y-ZNF711-ChIP-Seq(GSE20673)/Homer(0.671)
		24 of 34 (1e-10) similar to PB0025.1_Glis2_1/Jaspar(0.742)
		25 of 34 (1e-10) similar to SMAD5/MA1557.1/Jaspar(0.708)
		26 of 34 (1e-9) similar to IRF6/MA1509.1/Jaspar(0.665)
		27 of 34 (1e-8) similar to Smad4/MA1153.1/Jaspar(0.714)
		28 of 34 (1e-7) similar to PB0203.1_Zfp691_2/Jaspar(0.730)
		29 of 34 (1e-6) similar to PB0182.1_Srf_2/Jaspar(0.821)
		30 of 34 (1e-5) similar to TEAD2/MA1121.1/Jaspar(0.801)
		31 of 34 (1e-5) similar to RFX7/MA1554.1/Jaspar(0.718)
		32 of 34 (1e-4) similar to Srebp1a(bHLH)/HepG2-Srebp1a-ChIP-Seq(GSE31477)/Homer(0.735)
		33 of 34 (1e-3) similar to TFAP2A/MA0003.4/Jaspar(0.674)
		34 of 34 (1e-3) similar to ZNF282/MA1154.1/Jaspar(0.622)
	Job finished - if results look good, please send beer to ..

	Cleaning up tmp files...

