
	Position file = /project/lbarreiro/USERS/ellen/KnightMolecules/demultiplexed/FastQ/15_transcriptionFactorMotifs/dataDriven_commonBaseline//annotateInput_UP_myr.txt
	Genome = mm10
	Output Directory = /project/lbarreiro/USERS/ellen/KnightMolecules/demultiplexed/FastQ/15_transcriptionFactorMotifs/dataDriven_commonBaseline//tfMotifOutput_UP_myr/
	Fragment size set to 500
	Will use repeat masked sequences
	Using 3 CPUs
	background position file: /project/lbarreiro/USERS/ellen/KnightMolecules/demultiplexed/FastQ/13_mashr//annotateInput.txt
	Found mset for "mouse", will check against vertebrates motifs
Argument "start" isn't numeric in addition (+) at /project/lbarreiro/USERS/ellen/programs/homer/bin/bed2pos.pl line 103, <IN> line 1.
	Peak/BED file conversion summary:
		BED/Header formatted lines: 10058
		peakfile formatted lines: 0

	Peak File Statistics:
		Total Peaks: 10058
		Redundant Peak IDs: 0
		Peaks lacking information: 0 (need at least 5 columns per peak)
		Peaks with misformatted coordinates: 1 (should be integer)
		Peaks with misformatted strand: 0 (should be either +/- or 0/1)

	Peak file looks good!

	Peak/BED file conversion summary:
		BED/Header formatted lines: 74314
		peakfile formatted lines: 0
	Max distance to merge: 500 bp
	Calculating co-bound peaks relative to reference: /project/lbarreiro/USERS/ellen/KnightMolecules/demultiplexed/FastQ/15_transcriptionFactorMotifs/dataDriven_commonBaseline//tfMotifOutput_UP_myr//bg.clean.pos

	Comparing peaks: (peakfile, overlapping peaks, logRatio(obs/expected), logP)
	**	/project/lbarreiro/USERS/ellen/KnightMolecules/demultiplexed/FastQ/15_transcriptionFactorMotifs/dataDriven_commonBaseline//tfMotifOutput_UP_myr//target.clean..pos	10059	3.29	0.00

	**	Pairwise stats are approx with fixed distance (-d 500) and -cobound #
		They get worse as the size increases and peaks from a single file start overlapping
		To get accurate ones, adjust peak sizes first with adjustPeakFile.pl and
		then rerun mergePeaks with the "-d given" option (only applies to -cobound #)

	Co-bound by 0 peaks: 64255
	Co-bound by 1 peaks: 10059 (max: 10059 effective total)
Argument "end" isn't numeric in addition (+) at /project/lbarreiro/USERS/ellen/programs/homer/bin/resizePosFile.pl line 65, <IN> line 1.
	Custom genome sequence directory: /project/lbarreiro/USERS/ellen/programs/homer/.//data/genomes/mm10//

	Extracting sequences from directory: /project/lbarreiro/USERS/ellen/programs/homer/.//data/genomes/mm10//
	Extracting 5381 sequences from chr1
	Extracting 5868 sequences from chr2
	Extracting 4084 sequences from chr3
	Extracting 4408 sequences from chr4
	Extracting 4489 sequences from chr5
	Extracting 4281 sequences from chr6
	Extracting 4456 sequences from chr7
	Extracting 3685 sequences from chr8
	Extracting 3850 sequences from chr9
	Extracting 4100 sequences from chr10
	Extracting 4676 sequences from chr11
	Extracting 3152 sequences from chr12
	Extracting 3723 sequences from chr13
	Extracting 2993 sequences from chr14
	Extracting 2979 sequences from chr15
	Extracting 2573 sequences from chr16
	Extracting 3101 sequences from chr17
	Extracting 2417 sequences from chr18
	Extracting 2137 sequences from chr19
	Extracting 1959 sequences from chrX
	!!Could not open file for chromosome (.fa or .fa.masked)
		6691 of 74312 removed because they had >70.00% Ns (i.e. masked repeats)

	Not removing redundant sequences


	Sequences processed:
		Auto detected maximum sequence length of 501 bp
		67621 total

	Frequency Bins: 0.2 0.25 0.3 0.35 0.4 0.45 0.5 0.6 0.7 0.8
	Freq	Bin	Count
	0.25	1	5
	0.3	2	151
	0.35	3	1403
	0.4	4	6199
	0.45	5	14138
	0.5	6	16975
	0.6	7	19481
	0.7	8	7442
	0.8	9	1824
	10	10	3
	Bin	# Targets	# Background	Background Weight
	2	5	146	0.206
	3	37	1366	0.163
	4	337	5862	0.346
	5	1185	12953	0.551
	6	1845	15130	0.734
	7	3854	15627	1.484
	8	2229	5213	2.573
	9	143	1681	0.512
	Normalizing lower order oligos using homer2

	Reading input files...
	67613 total sequences read
	Autonormalization: 1-mers (4 total)
		A	23.22%	23.30%	0.996
		C	26.78%	26.70%	1.003
		G	26.78%	26.70%	1.003
		T	23.22%	23.30%	0.996
	Autonormalization: 2-mers (16 total)
		AA	6.16%	6.05%	1.018
		CA	7.14%	7.32%	0.975
		GA	6.36%	6.36%	1.000
		TA	3.56%	3.57%	0.997
		AC	5.15%	5.14%	1.003
		CC	8.11%	8.05%	1.008
		GC	7.16%	7.16%	1.000
		TC	6.36%	6.36%	1.000
		AG	7.94%	8.02%	0.991
		CG	3.60%	3.32%	1.084
		GG	8.11%	8.05%	1.008
		TG	7.14%	7.32%	0.975
		AT	3.96%	4.09%	0.968
		CT	7.94%	8.02%	0.991
		GT	5.15%	5.14%	1.003
		TT	6.16%	6.05%	1.018
	Autonormalization: 3-mers (64 total)
	Normalization weights can be found in file: /project/lbarreiro/USERS/ellen/KnightMolecules/demultiplexed/FastQ/15_transcriptionFactorMotifs/dataDriven_commonBaseline//tfMotifOutput_UP_myr//seq.autonorm.tsv
	Converging on autonormalization solution:
	...............................................................................
	Final normalization:	Autonormalization: 1-mers (4 total)
		A	23.22%	23.22%	1.000
		C	26.78%	26.78%	1.000
		G	26.78%	26.78%	1.000
		T	23.22%	23.22%	1.000
	Autonormalization: 2-mers (16 total)
		AA	6.16%	6.14%	1.003
		CA	7.14%	7.17%	0.996
		GA	6.36%	6.35%	1.002
		TA	3.56%	3.56%	0.998
		AC	5.15%	5.13%	1.005
		CC	8.11%	8.10%	1.002
		GC	7.16%	7.20%	0.994
		TC	6.36%	6.35%	1.002
		AG	7.94%	7.94%	1.000
		CG	3.60%	3.58%	1.005
		GG	8.11%	8.10%	1.002
		TG	7.14%	7.17%	0.996
		AT	3.96%	4.01%	0.987
		CT	7.94%	7.94%	1.000
		GT	5.15%	5.13%	1.005
		TT	6.16%	6.14%	1.003
	Autonormalization: 3-mers (64 total)
	Finished preparing sequence/group files

	----------------------------------------------------------
	Known motif enrichment

	Reading input files...
	67613 total sequences read
	440 motifs loaded
	Cache length = 11180
	Using binomial scoring
	Checking enrichment of 440 motif(s)
	|0%                                    50%                                  100%|
	=================================================================================
	Preparing HTML output with sequence logos...
		1 of 440 (1e-41) ELF1(ETS)/Jurkat-ELF1-ChIP-Seq(SRA014231)/Homer
		2 of 440 (1e-39) KLF3(Zf)/MEF-Klf3-ChIP-Seq(GSE44748)/Homer
		3 of 440 (1e-38) GABPA(ETS)/Jurkat-GABPa-ChIP-Seq(GSE17954)/Homer
		4 of 440 (1e-37) Elk1(ETS)/Hela-Elk1-ChIP-Seq(GSE31477)/Homer
		5 of 440 (1e-36) Elk4(ETS)/Hela-Elk4-ChIP-Seq(GSE31477)/Homer
		6 of 440 (1e-36) GFY-Staf(?,Zf)/Promoter/Homer
		7 of 440 (1e-35) Ronin(THAP)/ES-Thap11-ChIP-Seq(GSE51522)/Homer
		8 of 440 (1e-35) ETV4(ETS)/HepG2-ETV4-ChIP-Seq(ENCODE)/Homer
		9 of 440 (1e-35) ETV1(ETS)/GIST48-ETV1-ChIP-Seq(GSE22441)/Homer
		10 of 440 (1e-34) ETS(ETS)/Promoter/Homer
		11 of 440 (1e-34) Sp1(Zf)/Promoter/Homer
		12 of 440 (1e-34) Elf4(ETS)/BMDM-Elf4-ChIP-Seq(GSE88699)/Homer
		13 of 440 (1e-33) Fli1(ETS)/CD8-FLI-ChIP-Seq(GSE20898)/Homer
		14 of 440 (1e-31) KLF1(Zf)/HUDEP2-KLF1-CutnRun(GSE136251)/Homer
		15 of 440 (1e-30) NFY(CCAAT)/Promoter/Homer
		16 of 440 (1e-29) ETS1(ETS)/Jurkat-ETS1-ChIP-Seq(GSE17954)/Homer
		17 of 440 (1e-28) ELF5(ETS)/T47D-ELF5-ChIP-Seq(GSE30407)/Homer
		18 of 440 (1e-27) Sp2(Zf)/HEK293-Sp2.eGFP-ChIP-Seq(Encode)/Homer
		19 of 440 (1e-25) Sp5(Zf)/mES-Sp5.Flag-ChIP-Seq(GSE72989)/Homer
		20 of 440 (1e-25) ERG(ETS)/VCaP-ERG-ChIP-Seq(GSE14097)/Homer
		21 of 440 (1e-24) EHF(ETS)/LoVo-EHF-ChIP-Seq(GSE49402)/Homer
		22 of 440 (1e-24) KLF5(Zf)/LoVo-KLF5-ChIP-Seq(GSE49402)/Homer
		23 of 440 (1e-24) GFY(?)/Promoter/Homer
		24 of 440 (1e-23) Klf9(Zf)/GBM-Klf9-ChIP-Seq(GSE62211)/Homer
		25 of 440 (1e-23) Etv2(ETS)/ES-ER71-ChIP-Seq(GSE59402)/Homer
		26 of 440 (1e-22) Klf4(Zf)/mES-Klf4-ChIP-Seq(GSE11431)/Homer
		27 of 440 (1e-17) PU.1(ETS)/ThioMac-PU.1-ChIP-Seq(GSE21512)/Homer
		28 of 440 (1e-15) SpiB(ETS)/OCILY3-SPIB-ChIP-Seq(GSE56857)/Homer
		29 of 440 (1e-15) IRF8(IRF)/BMDM-IRF8-ChIP-Seq(GSE77884)/Homer
		30 of 440 (1e-15) EWS:FLI1-fusion(ETS)/SK_N_MC-EWS:FLI1-ChIP-Seq(SRA014231)/Homer
		31 of 440 (1e-14) KLF14(Zf)/HEK293-KLF14.GFP-ChIP-Seq(GSE58341)/Homer
		32 of 440 (1e-13) YY1(Zf)/Promoter/Homer
		33 of 440 (1e-13) KLF6(Zf)/PDAC-KLF6-ChIP-Seq(GSE64557)/Homer
		34 of 440 (1e-13) SPDEF(ETS)/VCaP-SPDEF-ChIP-Seq(SRA014231)/Homer
		35 of 440 (1e-12) KLF10(Zf)/HEK293-KLF10.GFP-ChIP-Seq(GSE58341)/Homer
		36 of 440 (1e-12) PU.1-IRF(ETS:IRF)/Bcell-PU.1-ChIP-Seq(GSE21512)/Homer
		37 of 440 (1e-11) PU.1:IRF8(ETS:IRF)/pDC-Irf8-ChIP-Seq(GSE66899)/Homer
		38 of 440 (1e-11) NRF1(NRF)/MCF7-NRF1-ChIP-Seq(Unpublished)/Homer
		39 of 440 (1e-11) ELF3(ETS)/PDAC-ELF3-ChIP-Seq(GSE64557)/Homer
		40 of 440 (1e-9) E-box(bHLH)/Promoter/Homer
		41 of 440 (1e-8) Usf2(bHLH)/C2C12-Usf2-ChIP-Seq(GSE36030)/Homer
		42 of 440 (1e-8) IRF3(IRF)/BMDM-Irf3-ChIP-Seq(GSE67343)/Homer
		43 of 440 (1e-8) EKLF(Zf)/Erythrocyte-Klf1-ChIP-Seq(GSE20478)/Homer
		44 of 440 (1e-8) Maz(Zf)/HepG2-Maz-ChIP-Seq(GSE31477)/Homer
		45 of 440 (1e-7) TFE3(bHLH)/MEF-TFE3-ChIP-Seq(GSE75757)/Homer
		46 of 440 (1e-7) MITF(bHLH)/MastCells-MITF-ChIP-Seq(GSE48085)/Homer
		47 of 440 (1e-7) ZNF143|STAF(Zf)/CUTLL-ZNF143-ChIP-Seq(GSE29600)/Homer
		48 of 440 (1e-7) NRF(NRF)/Promoter/Homer
		49 of 440 (1e-7) E2F4(E2F)/K562-E2F4-ChIP-Seq(GSE31477)/Homer
		50 of 440 (1e-7) Smad3(MAD)/NPC-Smad3-ChIP-Seq(GSE36673)/Homer
		51 of 440 (1e-6) USF1(bHLH)/GM12878-Usf1-ChIP-Seq(GSE32465)/Homer
		52 of 440 (1e-6) Hoxa9(Homeobox)/ChickenMSG-Hoxa9.Flag-ChIP-Seq(GSE86088)/Homer
		53 of 440 (1e-6) EWS:ERG-fusion(ETS)/CADO_ES1-EWS:ERG-ChIP-Seq(SRA014231)/Homer
		54 of 440 (1e-6) Mef2b(MADS)/HEK293-Mef2b.V5-ChIP-Seq(GSE67450)/Homer
		55 of 440 (1e-6) CEBP(bZIP)/ThioMac-CEBPb-ChIP-Seq(GSE21512)/Homer
		56 of 440 (1e-6) bHLHE40(bHLH)/HepG2-BHLHE40-ChIP-Seq(GSE31477)/Homer
		57 of 440 (1e-6) Ets1-distal(ETS)/CD4+-PolII-ChIP-Seq(Barski_et_al.)/Homer
		58 of 440 (1e-6) IRF1(IRF)/PBMC-IRF1-ChIP-Seq(GSE43036)/Homer
		59 of 440 (1e-6) ZNF711(Zf)/SHSY5Y-ZNF711-ChIP-Seq(GSE20673)/Homer
		60 of 440 (1e-5) IRF2(IRF)/Erythroblas-IRF2-ChIP-Seq(GSE36985)/Homer
		61 of 440 (1e-5) MafA(bZIP)/Islet-MafA-ChIP-Seq(GSE30298)/Homer
		62 of 440 (1e-5) Mef2d(MADS)/Retina-Mef2d-ChIP-Seq(GSE61391)/Homer
		63 of 440 (1e-5) ETS:RUNX(ETS,Runt)/Jurkat-RUNX1-ChIP-Seq(GSE17954)/Homer
		64 of 440 (1e-5) GFX(?)/Promoter/Homer
		65 of 440 (1e-4) CLOCK(bHLH)/Liver-Clock-ChIP-Seq(GSE39860)/Homer
		66 of 440 (1e-4) Pknox1(Homeobox)/ES-Prep1-ChIP-Seq(GSE63282)/Homer
		67 of 440 (1e-4) Mef2c(MADS)/GM12878-Mef2c-ChIP-Seq(GSE32465)/Homer
		68 of 440 (1e-4) Mef2a(MADS)/HL1-Mef2a.biotin-ChIP-Seq(GSE21529)/Homer
		69 of 440 (1e-4) n-Myc(bHLH)/mES-nMyc-ChIP-Seq(GSE11431)/Homer
		70 of 440 (1e-4) Arnt:Ahr(bHLH)/MCF7-Arnt-ChIP-Seq(Lo_et_al.)/Homer
		71 of 440 (1e-4) Stat3(Stat)/mES-Stat3-ChIP-Seq(GSE11431)/Homer
		72 of 440 (1e-4) CArG(MADS)/PUER-Srf-ChIP-Seq(Sullivan_et_al.)/Homer
		73 of 440 (1e-3) Smad4(MAD)/ESC-SMAD4-ChIP-Seq(GSE29422)/Homer
		74 of 440 (1e-3) ZBTB33(Zf)/GM12878-ZBTB33-ChIP-Seq(GSE32465)/Homer
		75 of 440 (1e-3) bHLHE41(bHLH)/proB-Bhlhe41-ChIP-Seq(GSE93764)/Homer
		76 of 440 (1e-3) E2F7(E2F)/Hela-E2F7-ChIP-Seq(GSE32673)/Homer
		77 of 440 (1e-3) Nkx3.1(Homeobox)/LNCaP-Nkx3.1-ChIP-Seq(GSE28264)/Homer
		78 of 440 (1e-3) RUNX1(Runt)/Jurkat-RUNX1-ChIP-Seq(GSE29180)/Homer
		79 of 440 (1e-3) MYB(HTH)/ERMYB-Myb-ChIPSeq(GSE22095)/Homer
		80 of 440 (1e-3) SCL(bHLH)/HPC7-Scl-ChIP-Seq(GSE13511)/Homer
		81 of 440 (1e-3) E2F3(E2F)/MEF-E2F3-ChIP-Seq(GSE71376)/Homer
		82 of 440 (1e-3) CRE(bZIP)/Promoter/Homer
		83 of 440 (1e-2) MafB(bZIP)/BMM-Mafb-ChIP-Seq(GSE75722)/Homer
		84 of 440 (1e-2) Nkx2.1(Homeobox)/LungAC-Nkx2.1-ChIP-Seq(GSE43252)/Homer
		85 of 440 (1e-2) ZFX(Zf)/mES-Zfx-ChIP-Seq(GSE11431)/Homer
		86 of 440 (1e-2) Smad2(MAD)/ES-SMAD2-ChIP-Seq(GSE29422)/Homer
		87 of 440 (1e-2) TR4(NR),DR1/Hela-TR4-ChIP-Seq(GSE24685)/Homer
		88 of 440 (1e-2) Foxo1(Forkhead)/RAW-Foxo1-ChIP-Seq(Fan_et_al.)/Homer
		89 of 440 (1e-2) Nanog(Homeobox)/mES-Nanog-ChIP-Seq(GSE11724)/Homer
		90 of 440 (1e-2) MafF(bZIP)/HepG2-MafF-ChIP-Seq(GSE31477)/Homer
		91 of 440 (1e-2) NPAS(bHLH)/Liver-NPAS-ChIP-Seq(GSE39860)/Homer
		92 of 440 (1e-2) CEBP:AP1(bZIP)/ThioMac-CEBPb-ChIP-Seq(GSE21512)/Homer
		93 of 440 (1e-2) c-Myc(bHLH)/LNCAP-cMyc-ChIP-Seq(Unpublished)/Homer
		94 of 440 (1e-2) Stat3+il21(Stat)/CD4-Stat3-ChIP-Seq(GSE19198)/Homer
		95 of 440 (1e-2) Nkx2.5(Homeobox)/HL1-Nkx2.5.biotin-ChIP-Seq(GSE21529)/Homer
		96 of 440 (1e-2) EAR2(NR)/K562-NR2F6-ChIP-Seq(Encode)/Homer
		97 of 440 (1e-2) Zac1(Zf)/Neuro2A-Plagl1-ChIP-Seq(GSE75942)/Homer
		98 of 440 (1e-2) PRDM15(Zf)/ESC-Prdm15-ChIP-Seq(GSE73694)/Homer
		99 of 440 (1e-2) IRF4(IRF)/GM12878-IRF4-ChIP-Seq(GSE32465)/Homer
		100 of 440 (1e-2) Max(bHLH)/K562-Max-ChIP-Seq(GSE31477)/Homer
		101 of 440 (1e-2) ZNF416(Zf)/HEK293-ZNF416.GFP-ChIP-Seq(GSE58341)/Homer
		102 of 440 (1e-2) CRX(Homeobox)/Retina-Crx-ChIP-Seq(GSE20012)/Homer
		103 of 440 (1e-2) Npas4(bHLH)/Neuron-Npas4-ChIP-Seq(GSE127793)/Homer
		104 of 440 (1e-2) BMAL1(bHLH)/Liver-Bmal1-ChIP-Seq(GSE39860)/Homer
	----------------------------------------------------------
	De novo motif finding (HOMER)

	Number of Trial motifs (-T) set to 9 (from 10) to work well with 3 CPUs
	Scanning input files...
	Parsing sequences...
	|0%                                   50%                                  100%|
	================================================================================
	Total number of Oligos: 32896
	Autoadjustment for sequence coverage in background: 0.98x

	Oligos: 32896 of 34497 max
	Tree  : 67080 of 172485 max
	Optimizing memory usage...
	Cache length = 11180
	Using binomial scoring

	Global Optimization Phase: Looking for enriched oligos with up to 2 mismatches...

	Screening oligos 32896 (allowing 0 mismatches):
	|0%                                   50%                                  100%|
	================================================================================
		0.00% skipped, 100.00% checked (32895 of 32896), of those checked:
		0.00% not in target, 0.00% increased p-value, 0.00% high p-value

	Screening oligos 32896 (allowing 1 mismatches):
	|0%                                   50%                                  100%|
	================================================================================
		0.00% skipped, 100.00% checked (32895 of 32896), of those checked:
		0.00% not in target, 46.96% increased p-value, 50.20% high p-value

	Screening oligos 32896 (allowing 2 mismatches):
	|0%                                   50%                                  100%|
	================================================================================
		66.99% skipped, 33.01% checked (10858 of 32896), of those checked:
		0.00% not in target, 27.23% increased p-value, 0.00% high p-value
	Reading input files...
	67613 total sequences read
	Cache length = 11180
	Using binomial scoring

	Local Optimization Phase:
	1 of 25 Initial Sequence: GTTCCGCC... (-92.190)
		Round 1: -137.88 GTTCCGCC T:3124.0(27.69%),B:12558.1(20.68%),P:1e-59
		Round 2: -158.66 RCCCCGCC T:5498.0(43.48%),B:23182.4(34.79%),P:1e-68
		Round 3: -158.66 RCCCCGCC T:5498.0(43.48%),B:23182.4(34.79%),P:1e-68
		=Final=: -81.97 RCCCCGCC T:2946.0(30.58%),B:13824.8(24.92%),P:1e-35
		Performing exhaustive masking of motif...
		Reprioritizing potential motifs...
	2 of 25 Initial Sequence: CGGAAGTG... (-67.075)
		Round 1: -122.97 CGGAAGTG T:2975.0(26.57%),B:12116.2(20.03%),P:1e-53
		Round 2: -143.97 CGGAARTR T:4226.0(35.51%),B:17564.7(27.67%),P:1e-62
		Round 3: -143.97 CGGAARTR T:4226.0(35.51%),B:17564.7(27.67%),P:1e-62
		=Final=: -98.85 CGGAARTR T:2750.0(28.54%),B:12478.1(22.50%),P:1e-42
		Performing exhaustive masking of motif...
		Reprioritizing potential motifs...
	3 of 25 Initial Sequence: GCCAATCG... (-59.401)
		Round 1: -134.15 GCCAATCG T:2499.0(22.85%),B:9747.2(16.46%),P:1e-58
		Round 2: -134.15 GCCAATCG T:2499.0(22.85%),B:9747.2(16.46%),P:1e-58
		=Final=: -96.46 GCCAATCG T:1529.0(15.87%),B:6236.4(11.24%),P:1e-41
		Performing exhaustive masking of motif...
		Reprioritizing potential motifs...
	4 of 25 Initial Sequence: TGCGCAAT... (-37.415)
		Round 1: -72.89 TGCGCAAT T:2174.0(20.20%),B:9240.3(15.67%),P:1e-31
		Round 2: -109.00 TSCGCAAT T:6072.0(46.75%),B:27197.4(39.45%),P:1e-47
		Round 3: -112.14 TRCGYAAD T:4124.0(34.82%),B:17758.1(27.93%),P:1e-48
		Round 4: -120.41 TACGYAWW T:6004.0(46.38%),B:26540.8(38.71%),P:1e-52
		Round 5: -120.41 TACGYAWW T:6004.0(46.38%),B:26540.8(38.71%),P:1e-52
		=Final=: -67.92 TACGYAWW T:2734.0(28.38%),B:12959.0(23.36%),P:1e-29
		Performing exhaustive masking of motif...
		Reprioritizing potential motifs...
	5 of 25 Initial Sequence: TCGCGATA... (-31.706)
		Round 1: -40.64 TCGCGATA T:1139.0(11.15%),B:4857.1(8.57%),P:1e-17
		Round 2: -40.64 TCGCGATA T:1139.0(11.15%),B:4857.1(8.57%),P:1e-17
		=Final=: -29.61 TCGCGATA T:917.0(9.52%),B:4149.8(7.48%),P:1e-12
		Performing exhaustive masking of motif...
		Reprioritizing potential motifs...
	6 of 25 Initial Sequence: TTCCGCTT... (-26.081)
		Round 1: -30.91 TTCCGCTT T:5571.0(43.91%),B:27826.9(40.15%),P:1e-13
		Round 2: -32.43 TTCCGSTW T:3537.0(30.73%),B:17205.9(27.19%),P:1e-14
		Round 3: -34.34 TTCCGCTT T:4079.0(34.52%),B:19916.6(30.74%),P:1e-14
		Round 4: -34.34 TTCCGCTT T:4079.0(34.52%),B:19916.6(30.74%),P:1e-14
		=Final=: -39.25 TTCCGCTT T:3103.0(32.21%),B:15669.8(28.25%),P:1e-17
		Performing exhaustive masking of motif...
		Reprioritizing potential motifs...
	7 of 25 Initial Sequence: CGTCACGT... (-23.728)
		Round 1: -39.16 CGTCACGT T:1751.0(16.62%),B:7901.9(13.56%),P:1e-17
		Round 2: -42.29 CGTSACGT T:1683.0(16.03%),B:7489.8(12.90%),P:1e-18
		Round 3: -42.29 CGTSACGT T:1683.0(16.03%),B:7489.8(12.90%),P:1e-18
		=Final=: -28.86 CGTSACGT T:1098.0(11.40%),B:5103.1(9.20%),P:1e-12
		Performing exhaustive masking of motif...
		Reprioritizing potential motifs...
	8 of 25 Initial Sequence: GCGCAATT... (-19.159)
		Round 1: -28.01 GCGCAATT T:1947.0(18.30%),B:9198.4(15.61%),P:1e-12
		Round 2: -28.01 GCGCAATT T:1947.0(18.30%),B:9198.4(15.61%),P:1e-12
		=Final=: -35.86 GCGCAATT T:1716.0(17.81%),B:8208.5(14.80%),P:1e-15
		Performing exhaustive masking of motif...
		Reprioritizing potential motifs...
	9 of 25 Initial Sequence: ATGGCGGC... (-19.179)
		Round 1: -34.57 ATGGCGGC T:594.0(5.98%),B:2353.2(4.25%),P:1e-15
		Round 2: -34.57 ATGGCGGC T:594.0(5.98%),B:2353.2(4.25%),P:1e-15
		=Final=: -35.94 ATGGCGGC T:553.0(5.74%),B:2226.6(4.01%),P:1e-15
		Performing exhaustive masking of motif...
		Reprioritizing potential motifs...
	10 of 25 Initial Sequence: GAGTTGTA... (-18.178)
		Round 1: -23.92 GAGTTGTA T:175.0(1.80%),B:573.2(1.05%),P:1e-10
		Round 2: -23.92 GAGTTGTA T:175.0(1.80%),B:573.2(1.05%),P:1e-10
		=Final=: -23.76 GAGTTGTA T:169.0(1.75%),B:566.7(1.02%),P:1e-10
		Performing exhaustive masking of motif...
		Reprioritizing potential motifs...
	11 of 25 Initial Sequence: GTTCTGCT... (-18.102)
		Round 1: -22.99 GTTCTGCT T:707.0(7.08%),B:3081.9(5.52%),P:1e-9
		Round 2: -22.99 GTTCTGCT T:707.0(7.08%),B:3081.9(5.52%),P:1e-9
		=Final=: -25.37 GTTCTGCT T:674.0(7.00%),B:2985.7(5.38%),P:1e-11
		Performing exhaustive masking of motif...
		Reprioritizing potential motifs...
	12 of 25 Initial Sequence: GGGGAAGG... (-16.576)
		Round 1: -7.25 GGGGAAGG T:3279.0(28.85%),B:17345.6(27.38%),P:1e-3
		Round 2: -14.96 GRGGAAGT T:1887.0(17.79%),B:9383.6(15.89%),P:1e-6
		Round 3: -22.01 GAGGAAGT T:2690.0(24.36%),B:13271.3(21.71%),P:1e-9
		Round 4: -24.10 GAVGWAST T:3549.0(30.81%),B:17652.4(27.79%),P:1e-10
		Round 5: -25.75 GAVGWAGT T:4307.0(36.05%),B:21532.8(32.78%),P:1e-11
		Round 6: -25.75 GAVGWAGT T:4307.0(36.05%),B:21532.8(32.78%),P:1e-11
		=Final=: -40.18 GAVGWAGT T:4312.0(44.75%),B:22421.1(40.42%),P:1e-17
		Performing exhaustive masking of motif...
		Reprioritizing potential motifs...
	13 of 25 Initial Sequence: GACCAATG... (-15.665)
		Round 1: -31.15 GACCAATG T:631.0(6.34%),B:2573.9(4.64%),P:1e-13
		Round 2: -31.15 GACCAATG T:631.0(6.34%),B:2573.9(4.64%),P:1e-13
		=Final=: -31.98 GACCAATG T:597.0(6.20%),B:2494.1(4.50%),P:1e-13
		Performing exhaustive masking of motif...
		Reprioritizing potential motifs...
	14 of 25 Initial Sequence: GTTAACGC... (-14.780)
		Round 1: -26.75 GTTAACGC T:2281.0(21.08%),B:10959.6(18.30%),P:1e-11
		Round 2: -28.45 GTTAACGC T:1915.0(18.03%),B:9022.1(15.33%),P:1e-12
		Round 3: -28.45 GTTAACGC T:1915.0(18.03%),B:9022.1(15.33%),P:1e-12
		=Final=: -26.70 GTTAACGC T:1625.0(16.87%),B:7954.3(14.34%),P:1e-11
		Performing exhaustive masking of motif...
		Reprioritizing potential motifs...
	15 of 25 Initial Sequence: AGGGGAGG... (-13.320)
		Round 1: -12.11 AGGGGAGG T:4010.0(34.05%),B:20859.4(31.94%),P:1e-5
		Round 2: -13.94 AGGGKAGG T:2714.0(24.55%),B:13810.4(22.49%),P:1e-6
		Round 3: -13.94 AGGGKAGG T:2714.0(24.55%),B:13810.4(22.49%),P:1e-6
		=Final=: -20.86 AGGGKAGG T:2798.0(29.04%),B:14592.9(26.31%),P:1e-9
		Performing exhaustive masking of motif...
		Reprioritizing potential motifs...
	16 of 25 Initial Sequence: CGGCAACT... (-12.995)
		Round 1: -14.06 CGGCAACT T:73.0(0.75%),B:217.8(0.40%),P:1e-6
		Round 2: -15.10 CGGCAACT T:123.0(1.27%),B:422.4(0.78%),P:1e-6
		Round 3: -15.10 CGGCAACT T:123.0(1.27%),B:422.4(0.78%),P:1e-6
		=Final=: -16.01 CGGCAACT T:122.0(1.27%),B:422.4(0.76%),P:1e-6
		Performing exhaustive masking of motif...
		Reprioritizing potential motifs...
	17 of 25 Initial Sequence: GTTTGCGG... (-12.950)
		Round 1: -24.94 GTTTGCGG T:1293.0(12.56%),B:5969.2(10.43%),P:1e-10
		Round 2: -24.94 GTTTGCGG T:1293.0(12.56%),B:5969.2(10.43%),P:1e-10
		=Final=: -31.08 GTTTGCGG T:1205.0(12.51%),B:5616.0(10.12%),P:1e-13
		Performing exhaustive masking of motif...
		Reprioritizing potential motifs...
	18 of 25 Initial Sequence: ATCCGTCC... (-11.675)
		Round 1: -17.63 ATCCGTCC T:179.0(1.84%),B:645.5(1.18%),P:1e-7
		Round 2: -17.63 ATCCGTCC T:179.0(1.84%),B:645.5(1.18%),P:1e-7
		=Final=: -20.08 ATCCGTCC T:178.0(1.85%),B:637.6(1.15%),P:1e-8
		Performing exhaustive masking of motif...
		Reprioritizing potential motifs...
	19 of 25 Initial Sequence: CGAGACTA... (-11.454)
		Round 1: -26.35 CGAGACTA T:737.0(7.36%),B:3165.6(5.67%),P:1e-11
		Round 2: -26.35 CGAGACTA T:737.0(7.36%),B:3165.6(5.67%),P:1e-11
		=Final=: -32.90 CGAGACTA T:711.0(7.38%),B:3046.3(5.49%),P:1e-14
		Performing exhaustive masking of motif...
		Reprioritizing potential motifs...
	20 of 25 Initial Sequence: GGACTACT... (-11.281)
		Round 1: -26.22 GGACTACW T:929.0(9.19%),B:4112.8(7.30%),P:1e-11
		Round 2: -26.22 GGACTACW T:929.0(9.19%),B:4112.8(7.30%),P:1e-11
		=Final=: -25.72 GGACTACW T:856.0(8.88%),B:3911.0(7.05%),P:1e-11
		Performing exhaustive masking of motif...
		Reprioritizing potential motifs...
	Remaining seeds don't look promising (After initial 5 motifs, logp -9.934 > -9.984)

	Finalizing Enrichment Statistics (new in v3.4)
	Reading input files...
	67613 total sequences read
	Cache length = 11180
	Using binomial scoring
	Checking enrichment of 20 motif(s)
	|0%                                    50%                                  100%|
	=================================================================================
	Output in file: /project/lbarreiro/USERS/ellen/KnightMolecules/demultiplexed/FastQ/15_transcriptionFactorMotifs/dataDriven_commonBaseline//tfMotifOutput_UP_myr//homerMotifs.motifs8


	Number of Trial motifs (-T) set to 9 (from 10) to work well with 3 CPUs
	Scanning input files...
	Parsing sequences...
	|0%                                   50%                                  100%|
	================================================================================
	Total number of Oligos: 523645
	Autoadjustment for sequence coverage in background: 0.98x

	Oligos: 523645 of 551887 max
	Tree  : 1069584 of 2759435 max
	Optimizing memory usage...
	Cache length = 11180
	Using binomial scoring

	Global Optimization Phase: Looking for enriched oligos with up to 2 mismatches...

	Screening oligos 523645 (allowing 0 mismatches):
	|0%                                   50%                                  100%|
	================================================================================
		6.19% skipped, 93.81% checked (491225 of 523645), of those checked:
		6.19% not in target, 0.00% increased p-value, 0.00% high p-value

	Screening oligos 523645 (allowing 1 mismatches):
	|0%                                   50%                                  100%|
	================================================================================
		6.19% skipped, 93.81% checked (491225 of 523645), of those checked:
		0.00% not in target, 38.32% increased p-value, 55.35% high p-value

	Screening oligos 523645 (allowing 2 mismatches):
	|0%                                   50%                                  100%|
	================================================================================
		74.56% skipped, 25.44% checked (133215 of 523645), of those checked:
		0.00% not in target, 14.85% increased p-value, 0.00% high p-value
	Reading input files...
	67613 total sequences read
	Cache length = 11180
	Using binomial scoring

	Local Optimization Phase:
	1 of 25 Initial Sequence: TAGTTCCGCC... (-82.017)
		Round 1: -157.90 TAGTTCCGCC T:2191.0(20.34%),B:8048.1(13.80%),P:1e-68
		Round 2: -175.48 TAGTTCCGCC T:2530.0(23.09%),B:9335.8(15.82%),P:1e-76
		Round 3: -177.25 TAGTTCCGCC T:4134.0(34.89%),B:16517.1(26.27%),P:1e-76
		Round 4: -177.25 TAGTTCCGCC T:4134.0(34.89%),B:16517.1(26.27%),P:1e-76
		=Final=: -119.41 TAGTTCCGCC T:1610.0(16.71%),B:6365.8(11.48%),P:1e-51
		Performing exhaustive masking of motif...
		Reprioritizing potential motifs...
	2 of 25 Initial Sequence: TGCGCATGCG... (-58.425)
		Round 1: -82.38 TGCGCATGCG T:1419.0(13.70%),B:5524.5(9.69%),P:1e-35
		Round 2: -89.39 TRCGCATGCG T:1504.0(14.45%),B:5819.6(10.18%),P:1e-38
		Round 3: -89.39 TRCGCATGCG T:1504.0(14.45%),B:5819.6(10.18%),P:1e-38
		=Final=: -40.23 TRCGCATGCG T:894.0(9.28%),B:3848.2(6.94%),P:1e-17
		Performing exhaustive masking of motif...
		Reprioritizing potential motifs...
	3 of 25 Initial Sequence: AACCGGAAGT... (-57.177)
		Round 1: -76.04 AACCGGAAGT T:1498.0(14.40%),B:5980.2(10.45%),P:1e-33
		Round 2: -102.72 AAMCGGAAGT T:2947.0(26.35%),B:12350.8(20.38%),P:1e-44
		Round 3: -114.62 ADNCGGAARH T:6086.0(46.83%),B:27090.3(39.34%),P:1e-49
		Round 4: -120.00 DNCCGGAARH T:3858.0(33.00%),B:16314.5(26.00%),P:1e-52
		Round 5: -120.00 DNCCGGAARH T:3858.0(33.00%),B:16314.5(26.00%),P:1e-52
		=Final=: -78.50 DNCCGGAARH T:2609.0(27.08%),B:12083.9(21.79%),P:1e-34
		Performing exhaustive masking of motif...
		Reprioritizing potential motifs...
	4 of 25 Initial Sequence: CGATTGGCTA... (-54.734)
		Round 1: -93.39 CGATTGGCTA T:1939.0(18.23%),B:7771.2(13.36%),P:1e-40
		Round 2: -137.04 YGATTGGCTA T:1664.0(15.86%),B:5968.2(10.43%),P:1e-59
		Round 3: -158.40 YGATTGGYYR T:1619.0(15.47%),B:5557.1(9.75%),P:1e-68
		Round 4: -160.12 CGATTGGHBR T:2063.0(19.28%),B:7463.3(12.87%),P:1e-69
		Round 5: -160.12 CGATTGGHBR T:2063.0(19.28%),B:7463.3(12.87%),P:1e-69
		=Final=: -92.06 CGATTGGHBR T:969.0(10.06%),B:3587.8(6.47%),P:1e-39
		Performing exhaustive masking of motif...
		Reprioritizing potential motifs...
	5 of 25 Initial Sequence: TATGGGCGGG... (-43.782)
		Round 1: -64.40 TATGGGCGGG T:1895.0(17.86%),B:8058.7(13.82%),P:1e-27
		Round 2: -79.48 WATGGGCGGG T:5062.0(40.87%),B:23178.9(34.80%),P:1e-34
		Round 3: -96.43 WRTGGGCGGG T:3648.0(31.52%),B:15829.5(25.33%),P:1e-41
		Round 4: -116.72 WRDGGGCGGG T:4449.0(36.98%),B:19192.5(29.82%),P:1e-50
		Round 5: -124.53 DNDRGGCGGD T:4807.0(39.28%),B:20707.4(31.76%),P:1e-54
		Round 6: -129.75 DNDRGGCGGD T:5200.0(41.71%),B:22448.7(33.92%),P:1e-56
		Round 7: -129.75 DNDRGGCGGD T:5200.0(41.71%),B:22448.7(33.92%),P:1e-56
		=Final=: -79.00 DNDRGGCGGD T:2039.0(21.16%),B:9074.0(16.36%),P:1e-34
		Performing exhaustive masking of motif...
		Reprioritizing potential motifs...
	6 of 25 Initial Sequence: GGGAATTGTA... (-40.550)
		Round 1: -70.93 GGGAATTGTA T:306.0(3.13%),B:808.7(1.48%),P:1e-30
		Round 2: -70.93 GGGAATTGTA T:306.0(3.13%),B:808.7(1.48%),P:1e-30
		=Final=: -56.71 GGGAATTGTA T:267.0(2.77%),B:762.6(1.37%),P:1e-24
		Performing exhaustive masking of motif...
		Reprioritizing potential motifs...
	7 of 25 Initial Sequence: CGTCACGTGA... (-37.891)
		Round 1: -55.95 CGTCACGTGA T:987.0(9.74%),B:3890.8(6.93%),P:1e-24
		Round 2: -61.20 CSTCACGTGA T:1354.0(13.11%),B:5532.2(9.70%),P:1e-26
		Round 3: -62.54 CGTCACGTGA T:1281.0(12.45%),B:5166.4(9.09%),P:1e-27
		Round 4: -62.54 CGTCACGTGA T:1281.0(12.45%),B:5166.4(9.09%),P:1e-27
		=Final=: -38.14 CGTCACGTGA T:583.0(6.05%),B:2343.3(4.22%),P:1e-16
		Performing exhaustive masking of motif...
		Reprioritizing potential motifs...
	8 of 25 Initial Sequence: AAAAGCGGAA... (-31.411)
		Round 1: -41.58 AAAAGCGGAA T:3409.0(29.80%),B:16186.8(25.82%),P:1e-18
		Round 2: -41.64 AAAAGCGGAA T:4573.0(37.79%),B:22126.1(33.52%),P:1e-18
		Round 3: -44.65 AAAAGCGGAA T:3727.0(32.08%),B:17686.1(27.85%),P:1e-19
		Round 4: -45.54 AAAAGCGGAA T:3146.0(27.86%),B:14719.2(23.79%),P:1e-19
		Round 5: -45.54 AAAAGCGGAA T:3146.0(27.86%),B:14719.2(23.79%),P:1e-19
		=Final=: -50.58 AAAAGCGGAA T:2834.0(29.41%),B:13887.8(25.04%),P:1e-21
		Performing exhaustive masking of motif...
		Reprioritizing potential motifs...
	9 of 25 Initial Sequence: CGCGAGATTT... (-29.827)
		Round 1: -31.10 CGCGAGATTT T:1717.0(16.32%),B:7936.0(13.62%),P:1e-13
		Round 2: -34.34 CGCGAGATTT T:5266.0(42.11%),B:26045.3(38.16%),P:1e-14
		Round 3: -34.34 CGCGAGATTT T:5266.0(42.11%),B:26045.3(38.16%),P:1e-14
		=Final=: -40.55 CGCGAGATTT T:4246.0(44.07%),B:22035.0(39.72%),P:1e-17
		Performing exhaustive masking of motif...
		Reprioritizing potential motifs...
	10 of 25 Initial Sequence: AGGCCACGCC... (-22.582)
		Round 1: -61.76 AGGCCACGCC T:781.0(7.79%),B:2876.2(5.17%),P:1e-26
		Round 2: -65.81 AGGCCACGCC T:1725.0(16.39%),B:7216.4(12.47%),P:1e-28
		Round 3: -79.37 WGRCCMCGCC T:1639.0(15.64%),B:6589.0(11.45%),P:1e-34
		Round 4: -94.08 WGRCCMCGCC T:1476.0(14.20%),B:5630.7(9.87%),P:1e-40
		Round 5: -94.08 WGRCCMCGCC T:1476.0(14.20%),B:5630.7(9.87%),P:1e-40
		=Final=: -82.28 WGRCCMCGCC T:1229.0(12.76%),B:4935.3(8.90%),P:1e-35
		Performing exhaustive masking of motif...
		Reprioritizing potential motifs...
	11 of 25 Initial Sequence: CCTATAAGAT... (-19.161)
		Round 1: -19.16 CCTATAAGAT T:11.0(0.11%),B:5.8(0.01%),P:1e-8
		Round 2: -19.16 CCTATAAGAT T:11.0(0.11%),B:5.8(0.01%),P:1e-8
		=Final=: -19.85 CCTATAAGAT T:11.0(0.11%),B:5.8(0.01%),P:1e-8
		Performing exhaustive masking of motif...
		Reprioritizing potential motifs...
	12 of 25 Initial Sequence: AGATAGTCGA... (-18.092)
		Round 1: -31.78 AGATAGTCGA T:94.0(0.97%),B:212.9(0.39%),P:1e-13
		Round 2: -31.78 AGATAGTCGA T:94.0(0.97%),B:212.9(0.39%),P:1e-13
		=Final=: -34.11 AGATAGTCGA T:90.0(0.93%),B:197.7(0.36%),P:1e-14
		Performing exhaustive masking of motif...
		Reprioritizing potential motifs...
	13 of 25 Initial Sequence: ATTGGCCGAA... (-17.852)
		Round 1: -29.67 ATTGGCCGAA T:4891.0(39.81%),B:24349.4(36.19%),P:1e-12
		Round 2: -29.67 ATTGGCCGAA T:4891.0(39.81%),B:24349.4(36.19%),P:1e-12
		=Final=: -35.94 ATTGGCCGAA T:4833.0(50.16%),B:25532.2(46.03%),P:1e-15
		Performing exhaustive masking of motif...
		Reprioritizing potential motifs...
	14 of 25 Initial Sequence: TGGTGGGACG... (-18.597)
		Round 1: -27.50 TGGTGGGACG T:142.0(1.46%),B:410.4(0.75%),P:1e-11
		Round 2: -34.76 TGGYGGGACG T:253.0(2.59%),B:817.2(1.50%),P:1e-15
		Round 3: -34.76 TGGYGGGACG T:253.0(2.59%),B:817.2(1.50%),P:1e-15
		=Final=: -36.02 TGGYGGGACG T:244.0(2.53%),B:798.8(1.44%),P:1e-15
		Performing exhaustive masking of motif...
		Reprioritizing potential motifs...
	15 of 25 Initial Sequence: TACCCGTCCT... (-17.095)
		Round 1: -24.91 TACCCGTCCT T:12.0(0.12%),B:4.2(0.01%),P:1e-10
		Round 2: -31.22 TACGCGTCCT T:14.0(0.15%),B:4.8(0.01%),P:1e-13
		Round 3: -31.22 TACGCGTCCT T:14.0(0.15%),B:4.8(0.01%),P:1e-13
		=Final=: -30.95 TACGCGTCCT T:14.0(0.15%),B:4.8(0.01%),P:1e-13
		Performing exhaustive masking of motif...
		Reprioritizing potential motifs...
	16 of 25 Initial Sequence: ATCGGTCCGC... (-17.095)
		Round 1: -31.22 ATCGGTCCGC T:14.0(0.15%),B:4.2(0.01%),P:1e-13
		Round 2: -31.22 ATCGGTCCGC T:14.0(0.15%),B:4.2(0.01%),P:1e-13
		=Final=: -30.95 ATCGGTCCGC T:14.0(0.15%),B:4.2(0.01%),P:1e-13
		Performing exhaustive masking of motif...
		Reprioritizing potential motifs...
	17 of 25 Initial Sequence: TATCGTCTCC... (-17.095)
		Round 1: -17.10 TATCGTCTCC T:7.0(0.07%),B:2.9(0.00%),P:1e-7
		Round 2: -17.10 TATCGTCTCC T:7.0(0.07%),B:2.9(0.00%),P:1e-7
		=Final=: -16.23 TATCGTCTCC T:7.0(0.07%),B:2.9(0.01%),P:1e-7
		Performing exhaustive masking of motif...
		Reprioritizing potential motifs...
	18 of 25 Initial Sequence: CGAGAACCGA... (-17.095)
		Round 1: -17.10 CGAGAACCGA T:7.0(0.07%),B:2.5(0.00%),P:1e-7
		Round 2: -17.10 CGAGAACCGA T:7.0(0.07%),B:2.5(0.00%),P:1e-7
		=Final=: -16.23 CGAGAACCGA T:7.0(0.07%),B:2.5(0.00%),P:1e-7
		Performing exhaustive masking of motif...
		Reprioritizing potential motifs...
	19 of 25 Initial Sequence: TGTCTTGCGA... (-17.095)
		Round 1: -17.10 TGTCTTGCGA T:7.0(0.07%),B:2.9(0.00%),P:1e-7
		Round 2: -17.10 TGTCTTGCGA T:7.0(0.07%),B:2.9(0.00%),P:1e-7
		=Final=: -16.23 TGTCTTGCGA T:7.0(0.07%),B:2.9(0.01%),P:1e-7
		Performing exhaustive masking of motif...
		Reprioritizing potential motifs...
	20 of 25 Initial Sequence: CTGTGTACGA... (-17.090)
		Round 1: -17.09 CTGTGTACGA T:11.0(0.11%),B:7.0(0.01%),P:1e-7
		Round 2: -17.09 CTGTGTACGA T:11.0(0.11%),B:7.0(0.01%),P:1e-7
		=Final=: -18.00 CTGTGTACGA T:11.0(0.11%),B:7.0(0.01%),P:1e-7
		Performing exhaustive masking of motif...
		Reprioritizing potential motifs...
	21 of 25 Initial Sequence: TGGGGCGACT... (-16.570)
		Round 1: -18.48 TGGGGCGACT T:19.0(0.20%),B:19.9(0.04%),P:1e-8
		Round 2: -28.39 TGGCGCGACT T:36.0(0.37%),B:44.9(0.08%),P:1e-12
		Round 3: -28.39 TGGCGCGACT T:36.0(0.37%),B:44.9(0.08%),P:1e-12
		=Final=: -29.96 TGGCGCGACT T:36.0(0.37%),B:44.9(0.08%),P:1e-13
		Performing exhaustive masking of motif...
		Reprioritizing potential motifs...
	22 of 25 Initial Sequence: CGTTACGTAG... (-16.264)
		Round 1: -30.48 CGTTACGTAG T:77.0(0.80%),B:159.1(0.29%),P:1e-13
		Round 2: -38.44 CGTTACGTAG T:50.0(0.52%),B:62.5(0.11%),P:1e-16
		Round 3: -38.44 CGTTACGTAG T:50.0(0.52%),B:62.5(0.11%),P:1e-16
		=Final=: -40.25 CGTTACGTAG T:50.0(0.52%),B:62.5(0.11%),P:1e-17
		Performing exhaustive masking of motif...
		Reprioritizing potential motifs...
	23 of 25 Initial Sequence: TGCTCTACGT... (-16.108)
		Round 1: -16.11 TGCTCTACGT T:9.0(0.09%),B:4.9(0.01%),P:1e-6
		Round 2: -16.11 TGCTCTACGT T:9.0(0.09%),B:4.9(0.01%),P:1e-6
		=Final=: -16.71 TGCTCTACGT T:9.0(0.09%),B:4.9(0.01%),P:1e-7
		Performing exhaustive masking of motif...
		Reprioritizing potential motifs...
	24 of 25 Initial Sequence: CGCATCGCTC... (-16.075)
		Round 1: -18.94 CGCATCGCTC T:10.0(0.10%),B:4.9(0.01%),P:1e-8
		Round 2: -18.94 CGCATCGCTC T:10.0(0.10%),B:4.9(0.01%),P:1e-8
		=Final=: -19.38 CGCATCGCTC T:10.0(0.10%),B:4.9(0.01%),P:1e-8
		Performing exhaustive masking of motif...
		Reprioritizing potential motifs...
	25 of 25 Initial Sequence: AACATGGCGG... (-15.984)
		Round 1: -29.03 AACATGGCGG T:229.0(2.35%),B:762.6(1.40%),P:1e-12
		Round 2: -29.12 AACATGGCGA T:432.0(4.38%),B:1668.5(3.03%),P:1e-12
		Round 3: -30.90 AACATGGCGR T:380.0(3.87%),B:1409.3(2.57%),P:1e-13
		Round 4: -30.90 AACATGGCGR T:380.0(3.87%),B:1409.3(2.57%),P:1e-13
		=Final=: -33.49 AACATGGCGR T:370.0(3.84%),B:1386.5(2.50%),P:1e-14
		Performing exhaustive masking of motif...
		Reprioritizing potential motifs...

	Finalizing Enrichment Statistics (new in v3.4)
	Reading input files...
	67613 total sequences read
	Cache length = 11180
	Using binomial scoring
	Checking enrichment of 25 motif(s)
	|0%                                    50%                                  100%|
	=================================================================================
	Output in file: /project/lbarreiro/USERS/ellen/KnightMolecules/demultiplexed/FastQ/15_transcriptionFactorMotifs/dataDriven_commonBaseline//tfMotifOutput_UP_myr//homerMotifs.motifs10


	Number of Trial motifs (-T) set to 9 (from 10) to work well with 3 CPUs
	-blen automatically set to 2
	Scanning input files...
	Parsing sequences...
	|0%                                   50%                                  100%|
	================================================================================
	Total number of Oligos: 6313447
	Autoadjustment for sequence coverage in background: 0.98x

	Oligos: 6313447 of 8830118 max
	Tree  : 13499736 of 44150590 max
	Optimizing memory usage...
	Cache length = 11180
	Using binomial scoring

	Global Optimization Phase: Looking for enriched oligos with up to 2 mismatches...

	Screening oligos 6313447 (allowing 0 mismatches):
	|0%                                   50%                                  100%|
	================================================================================
		57.63% skipped, 42.37% checked (2675078 of 6313447), of those checked:
		57.63% not in target, 0.00% increased p-value, 0.00% high p-value

	Screening oligos 6313447 (allowing 1 mismatches):
	|0%                                   50%                                  100%|
	================================================================================
		57.63% skipped, 42.37% checked (2675078 of 6313447), of those checked:
		0.00% not in target, 28.32% increased p-value, 16.06% high p-value

	Screening oligos 6313447 (allowing 2 mismatches):
	|0%                                   50%                                  100%|
	================================================================================
		91.26% skipped, 8.74% checked (552011 of 6313447), of those checked:
		0.00% not in target, 6.49% increased p-value, 0.00% high p-value
	Reading input files...
	67613 total sequences read
	Cache length = 11180
	Using binomial scoring

	Local Optimization Phase:
	1 of 25 Initial Sequence: AGGCCCCGCCCA... (-84.719)
		Round 1: -141.93 AGGCCCCGCCCA T:3364.0(29.47%),B:13584.6(22.18%),P:1e-61
		Round 2: -168.21 AGGCCCCGCCCC T:2229.0(20.65%),B:8095.0(13.88%),P:1e-73
		Round 3: -211.63 ARGCCCCGCCCC T:4370.0(36.46%),B:17010.2(26.95%),P:1e-91
		Round 4: -261.23 ARGCCCCGCCCC T:5306.0(42.35%),B:20369.6(31.34%),P:1e-113
		Round 5: -271.44 WRGCCCCGCCCH T:3907.0(33.34%),B:14142.6(22.98%),P:1e-117
		Round 6: -271.44 WRGCCCCGCCCH T:3907.0(33.34%),B:14142.6(22.98%),P:1e-117
		=Final=: -160.49 WRGCCCCGCCCH T:1917.0(19.90%),B:7423.3(13.38%),P:1e-69
		Performing exhaustive masking of motif...
		Reprioritizing potential motifs...
	2 of 25 Initial Sequence: GGGAATTGTAGT... (-72.675)
		Round 1: -101.87 GGGAATTGTAGT T:485.0(4.91%),B:1324.1(2.41%),P:1e-44
		Round 2: -103.73 GGGAATTGTAGT T:426.0(4.33%),B:1090.9(1.99%),P:1e-45
		Round 3: -105.33 GGGAATTGTAGT T:542.0(5.47%),B:1524.0(2.77%),P:1e-45
		Round 4: -107.59 GGGAATTGTAGT T:405.0(4.12%),B:997.4(1.82%),P:1e-46
		Round 5: -113.51 GGGAVWTGTAGT T:404.0(4.11%),B:967.5(1.77%),P:1e-49
		Round 6: -114.36 GGGRNNKGNAGT T:426.0(4.33%),B:1041.5(1.90%),P:1e-49
		Round 7: -114.36 GGGRNNKGNAGT T:426.0(4.33%),B:1041.5(1.90%),P:1e-49
		=Final=: -88.74 GGGRNNKGNAGT T:356.0(3.69%),B:946.7(1.71%),P:1e-38
		Performing exhaustive masking of motif...
		Reprioritizing potential motifs...
	3 of 25 Initial Sequence: GCGCATGCGCAT... (-62.586)
		Round 1: -76.05 GCGCATGCGCAT T:1575.0(15.08%),B:6338.1(11.04%),P:1e-33
		Round 2: -79.32 GCGCATGCGCAG T:1430.0(13.79%),B:5617.6(9.85%),P:1e-34
		Round 3: -82.02 GCGCATGCGCAR T:1465.0(14.11%),B:5740.5(10.05%),P:1e-35
		Round 4: -84.32 GCGCATGCGCAA T:719.0(7.19%),B:2385.9(4.31%),P:1e-36
		Round 5: -85.83 GCGCATGCGCAA T:780.0(7.78%),B:2634.4(4.75%),P:1e-37
		Round 6: -85.83 GCGCATGCGCAA T:780.0(7.78%),B:2634.4(4.75%),P:1e-37
		=Final=: -49.42 GCGCATGCGCAA T:478.0(4.96%),B:1727.9(3.12%),P:1e-21
		Performing exhaustive masking of motif...
		Reprioritizing potential motifs...
	4 of 25 Initial Sequence: CGACCAATCAGA... (-44.718)
		Round 1: -71.82 CGACCAATCAGA T:1006.0(9.91%),B:3773.8(6.73%),P:1e-31
		Round 2: -111.06 CGACCAATCAGA T:1301.0(12.63%),B:4653.9(8.23%),P:1e-48
		Round 3: -148.69 YRACCAATCAGA T:1564.0(14.98%),B:5411.9(9.51%),P:1e-64
		Round 4: -160.40 YRRCCAATCAGA T:1080.0(10.60%),B:3295.3(5.90%),P:1e-69
		Round 5: -171.80 NRRCCAATVAGA T:1363.0(13.19%),B:4365.0(7.74%),P:1e-74
		Round 6: -171.80 NRRCCAATVAGA T:1363.0(13.19%),B:4365.0(7.74%),P:1e-74
		=Final=: -110.45 NRRCCAATVAGA T:1041.0(10.80%),B:3750.7(6.76%),P:1e-47
		Performing exhaustive masking of motif...
		Reprioritizing potential motifs...
	5 of 25 Initial Sequence: ATAGTGGGCGGG... (-38.325)
		Round 1: -44.50 ATAGTGGGCGGG T:417.0(4.24%),B:1439.2(2.62%),P:1e-19
		Round 2: -44.78 ATAGTGGGCGGG T:368.0(3.75%),B:1226.9(2.24%),P:1e-19
		Round 3: -45.53 ATAGTGGGCGGG T:368.0(3.75%),B:1221.0(2.23%),P:1e-19
		Round 4: -45.53 ATAGTGGGCGGG T:368.0(3.75%),B:1221.0(2.23%),P:1e-19
		=Final=: -47.33 ATAGTGGGCGGG T:329.0(3.41%),B:1081.6(1.95%),P:1e-20
		Performing exhaustive masking of motif...
		Reprioritizing potential motifs...
	6 of 25 Initial Sequence: AAAAGCGGAAGC... (-36.040)
		Round 1: -47.50 AAAAGCGGAAGC T:1739.0(16.51%),B:7642.3(13.16%),P:1e-20
		Round 2: -50.75 AAAAGCGGAAGC T:1441.0(13.89%),B:6124.3(10.69%),P:1e-22
		Round 3: -58.14 AAAAGCGGAAGC T:1361.0(13.17%),B:5612.4(9.84%),P:1e-25
		Round 4: -58.14 AAAAGCGGAAGC T:1361.0(13.17%),B:5612.4(9.84%),P:1e-25
		=Final=: -70.50 AAAAGCGGAAGC T:1274.0(13.22%),B:5307.5(9.57%),P:1e-30
		Performing exhaustive masking of motif...
		Reprioritizing potential motifs...
	7 of 25 Initial Sequence: GAGCCGGAAGTA... (-29.230)
		Round 1: -49.99 NNGCCGGAAGTA T:3206.0(28.31%),B:14873.2(24.01%),P:1e-21
		Round 2: -63.45 NNGCCGGAAGTA T:2101.0(19.59%),B:9066.3(15.41%),P:1e-27
		Round 3: -64.97 NNGCCGGAAGNR T:2976.0(26.57%),B:13308.5(21.78%),P:1e-28
		Round 4: -67.51 NNGCCGGAAGNV T:1582.0(15.14%),B:6507.6(11.32%),P:1e-29
		Round 5: -68.29 SNGCCGGAAGTG T:1573.0(15.06%),B:6451.0(11.23%),P:1e-29
		Round 6: -68.29 SNGCCGGAAGTG T:1573.0(15.06%),B:6451.0(11.23%),P:1e-29
		=Final=: -61.82 SNGCCGGAAGTG T:1259.0(13.07%),B:5354.2(9.65%),P:1e-26
		Performing exhaustive masking of motif...
		Reprioritizing potential motifs...
	8 of 25 Initial Sequence: CAATATGGCGGC... (-28.634)
		Round 1: -41.38 CAATATGGCGGC T:338.0(3.45%),B:1126.5(2.06%),P:1e-17
		Round 2: -43.63 CAARATGGCGGC T:228.0(2.34%),B:656.6(1.20%),P:1e-18
		Round 3: -45.07 CAARATGGCSGC T:306.0(3.13%),B:963.4(1.76%),P:1e-19
		Round 4: -49.58 CARRATGGCVSC T:304.0(3.11%),B:923.5(1.69%),P:1e-21
		Round 5: -51.79 CARRATGGCVSC T:333.0(3.40%),B:1026.5(1.88%),P:1e-22
		Round 6: -52.90 CAARATGGCVSC T:405.0(4.12%),B:1315.4(2.40%),P:1e-22
		Round 7: -52.90 CAARATGGCVSC T:405.0(4.12%),B:1315.4(2.40%),P:1e-22
		=Final=: -52.38 CAARATGGCVSC T:379.0(3.93%),B:1260.1(2.27%),P:1e-22
		Performing exhaustive masking of motif...
		Reprioritizing potential motifs...
	9 of 25 Initial Sequence: GCGTCACGTGAC... (-27.850)
		Round 1: -47.54 NCGTCACGTGAN T:949.0(9.38%),B:3828.0(6.82%),P:1e-20
		Round 2: -51.42 NCGTCACGTGAN T:1462.0(14.08%),B:6213.9(10.84%),P:1e-22
		Round 3: -52.04 NCGTCACGTGAN T:1185.0(11.57%),B:4878.8(8.61%),P:1e-22
		Round 4: -52.04 NCGTCACGTGAN T:1185.0(11.57%),B:4878.8(8.61%),P:1e-22
		=Final=: -32.71 NCGTCACGTGAN T:771.0(8.00%),B:3350.1(6.04%),P:1e-14
		Performing exhaustive masking of motif...
		Reprioritizing potential motifs...
	10 of 25 Initial Sequence: TGAGGGGAAACC... (-24.579)
		Round 1: -30.63 TGAGGGGAAACC T:15.0(0.16%),B:5.9(0.01%),P:1e-13
		Round 2: -45.17 TGACGGGAAACC T:14.0(0.15%),B:2.4(0.00%),P:1e-19
		Round 3: -45.17 TGACGGGAAACC T:14.0(0.15%),B:2.4(0.00%),P:1e-19
		=Final=: -41.16 TGACGGGAAACC T:12.0(0.12%),B:1.7(0.00%),P:1e-17
		Performing exhaustive masking of motif...
		Reprioritizing potential motifs...
	11 of 25 Initial Sequence: AGTAGCTCCTCC... (-24.579)
		Round 1: -36.66 AGTAGCTCCTCC T:12.0(0.12%),B:2.4(0.00%),P:1e-15
		Round 2: -40.88 AGTAGCTCCGCC T:13.0(0.13%),B:2.4(0.00%),P:1e-17
		Round 3: -67.66 AGTAGCTCCGCC T:19.0(0.20%),B:2.9(0.00%),P:1e-29
		Round 4: -67.66 AGTAGCTCCGCC T:19.0(0.20%),B:2.9(0.00%),P:1e-29
		=Final=: -59.78 AGTAGCTCCGCC T:19.0(0.20%),B:2.9(0.01%),P:1e-25
		Performing exhaustive masking of motif...
		Reprioritizing potential motifs...
	12 of 25 Initial Sequence: CCATTCTGAAAG... (-24.579)
		Round 1: -25.77 CCATTCTGAAAG T:11.0(0.11%),B:3.0(0.01%),P:1e-11
		Round 2: -37.83 CCATTCTGATAG T:16.0(0.17%),B:4.5(0.01%),P:1e-16
		Round 3: -37.83 CCATTCTGATAG T:16.0(0.17%),B:4.5(0.01%),P:1e-16
		=Final=: -34.02 CCATTCTGATAG T:15.0(0.16%),B:4.5(0.01%),P:1e-14
		Performing exhaustive masking of motif...
		Reprioritizing potential motifs...
	13 of 25 Initial Sequence: TAGGAGGCGGGA... (-24.145)
		Round 1: -35.77 TAGGAGGCGGGA T:601.0(6.05%),B:2364.4(4.27%),P:1e-15
		Round 2: -35.77 TAGGAGGCGGGA T:601.0(6.05%),B:2364.4(4.27%),P:1e-15
		=Final=: -41.19 TAGGAGGCGGGA T:581.0(6.03%),B:2296.6(4.14%),P:1e-17
		Performing exhaustive masking of motif...
		Reprioritizing potential motifs...
	14 of 25 Initial Sequence: TCGTCGAGGTAG... (-21.902)
		Round 1: -36.66 TCGTCGAGGTAG T:12.0(0.12%),B:1.3(0.00%),P:1e-15
		Round 2: -40.88 TCGTCGAGGTAG T:13.0(0.13%),B:2.1(0.00%),P:1e-17
		Round 3: -40.88 TCGTCGAGGTAG T:13.0(0.13%),B:2.1(0.00%),P:1e-17
		=Final=: -41.16 TCGTCGAGGTAG T:12.0(0.12%),B:1.3(0.00%),P:1e-17
		Performing exhaustive masking of motif...
		Reprioritizing potential motifs...
	15 of 25 Initial Sequence: ACGCTCGCGGTA... (-21.873)
		Round 1: -28.51 ACGCTCGCGGTA T:10.0(0.10%),B:0.0(0.00%),P:1e-12
		Round 2: -36.66 ACGCTCGCGGTA T:12.0(0.12%),B:2.5(0.00%),P:1e-15
		Round 3: -36.66 ACGCTCGCGGTA T:12.0(0.12%),B:2.5(0.00%),P:1e-15
		=Final=: -33.00 ACGCTCGCGGTA T:12.0(0.12%),B:2.5(0.00%),P:1e-14
		Performing exhaustive masking of motif...
		Reprioritizing potential motifs...
	16 of 25 Initial Sequence: AAAATAGCGAAG... (-21.556)
		Round 1: -32.39 AAAATAGCGAAG T:355.0(3.62%),B:1281.4(2.34%),P:1e-14
		Round 2: -32.74 AAAATAGCGAAG T:346.0(3.53%),B:1235.9(2.25%),P:1e-14
		Round 3: -33.67 AAAATAGCGAAG T:366.0(3.73%),B:1318.9(2.40%),P:1e-14
		Round 4: -35.47 AAAATAGCGAAG T:369.0(3.76%),B:1314.8(2.40%),P:1e-15
		Round 5: -35.47 AAAATAGCGAAG T:369.0(3.76%),B:1314.8(2.40%),P:1e-15
		=Final=: -40.03 AAAATAGCGAAG T:361.0(3.75%),B:1282.2(2.31%),P:1e-17
		Performing exhaustive masking of motif...
		Reprioritizing potential motifs...
	17 of 25 Initial Sequence: GCGCAATACAGG... (-20.830)
		Round 1: -26.81 GCGCAATACAGG T:135.0(1.39%),B:390.5(0.72%),P:1e-11
		Round 2: -26.81 GCGCAATACAGG T:135.0(1.39%),B:390.5(0.72%),P:1e-11
		=Final=: -27.53 GCGCAATACAGG T:133.0(1.38%),B:389.8(0.70%),P:1e-11
		Performing exhaustive masking of motif...
		Reprioritizing potential motifs...
	18 of 25 Initial Sequence: TGTGTGGAGCTT... (-20.769)
		Round 1: -24.58 TGTGTGGAGCTT T:9.0(0.09%),B:2.9(0.00%),P:1e-10
		Round 2: -24.58 TGTGTGGAGCTT T:9.0(0.09%),B:2.9(0.00%),P:1e-10
		=Final=: -22.63 TGTGTGGAGCTT T:9.0(0.09%),B:2.9(0.01%),P:1e-9
		Performing exhaustive masking of motif...
		Reprioritizing potential motifs...
	19 of 25 Initial Sequence: CTGCTGGTTAGG... (-20.769)
		Round 1: -21.90 CTGCTGGTTAGG T:12.0(0.12%),B:5.8(0.01%),P:1e-9
		Round 2: -21.90 CTGCTGGTTAGG T:12.0(0.12%),B:5.8(0.01%),P:1e-9
		=Final=: -22.48 CTGCTGGTTAGG T:12.0(0.12%),B:5.8(0.01%),P:1e-9
		Performing exhaustive masking of motif...
		Reprioritizing potential motifs...
	20 of 25 Initial Sequence: GGAGGCGGTCCT... (-20.769)
		Round 1: -40.88 GGAGGCGGTCCT T:13.0(0.13%),B:2.4(0.00%),P:1e-17
		Round 2: -40.88 GGAGGCGGTCCT T:13.0(0.13%),B:2.4(0.00%),P:1e-17
		=Final=: -36.63 GGAGGCGGTCCT T:13.0(0.13%),B:2.4(0.00%),P:1e-15
		Performing exhaustive masking of motif...
		Reprioritizing potential motifs...
	21 of 25 Initial Sequence: GGTCCGTAATCG... (-20.769)
		Round 1: -24.77 NNTCCGTAATYS T:4440.0(36.92%),B:22262.3(33.70%),P:1e-10
		Round 2: -28.53 BYTCCGTAATCG T:4349.0(36.33%),B:21586.1(32.87%),P:1e-12
		Round 3: -29.26 CCTCCGTAATYS T:1506.0(14.47%),B:6921.2(11.99%),P:1e-12
		Round 4: -29.26 CCTCCGTAATYS T:1506.0(14.47%),B:6921.2(11.99%),P:1e-12
		=Final=: -35.95 CCTCCGTAATYS T:4773.0(49.54%),B:25188.3(45.41%),P:1e-15
		Performing exhaustive masking of motif...
		Reprioritizing potential motifs...
	22 of 25 Initial Sequence: TGGGGACGGCGG... (-24.579)
		Round 1: -24.90 TGGGGACGGCGG T:12.0(0.12%),B:4.5(0.01%),P:1e-10
		Round 2: -25.62 TGGGWACGGCGG T:20.0(0.21%),B:14.3(0.03%),P:1e-11
		Round 3: -25.62 TGGGWACGGCGG T:20.0(0.21%),B:14.3(0.03%),P:1e-11
		=Final=: -26.89 TGGGWACGGCGG T:20.0(0.21%),B:14.3(0.03%),P:1e-11
		Performing exhaustive masking of motif...
		Reprioritizing potential motifs...
	23 of 25 Initial Sequence: CCTTGGCAGCTG... (-22.427)
		Round 1: -29.20 CCTTGGCAGCTG T:12.0(0.12%),B:3.8(0.01%),P:1e-12
		Round 2: -40.00 CCTTGGCCGCTG T:15.0(0.16%),B:3.8(0.01%),P:1e-17
		Round 3: -40.00 CCTTGGCCGCTG T:15.0(0.16%),B:3.8(0.01%),P:1e-17
		=Final=: -38.17 CCTTGGCCGCTG T:15.0(0.16%),B:3.8(0.01%),P:1e-16
		Performing exhaustive masking of motif...
		Reprioritizing potential motifs...
	24 of 25 Initial Sequence: ATAACGCGGTTA... (-20.769)
		Round 1: -28.51 ATAACGCGGTTA T:10.0(0.10%),B:2.8(0.00%),P:1e-12
		Round 2: -36.33 ATAWCGCGGTTA T:14.0(0.15%),B:3.4(0.01%),P:1e-15
		Round 3: -36.66 ATAWCGCGGTTA T:12.0(0.12%),B:1.0(0.00%),P:1e-15
		Round 4: -40.88 ATAWCGCGGTTA T:13.0(0.13%),B:0.9(0.00%),P:1e-17
		Round 5: -40.88 ATAWCGCGGTTA T:13.0(0.13%),B:0.9(0.00%),P:1e-17
		=Final=: -45.48 ATAWCGCGGTTA T:13.0(0.13%),B:0.9(0.00%),P:1e-19
		Performing exhaustive masking of motif...
		Reprioritizing potential motifs...
	25 of 25 Initial Sequence: TATCCCTGCTGG... (-20.769)
		Round 1: -37.83 TATCCCTGCTGG T:16.0(0.17%),B:4.9(0.01%),P:1e-16
		Round 2: -37.83 TATCCCTGCTGG T:16.0(0.17%),B:4.9(0.01%),P:1e-16
		=Final=: -37.16 TATCCCTGCTGG T:16.0(0.17%),B:4.9(0.01%),P:1e-16
		Performing exhaustive masking of motif...
		Reprioritizing potential motifs...

	Finalizing Enrichment Statistics (new in v3.4)
	Reading input files...
	67613 total sequences read
	Cache length = 11180
	Using binomial scoring
	Checking enrichment of 25 motif(s)
	|0%                                    50%                                  100%|
	=================================================================================
	Output in file: /project/lbarreiro/USERS/ellen/KnightMolecules/demultiplexed/FastQ/15_transcriptionFactorMotifs/dataDriven_commonBaseline//tfMotifOutput_UP_myr//homerMotifs.motifs12

	(Motifs in homer2 format)
	Determining similar motifs... 70 reduced to 33 motifs
	Outputing HTML and sequence logos for motif comparison...
	Checking de novo motifs against known motifs...
	Formatting HTML page...
		1 of 33 (1e-69) similar to Sp2(Zf)/HEK293-Sp2.eGFP-ChIP-Seq(Encode)/Homer(0.948)
		2 of 33 (1e-48) similar to NFY(CCAAT)/Promoter/Homer(0.944)
		3 of 33 (1e-44) similar to Elk1(ETS)/Hela-Elk1-ChIP-Seq(GSE31477)/Homer(0.933)
		4 of 33 (1e-38) similar to GFY(?)/Promoter/Homer(0.802)
		5 of 33 (1e-29) similar to PB0058.1_Sfpi1_1/Jaspar(0.822)
		6 of 33 (1e-23) similar to GFX(?)/Promoter/Homer(0.744)
		7 of 33 (1e-22) similar to YY1/MA0095.2/Jaspar(0.863)
		8 of 33 (1e-21) similar to E2F6/MA0471.2/Jaspar(0.775)
		9 of 33 (1e-21) similar to NRF(NRF)/Promoter/Homer(0.908)
		10 of 33 (1e-20) similar to GMEB2/MA0862.1/Jaspar(0.800)
		11 of 33 (1e-19) similar to PB0127.1_Gata6_2/Jaspar(0.614)
		12 of 33 (1e-17) similar to E2F8/MA0865.1/Jaspar(0.651)
		13 of 33 (1e-17) similar to NR5A1/MA1540.1/Jaspar(0.511)
		14 of 33 (1e-16) similar to BHLHE41/MA0636.1/Jaspar(0.935)
		15 of 33 (1e-16) similar to PB0036.1_Irf6_1/Jaspar(0.744)
		16 of 33 (1e-15) similar to PB0110.1_Bcl6b_2/Jaspar(0.717)
		17 of 33 (1e-14) similar to ZNF768(Zf)/Rajj-ZNF768-ChIP-Seq(GSE111879)/Homer(0.607)
		18 of 33 (1e-14) similar to PB0003.1_Ascl2_1/Jaspar(0.661)
		19 of 33 (1e-14) similar to Zic1::Zic2/MA1628.1/Jaspar(0.736)
		20 of 33 (1e-13) similar to DPRX/MA1480.1/Jaspar(0.589)
		21 of 33 (1e-12) similar to MYBL1/MA0776.1/Jaspar(0.819)
		22 of 33 (1e-12) similar to CDX2/MA0465.2/Jaspar(0.606)
		23 of 33 (1e-12) similar to HINFP(Zf)/K562-HINFP.eGFP-ChIP-Seq(Encode)/Homer(0.771)
		24 of 33 (1e-12) similar to ZNF317/MA1593.1/Jaspar(0.676)
		25 of 33 (1e-11) similar to E2F4/MA0470.2/Jaspar(0.746)
		26 of 33 (1e-10) similar to PB0108.1_Atf1_2/Jaspar(0.723)
		27 of 33 (1e-9) similar to ZNF354C/MA0130.1/Jaspar(0.650)
		28 of 33 (1e-9) similar to Zic1::Zic2/MA1628.1/Jaspar(0.649)
		29 of 33 (1e-9) similar to PB0194.1_Zbtb12_2/Jaspar(0.664)
		30 of 33 (1e-8) similar to RBPJ/MA1116.1/Jaspar(0.642)
		31 of 33 (1e-7) similar to Foxo1(Forkhead)/RAW-Foxo1-ChIP-Seq(Fan_et_al.)/Homer(0.692)
		32 of 33 (1e-6) similar to HNF6(Homeobox)/Liver-Hnf6-ChIP-Seq(ERP000394)/Homer(0.591)
		33 of 33 (1e-5) similar to HIF-1a(bHLH)/MCF7-HIF1a-ChIP-Seq(GSE28352)/Homer(0.605)
	Job finished - if results look good, please send beer to ..

	Cleaning up tmp files...

