
	Position file = /project/lbarreiro/USERS/ellen/KnightMolecules/demultiplexed/FastQ/15_transcriptionFactorMotifs//annotateInput_UP_5f.txt
	Genome = mm10
	Output Directory = /project/lbarreiro/USERS/ellen/KnightMolecules/demultiplexed/FastQ/15_transcriptionFactorMotifs//tfMotifOutput_UP_5f/
	Fragment size set to 500
	Will use repeat masked sequences
	Using 3 CPUs
	background position file: /project/lbarreiro/USERS/ellen/KnightMolecules/demultiplexed/FastQ/13_mashr//annotateInput.txt
	Found mset for "mouse", will check against vertebrates motifs
	Peak/BED file conversion summary:
		BED/Header formatted lines: 4535
		peakfile formatted lines: 0

	Peak File Statistics:
		Total Peaks: 4535
		Redundant Peak IDs: 0
		Peaks lacking information: 0 (need at least 5 columns per peak)
		Peaks with misformatted coordinates: 0 (should be integer)
		Peaks with misformatted strand: 0 (should be either +/- or 0/1)

	Peak file looks good!

	Peak/BED file conversion summary:
		BED/Header formatted lines: 74314
		peakfile formatted lines: 0
	Max distance to merge: 500 bp
	Calculating co-bound peaks relative to reference: /project/lbarreiro/USERS/ellen/KnightMolecules/demultiplexed/FastQ/15_transcriptionFactorMotifs//tfMotifOutput_UP_5f//bg.clean.pos

	Comparing peaks: (peakfile, overlapping peaks, logRatio(obs/expected), logP)
	**	/project/lbarreiro/USERS/ellen/KnightMolecules/demultiplexed/FastQ/15_transcriptionFactorMotifs//tfMotifOutput_UP_5f//target.clean..pos	4536	3.30	0.00

	**	Pairwise stats are approx with fixed distance (-d 500) and -cobound #
		They get worse as the size increases and peaks from a single file start overlapping
		To get accurate ones, adjust peak sizes first with adjustPeakFile.pl and
		then rerun mergePeaks with the "-d given" option (only applies to -cobound #)

	Co-bound by 0 peaks: 69778
	Co-bound by 1 peaks: 4536 (max: 4536 effective total)
	Custom genome sequence directory: /project/lbarreiro/USERS/ellen/programs/homer/.//data/genomes/mm10//

	Extracting sequences from directory: /project/lbarreiro/USERS/ellen/programs/homer/.//data/genomes/mm10//
	Extracting 5382 sequences from chr1
	Extracting 5868 sequences from chr2
	Extracting 4084 sequences from chr3
	Extracting 4408 sequences from chr4
	Extracting 4489 sequences from chr5
	Extracting 4281 sequences from chr6
	Extracting 4456 sequences from chr7
	Extracting 3685 sequences from chr8
	Extracting 3850 sequences from chr9
	Extracting 4100 sequences from chr10
	Extracting 4676 sequences from chr11
	Extracting 3152 sequences from chr12
	Extracting 3723 sequences from chr13
	Extracting 2993 sequences from chr14
	Extracting 2979 sequences from chr15
	Extracting 2573 sequences from chr16
	Extracting 3101 sequences from chr17
	Extracting 2417 sequences from chr18
	Extracting 2137 sequences from chr19
	Extracting 1959 sequences from chrX
		6691 of 74313 removed because they had >70.00% Ns (i.e. masked repeats)

	Not removing redundant sequences


	Sequences processed:
		Auto detected maximum sequence length of 501 bp
		67622 total

	Frequency Bins: 0.2 0.25 0.3 0.35 0.4 0.45 0.5 0.6 0.7 0.8
	Freq	Bin	Count
	0.25	1	5
	0.3	2	151
	0.35	3	1403
	0.4	4	6199
	0.45	5	14138
	0.5	6	16975
	0.6	7	19482
	0.7	8	7442
	0.8	9	1824
	10	10	3
	Bin	# Targets	# Background	Background Weight
	2	1	150	0.094
	3	6	1397	0.061
	4	42	6157	0.096
	5	166	13972	0.168
	6	366	16609	0.312
	7	1669	17813	1.325
	8	2037	5405	5.330
	9	178	1646	1.529
	Normalizing lower order oligos using homer2

	Reading input files...
	67614 total sequences read
	Autonormalization: 1-mers (4 total)
		A	20.57%	20.79%	0.990
		C	29.43%	29.21%	1.007
		G	29.43%	29.21%	1.007
		T	20.57%	20.79%	0.990
	Autonormalization: 2-mers (16 total)
		AA	4.98%	4.88%	1.021
		CA	6.56%	6.88%	0.953
		GA	6.23%	6.25%	0.996
		TA	2.81%	2.76%	1.016
		AC	4.91%	4.89%	1.004
		CC	9.61%	9.42%	1.021
		GC	8.68%	8.67%	1.002
		TC	6.23%	6.25%	0.996
		AG	7.60%	7.84%	0.970
		CG	5.67%	5.09%	1.113
		GG	9.61%	9.42%	1.021
		TG	6.56%	6.88%	0.953
		AT	3.08%	3.17%	0.972
		CT	7.60%	7.84%	0.970
		GT	4.91%	4.89%	1.004
		TT	4.98%	4.88%	1.021
	Autonormalization: 3-mers (64 total)
	Normalization weights can be found in file: /project/lbarreiro/USERS/ellen/KnightMolecules/demultiplexed/FastQ/15_transcriptionFactorMotifs//tfMotifOutput_UP_5f//seq.autonorm.tsv
	Converging on autonormalization solution:
	...............................................................................
	Final normalization:	Autonormalization: 1-mers (4 total)
		A	20.57%	20.59%	0.999
		C	29.43%	29.41%	1.000
		G	29.43%	29.41%	1.000
		T	20.57%	20.59%	0.999
	Autonormalization: 2-mers (16 total)
		AA	4.98%	4.95%	1.006
		CA	6.56%	6.62%	0.990
		GA	6.23%	6.22%	1.002
		TA	2.81%	2.79%	1.007
		AC	4.91%	4.87%	1.009
		CC	9.61%	9.54%	1.007
		GC	8.68%	8.80%	0.987
		TC	6.23%	6.22%	1.002
		AG	7.60%	7.64%	0.995
		CG	5.67%	5.62%	1.009
		GG	9.61%	9.54%	1.007
		TG	6.56%	6.62%	0.990
		AT	3.08%	3.12%	0.986
		CT	7.60%	7.64%	0.995
		GT	4.91%	4.87%	1.009
		TT	4.98%	4.95%	1.006
	Autonormalization: 3-mers (64 total)
	Finished preparing sequence/group files

	----------------------------------------------------------
	Known motif enrichment

	Reading input files...
	67614 total sequences read
	440 motifs loaded
	Cache length = 11180
	Using binomial scoring
	Checking enrichment of 440 motif(s)
	|0%                                    50%                                  100%|
	=================================================================================
	Preparing HTML output with sequence logos...
		1 of 440 (1e-46) KLF3(Zf)/MEF-Klf3-ChIP-Seq(GSE44748)/Homer
		2 of 440 (1e-43) Sp1(Zf)/Promoter/Homer
		3 of 440 (1e-33) KLF1(Zf)/HUDEP2-KLF1-CutnRun(GSE136251)/Homer
		4 of 440 (1e-31) Sp5(Zf)/mES-Sp5.Flag-ChIP-Seq(GSE72989)/Homer
		5 of 440 (1e-30) Sp2(Zf)/HEK293-Sp2.eGFP-ChIP-Seq(Encode)/Homer
		6 of 440 (1e-27) Klf9(Zf)/GBM-Klf9-ChIP-Seq(GSE62211)/Homer
		7 of 440 (1e-25) KLF5(Zf)/LoVo-KLF5-ChIP-Seq(GSE49402)/Homer
		8 of 440 (1e-24) KLF14(Zf)/HEK293-KLF14.GFP-ChIP-Seq(GSE58341)/Homer
		9 of 440 (1e-24) Klf4(Zf)/mES-Klf4-ChIP-Seq(GSE11431)/Homer
		10 of 440 (1e-23) Elk4(ETS)/Hela-Elk4-ChIP-Seq(GSE31477)/Homer
		11 of 440 (1e-21) Elk1(ETS)/Hela-Elk1-ChIP-Seq(GSE31477)/Homer
		12 of 440 (1e-21) KLF6(Zf)/PDAC-KLF6-ChIP-Seq(GSE64557)/Homer
		13 of 440 (1e-20) NFY(CCAAT)/Promoter/Homer
		14 of 440 (1e-18) ELF1(ETS)/Jurkat-ELF1-ChIP-Seq(SRA014231)/Homer
		15 of 440 (1e-14) ETS(ETS)/Promoter/Homer
		16 of 440 (1e-14) YY1(Zf)/Promoter/Homer
		17 of 440 (1e-14) Maz(Zf)/HepG2-Maz-ChIP-Seq(GSE31477)/Homer
		18 of 440 (1e-14) ETV4(ETS)/HepG2-ETV4-ChIP-Seq(ENCODE)/Homer
		19 of 440 (1e-12) NRF1(NRF)/MCF7-NRF1-ChIP-Seq(Unpublished)/Homer
		20 of 440 (1e-11) KLF10(Zf)/HEK293-KLF10.GFP-ChIP-Seq(GSE58341)/Homer
		21 of 440 (1e-9) Fli1(ETS)/CD8-FLI-ChIP-Seq(GSE20898)/Homer
		22 of 440 (1e-9) MITF(bHLH)/MastCells-MITF-ChIP-Seq(GSE48085)/Homer
		23 of 440 (1e-9) E2F4(E2F)/K562-E2F4-ChIP-Seq(GSE31477)/Homer
		24 of 440 (1e-8) USF1(bHLH)/GM12878-Usf1-ChIP-Seq(GSE32465)/Homer
		25 of 440 (1e-8) E-box(bHLH)/Promoter/Homer
		26 of 440 (1e-8) Egr1(Zf)/K562-Egr1-ChIP-Seq(GSE32465)/Homer
		27 of 440 (1e-8) GFX(?)/Promoter/Homer
		28 of 440 (1e-7) NRF(NRF)/Promoter/Homer
		29 of 440 (1e-7) ETV1(ETS)/GIST48-ETV1-ChIP-Seq(GSE22441)/Homer
		30 of 440 (1e-7) ZBTB33(Zf)/GM12878-ZBTB33-ChIP-Seq(GSE32465)/Homer
		31 of 440 (1e-7) Usf2(bHLH)/C2C12-Usf2-ChIP-Seq(GSE36030)/Homer
		32 of 440 (1e-6) GABPA(ETS)/Jurkat-GABPa-ChIP-Seq(GSE17954)/Homer
		33 of 440 (1e-6) E2F3(E2F)/MEF-E2F3-ChIP-Seq(GSE71376)/Homer
		34 of 440 (1e-6) CLOCK(bHLH)/Liver-Clock-ChIP-Seq(GSE39860)/Homer
		35 of 440 (1e-6) Egr2(Zf)/Thymocytes-Egr2-ChIP-Seq(GSE34254)/Homer
		36 of 440 (1e-6) TFE3(bHLH)/MEF-TFE3-ChIP-Seq(GSE75757)/Homer
		37 of 440 (1e-6) ZNF711(Zf)/SHSY5Y-ZNF711-ChIP-Seq(GSE20673)/Homer
		38 of 440 (1e-6) GFY(?)/Promoter/Homer
		39 of 440 (1e-6) Arnt:Ahr(bHLH)/MCF7-Arnt-ChIP-Seq(Lo_et_al.)/Homer
		40 of 440 (1e-5) bHLHE40(bHLH)/HepG2-BHLHE40-ChIP-Seq(GSE31477)/Homer
		41 of 440 (1e-5) GFY-Staf(?,Zf)/Promoter/Homer
		42 of 440 (1e-5) HIF2a(bHLH)/785_O-HIF2a-ChIP-Seq(GSE34871)/Homer
		43 of 440 (1e-5) n-Myc(bHLH)/mES-nMyc-ChIP-Seq(GSE11431)/Homer
		44 of 440 (1e-5) HIF-1b(HLH)/T47D-HIF1b-ChIP-Seq(GSE59937)/Homer
		45 of 440 (1e-5) CRE(bZIP)/Promoter/Homer
		46 of 440 (1e-4) Max(bHLH)/K562-Max-ChIP-Seq(GSE31477)/Homer
		47 of 440 (1e-4) MNT(bHLH)/HepG2-MNT-ChIP-Seq(Encode)/Homer
		48 of 440 (1e-4) Ronin(THAP)/ES-Thap11-ChIP-Seq(GSE51522)/Homer
		49 of 440 (1e-4) HIF-1a(bHLH)/MCF7-HIF1a-ChIP-Seq(GSE28352)/Homer
		50 of 440 (1e-4) Elf4(ETS)/BMDM-Elf4-ChIP-Seq(GSE88699)/Homer
		51 of 440 (1e-4) E2F7(E2F)/Hela-E2F7-ChIP-Seq(GSE32673)/Homer
		52 of 440 (1e-4) EKLF(Zf)/Erythrocyte-Klf1-ChIP-Seq(GSE20478)/Homer
		53 of 440 (1e-4) Atf1(bZIP)/K562-ATF1-ChIP-Seq(GSE31477)/Homer
		54 of 440 (1e-4) TATA-Box(TBP)/Promoter/Homer
		55 of 440 (1e-3) bHLHE41(bHLH)/proB-Bhlhe41-ChIP-Seq(GSE93764)/Homer
		56 of 440 (1e-3) WT1(Zf)/Kidney-WT1-ChIP-Seq(GSE90016)/Homer
		57 of 440 (1e-3) c-Myc(bHLH)/LNCAP-cMyc-ChIP-Seq(Unpublished)/Homer
		58 of 440 (1e-3) Nanog(Homeobox)/mES-Nanog-ChIP-Seq(GSE11724)/Homer
		59 of 440 (1e-3) EWS:FLI1-fusion(ETS)/SK_N_MC-EWS:FLI1-ChIP-Seq(SRA014231)/Homer
		60 of 440 (1e-3) ETS1(ETS)/Jurkat-ETS1-ChIP-Seq(GSE17954)/Homer
		61 of 440 (1e-3) Pitx1(Homeobox)/Chicken-Pitx1-ChIP-Seq(GSE38910)/Homer
		62 of 440 (1e-3) ETS:RUNX(ETS,Runt)/Jurkat-RUNX1-ChIP-Seq(GSE17954)/Homer
		63 of 440 (1e-3) AMYB(HTH)/Testes-AMYB-ChIP-Seq(GSE44588)/Homer
		64 of 440 (1e-3) E2F6(E2F)/Hela-E2F6-ChIP-Seq(GSE31477)/Homer
		65 of 440 (1e-3) CRX(Homeobox)/Retina-Crx-ChIP-Seq(GSE20012)/Homer
		66 of 440 (1e-3) NPAS(bHLH)/Liver-NPAS-ChIP-Seq(GSE39860)/Homer
		67 of 440 (1e-3) E2F1(E2F)/Hela-E2F1-ChIP-Seq(GSE22478)/Homer
		68 of 440 (1e-2) NPAS2(bHLH)/Liver-NPAS2-ChIP-Seq(GSE39860)/Homer
		69 of 440 (1e-2) PRDM15(Zf)/ESC-Prdm15-ChIP-Seq(GSE73694)/Homer
		70 of 440 (1e-2) Pknox1(Homeobox)/ES-Prep1-ChIP-Seq(GSE63282)/Homer
		71 of 440 (1e-2) MYB(HTH)/ERMYB-Myb-ChIPSeq(GSE22095)/Homer
		72 of 440 (1e-2) HRE(HSF)/HepG2-HSF1-ChIP-Seq(GSE31477)/Homer
		73 of 440 (1e-2) BMYB(HTH)/Hela-BMYB-ChIP-Seq(GSE27030)/Homer
		74 of 440 (1e-2) Zfp281(Zf)/ES-Zfp281-ChIP-Seq(GSE81042)/Homer
		75 of 440 (1e-2) Smad3(MAD)/NPC-Smad3-ChIP-Seq(GSE36673)/Homer
		76 of 440 (1e-2) CArG(MADS)/PUER-Srf-ChIP-Seq(Sullivan_et_al.)/Homer
		77 of 440 (1e-2) LRF(Zf)/Erythroblasts-ZBTB7A-ChIP-Seq(GSE74977)/Homer
		78 of 440 (1e-2) ZFX(Zf)/mES-Zfx-ChIP-Seq(GSE11431)/Homer
		79 of 440 (1e-2) Npas4(bHLH)/Neuron-Npas4-ChIP-Seq(GSE127793)/Homer
		80 of 440 (1e-2) BMAL1(bHLH)/Liver-Bmal1-ChIP-Seq(GSE39860)/Homer
		81 of 440 (1e-2) Etv2(ETS)/ES-ER71-ChIP-Seq(GSE59402)/Homer
		82 of 440 (1e-2) c-Myc(bHLH)/mES-cMyc-ChIP-Seq(GSE11431)/Homer
		83 of 440 (1e-2) Pbx3(Homeobox)/GM12878-PBX3-ChIP-Seq(GSE32465)/Homer
		84 of 440 (1e-2) Unknown(Homeobox)/Limb-p300-ChIP-Seq/Homer
		85 of 440 (1e-2) ERG(ETS)/VCaP-ERG-ChIP-Seq(GSE14097)/Homer
		86 of 440 (1e-2) ZNF143|STAF(Zf)/CUTLL-ZNF143-ChIP-Seq(GSE29600)/Homer
		87 of 440 (1e-2) NFIL3(bZIP)/HepG2-NFIL3-ChIP-Seq(Encode)/Homer
		88 of 440 (1e-2) EHF(ETS)/LoVo-EHF-ChIP-Seq(GSE49402)/Homer
		89 of 440 (1e-2) RARa(NR)/K562-RARa-ChIP-Seq(Encode)/Homer
	----------------------------------------------------------
	De novo motif finding (HOMER)

	Number of Trial motifs (-T) set to 9 (from 10) to work well with 3 CPUs
	Scanning input files...
	Parsing sequences...
	|0%                                   50%                                  100%|
	================================================================================
	Total number of Oligos: 32896
	Autoadjustment for sequence coverage in background: 0.97x

	Oligos: 32896 of 34497 max
	Tree  : 67084 of 172485 max
	Optimizing memory usage...
	Cache length = 11180
	Using binomial scoring

	Global Optimization Phase: Looking for enriched oligos with up to 2 mismatches...

	Screening oligos 32896 (allowing 0 mismatches):
	|0%                                   50%                                  100%|
	================================================================================
		0.01% skipped, 99.99% checked (32894 of 32896), of those checked:
		0.01% not in target, 0.00% increased p-value, 0.00% high p-value

	Screening oligos 32896 (allowing 1 mismatches):
	|0%                                   50%                                  100%|
	================================================================================
		0.01% skipped, 99.99% checked (32894 of 32896), of those checked:
		0.00% not in target, 44.88% increased p-value, 51.88% high p-value

	Screening oligos 32896 (allowing 2 mismatches):
	|0%                                   50%                                  100%|
	================================================================================
		66.97% skipped, 33.03% checked (10865 of 32896), of those checked:
		0.00% not in target, 24.88% increased p-value, 0.00% high p-value
	Reading input files...
	67614 total sequences read
	Cache length = 11180
	Using binomial scoring

	Local Optimization Phase:
	1 of 25 Initial Sequence: CCCCGCCC... (-60.845)
		Round 1: -83.90 CCCCGCCC T:3767.0(56.99%),B:34278.7(47.49%),P:1e-36
		Round 2: -83.90 CCCCGCCC T:3767.0(56.99%),B:34278.7(47.49%),P:1e-36
		=Final=: -75.87 CCCCGCCC T:1546.0(34.62%),B:14488.9(26.44%),P:1e-32
		Performing exhaustive masking of motif...
		Reprioritizing potential motifs...
	2 of 25 Initial Sequence: GTTCCGCC... (-43.073)
		Round 1: -71.95 GTTCCGCC T:2999.0(48.92%),B:27392.8(40.23%),P:1e-31
		Round 2: -77.36 RTTMCGCC T:3403.0(53.34%),B:31084.7(44.24%),P:1e-33
		Round 3: -77.36 RTTMCGCC T:3403.0(53.34%),B:31084.7(44.24%),P:1e-33
		=Final=: -71.65 RTTMCGCC T:2168.0(48.56%),B:21864.9(39.90%),P:1e-31
		Performing exhaustive masking of motif...
		Reprioritizing potential motifs...
	3 of 25 Initial Sequence: TGCGCATG... (-30.557)
		Round 1: -63.77 TGCGCATG T:1614.0(30.34%),B:14015.8(23.15%),P:1e-27
		Round 2: -70.98 TNCGCATD T:2858.0(47.28%),B:26046.5(38.70%),P:1e-30
		Round 3: -74.24 TMCGYAAD T:3087.0(49.92%),B:28131.8(41.06%),P:1e-32
		Round 4: -75.54 TVCGCAAT T:2496.0(42.83%),B:22229.1(34.14%),P:1e-32
		Round 5: -75.54 TVCGCAAT T:2496.0(42.83%),B:22229.1(34.14%),P:1e-32
		=Final=: -51.99 TVCGCAAT T:1465.0(32.81%),B:14327.1(26.15%),P:1e-22
		Performing exhaustive masking of motif...
		Reprioritizing potential motifs...
	4 of 25 Initial Sequence: ACCAATCG... (-28.345)
		Round 1: -53.10 ACCAATCG T:2074.0(37.16%),B:19098.3(30.15%),P:1e-23
		Round 2: -53.10 ACCAATCG T:2074.0(37.16%),B:19098.3(30.15%),P:1e-23
		=Final=: -55.68 ACCAATCG T:1372.0(30.73%),B:13144.7(23.99%),P:1e-24
		Performing exhaustive masking of motif...
		Reprioritizing potential motifs...
	5 of 25 Initial Sequence: TCACGTGA... (-22.707)
		Round 1: -43.52 TCACGTGA T:590.0(12.38%),B:4663.9(8.39%),P:1e-18
		Round 2: -43.77 TVACGCGA T:709.0(14.68%),B:5802.8(10.33%),P:1e-19
		Round 3: -43.93 TVACGCGA T:640.0(13.36%),B:5135.9(9.20%),P:1e-19
		Round 4: -51.74 TVACGCGA T:1131.0(22.38%),B:9690.1(16.65%),P:1e-22
		Round 5: -51.74 TVACGCGA T:1131.0(22.38%),B:9690.1(16.65%),P:1e-22
		=Final=: -48.52 TVACGCGA T:890.0(19.93%),B:8032.1(14.66%),P:1e-21
		Performing exhaustive masking of motif...
		Reprioritizing potential motifs...
	6 of 25 Initial Sequence: CCGCCATA... (-21.944)
		Round 1: -34.61 CCGCCATA T:671.0(13.95%),B:5708.6(10.17%),P:1e-15
		Round 2: -37.89 SCGCCATW T:778.0(15.99%),B:6664.5(11.77%),P:1e-16
		Round 3: -37.89 SCGCCATW T:778.0(15.99%),B:6664.5(11.77%),P:1e-16
		=Final=: -41.18 SCGCCATW T:582.0(13.03%),B:4963.2(9.06%),P:1e-17
		Performing exhaustive masking of motif...
		Reprioritizing potential motifs...
	7 of 25 Initial Sequence: ACCGGAAG... (-17.800)
		Round 1: -40.20 NCCGGAAN T:2781.0(46.36%),B:27176.7(39.99%),P:1e-17
		Round 2: -49.60 ACCGGAAA T:2145.0(38.15%),B:20001.6(31.33%),P:1e-21
		Round 3: -50.99 HCCGGAAW T:1786.0(32.97%),B:16283.9(26.36%),P:1e-22
		Round 4: -52.00 NCCGGAAA T:1405.0(27.00%),B:12399.5(20.78%),P:1e-22
		Round 5: -53.28 WCCGGAAA T:2639.0(44.63%),B:24828.4(37.28%),P:1e-23
		Round 6: -54.59 WCCGGWAA T:2577.0(43.85%),B:24130.9(36.45%),P:1e-23
		Round 7: -54.59 WCCGGWAA T:2577.0(43.85%),B:24130.9(36.45%),P:1e-23
		=Final=: -55.72 WCCGGWAA T:1757.0(39.35%),B:17568.9(32.06%),P:1e-24
		Performing exhaustive masking of motif...
		Reprioritizing potential motifs...
	8 of 25 Initial Sequence: AGACTCCG... (-17.153)
		Round 1: -23.87 AGACTCCG T:210.0(4.59%),B:1529.6(2.83%),P:1e-10
		Round 2: -24.76 AGAATYCG T:1219.0(23.89%),B:11756.3(19.82%),P:1e-10
		Round 3: -28.54 AKAATCCG T:311.0(6.73%),B:2372.3(4.36%),P:1e-12
		Round 4: -28.54 AKAATCCG T:311.0(6.73%),B:2372.3(4.36%),P:1e-12
		=Final=: -33.01 AKAATCCG T:364.0(8.15%),B:2929.3(5.35%),P:1e-14
		Performing exhaustive masking of motif...
		Reprioritizing potential motifs...
	9 of 25 Initial Sequence: GGGGCGGA... (-16.805)
		Round 1: -17.56 GGGGCGGA T:1515.0(28.78%),B:15417.2(25.15%),P:1e-7
		Round 2: -20.78 KRGGCGGD T:2232.0(39.34%),B:22920.4(34.99%),P:1e-9
		Round 3: -24.01 TRGGCGGG T:579.0(12.16%),B:5143.7(9.21%),P:1e-10
		Round 4: -26.75 GAGGCGKG T:2413.0(41.75%),B:24344.9(36.71%),P:1e-11
		Round 5: -33.06 KAGGCGKK T:1940.0(35.24%),B:18850.4(29.83%),P:1e-14
		Round 6: -33.06 KAGGCGKK T:1940.0(35.24%),B:18850.4(29.83%),P:1e-14
		=Final=: -41.02 KAGGCGKK T:1559.0(34.92%),B:15830.7(28.89%),P:1e-17
		Performing exhaustive masking of motif...
		Reprioritizing potential motifs...
	10 of 25 Initial Sequence: TGGGGGGG... (-16.805)
		Round 1: -19.60 TGGGGGGG T:1638.0(30.71%),B:16594.5(26.79%),P:1e-8
		Round 2: -24.34 TGGGTGGG T:2181.0(38.65%),B:22056.3(33.93%),P:1e-10
		Round 3: -25.85 TGRGTKGG T:1930.0(35.10%),B:19254.6(30.36%),P:1e-11
		Round 4: -25.85 TGRGTKGG T:1930.0(35.10%),B:19254.6(30.36%),P:1e-11
		=Final=: -29.35 TGRGTKGG T:1473.0(32.99%),B:15350.7(28.01%),P:1e-12
		Performing exhaustive masking of motif...
		Reprioritizing potential motifs...
	11 of 25 Initial Sequence: CCCCCCCT... (-16.805)
		Round 1: -7.36 CCCCCCCT T:1642.0(30.77%),B:17905.9(28.57%),P:1e-3
		Round 2: -8.72 CCWCCVCT T:1997.0(36.07%),B:21708.9(33.50%),P:1e-3
		Round 3: -8.72 CCWCCVCT T:1997.0(36.07%),B:21708.9(33.50%),P:1e-3
		=Final=: -13.86 CCWCCVCT T:1583.0(35.45%),B:17583.5(32.09%),P:1e-6
		Performing exhaustive masking of motif...
		Reprioritizing potential motifs...
	12 of 25 Initial Sequence: TAAACGCG... (-14.666)
		Round 1: -24.54 TAAACGCG T:449.0(9.57%),B:3816.9(6.92%),P:1e-10
		Round 2: -24.54 TAAACGCG T:449.0(9.57%),B:3816.9(6.92%),P:1e-10
		=Final=: -25.21 TAAACGCG T:416.0(9.32%),B:3656.7(6.67%),P:1e-10
		Performing exhaustive masking of motif...
		Reprioritizing potential motifs...
	13 of 25 Initial Sequence: CCACGTGA... (-14.974)
		Round 1: -20.51 CCACGTGA T:274.0(5.95%),B:2201.8(4.05%),P:1e-8
		Round 2: -23.23 CGACGTSA T:454.0(9.67%),B:3901.7(7.07%),P:1e-10
		Round 3: -23.23 CGACGTSA T:454.0(9.67%),B:3901.7(7.07%),P:1e-10
		=Final=: -24.67 CGACGTSA T:413.0(9.25%),B:3640.4(6.64%),P:1e-10
		Performing exhaustive masking of motif...
		Reprioritizing potential motifs...
	14 of 25 Initial Sequence: TACGTCTT... (-13.790)
		Round 1: -29.36 TACGTCTT T:1884.0(34.43%),B:18514.5(29.38%),P:1e-12
		Round 2: -29.36 TACGTCTT T:1884.0(34.43%),B:18514.5(29.38%),P:1e-12
		=Final=: -36.73 TACGTCTT T:1470.0(32.92%),B:14977.6(27.33%),P:1e-15
		Performing exhaustive masking of motif...
		Reprioritizing potential motifs...
	15 of 25 Initial Sequence: CTCATTGG... (-13.677)
		Round 1: -24.69 CTCATTGG T:315.0(6.81%),B:2500.5(4.59%),P:1e-10
		Round 2: -24.69 CTCATTGG T:315.0(6.81%),B:2500.5(4.59%),P:1e-10
		=Final=: -24.19 CTCATTGG T:295.0(6.61%),B:2435.3(4.44%),P:1e-10
		Performing exhaustive masking of motif...
		Reprioritizing potential motifs...
	16 of 25 Initial Sequence: TTCGAACG... (-12.759)
		Round 1: -27.61 TTCGAACG T:635.0(13.26%),B:5571.9(9.94%),P:1e-11
		Round 2: -29.53 TTCGACCG T:272.0(5.91%),B:1984.9(3.66%),P:1e-12
		Round 3: -29.53 TTCGACCG T:272.0(5.91%),B:1984.9(3.66%),P:1e-12
		=Final=: -29.75 TTCGACCG T:243.0(5.44%),B:1808.2(3.30%),P:1e-12
		Performing exhaustive masking of motif...
		Reprioritizing potential motifs...
	17 of 25 Initial Sequence: CGTTGTGG... (-12.085)
		Round 1: -20.61 CGTTGTGG T:827.0(16.91%),B:7859.8(13.73%),P:1e-8
		Round 2: -21.75 CGTTGTSG T:890.0(18.07%),B:8451.5(14.68%),P:1e-9
		Round 3: -22.97 CGTTGTGG T:1009.0(20.23%),B:9650.7(16.58%),P:1e-9
		Round 4: -22.97 CGTTGTGG T:1009.0(20.23%),B:9650.7(16.58%),P:1e-9
		=Final=: -34.75 CGTTGTGG T:912.0(20.43%),B:8714.1(15.90%),P:1e-15
		Performing exhaustive masking of motif...
		Reprioritizing potential motifs...
	18 of 25 Initial Sequence: TCGAACTA... (-11.175)
		Round 1: -23.32 TCGAACTA T:218.0(4.77%),B:1608.6(2.98%),P:1e-10
		Round 2: -23.32 TCGAACTA T:218.0(4.77%),B:1608.6(2.98%),P:1e-10
		=Final=: -24.55 TCGAACTA T:210.0(4.70%),B:1587.6(2.90%),P:1e-10
		Performing exhaustive masking of motif...
		Reprioritizing potential motifs...
	19 of 25 Initial Sequence: CGTCCCTT... (-11.162)
		Round 1: -19.73 CGTCCCTT T:367.0(7.89%),B:3145.1(5.74%),P:1e-8
		Round 2: -20.03 CGTCYYTT T:477.0(10.13%),B:4245.5(7.67%),P:1e-8
		Round 3: -20.03 CGTCYYTT T:477.0(10.13%),B:4245.5(7.67%),P:1e-8
		=Final=: -20.64 CGTCYYTT T:272.0(6.09%),B:2288.4(4.18%),P:1e-8
		Performing exhaustive masking of motif...
		Reprioritizing potential motifs...
	20 of 25 Initial Sequence: CCTCACCC... (-10.852)
		Round 1: -11.38 CCTCACCC T:1685.0(31.44%),B:17872.3(28.52%),P:1e-4
		Round 2: -11.38 CCTCACCC T:1685.0(31.44%),B:17872.3(28.52%),P:1e-4
		=Final=: -14.68 CCTCACCC T:1358.0(30.41%),B:14844.5(27.09%),P:1e-6
		Performing exhaustive masking of motif...
		Reprioritizing potential motifs...
	21 of 25 Initial Sequence: ATGGTGAG... (-14.124)
		Round 1: -16.85 ATGGTGAG T:130.0(2.87%),B:925.9(1.72%),P:1e-7
		Round 2: -16.85 ATGGTGAG T:130.0(2.87%),B:925.9(1.72%),P:1e-7
		=Final=: -19.40 ATGGTGAG T:130.0(2.91%),B:920.6(1.68%),P:1e-8
		Performing exhaustive masking of motif...
		Reprioritizing potential motifs...
	22 of 25 Initial Sequence: TTACGCCC... (-11.422)
		Round 1: -25.71 TTACGCCC T:305.0(6.60%),B:2374.8(4.36%),P:1e-11
		Round 2: -25.71 TTACGCCC T:305.0(6.60%),B:2374.8(4.36%),P:1e-11
		=Final=: -28.05 TTACGCCC T:289.0(6.47%),B:2289.8(4.18%),P:1e-12
		Performing exhaustive masking of motif...
		Reprioritizing potential motifs...
	23 of 25 Initial Sequence: ACGGAGTC... (-10.226)
		Round 1: -15.30 ACGGAGTC T:47.0(1.05%),B:234.1(0.44%),P:1e-6
		Round 2: -15.30 ACGGAGTC T:47.0(1.05%),B:234.1(0.44%),P:1e-6
		=Final=: -16.90 ACGGAGTC T:47.0(1.05%),B:234.1(0.43%),P:1e-7
		Performing exhaustive masking of motif...
		Reprioritizing potential motifs...
	24 of 25 Initial Sequence: ACGCGGAA... (-10.148)
		Round 1: -20.88 ACGCGGAA T:418.0(8.94%),B:3623.5(6.58%),P:1e-9
		Round 2: -20.88 ACGCGGAA T:418.0(8.94%),B:3623.5(6.58%),P:1e-9
		=Final=: -23.22 ACGCGGAA T:433.0(9.70%),B:3894.7(7.11%),P:1e-10
		Performing exhaustive masking of motif...
		Reprioritizing potential motifs...
	Remaining seeds don't look promising (After initial 5 motifs, logp -9.544 > -9.650)

	Finalizing Enrichment Statistics (new in v3.4)
	Reading input files...
	67614 total sequences read
	Cache length = 11180
	Using binomial scoring
	Checking enrichment of 24 motif(s)
	|0%                                    50%                                  100%|
	=================================================================================
	Output in file: /project/lbarreiro/USERS/ellen/KnightMolecules/demultiplexed/FastQ/15_transcriptionFactorMotifs//tfMotifOutput_UP_5f//homerMotifs.motifs8


	Number of Trial motifs (-T) set to 9 (from 10) to work well with 3 CPUs
	Scanning input files...
	Parsing sequences...
	|0%                                   50%                                  100%|
	================================================================================
	Total number of Oligos: 523645
	Autoadjustment for sequence coverage in background: 0.97x

	Oligos: 523645 of 551887 max
	Tree  : 1069648 of 2759435 max
	Optimizing memory usage...
	Cache length = 11180
	Using binomial scoring

	Global Optimization Phase: Looking for enriched oligos with up to 2 mismatches...

	Screening oligos 523645 (allowing 0 mismatches):
	|0%                                   50%                                  100%|
	================================================================================
		16.79% skipped, 83.21% checked (435749 of 523645), of those checked:
		16.79% not in target, 0.00% increased p-value, 0.00% high p-value

	Screening oligos 523645 (allowing 1 mismatches):
	|0%                                   50%                                  100%|
	================================================================================
		16.79% skipped, 83.21% checked (435749 of 523645), of those checked:
		0.00% not in target, 33.95% increased p-value, 50.83% high p-value

	Screening oligos 523645 (allowing 2 mismatches):
	|0%                                   50%                                  100%|
	================================================================================
		78.04% skipped, 21.96% checked (114998 of 523645), of those checked:
		0.00% not in target, 13.38% increased p-value, 0.00% high p-value
	Reading input files...
	67614 total sequences read
	Cache length = 11180
	Using binomial scoring

	Local Optimization Phase:
	1 of 25 Initial Sequence: GCCCCGCCCA... (-80.703)
		Round 1: -139.16 GCCCCGCCCA T:2742.0(45.89%),B:22065.2(33.95%),P:1e-60
		Round 2: -181.57 GCCCCGCCCA T:3317.0(52.43%),B:25840.1(38.48%),P:1e-78
		Round 3: -187.24 RYYMCGCCYC T:3366.0(52.95%),B:26084.4(38.76%),P:1e-81
		Round 4: -189.34 GCCCCGCCCC T:3337.0(52.64%),B:25755.0(38.38%),P:1e-82
		Round 5: -189.34 GCCCCGCCCC T:3337.0(52.64%),B:25755.0(38.38%),P:1e-82
		=Final=: -125.85 GCCCCGCCCC T:1776.0(39.78%),B:15801.7(28.84%),P:1e-54
		Performing exhaustive masking of motif...
		Reprioritizing potential motifs...
	2 of 25 Initial Sequence: TGCGCATGCG... (-47.762)
		Round 1: -67.56 TGCGCATGCG T:1040.0(20.78%),B:8314.1(14.47%),P:1e-29
		Round 2: -70.89 TGCGCATGCG T:1059.0(21.12%),B:8404.7(14.61%),P:1e-30
		Round 3: -71.00 TGCGCATGCG T:1062.0(21.17%),B:8437.9(14.67%),P:1e-30
		Round 4: -71.00 TGCGCATGCG T:1062.0(21.17%),B:8437.9(14.67%),P:1e-30
		=Final=: -41.11 TGCGCATGCG T:588.0(13.17%),B:5027.9(9.18%),P:1e-17
		Performing exhaustive masking of motif...
		Reprioritizing potential motifs...
	3 of 25 Initial Sequence: CCGCCATTTT... (-42.106)
		Round 1: -60.33 CCGCCATTTT T:383.0(8.22%),B:2465.3(4.53%),P:1e-26
		Round 2: -60.33 CCGCCATTTT T:383.0(8.22%),B:2465.3(4.53%),P:1e-26
		=Final=: -61.45 CCGCCATTTT T:355.0(7.95%),B:2356.8(4.30%),P:1e-26
		Performing exhaustive masking of motif...
		Reprioritizing potential motifs...
	4 of 25 Initial Sequence: TCACGTGACC... (-34.571)
		Round 1: -57.36 TCACGTGACC T:855.0(17.43%),B:6835.2(12.06%),P:1e-24
		Round 2: -58.90 TCACGTGACC T:923.0(18.68%),B:7435.4(13.05%),P:1e-25
		Round 3: -60.72 TCACGTGACC T:962.0(19.38%),B:7762.1(13.58%),P:1e-26
		Round 4: -60.72 TCACGTGACC T:962.0(19.38%),B:7762.1(13.58%),P:1e-26
		=Final=: -33.49 TCACGTGACC T:590.0(13.21%),B:5254.4(9.59%),P:1e-14
		Performing exhaustive masking of motif...
		Reprioritizing potential motifs...
	5 of 25 Initial Sequence: AAGGCGGAAG... (-28.892)
		Round 1: -38.11 AAGGCGGAAG T:391.0(8.39%),B:2915.5(5.33%),P:1e-16
		Round 2: -38.68 AAGGCGGAAG T:377.0(8.10%),B:2773.1(5.08%),P:1e-16
		Round 3: -38.68 AAGGCGGAAG T:377.0(8.10%),B:2773.1(5.08%),P:1e-16
		=Final=: -45.67 AAGGCGGAAG T:362.0(8.11%),B:2664.5(4.86%),P:1e-19
		Performing exhaustive masking of motif...
		Reprioritizing potential motifs...
	6 of 25 Initial Sequence: AACCCGGAAA... (-27.549)
		Round 1: -45.41 AACCCGGAAA T:923.0(18.68%),B:7838.2(13.70%),P:1e-19
		Round 2: -45.41 AACCCGGAAA T:923.0(18.68%),B:7838.2(13.70%),P:1e-19
		=Final=: -59.53 AACCCGGAAA T:827.0(18.52%),B:7069.9(12.90%),P:1e-25
		Performing exhaustive masking of motif...
		Reprioritizing potential motifs...
	7 of 25 Initial Sequence: CTTACGTCGT... (-26.765)
		Round 1: -34.47 CTTACGTCGT T:436.0(9.30%),B:3418.5(6.22%),P:1e-14
		Round 2: -37.66 CTTACGTCGT T:876.0(17.82%),B:7640.6(13.38%),P:1e-16
		Round 3: -42.21 CTTACGTCGT T:764.0(15.73%),B:6384.3(11.31%),P:1e-18
		Round 4: -42.21 CTTACGTCGT T:764.0(15.73%),B:6384.3(11.31%),P:1e-18
		=Final=: -43.43 CTTACGTCGT T:723.0(16.19%),B:6386.9(11.66%),P:1e-18
		Performing exhaustive masking of motif...
		Reprioritizing potential motifs...
	8 of 25 Initial Sequence: TAACCAATCG... (-23.325)
		Round 1: -43.23 TAACCAATCG T:1404.0(26.98%),B:12746.9(21.31%),P:1e-18
		Round 2: -43.23 TAACCAATCG T:1404.0(26.98%),B:12746.9(21.31%),P:1e-18
		=Final=: -46.86 TAACCAATCG T:1103.0(24.70%),B:10419.9(19.02%),P:1e-20
		Performing exhaustive masking of motif...
		Reprioritizing potential motifs...
	9 of 25 Initial Sequence: TAATGGGCGG... (-22.444)
		Round 1: -37.76 TAATGGGCGG T:1066.0(21.24%),B:9552.6(16.44%),P:1e-16
		Round 2: -37.76 TAATGGGCGG T:1066.0(21.24%),B:9552.6(16.44%),P:1e-16
		=Final=: -44.52 TAATGGGCGG T:926.0(20.74%),B:8543.4(15.59%),P:1e-19
		Performing exhaustive masking of motif...
		Reprioritizing potential motifs...
	10 of 25 Initial Sequence: TTTCGGCAAA... (-21.520)
		Round 1: -25.95 TTTCGGCAAA T:8.0(0.18%),B:2.6(0.00%),P:1e-11
		Round 2: -25.95 TTTCGGCAAA T:8.0(0.18%),B:2.6(0.00%),P:1e-11
		=Final=: -25.27 TTTCGGCAAA T:8.0(0.18%),B:2.6(0.00%),P:1e-10
		Performing exhaustive masking of motif...
		Reprioritizing potential motifs...
	11 of 25 Initial Sequence: ACCGCGTACC... (-21.520)
		Round 1: -21.52 ACCGCGTACC T:7.0(0.16%),B:2.7(0.00%),P:1e-9
		Round 2: -21.52 ACCGCGTACC T:7.0(0.16%),B:2.7(0.00%),P:1e-9
		=Final=: -21.37 ACCGCGTACC T:7.0(0.16%),B:2.7(0.00%),P:1e-9
		Performing exhaustive masking of motif...
		Reprioritizing potential motifs...
	12 of 25 Initial Sequence: ACGCGTCACG... (-21.520)
		Round 1: -30.51 ACGCGTCACG T:9.0(0.20%),B:3.0(0.00%),P:1e-13
		Round 2: -30.51 ACGCGTCACG T:9.0(0.20%),B:3.0(0.00%),P:1e-13
		=Final=: -30.14 ACGCGTCACG T:11.0(0.25%),B:4.9(0.01%),P:1e-13
		Performing exhaustive masking of motif...
		Reprioritizing potential motifs...
	13 of 25 Initial Sequence: CGGCCACTTA... (-21.168)
		Round 1: -26.33 CGGCCACTTA T:11.0(0.25%),B:5.9(0.01%),P:1e-11
		Round 2: -26.33 CGGCCACTTA T:11.0(0.25%),B:5.9(0.01%),P:1e-11
		=Final=: -27.76 CGGCCACTTA T:11.0(0.25%),B:5.9(0.01%),P:1e-12
		Performing exhaustive masking of motif...
		Reprioritizing potential motifs...
	14 of 25 Initial Sequence: AGACCGCACG... (-21.168)
		Round 1: -21.17 AGACCGCACG T:8.0(0.18%),B:3.4(0.01%),P:1e-9
		Round 2: -21.17 AGACCGCACG T:8.0(0.18%),B:3.4(0.01%),P:1e-9
		=Final=: -22.10 AGACCGCACG T:8.0(0.18%),B:3.4(0.01%),P:1e-9
		Performing exhaustive masking of motif...
		Reprioritizing potential motifs...
	15 of 25 Initial Sequence: TCGACCGGAA... (-19.087)
		Round 1: -52.20 TCGACCGGAA T:553.0(11.65%),B:4121.8(7.46%),P:1e-22
		Round 2: -52.20 TCGACCGGAA T:553.0(11.65%),B:4121.8(7.46%),P:1e-22
		=Final=: -53.38 TCGACCGGAA T:522.0(11.69%),B:4081.3(7.45%),P:1e-23
		Performing exhaustive masking of motif...
		Reprioritizing potential motifs...
	16 of 25 Initial Sequence: GGGTTGCGTA... (-18.335)
		Round 1: -35.32 GGGTTGCGTA T:51.0(1.14%),B:147.1(0.28%),P:1e-15
		Round 2: -35.32 GGGTTGCGTA T:51.0(1.14%),B:147.1(0.28%),P:1e-15
		=Final=: -36.20 GGGTTGCGTA T:50.0(1.12%),B:147.1(0.27%),P:1e-15
		Performing exhaustive masking of motif...
		Reprioritizing potential motifs...
	17 of 25 Initial Sequence: CCTATGCGGA... (-18.118)
		Round 1: -40.52 CCTATGCGGA T:206.0(4.51%),B:1240.1(2.30%),P:1e-17
		Round 2: -40.52 CCTATGCGGA T:206.0(4.51%),B:1240.1(2.30%),P:1e-17
		=Final=: -41.53 CCTATGCGGA T:197.0(4.41%),B:1215.3(2.22%),P:1e-18
		Performing exhaustive masking of motif...
		Reprioritizing potential motifs...
	18 of 25 Initial Sequence: GCCTCACCCA... (-17.814)
		Round 1: -29.68 GCCTCACCCA T:222.0(4.85%),B:1530.6(2.84%),P:1e-12
		Round 2: -29.68 GCCTCACCCA T:222.0(4.85%),B:1530.6(2.84%),P:1e-12
		=Final=: -28.89 GCCTCACCCA T:171.0(3.83%),B:1151.4(2.10%),P:1e-12
		Performing exhaustive masking of motif...
		Reprioritizing potential motifs...
	19 of 25 Initial Sequence: ATGCGGCAAA... (-17.248)
		Round 1: -25.95 ATGCGGCAAA T:8.0(0.18%),B:2.9(0.00%),P:1e-11
		Round 2: -25.95 ATGCGGCAAA T:8.0(0.18%),B:2.9(0.00%),P:1e-11
		=Final=: -21.37 ATGCGGCAAA T:7.0(0.16%),B:2.9(0.01%),P:1e-9
		Performing exhaustive masking of motif...
		Reprioritizing potential motifs...
	20 of 25 Initial Sequence: CCGATGACCG... (-17.248)
		Round 1: -21.52 CCGATGACCG T:7.0(0.16%),B:2.6(0.00%),P:1e-9
		Round 2: -21.52 CCGATGACCG T:7.0(0.16%),B:2.6(0.00%),P:1e-9
		=Final=: -21.70 CCGATGACCG T:6.0(0.13%),B:0.0(0.00%),P:1e-9
		Performing exhaustive masking of motif...
		Reprioritizing potential motifs...
	21 of 25 Initial Sequence: TTGCCGTTAG... (-17.248)
		Round 1: -22.93 TTGCCGTTAG T:10.0(0.22%),B:5.4(0.01%),P:1e-9
		Round 2: -22.93 TTGCCGTTAG T:10.0(0.22%),B:5.4(0.01%),P:1e-9
		=Final=: -24.46 TTGCCGTTAG T:10.0(0.22%),B:5.4(0.01%),P:1e-10
		Performing exhaustive masking of motif...
		Reprioritizing potential motifs...
	22 of 25 Initial Sequence: AGCACGCGAA... (-17.248)
		Round 1: -25.95 AGCACGCGAA T:8.0(0.18%),B:1.1(0.00%),P:1e-11
		Round 2: -27.63 ADCACGCGAA T:16.0(0.36%),B:14.8(0.03%),P:1e-11
		Round 3: -27.63 ADCACGCGAA T:16.0(0.36%),B:14.8(0.03%),P:1e-11
		=Final=: -29.66 ADCACGCGAA T:16.0(0.36%),B:14.8(0.03%),P:1e-12
		Performing exhaustive masking of motif...
		Reprioritizing potential motifs...
	23 of 25 Initial Sequence: CGGCGTCAGA... (-17.248)
		Round 1: -17.25 CGGCGTCAGA T:6.0(0.13%),B:3.0(0.00%),P:1e-7
		Round 2: -17.25 CGGCGTCAGA T:6.0(0.13%),B:3.0(0.00%),P:1e-7
		=Final=: -17.61 CGGCGTCAGA T:6.0(0.13%),B:3.0(0.01%),P:1e-7
		Performing exhaustive masking of motif...
		Reprioritizing potential motifs...
	24 of 25 Initial Sequence: AACGCTAAAC... (-17.248)
		Round 1: -21.87 AACGCTAAAC T:9.0(0.20%),B:4.3(0.01%),P:1e-9
		Round 2: -21.87 AACGCTAAAC T:9.0(0.20%),B:4.3(0.01%),P:1e-9
		=Final=: -23.19 AACGCTAAAC T:9.0(0.20%),B:4.3(0.01%),P:1e-10
		Performing exhaustive masking of motif...
		Reprioritizing potential motifs...
	25 of 25 Initial Sequence: GTGTCGGGAA... (-16.527)
		Round 1: -36.77 GTGTCGGGAA T:629.0(13.14%),B:5218.6(9.34%),P:1e-15
		Round 2: -36.77 GTGTCGGGAA T:629.0(13.14%),B:5218.6(9.34%),P:1e-15
		=Final=: -47.60 GTGTCGGGAA T:594.0(13.30%),B:4932.1(9.00%),P:1e-20
		Performing exhaustive masking of motif...
		Reprioritizing potential motifs...

	Finalizing Enrichment Statistics (new in v3.4)
	Reading input files...
	67614 total sequences read
	Cache length = 11180
	Using binomial scoring
	Checking enrichment of 25 motif(s)
	|0%                                    50%                                  100%|
	=================================================================================
	Output in file: /project/lbarreiro/USERS/ellen/KnightMolecules/demultiplexed/FastQ/15_transcriptionFactorMotifs//tfMotifOutput_UP_5f//homerMotifs.motifs10


	Number of Trial motifs (-T) set to 9 (from 10) to work well with 3 CPUs
	-blen automatically set to 2
	Scanning input files...
	Parsing sequences...
	|0%                                   50%                                  100%|
	================================================================================
	Total number of Oligos: 6313457
	Autoadjustment for sequence coverage in background: 0.97x

	Oligos: 6313457 of 8830118 max
	Tree  : 13499732 of 44150590 max
	Optimizing memory usage...
	Cache length = 11180
	Using binomial scoring

	Global Optimization Phase: Looking for enriched oligos with up to 2 mismatches...

	Screening oligos 6313457 (allowing 0 mismatches):
	|0%                                   50%                                  100%|
	================================================================================
		75.85% skipped, 24.15% checked (1524822 of 6313457), of those checked:
		75.85% not in target, 0.00% increased p-value, 0.00% high p-value

	Screening oligos 6313457 (allowing 1 mismatches):
	|0%                                   50%                                  100%|
	================================================================================
		75.85% skipped, 24.15% checked (1524822 of 6313457), of those checked:
		0.00% not in target, 18.36% increased p-value, 7.47% high p-value

	Screening oligos 6313457 (allowing 2 mismatches):
	|0%                                   50%                                  100%|
	================================================================================
		96.24% skipped, 3.76% checked (237631 of 6313457), of those checked:
		0.00% not in target, 2.83% increased p-value, 0.00% high p-value
	Reading input files...
	67614 total sequences read
	Cache length = 11180
	Using binomial scoring

	Local Optimization Phase:
	1 of 25 Initial Sequence: AATGGGCGGGGC... (-87.958)
		Round 1: -128.43 AATGGGCGGGGC T:2568.0(43.74%),B:20813.8(32.40%),P:1e-55
		Round 2: -149.09 AAGGGGCGGGGC T:3146.0(50.57%),B:25401.7(37.99%),P:1e-64
		Round 3: -170.38 AAGGGGCGGGGC T:2909.0(47.88%),B:22545.3(34.56%),P:1e-73
		Round 4: -183.16 AAGGGGCGGGGC T:3054.0(49.54%),B:23450.3(35.67%),P:1e-79
		Round 5: -183.16 AAGGGGCGGGGC T:3054.0(49.54%),B:23450.3(35.67%),P:1e-79
		=Final=: -125.39 AAGGGGCGGGGC T:1913.0(42.84%),B:17365.8(31.69%),P:1e-54
		Performing exhaustive masking of motif...
		Reprioritizing potential motifs...
	2 of 25 Initial Sequence: CGCATGCGCAAA... (-52.441)
		Round 1: -69.47 CGCATGCGCAAA T:661.0(13.76%),B:4752.1(8.55%),P:1e-30
		Round 2: -69.47 CGCATGCGCAAA T:661.0(13.76%),B:4752.1(8.55%),P:1e-30
		=Final=: -50.32 CGCATGCGCAAA T:533.0(11.94%),B:4253.9(7.76%),P:1e-21
		Performing exhaustive masking of motif...
		Reprioritizing potential motifs...
	3 of 25 Initial Sequence: CCGCCATTTTGA... (-34.287)
		Round 1: -48.34 CCGCCATTTTGA T:374.0(8.04%),B:2565.5(4.71%),P:1e-20
		Round 2: -57.62 CCGCCATTTTGA T:440.0(9.39%),B:3000.2(5.49%),P:1e-25
		Round 3: -57.93 CCGCCATYTTGA T:338.0(7.29%),B:2112.7(3.89%),P:1e-25
		Round 4: -57.93 CCGCCATYTTGA T:338.0(7.29%),B:2112.7(3.89%),P:1e-25
		=Final=: -60.77 CCGCCATYTTGA T:472.0(10.57%),B:3458.9(6.31%),P:1e-26
		Performing exhaustive masking of motif...
		Reprioritizing potential motifs...
	4 of 25 Initial Sequence: GACCAATCGGAC... (-27.665)
		Round 1: -41.90 GACCAATCGGAC T:117.0(2.59%),B:534.6(1.00%),P:1e-18
		Round 2: -41.90 GACCAATCGGAC T:117.0(2.59%),B:534.6(1.00%),P:1e-18
		=Final=: -41.92 GACCAATCGGAC T:112.0(2.51%),B:525.9(0.96%),P:1e-18
		Performing exhaustive masking of motif...
		Reprioritizing potential motifs...
	5 of 25 Initial Sequence: AACTGTAGCTTC... (-25.943)
		Round 1: -35.18 AACTGTAGCTTC T:10.0(0.22%),B:2.7(0.00%),P:1e-15
		Round 2: -35.18 AACTGTAGCTTC T:10.0(0.22%),B:2.7(0.00%),P:1e-15
		=Final=: -7.91 AACTGTAGCTTC T:2272.0(50.88%),B:26493.5(48.35%),P:1e-3
		Performing exhaustive masking of motif...
		Reprioritizing potential motifs...
	6 of 25 Initial Sequence: CGGGTCACGTGA... (-26.563)
		Round 1: -42.40 CGGGTCACGTGA T:247.0(5.38%),B:1558.9(2.89%),P:1e-18
		Round 2: -43.50 CGSGTCACGTGA T:316.0(6.83%),B:2140.8(3.95%),P:1e-18
		Round 3: -47.47 CGSGTCACGTGA T:225.0(4.91%),B:1311.5(2.44%),P:1e-20
		Round 4: -47.47 CGSGTCACGTGA T:225.0(4.91%),B:1311.5(2.44%),P:1e-20
		=Final=: -35.32 CGSGTCACGTGA T:170.0(3.81%),B:1057.4(1.93%),P:1e-15
		Performing exhaustive masking of motif...
		Reprioritizing potential motifs...
	7 of 25 Initial Sequence: ATTCTCGCGAGA... (-25.820)
		Round 1: -43.48 ATTCTCGCGAGA T:200.0(4.38%),B:1153.2(2.15%),P:1e-18
		Round 2: -45.36 ATTCTCGCGAGA T:187.0(4.10%),B:1032.8(1.92%),P:1e-19
		Round 3: -45.36 ATTCTCGCGAGA T:187.0(4.10%),B:1032.8(1.92%),P:1e-19
		=Final=: -33.66 ATTCTCGCGAGA T:112.0(2.51%),B:593.8(1.08%),P:1e-14
		Performing exhaustive masking of motif...
		Reprioritizing potential motifs...
	8 of 25 Initial Sequence: CGGAAAAGGCGG... (-24.356)
		Round 1: -45.64 CGGAAAAGGCGG T:46.0(1.03%),B:91.4(0.17%),P:1e-19
		Round 2: -46.28 CGGAAAAGGCGG T:53.0(1.18%),B:121.0(0.23%),P:1e-20
		Round 3: -46.51 CGGAAAAGGCGG T:49.0(1.09%),B:102.6(0.19%),P:1e-20
		Round 4: -46.53 CGGAAAAGGCGG T:51.0(1.14%),B:111.6(0.21%),P:1e-20
		Round 5: -47.71 CGGAAAAGGCGG T:57.0(1.27%),B:136.5(0.26%),P:1e-20
		Round 6: -50.48 CGGAAAAGGCGG T:51.0(1.14%),B:101.2(0.19%),P:1e-21
		Round 7: -50.48 CGGAAAAGGCGG T:51.0(1.14%),B:101.2(0.19%),P:1e-21
		=Final=: -50.34 CGGAAAAGGCGG T:49.0(1.10%),B:99.6(0.18%),P:1e-21
		Performing exhaustive masking of motif...
		Reprioritizing potential motifs...
	9 of 25 Initial Sequence: TGGCTTGGTGGG... (-21.517)
		Round 1: -25.94 TGGCTTGGTGGG T:8.0(0.18%),B:1.1(0.00%),P:1e-11
		Round 2: -33.11 TGGCTTGGTCGG T:11.0(0.25%),B:3.9(0.01%),P:1e-14
		Round 3: -33.11 TGGCTTGGTCGG T:11.0(0.25%),B:3.9(0.01%),P:1e-14
		=Final=: -33.23 TGGCTTGGTCGG T:11.0(0.25%),B:3.9(0.01%),P:1e-14
		Performing exhaustive masking of motif...
		Reprioritizing potential motifs...
	10 of 25 Initial Sequence: GAAACATGGCTG... (-21.517)
		Round 1: -2.52 BSAACRTSGCSS T:1.0(0.02%),B:1.9(0.00%),P:1e-1
		Round 2: -3.02 ASAACRTSGCSB T:161.0(3.54%),B:1670.6(3.09%),P:1e-1
		Round 3: -4.10 AGAACRTGGCCT T:355.0(7.64%),B:3751.1(6.81%),P:1e-1
		Round 4: -7.66 AGAACGTGGCCT T:177.0(3.89%),B:1613.2(2.99%),P:1e-3
		Round 5: -7.66 AGAACGTGGCCT T:177.0(3.89%),B:1613.2(2.99%),P:1e-3
		=Final=: -9.51 AGAACGTGGCCT T:172.0(3.85%),B:1562.9(2.85%),P:1e-4
		Performing exhaustive masking of motif...
		Reprioritizing potential motifs...
	11 of 25 Initial Sequence: GAGGGCGAGGCA... (-21.517)
		Round 1: -40.72 GAGGGCGAGGCA T:14.0(0.31%),B:4.9(0.01%),P:1e-17
		Round 2: -40.72 GAGGGCGAGGCA T:14.0(0.31%),B:4.9(0.01%),P:1e-17
		=Final=: -33.75 GAGGGCGAGGCA T:12.0(0.27%),B:4.9(0.01%),P:1e-14
		Performing exhaustive masking of motif...
		Reprioritizing potential motifs...
	12 of 25 Initial Sequence: CCCCCAAGGCCG... (-21.517)
		Round 1: -33.11 CCCCCAAGGCCG T:11.0(0.25%),B:3.2(0.01%),P:1e-14
		Round 2: -33.11 CCCCCAAGGCCG T:11.0(0.25%),B:3.2(0.01%),P:1e-14
		=Final=: -33.23 CCCCCAAGGCCG T:11.0(0.25%),B:3.2(0.01%),P:1e-14
		Performing exhaustive masking of motif...
		Reprioritizing potential motifs...
	13 of 25 Initial Sequence: TTTGTACGCCTG... (-20.828)
		Round 1: -37.06 TTTGTACGCCTG T:14.0(0.31%),B:5.9(0.01%),P:1e-16
		Round 2: -37.06 TTTGTACGCCTG T:14.0(0.31%),B:5.9(0.01%),P:1e-16
		=Final=: -38.16 TTTGTACGCCTG T:14.0(0.31%),B:5.9(0.01%),P:1e-16
		Performing exhaustive masking of motif...
		Reprioritizing potential motifs...
	14 of 25 Initial Sequence: GGATTCCGCCTA... (-20.200)
		Round 1: -44.84 GGATTCCGCCTA T:12.0(0.27%),B:2.4(0.00%),P:1e-19
		Round 2: -44.84 GGATTCCGCCTA T:12.0(0.27%),B:2.4(0.00%),P:1e-19
		=Final=: -41.92 GGATTCCGCCTA T:12.0(0.27%),B:2.4(0.00%),P:1e-18
		Performing exhaustive masking of motif...
		Reprioritizing potential motifs...
	15 of 25 Initial Sequence: CGCCCCACCCAT... (-20.145)
		Round 1: -23.31 CGCCCCACCCAT T:391.0(8.39%),B:3272.2(5.97%),P:1e-10
		Round 2: -24.66 CGCCCCACCCAT T:392.0(8.41%),B:3245.8(5.92%),P:1e-10
		Round 3: -24.66 CGCCCCACCCAT T:392.0(8.41%),B:3245.8(5.92%),P:1e-10
		=Final=: -31.37 CGCCCCACCCAT T:380.0(8.51%),B:3127.7(5.71%),P:1e-13
		Performing exhaustive masking of motif...
		Reprioritizing potential motifs...
	16 of 25 Initial Sequence: GCCAATCAGCGT... (-20.192)
		Round 1: -29.91 GCCAATCAGCGT T:245.0(5.34%),B:1733.1(3.21%),P:1e-12
		Round 2: -30.62 GCCAATCAGCGT T:232.0(5.06%),B:1608.8(2.98%),P:1e-13
		Round 3: -30.62 GCCAATCAGCGT T:232.0(5.06%),B:1608.8(2.98%),P:1e-13
		=Final=: -34.83 GCCAATCAGCGT T:224.0(5.02%),B:1546.0(2.82%),P:1e-15
		Performing exhaustive masking of motif...
		Reprioritizing potential motifs...
	17 of 25 Initial Sequence: CGGATAACTGGA... (-19.968)
		Round 1: -40.72 CGGATAACTGGA T:14.0(0.31%),B:4.2(0.01%),P:1e-17
		Round 2: -41.56 CGGATAACTGGA T:13.0(0.29%),B:3.6(0.01%),P:1e-18
		Round 3: -41.56 CGGATAACTGGA T:13.0(0.29%),B:3.6(0.01%),P:1e-18
		=Final=: -37.13 CGGATAACTGGA T:12.0(0.27%),B:3.6(0.01%),P:1e-16
		Performing exhaustive masking of motif...
		Reprioritizing potential motifs...
	18 of 25 Initial Sequence: CGTTCGAGTTCG... (-19.635)
		Round 1: -25.94 CGTTCGAGTTCG T:8.0(0.18%),B:1.7(0.00%),P:1e-11
		Round 2: -25.94 CGTTCGAGTTCG T:8.0(0.18%),B:1.7(0.00%),P:1e-11
		=Final=: -30.74 CGTTCGAGTTCG T:8.0(0.18%),B:1.7(0.00%),P:1e-13
		Performing exhaustive masking of motif...
		Reprioritizing potential motifs...
	19 of 25 Initial Sequence: GGAGGCGGTCCT... (-18.346)
		Round 1: -33.38 GGAGGCGGTCCT T:66.0(1.47%),B:245.8(0.46%),P:1e-14
		Round 2: -39.09 GGAGGCGGTCCT T:92.0(2.04%),B:384.7(0.72%),P:1e-16
		Round 3: -39.09 GGAGGCGGTCCT T:92.0(2.04%),B:384.7(0.72%),P:1e-16
		=Final=: -39.98 GGAGGCGGTCCT T:90.0(2.02%),B:381.9(0.70%),P:1e-17
		Performing exhaustive masking of motif...
		Reprioritizing potential motifs...
	20 of 25 Initial Sequence: CTAGGCAGACCG... (-17.967)
		Round 1: -41.66 CTAGGCAGACCG T:21.0(0.47%),B:14.5(0.03%),P:1e-18
		Round 2: -41.77 CTAGGCAGACCG T:22.0(0.49%),B:16.2(0.03%),P:1e-18
		Round 3: -43.14 CTAGGCAGACCG T:22.0(0.49%),B:15.0(0.03%),P:1e-18
		Round 4: -43.14 CTAGGCAGACCG T:22.0(0.49%),B:15.0(0.03%),P:1e-18
		=Final=: -45.27 CTAGGCAGACCG T:22.0(0.49%),B:15.0(0.03%),P:1e-19
		Performing exhaustive masking of motif...
		Reprioritizing potential motifs...
	21 of 25 Initial Sequence: GGAAATAGCGAC... (-17.820)
		Round 1: -33.40 GGAAATAGCGAC T:13.0(0.29%),B:5.1(0.01%),P:1e-14
		Round 2: -33.40 GGAAATAGCGAC T:13.0(0.29%),B:5.1(0.01%),P:1e-14
		=Final=: -34.62 GGAAATAGCGAC T:13.0(0.29%),B:5.1(0.01%),P:1e-15
		Performing exhaustive masking of motif...
		Reprioritizing potential motifs...
	22 of 25 Initial Sequence: GAAGTGGCGGGA... (-17.494)
		Round 1: -29.03 GAAGTGGCGGGA T:127.0(2.80%),B:729.3(1.36%),P:1e-12
		Round 2: -31.64 GAAGTGGCGGGA T:186.0(4.08%),B:1189.3(2.21%),P:1e-13
		Round 3: -31.64 GAAGTGGCGGGA T:186.0(4.08%),B:1189.3(2.21%),P:1e-13
		=Final=: -32.45 GAAGTGGCGGGA T:180.0(4.03%),B:1183.0(2.16%),P:1e-14
		Performing exhaustive masking of motif...
		Reprioritizing potential motifs...
	23 of 25 Initial Sequence: GAGGACTGGGGT... (-17.430)
		Round 1: -17.92 GAGGACTGGGGT T:9.0(0.20%),B:6.6(0.01%),P:1e-7
		Round 2: -18.12 GAGGATTGGGGT T:10.0(0.22%),B:8.8(0.02%),P:1e-7
		Round 3: -18.39 GAGGATTGGGGT T:13.0(0.29%),B:16.8(0.03%),P:1e-7
		Round 4: -18.39 GAGGATTGGGGT T:13.0(0.29%),B:16.8(0.03%),P:1e-7
		=Final=: -20.32 GAGGATTGGGGT T:13.0(0.29%),B:16.8(0.03%),P:1e-8
		Performing exhaustive masking of motif...
		Reprioritizing potential motifs...
	24 of 25 Initial Sequence: CGTATCCGTTGG... (-17.430)
		Round 1: -25.94 NGTATCCGTTGN T:8.0(0.18%),B:3.0(0.00%),P:1e-11
		Round 2: -39.96 CGTATCCGTTGG T:11.0(0.25%),B:1.8(0.00%),P:1e-17
		Round 3: -39.96 CGTATCCGTTGG T:11.0(0.25%),B:1.8(0.00%),P:1e-17
		=Final=: -45.17 CGTATCCGTTGG T:11.0(0.25%),B:1.8(0.00%),P:1e-19
		Performing exhaustive masking of motif...
		Reprioritizing potential motifs...
	25 of 25 Initial Sequence: CCCGCGCAATAT... (-17.430)
		Round 1: -21.52 CCCGCGCAATAT T:7.0(0.16%),B:1.1(0.00%),P:1e-9
		Round 2: -25.94 CCCGCGCAATHT T:8.0(0.18%),B:1.7(0.00%),P:1e-11
		Round 3: -35.18 CCCGCGCAATMT T:10.0(0.22%),B:2.0(0.00%),P:1e-15
		Round 4: -35.18 CCCGCGCAATMT T:10.0(0.22%),B:2.0(0.00%),P:1e-15
		=Final=: -35.45 CCCGCGCAATMT T:9.0(0.20%),B:1.9(0.00%),P:1e-15
		Performing exhaustive masking of motif...
		Reprioritizing potential motifs...

	Finalizing Enrichment Statistics (new in v3.4)
	Reading input files...
	67614 total sequences read
	Cache length = 11180
	Using binomial scoring
	Checking enrichment of 25 motif(s)
	|0%                                    50%                                  100%|
	=================================================================================
	Output in file: /project/lbarreiro/USERS/ellen/KnightMolecules/demultiplexed/FastQ/15_transcriptionFactorMotifs//tfMotifOutput_UP_5f//homerMotifs.motifs12

	(Motifs in homer2 format)
	Determining similar motifs... 74 reduced to 33 motifs
	Outputing HTML and sequence logos for motif comparison...
	Checking de novo motifs against known motifs...
	Formatting HTML page...
		1 of 33 (1e-54) similar to Sp2(Zf)/HEK293-Sp2.eGFP-ChIP-Seq(Encode)/Homer(0.958)
		2 of 33 (1e-29) similar to FLI1/MA0475.2/Jaspar(0.761)
		3 of 33 (1e-27) similar to YY1/MA0095.2/Jaspar(0.866)
		4 of 33 (1e-25) similar to CEBPG/MA0838.1/Jaspar(0.794)
		5 of 33 (1e-24) similar to NFYA/MA0060.3/Jaspar(0.848)
		6 of 33 (1e-23) similar to E2F1(E2F)/Hela-E2F1-ChIP-Seq(GSE22478)/Homer(0.720)
		7 of 33 (1e-22) similar to Ahr::Arnt/MA0006.1/Jaspar(0.742)
		8 of 33 (1e-21) similar to PB0179.1_Sp100_2/Jaspar(0.661)
		9 of 33 (1e-19) similar to NFIC/MA0161.2/Jaspar(0.645)
		10 of 33 (1e-18) similar to ELF5/MA0136.2/Jaspar(0.833)
		11 of 33 (1e-18) similar to SOX18/MA1563.1/Jaspar(0.710)
		12 of 33 (1e-16) similar to PH0126.1_Obox6/Jaspar(0.722)
		13 of 33 (1e-16) similar to ZEB2(Zf)/SNU398-ZEB2-ChIP-Seq(GSE103048)/Homer(0.594)
		14 of 33 (1e-16) similar to Egr1(Zf)/K562-Egr1-ChIP-Seq(GSE32465)/Homer(0.743)
		15 of 33 (1e-16) similar to AMYB(HTH)/Testes-AMYB-ChIP-Seq(GSE44588)/Homer(0.656)
		16 of 33 (1e-15) similar to NFATC1/MA0624.1/Jaspar(0.649)
		17 of 33 (1e-13) similar to PB0090.1_Zbtb12_1/Jaspar(0.645)
		18 of 33 (1e-13) similar to Nkx3-1/MA0124.2/Jaspar(0.819)
		19 of 33 (1e-13) similar to PB0194.1_Zbtb12_2/Jaspar(0.663)
		20 of 33 (1e-12) similar to NR1I3/MA1534.1/Jaspar(0.623)
		21 of 33 (1e-11) similar to Klf12/MA0742.1/Jaspar(0.636)
		22 of 33 (1e-10) similar to OVOL2/MA1545.1/Jaspar(0.730)
		23 of 33 (1e-9) similar to NR1H4/MA1110.1/Jaspar(0.679)
		24 of 33 (1e-9) similar to ZFP57/MA1583.1/Jaspar(0.833)
		25 of 33 (1e-8) similar to NR5A1/MA1540.1/Jaspar(0.686)
		26 of 33 (1e-8) similar to PB0024.1_Gcm1_1/Jaspar(0.621)
		27 of 33 (1e-8) similar to IKZF1/MA1508.1/Jaspar(0.602)
		28 of 33 (1e-7) similar to RUNX2/MA0511.2/Jaspar(0.695)
		29 of 33 (1e-7) similar to MF0001.1_ETS_class/Jaspar(0.697)
		30 of 33 (1e-7) similar to MYBL2/MA0777.1/Jaspar(0.617)
		31 of 33 (1e-5) similar to SD0001.1_at_AC_acceptor/Jaspar(0.700)
		32 of 33 (1e-4) similar to MAX::MYC/MA0059.1/Jaspar(0.650)
		33 of 33 (1e-3) similar to OSR1/MA1542.1/Jaspar(0.696)
	Job finished - if results look good, please send beer to ..

	Cleaning up tmp files...

