5F
INFO  @ Mon, 11 Mar 2024 09:30:20: 
# Command line: callpeak -f BAMPE -t 5F.bam -g mm -n ./5F -B --keep-dup all
# ARGUMENTS LIST:
# name = ./5F
# format = BAMPE
# ChIP-seq file = ['5F.bam']
# control file = None
# effective genome size = 1.87e+09
# band width = 300
# model fold = [5, 50]
# qvalue cutoff = 5.00e-02
# The maximum gap between significant sites is assigned as the read length/tag size.
# The minimum length of peaks is assigned as the predicted fragment length "d".
# Larger dataset will be scaled towards smaller dataset.
# Range for calculating regional lambda is: 10000 bps
# Broad region calling is off
# Paired-End mode is on
 
INFO  @ Mon, 11 Mar 2024 09:30:20: #1 read fragment files... 
INFO  @ Mon, 11 Mar 2024 09:30:20: #1 read treatment fragments... 
INFO  @ Mon, 11 Mar 2024 09:30:23:  1000000 
INFO  @ Mon, 11 Mar 2024 09:30:26:  2000000 
INFO  @ Mon, 11 Mar 2024 09:30:29:  3000000 
INFO  @ Mon, 11 Mar 2024 09:30:32:  4000000 
INFO  @ Mon, 11 Mar 2024 09:30:35:  5000000 
INFO  @ Mon, 11 Mar 2024 09:30:39:  6000000 
INFO  @ Mon, 11 Mar 2024 09:30:42:  7000000 
INFO  @ Mon, 11 Mar 2024 09:30:45:  8000000 
INFO  @ Mon, 11 Mar 2024 09:30:48:  9000000 
INFO  @ Mon, 11 Mar 2024 09:30:51:  10000000 
INFO  @ Mon, 11 Mar 2024 09:30:54:  11000000 
INFO  @ Mon, 11 Mar 2024 09:30:57:  12000000 
INFO  @ Mon, 11 Mar 2024 09:31:00:  13000000 
INFO  @ Mon, 11 Mar 2024 09:31:03:  14000000 
INFO  @ Mon, 11 Mar 2024 09:31:06:  15000000 
INFO  @ Mon, 11 Mar 2024 09:31:10:  16000000 
INFO  @ Mon, 11 Mar 2024 09:31:13:  17000000 
INFO  @ Mon, 11 Mar 2024 09:31:16:  18000000 
INFO  @ Mon, 11 Mar 2024 09:31:19:  19000000 
INFO  @ Mon, 11 Mar 2024 09:31:22:  20000000 
INFO  @ Mon, 11 Mar 2024 09:31:25:  21000000 
INFO  @ Mon, 11 Mar 2024 09:31:28:  22000000 
INFO  @ Mon, 11 Mar 2024 09:31:31:  23000000 
INFO  @ Mon, 11 Mar 2024 09:31:34:  24000000 
INFO  @ Mon, 11 Mar 2024 09:31:37:  25000000 
INFO  @ Mon, 11 Mar 2024 09:31:41:  26000000 
INFO  @ Mon, 11 Mar 2024 09:31:44:  27000000 
INFO  @ Mon, 11 Mar 2024 09:31:47:  28000000 
INFO  @ Mon, 11 Mar 2024 09:31:50:  29000000 
INFO  @ Mon, 11 Mar 2024 09:31:53:  30000000 
INFO  @ Mon, 11 Mar 2024 09:31:56:  31000000 
INFO  @ Mon, 11 Mar 2024 09:31:59:  32000000 
INFO  @ Mon, 11 Mar 2024 09:32:02:  33000000 
INFO  @ Mon, 11 Mar 2024 09:32:05:  34000000 
INFO  @ Mon, 11 Mar 2024 09:32:09:  35000000 
INFO  @ Mon, 11 Mar 2024 09:32:12:  36000000 
INFO  @ Mon, 11 Mar 2024 09:32:15:  37000000 
INFO  @ Mon, 11 Mar 2024 09:32:18:  38000000 
INFO  @ Mon, 11 Mar 2024 09:32:21:  39000000 
INFO  @ Mon, 11 Mar 2024 09:32:24:  40000000 
INFO  @ Mon, 11 Mar 2024 09:32:27:  41000000 
INFO  @ Mon, 11 Mar 2024 09:32:30:  42000000 
INFO  @ Mon, 11 Mar 2024 09:32:33:  43000000 
INFO  @ Mon, 11 Mar 2024 09:32:36:  44000000 
INFO  @ Mon, 11 Mar 2024 09:32:40:  45000000 
INFO  @ Mon, 11 Mar 2024 09:32:43:  46000000 
INFO  @ Mon, 11 Mar 2024 09:32:46:  47000000 
INFO  @ Mon, 11 Mar 2024 09:32:49:  48000000 
INFO  @ Mon, 11 Mar 2024 09:32:52:  49000000 
INFO  @ Mon, 11 Mar 2024 09:32:55:  50000000 
INFO  @ Mon, 11 Mar 2024 09:32:58:  51000000 
INFO  @ Mon, 11 Mar 2024 09:33:01:  52000000 
INFO  @ Mon, 11 Mar 2024 09:33:04:  53000000 
INFO  @ Mon, 11 Mar 2024 09:33:08:  54000000 
INFO  @ Mon, 11 Mar 2024 09:33:11:  55000000 
INFO  @ Mon, 11 Mar 2024 09:33:14:  56000000 
INFO  @ Mon, 11 Mar 2024 09:33:17:  57000000 
INFO  @ Mon, 11 Mar 2024 09:33:20:  58000000 
INFO  @ Mon, 11 Mar 2024 09:33:23:  59000000 
INFO  @ Mon, 11 Mar 2024 09:33:26:  60000000 
INFO  @ Mon, 11 Mar 2024 09:33:29:  61000000 
INFO  @ Mon, 11 Mar 2024 09:33:32:  62000000 
INFO  @ Mon, 11 Mar 2024 09:33:36:  63000000 
INFO  @ Mon, 11 Mar 2024 09:33:39:  64000000 
INFO  @ Mon, 11 Mar 2024 09:33:42:  65000000 
INFO  @ Mon, 11 Mar 2024 09:33:45:  66000000 
INFO  @ Mon, 11 Mar 2024 09:33:48:  67000000 
INFO  @ Mon, 11 Mar 2024 09:33:51:  68000000 
INFO  @ Mon, 11 Mar 2024 09:33:54:  69000000 
INFO  @ Mon, 11 Mar 2024 09:33:57:  70000000 
INFO  @ Mon, 11 Mar 2024 09:34:00:  71000000 
INFO  @ Mon, 11 Mar 2024 09:34:04:  72000000 
INFO  @ Mon, 11 Mar 2024 09:34:07:  73000000 
INFO  @ Mon, 11 Mar 2024 09:34:10:  74000000 
INFO  @ Mon, 11 Mar 2024 09:34:13:  75000000 
INFO  @ Mon, 11 Mar 2024 09:34:16:  76000000 
INFO  @ Mon, 11 Mar 2024 09:34:19:  77000000 
INFO  @ Mon, 11 Mar 2024 09:34:22:  78000000 
INFO  @ Mon, 11 Mar 2024 09:34:25:  79000000 
INFO  @ Mon, 11 Mar 2024 09:34:28:  80000000 
INFO  @ Mon, 11 Mar 2024 09:34:31:  81000000 
INFO  @ Mon, 11 Mar 2024 09:34:35:  82000000 
INFO  @ Mon, 11 Mar 2024 09:34:38:  83000000 
INFO  @ Mon, 11 Mar 2024 09:34:41:  84000000 
INFO  @ Mon, 11 Mar 2024 09:34:44:  85000000 
INFO  @ Mon, 11 Mar 2024 09:34:47:  86000000 
INFO  @ Mon, 11 Mar 2024 09:34:50:  87000000 
INFO  @ Mon, 11 Mar 2024 09:34:53:  88000000 
INFO  @ Mon, 11 Mar 2024 09:34:56:  89000000 
INFO  @ Mon, 11 Mar 2024 09:34:59:  90000000 
INFO  @ Mon, 11 Mar 2024 09:35:03:  91000000 
INFO  @ Mon, 11 Mar 2024 09:35:06:  92000000 
INFO  @ Mon, 11 Mar 2024 09:35:09:  93000000 
INFO  @ Mon, 11 Mar 2024 09:35:12:  94000000 
INFO  @ Mon, 11 Mar 2024 09:35:15:  95000000 
INFO  @ Mon, 11 Mar 2024 09:35:18:  96000000 
INFO  @ Mon, 11 Mar 2024 09:35:21:  97000000 
INFO  @ Mon, 11 Mar 2024 09:35:24:  98000000 
INFO  @ Mon, 11 Mar 2024 09:35:28:  99000000 
INFO  @ Mon, 11 Mar 2024 09:35:31:  100000000 
INFO  @ Mon, 11 Mar 2024 09:35:34:  101000000 
INFO  @ Mon, 11 Mar 2024 09:35:37:  102000000 
INFO  @ Mon, 11 Mar 2024 09:35:40:  103000000 
INFO  @ Mon, 11 Mar 2024 09:35:43:  104000000 
INFO  @ Mon, 11 Mar 2024 09:35:46: 104925201 fragments have been read. 
INFO  @ Mon, 11 Mar 2024 09:37:02: #1 mean fragment size is determined as 140.8 bp from treatment 
INFO  @ Mon, 11 Mar 2024 09:37:02: #1 fragment size = 140.8 
INFO  @ Mon, 11 Mar 2024 09:37:02: #1  total fragments in treatment: 104925201 
INFO  @ Mon, 11 Mar 2024 09:37:02: #1 finished! 
INFO  @ Mon, 11 Mar 2024 09:37:02: #2 Build Peak Model... 
INFO  @ Mon, 11 Mar 2024 09:37:02: #2 Skipped... 
INFO  @ Mon, 11 Mar 2024 09:37:02: #3 Call peaks... 
INFO  @ Mon, 11 Mar 2024 09:37:02: #3 Pre-compute pvalue-qvalue table... 
INFO  @ Mon, 11 Mar 2024 09:41:48: #3 In the peak calling step, the following will be performed simultaneously: 
INFO  @ Mon, 11 Mar 2024 09:41:48: #3   Write bedGraph files for treatment pileup (after scaling if necessary)... ./5F_treat_pileup.bdg 
INFO  @ Mon, 11 Mar 2024 09:41:48: #3   Write bedGraph files for control lambda (after scaling if necessary)... ./5F_control_lambda.bdg 
INFO  @ Mon, 11 Mar 2024 09:41:48: #3   Pileup will be based on sequencing depth in treatment. 
INFO  @ Mon, 11 Mar 2024 09:41:48: #3 Call peaks for each chromosome... 
INFO  @ Mon, 11 Mar 2024 09:46:12: #4 Write output xls file... ./5F_peaks.xls 
INFO  @ Mon, 11 Mar 2024 09:46:12: #4 Write peak in narrowPeak format file... ./5F_peaks.narrowPeak 
INFO  @ Mon, 11 Mar 2024 09:46:12: #4 Write summits bed file... ./5F_summits.bed 
INFO  @ Mon, 11 Mar 2024 09:46:12: Done! 
