PBS
INFO  @ Mon, 11 Mar 2024 21:46:59: 
# Command line: callpeak -f BAMPE -t PBS.bam -g mm -n ./PBS -B --keep-dup all
# ARGUMENTS LIST:
# name = ./PBS
# format = BAMPE
# ChIP-seq file = ['PBS.bam']
# control file = None
# effective genome size = 1.87e+09
# band width = 300
# model fold = [5, 50]
# qvalue cutoff = 5.00e-02
# The maximum gap between significant sites is assigned as the read length/tag size.
# The minimum length of peaks is assigned as the predicted fragment length "d".
# Larger dataset will be scaled towards smaller dataset.
# Range for calculating regional lambda is: 10000 bps
# Broad region calling is off
# Paired-End mode is on
 
INFO  @ Mon, 11 Mar 2024 21:46:59: #1 read fragment files... 
INFO  @ Mon, 11 Mar 2024 21:46:59: #1 read treatment fragments... 
INFO  @ Mon, 11 Mar 2024 21:47:02:  1000000 
INFO  @ Mon, 11 Mar 2024 21:47:05:  2000000 
INFO  @ Mon, 11 Mar 2024 21:47:08:  3000000 
INFO  @ Mon, 11 Mar 2024 21:47:11:  4000000 
INFO  @ Mon, 11 Mar 2024 21:47:14:  5000000 
INFO  @ Mon, 11 Mar 2024 21:47:17:  6000000 
INFO  @ Mon, 11 Mar 2024 21:47:20:  7000000 
INFO  @ Mon, 11 Mar 2024 21:47:23:  8000000 
INFO  @ Mon, 11 Mar 2024 21:47:26:  9000000 
INFO  @ Mon, 11 Mar 2024 21:47:29:  10000000 
INFO  @ Mon, 11 Mar 2024 21:47:33:  11000000 
INFO  @ Mon, 11 Mar 2024 21:47:36:  12000000 
INFO  @ Mon, 11 Mar 2024 21:47:39:  13000000 
INFO  @ Mon, 11 Mar 2024 21:47:42:  14000000 
INFO  @ Mon, 11 Mar 2024 21:47:45:  15000000 
INFO  @ Mon, 11 Mar 2024 21:47:48:  16000000 
INFO  @ Mon, 11 Mar 2024 21:47:51:  17000000 
INFO  @ Mon, 11 Mar 2024 21:47:54:  18000000 
INFO  @ Mon, 11 Mar 2024 21:47:57:  19000000 
INFO  @ Mon, 11 Mar 2024 21:48:01:  20000000 
INFO  @ Mon, 11 Mar 2024 21:48:04:  21000000 
INFO  @ Mon, 11 Mar 2024 21:48:07:  22000000 
INFO  @ Mon, 11 Mar 2024 21:48:10:  23000000 
INFO  @ Mon, 11 Mar 2024 21:48:13:  24000000 
INFO  @ Mon, 11 Mar 2024 21:48:16:  25000000 
INFO  @ Mon, 11 Mar 2024 21:48:19:  26000000 
INFO  @ Mon, 11 Mar 2024 21:48:22:  27000000 
INFO  @ Mon, 11 Mar 2024 21:48:25:  28000000 
INFO  @ Mon, 11 Mar 2024 21:48:28:  29000000 
INFO  @ Mon, 11 Mar 2024 21:48:31:  30000000 
INFO  @ Mon, 11 Mar 2024 21:48:35:  31000000 
INFO  @ Mon, 11 Mar 2024 21:48:38:  32000000 
INFO  @ Mon, 11 Mar 2024 21:48:41:  33000000 
INFO  @ Mon, 11 Mar 2024 21:48:44:  34000000 
INFO  @ Mon, 11 Mar 2024 21:48:47:  35000000 
INFO  @ Mon, 11 Mar 2024 21:48:50:  36000000 
INFO  @ Mon, 11 Mar 2024 21:48:53:  37000000 
INFO  @ Mon, 11 Mar 2024 21:48:56:  38000000 
INFO  @ Mon, 11 Mar 2024 21:48:59:  39000000 
INFO  @ Mon, 11 Mar 2024 21:49:02:  40000000 
INFO  @ Mon, 11 Mar 2024 21:49:06:  41000000 
INFO  @ Mon, 11 Mar 2024 21:49:09:  42000000 
INFO  @ Mon, 11 Mar 2024 21:49:12:  43000000 
INFO  @ Mon, 11 Mar 2024 21:49:15:  44000000 
INFO  @ Mon, 11 Mar 2024 21:49:18:  45000000 
INFO  @ Mon, 11 Mar 2024 21:49:21:  46000000 
INFO  @ Mon, 11 Mar 2024 21:49:24:  47000000 
INFO  @ Mon, 11 Mar 2024 21:49:27:  48000000 
INFO  @ Mon, 11 Mar 2024 21:49:30:  49000000 
INFO  @ Mon, 11 Mar 2024 21:49:33:  50000000 
INFO  @ Mon, 11 Mar 2024 21:49:36:  51000000 
INFO  @ Mon, 11 Mar 2024 21:49:40:  52000000 
INFO  @ Mon, 11 Mar 2024 21:49:43:  53000000 
INFO  @ Mon, 11 Mar 2024 21:49:46:  54000000 
INFO  @ Mon, 11 Mar 2024 21:49:49:  55000000 
INFO  @ Mon, 11 Mar 2024 21:49:52:  56000000 
INFO  @ Mon, 11 Mar 2024 21:49:55:  57000000 
INFO  @ Mon, 11 Mar 2024 21:49:58:  58000000 
INFO  @ Mon, 11 Mar 2024 21:50:01:  59000000 
INFO  @ Mon, 11 Mar 2024 21:50:04:  60000000 
INFO  @ Mon, 11 Mar 2024 21:50:07:  61000000 
INFO  @ Mon, 11 Mar 2024 21:50:10:  62000000 
INFO  @ Mon, 11 Mar 2024 21:50:14:  63000000 
INFO  @ Mon, 11 Mar 2024 21:50:17:  64000000 
INFO  @ Mon, 11 Mar 2024 21:50:20:  65000000 
INFO  @ Mon, 11 Mar 2024 21:50:23:  66000000 
INFO  @ Mon, 11 Mar 2024 21:50:26:  67000000 
INFO  @ Mon, 11 Mar 2024 21:50:29:  68000000 
INFO  @ Mon, 11 Mar 2024 21:50:32:  69000000 
INFO  @ Mon, 11 Mar 2024 21:50:35:  70000000 
INFO  @ Mon, 11 Mar 2024 21:50:38:  71000000 
INFO  @ Mon, 11 Mar 2024 21:50:41:  72000000 
INFO  @ Mon, 11 Mar 2024 21:50:44:  73000000 
INFO  @ Mon, 11 Mar 2024 21:50:48:  74000000 
INFO  @ Mon, 11 Mar 2024 21:50:51:  75000000 
INFO  @ Mon, 11 Mar 2024 21:50:54:  76000000 
INFO  @ Mon, 11 Mar 2024 21:50:57:  77000000 
INFO  @ Mon, 11 Mar 2024 21:51:00:  78000000 
INFO  @ Mon, 11 Mar 2024 21:51:03:  79000000 
INFO  @ Mon, 11 Mar 2024 21:51:06:  80000000 
INFO  @ Mon, 11 Mar 2024 21:51:09:  81000000 
INFO  @ Mon, 11 Mar 2024 21:51:12:  82000000 
INFO  @ Mon, 11 Mar 2024 21:51:15:  83000000 
INFO  @ Mon, 11 Mar 2024 21:51:18:  84000000 
INFO  @ Mon, 11 Mar 2024 21:51:22:  85000000 
INFO  @ Mon, 11 Mar 2024 21:51:25:  86000000 
INFO  @ Mon, 11 Mar 2024 21:51:28:  87000000 
INFO  @ Mon, 11 Mar 2024 21:51:31:  88000000 
INFO  @ Mon, 11 Mar 2024 21:51:34:  89000000 
INFO  @ Mon, 11 Mar 2024 21:51:37:  90000000 
INFO  @ Mon, 11 Mar 2024 21:51:40:  91000000 
INFO  @ Mon, 11 Mar 2024 21:51:43:  92000000 
INFO  @ Mon, 11 Mar 2024 21:51:46:  93000000 
INFO  @ Mon, 11 Mar 2024 21:51:49:  94000000 
INFO  @ Mon, 11 Mar 2024 21:51:53:  95000000 
INFO  @ Mon, 11 Mar 2024 21:51:56:  96000000 
INFO  @ Mon, 11 Mar 2024 21:51:59:  97000000 
INFO  @ Mon, 11 Mar 2024 21:52:02:  98000000 
INFO  @ Mon, 11 Mar 2024 21:52:05:  99000000 
INFO  @ Mon, 11 Mar 2024 21:52:08:  100000000 
INFO  @ Mon, 11 Mar 2024 21:52:11:  101000000 
INFO  @ Mon, 11 Mar 2024 21:52:14:  102000000 
INFO  @ Mon, 11 Mar 2024 21:52:17:  103000000 
INFO  @ Mon, 11 Mar 2024 21:52:20:  104000000 
INFO  @ Mon, 11 Mar 2024 21:52:24:  105000000 
INFO  @ Mon, 11 Mar 2024 21:52:27:  106000000 
INFO  @ Mon, 11 Mar 2024 21:52:30:  107000000 
INFO  @ Mon, 11 Mar 2024 21:52:33:  108000000 
INFO  @ Mon, 11 Mar 2024 21:52:36:  109000000 
INFO  @ Mon, 11 Mar 2024 21:52:39:  110000000 
INFO  @ Mon, 11 Mar 2024 21:52:42:  111000000 
INFO  @ Mon, 11 Mar 2024 21:52:45:  112000000 
INFO  @ Mon, 11 Mar 2024 21:52:48:  113000000 
INFO  @ Mon, 11 Mar 2024 21:52:51:  114000000 
INFO  @ Mon, 11 Mar 2024 21:52:54:  115000000 
INFO  @ Mon, 11 Mar 2024 21:52:58:  116000000 
INFO  @ Mon, 11 Mar 2024 21:53:01:  117000000 
INFO  @ Mon, 11 Mar 2024 21:53:04:  118000000 
INFO  @ Mon, 11 Mar 2024 21:53:07:  119000000 
INFO  @ Mon, 11 Mar 2024 21:53:10:  120000000 
INFO  @ Mon, 11 Mar 2024 21:53:13:  121000000 
INFO  @ Mon, 11 Mar 2024 21:53:16:  122000000 
INFO  @ Mon, 11 Mar 2024 21:53:19:  123000000 
INFO  @ Mon, 11 Mar 2024 21:53:22:  124000000 
INFO  @ Mon, 11 Mar 2024 21:53:26:  125000000 
INFO  @ Mon, 11 Mar 2024 21:53:29:  126000000 
INFO  @ Mon, 11 Mar 2024 21:53:32:  127000000 
INFO  @ Mon, 11 Mar 2024 21:53:35:  128000000 
INFO  @ Mon, 11 Mar 2024 21:53:38:  129000000 
INFO  @ Mon, 11 Mar 2024 21:53:41:  130000000 
INFO  @ Mon, 11 Mar 2024 21:53:44:  131000000 
INFO  @ Mon, 11 Mar 2024 21:53:47:  132000000 
INFO  @ Mon, 11 Mar 2024 21:53:50:  133000000 
INFO  @ Mon, 11 Mar 2024 21:53:53:  134000000 
INFO  @ Mon, 11 Mar 2024 21:53:57:  135000000 
INFO  @ Mon, 11 Mar 2024 21:54:00:  136000000 
INFO  @ Mon, 11 Mar 2024 21:54:03:  137000000 
INFO  @ Mon, 11 Mar 2024 21:54:06:  138000000 
INFO  @ Mon, 11 Mar 2024 21:54:09:  139000000 
INFO  @ Mon, 11 Mar 2024 21:54:12:  140000000 
INFO  @ Mon, 11 Mar 2024 21:54:15:  141000000 
INFO  @ Mon, 11 Mar 2024 21:54:18:  142000000 
INFO  @ Mon, 11 Mar 2024 21:54:21:  143000000 
INFO  @ Mon, 11 Mar 2024 21:54:24:  144000000 
INFO  @ Mon, 11 Mar 2024 21:54:27:  145000000 
INFO  @ Mon, 11 Mar 2024 21:54:31:  146000000 
INFO  @ Mon, 11 Mar 2024 21:54:34:  147000000 
INFO  @ Mon, 11 Mar 2024 21:54:37:  148000000 
INFO  @ Mon, 11 Mar 2024 21:54:40:  149000000 
INFO  @ Mon, 11 Mar 2024 21:54:43:  150000000 
INFO  @ Mon, 11 Mar 2024 21:54:46:  151000000 
INFO  @ Mon, 11 Mar 2024 21:54:49:  152000000 
INFO  @ Mon, 11 Mar 2024 21:54:52:  153000000 
INFO  @ Mon, 11 Mar 2024 21:54:55:  154000000 
INFO  @ Mon, 11 Mar 2024 21:54:58:  155000000 
INFO  @ Mon, 11 Mar 2024 21:55:02:  156000000 
INFO  @ Mon, 11 Mar 2024 21:55:05:  157000000 
INFO  @ Mon, 11 Mar 2024 21:55:08:  158000000 
INFO  @ Mon, 11 Mar 2024 21:55:11:  159000000 
INFO  @ Mon, 11 Mar 2024 21:55:14:  160000000 
INFO  @ Mon, 11 Mar 2024 21:55:17:  161000000 
INFO  @ Mon, 11 Mar 2024 21:55:20:  162000000 
INFO  @ Mon, 11 Mar 2024 21:55:23:  163000000 
INFO  @ Mon, 11 Mar 2024 21:55:26:  164000000 
INFO  @ Mon, 11 Mar 2024 21:55:29:  165000000 
INFO  @ Mon, 11 Mar 2024 21:55:32:  166000000 
INFO  @ Mon, 11 Mar 2024 21:55:36:  167000000 
INFO  @ Mon, 11 Mar 2024 21:55:39:  168000000 
INFO  @ Mon, 11 Mar 2024 21:55:42:  169000000 
INFO  @ Mon, 11 Mar 2024 21:55:45:  170000000 
INFO  @ Mon, 11 Mar 2024 21:55:48:  171000000 
INFO  @ Mon, 11 Mar 2024 21:55:51:  172000000 
INFO  @ Mon, 11 Mar 2024 21:55:54:  173000000 
INFO  @ Mon, 11 Mar 2024 21:55:57:  174000000 
INFO  @ Mon, 11 Mar 2024 21:56:00:  175000000 
INFO  @ Mon, 11 Mar 2024 21:56:03:  176000000 
INFO  @ Mon, 11 Mar 2024 21:56:07:  177000000 
INFO  @ Mon, 11 Mar 2024 21:56:10:  178000000 
INFO  @ Mon, 11 Mar 2024 21:56:13:  179000000 
INFO  @ Mon, 11 Mar 2024 21:56:16:  180000000 
INFO  @ Mon, 11 Mar 2024 21:56:19:  181000000 
INFO  @ Mon, 11 Mar 2024 21:56:22:  182000000 
INFO  @ Mon, 11 Mar 2024 21:56:25:  183000000 
INFO  @ Mon, 11 Mar 2024 21:56:28:  184000000 
INFO  @ Mon, 11 Mar 2024 21:56:31:  185000000 
INFO  @ Mon, 11 Mar 2024 21:56:35:  186000000 
INFO  @ Mon, 11 Mar 2024 21:56:38:  187000000 
INFO  @ Mon, 11 Mar 2024 21:56:41:  188000000 
INFO  @ Mon, 11 Mar 2024 21:56:44:  189000000 
INFO  @ Mon, 11 Mar 2024 21:56:47:  190000000 
INFO  @ Mon, 11 Mar 2024 21:56:50:  191000000 
INFO  @ Mon, 11 Mar 2024 21:56:53:  192000000 
INFO  @ Mon, 11 Mar 2024 21:56:56:  193000000 
INFO  @ Mon, 11 Mar 2024 21:56:59:  194000000 
INFO  @ Mon, 11 Mar 2024 21:57:02:  195000000 
INFO  @ Mon, 11 Mar 2024 21:57:05:  196000000 
INFO  @ Mon, 11 Mar 2024 21:57:08:  197000000 
INFO  @ Mon, 11 Mar 2024 21:57:12:  198000000 
INFO  @ Mon, 11 Mar 2024 21:57:15:  199000000 
INFO  @ Mon, 11 Mar 2024 21:57:18:  200000000 
INFO  @ Mon, 11 Mar 2024 21:57:21:  201000000 
INFO  @ Mon, 11 Mar 2024 21:57:24:  202000000 
INFO  @ Mon, 11 Mar 2024 21:57:27:  203000000 
INFO  @ Mon, 11 Mar 2024 21:57:30:  204000000 
INFO  @ Mon, 11 Mar 2024 21:57:33:  205000000 
INFO  @ Mon, 11 Mar 2024 21:57:36:  206000000 
INFO  @ Mon, 11 Mar 2024 21:57:39:  207000000 
INFO  @ Mon, 11 Mar 2024 21:57:43:  208000000 
INFO  @ Mon, 11 Mar 2024 21:57:46:  209000000 
INFO  @ Mon, 11 Mar 2024 21:57:49:  210000000 
INFO  @ Mon, 11 Mar 2024 21:57:52:  211000000 
INFO  @ Mon, 11 Mar 2024 21:57:55:  212000000 
INFO  @ Mon, 11 Mar 2024 21:57:58:  213000000 
INFO  @ Mon, 11 Mar 2024 21:58:01:  214000000 
INFO  @ Mon, 11 Mar 2024 21:58:04:  215000000 
INFO  @ Mon, 11 Mar 2024 21:58:07:  216000000 
INFO  @ Mon, 11 Mar 2024 21:58:10:  217000000 
INFO  @ Mon, 11 Mar 2024 21:58:14:  218000000 
INFO  @ Mon, 11 Mar 2024 21:58:17:  219000000 
INFO  @ Mon, 11 Mar 2024 21:58:20:  220000000 
INFO  @ Mon, 11 Mar 2024 21:58:23:  221000000 
INFO  @ Mon, 11 Mar 2024 21:58:26:  222000000 
INFO  @ Mon, 11 Mar 2024 21:58:29:  223000000 
INFO  @ Mon, 11 Mar 2024 21:58:32:  224000000 
INFO  @ Mon, 11 Mar 2024 21:58:35:  225000000 
INFO  @ Mon, 11 Mar 2024 21:58:38:  226000000 
INFO  @ Mon, 11 Mar 2024 21:58:42:  227000000 
INFO  @ Mon, 11 Mar 2024 21:58:45:  228000000 
INFO  @ Mon, 11 Mar 2024 21:58:48:  229000000 
INFO  @ Mon, 11 Mar 2024 21:58:51:  230000000 
INFO  @ Mon, 11 Mar 2024 21:58:54:  231000000 
INFO  @ Mon, 11 Mar 2024 21:58:57:  232000000 
INFO  @ Mon, 11 Mar 2024 21:59:00:  233000000 
INFO  @ Mon, 11 Mar 2024 21:59:03:  234000000 
INFO  @ Mon, 11 Mar 2024 21:59:06:  235000000 
INFO  @ Mon, 11 Mar 2024 21:59:09:  236000000 
INFO  @ Mon, 11 Mar 2024 21:59:13:  237000000 
INFO  @ Mon, 11 Mar 2024 21:59:16:  238000000 
INFO  @ Mon, 11 Mar 2024 21:59:19:  239000000 
INFO  @ Mon, 11 Mar 2024 21:59:22:  240000000 
INFO  @ Mon, 11 Mar 2024 21:59:25:  241000000 
INFO  @ Mon, 11 Mar 2024 21:59:28:  242000000 
INFO  @ Mon, 11 Mar 2024 21:59:31:  243000000 
INFO  @ Mon, 11 Mar 2024 21:59:34:  244000000 
INFO  @ Mon, 11 Mar 2024 21:59:37:  245000000 
INFO  @ Mon, 11 Mar 2024 21:59:41:  246000000 
INFO  @ Mon, 11 Mar 2024 21:59:44:  247000000 
INFO  @ Mon, 11 Mar 2024 21:59:47:  248000000 
INFO  @ Mon, 11 Mar 2024 21:59:50:  249000000 
INFO  @ Mon, 11 Mar 2024 21:59:53: 249994662 fragments have been read. 
INFO  @ Mon, 11 Mar 2024 22:03:06: #1 mean fragment size is determined as 138.6 bp from treatment 
INFO  @ Mon, 11 Mar 2024 22:03:06: #1 fragment size = 138.6 
INFO  @ Mon, 11 Mar 2024 22:03:06: #1  total fragments in treatment: 249994662 
INFO  @ Mon, 11 Mar 2024 22:03:06: #1 finished! 
INFO  @ Mon, 11 Mar 2024 22:03:06: #2 Build Peak Model... 
INFO  @ Mon, 11 Mar 2024 22:03:06: #2 Skipped... 
INFO  @ Mon, 11 Mar 2024 22:03:06: #3 Call peaks... 
INFO  @ Mon, 11 Mar 2024 22:03:06: #3 Pre-compute pvalue-qvalue table... 
INFO  @ Mon, 11 Mar 2024 22:13:00: #3 In the peak calling step, the following will be performed simultaneously: 
INFO  @ Mon, 11 Mar 2024 22:13:00: #3   Write bedGraph files for treatment pileup (after scaling if necessary)... ./PBS_treat_pileup.bdg 
INFO  @ Mon, 11 Mar 2024 22:13:00: #3   Write bedGraph files for control lambda (after scaling if necessary)... ./PBS_control_lambda.bdg 
INFO  @ Mon, 11 Mar 2024 22:13:00: #3   Pileup will be based on sequencing depth in treatment. 
INFO  @ Mon, 11 Mar 2024 22:13:00: #3 Call peaks for each chromosome... 
INFO  @ Mon, 11 Mar 2024 22:21:56: #4 Write output xls file... ./PBS_peaks.xls 
INFO  @ Mon, 11 Mar 2024 22:21:56: #4 Write peak in narrowPeak format file... ./PBS_peaks.narrowPeak 
INFO  @ Mon, 11 Mar 2024 22:21:56: #4 Write summits bed file... ./PBS_summits.bed 
INFO  @ Mon, 11 Mar 2024 22:21:56: Done! 
