HQ
INFO  @ Mon, 11 Mar 2024 09:59:24: 
# Command line: callpeak -f BAMPE -t HQ.bam -g mm -n ./HQ -B --keep-dup all
# ARGUMENTS LIST:
# name = ./HQ
# format = BAMPE
# ChIP-seq file = ['HQ.bam']
# control file = None
# effective genome size = 1.87e+09
# band width = 300
# model fold = [5, 50]
# qvalue cutoff = 5.00e-02
# The maximum gap between significant sites is assigned as the read length/tag size.
# The minimum length of peaks is assigned as the predicted fragment length "d".
# Larger dataset will be scaled towards smaller dataset.
# Range for calculating regional lambda is: 10000 bps
# Broad region calling is off
# Paired-End mode is on
 
INFO  @ Mon, 11 Mar 2024 09:59:24: #1 read fragment files... 
INFO  @ Mon, 11 Mar 2024 09:59:24: #1 read treatment fragments... 
INFO  @ Mon, 11 Mar 2024 09:59:27:  1000000 
INFO  @ Mon, 11 Mar 2024 09:59:30:  2000000 
INFO  @ Mon, 11 Mar 2024 09:59:33:  3000000 
INFO  @ Mon, 11 Mar 2024 09:59:36:  4000000 
INFO  @ Mon, 11 Mar 2024 09:59:40:  5000000 
INFO  @ Mon, 11 Mar 2024 09:59:43:  6000000 
INFO  @ Mon, 11 Mar 2024 09:59:46:  7000000 
INFO  @ Mon, 11 Mar 2024 09:59:49:  8000000 
INFO  @ Mon, 11 Mar 2024 09:59:52:  9000000 
INFO  @ Mon, 11 Mar 2024 09:59:55:  10000000 
INFO  @ Mon, 11 Mar 2024 09:59:58:  11000000 
INFO  @ Mon, 11 Mar 2024 10:00:02:  12000000 
INFO  @ Mon, 11 Mar 2024 10:00:05:  13000000 
INFO  @ Mon, 11 Mar 2024 10:00:08:  14000000 
INFO  @ Mon, 11 Mar 2024 10:00:11:  15000000 
INFO  @ Mon, 11 Mar 2024 10:00:14:  16000000 
INFO  @ Mon, 11 Mar 2024 10:00:18:  17000000 
INFO  @ Mon, 11 Mar 2024 10:00:21:  18000000 
INFO  @ Mon, 11 Mar 2024 10:00:24:  19000000 
INFO  @ Mon, 11 Mar 2024 10:00:27:  20000000 
INFO  @ Mon, 11 Mar 2024 10:00:30:  21000000 
INFO  @ Mon, 11 Mar 2024 10:00:33:  22000000 
INFO  @ Mon, 11 Mar 2024 10:00:37:  23000000 
INFO  @ Mon, 11 Mar 2024 10:00:40:  24000000 
INFO  @ Mon, 11 Mar 2024 10:00:43:  25000000 
INFO  @ Mon, 11 Mar 2024 10:00:46:  26000000 
INFO  @ Mon, 11 Mar 2024 10:00:49:  27000000 
INFO  @ Mon, 11 Mar 2024 10:00:53:  28000000 
INFO  @ Mon, 11 Mar 2024 10:00:56:  29000000 
INFO  @ Mon, 11 Mar 2024 10:00:59:  30000000 
INFO  @ Mon, 11 Mar 2024 10:01:02:  31000000 
INFO  @ Mon, 11 Mar 2024 10:01:05:  32000000 
INFO  @ Mon, 11 Mar 2024 10:01:08:  33000000 
INFO  @ Mon, 11 Mar 2024 10:01:12:  34000000 
INFO  @ Mon, 11 Mar 2024 10:01:15:  35000000 
INFO  @ Mon, 11 Mar 2024 10:01:18:  36000000 
INFO  @ Mon, 11 Mar 2024 10:01:21:  37000000 
INFO  @ Mon, 11 Mar 2024 10:01:24:  38000000 
INFO  @ Mon, 11 Mar 2024 10:01:27:  39000000 
INFO  @ Mon, 11 Mar 2024 10:01:31:  40000000 
INFO  @ Mon, 11 Mar 2024 10:01:34:  41000000 
INFO  @ Mon, 11 Mar 2024 10:01:37:  42000000 
INFO  @ Mon, 11 Mar 2024 10:01:40:  43000000 
INFO  @ Mon, 11 Mar 2024 10:01:43:  44000000 
INFO  @ Mon, 11 Mar 2024 10:01:47:  45000000 
INFO  @ Mon, 11 Mar 2024 10:01:50:  46000000 
INFO  @ Mon, 11 Mar 2024 10:01:53:  47000000 
INFO  @ Mon, 11 Mar 2024 10:01:56:  48000000 
INFO  @ Mon, 11 Mar 2024 10:01:59:  49000000 
INFO  @ Mon, 11 Mar 2024 10:02:03:  50000000 
INFO  @ Mon, 11 Mar 2024 10:02:06:  51000000 
INFO  @ Mon, 11 Mar 2024 10:02:09:  52000000 
INFO  @ Mon, 11 Mar 2024 10:02:12:  53000000 
INFO  @ Mon, 11 Mar 2024 10:02:15:  54000000 
INFO  @ Mon, 11 Mar 2024 10:02:18:  55000000 
INFO  @ Mon, 11 Mar 2024 10:02:22:  56000000 
INFO  @ Mon, 11 Mar 2024 10:02:25:  57000000 
INFO  @ Mon, 11 Mar 2024 10:02:28:  58000000 
INFO  @ Mon, 11 Mar 2024 10:02:31:  59000000 
INFO  @ Mon, 11 Mar 2024 10:02:34:  60000000 
INFO  @ Mon, 11 Mar 2024 10:02:37:  61000000 
INFO  @ Mon, 11 Mar 2024 10:02:41:  62000000 
INFO  @ Mon, 11 Mar 2024 10:02:44:  63000000 
INFO  @ Mon, 11 Mar 2024 10:02:47:  64000000 
INFO  @ Mon, 11 Mar 2024 10:02:50:  65000000 
INFO  @ Mon, 11 Mar 2024 10:02:53:  66000000 
INFO  @ Mon, 11 Mar 2024 10:02:56:  67000000 
INFO  @ Mon, 11 Mar 2024 10:02:59:  68000000 
INFO  @ Mon, 11 Mar 2024 10:03:03:  69000000 
INFO  @ Mon, 11 Mar 2024 10:03:06:  70000000 
INFO  @ Mon, 11 Mar 2024 10:03:09:  71000000 
INFO  @ Mon, 11 Mar 2024 10:03:12:  72000000 
INFO  @ Mon, 11 Mar 2024 10:03:15:  73000000 
INFO  @ Mon, 11 Mar 2024 10:03:18:  74000000 
INFO  @ Mon, 11 Mar 2024 10:03:21:  75000000 
INFO  @ Mon, 11 Mar 2024 10:03:25:  76000000 
INFO  @ Mon, 11 Mar 2024 10:03:28:  77000000 
INFO  @ Mon, 11 Mar 2024 10:03:31:  78000000 
INFO  @ Mon, 11 Mar 2024 10:03:34:  79000000 
INFO  @ Mon, 11 Mar 2024 10:03:37:  80000000 
INFO  @ Mon, 11 Mar 2024 10:03:40:  81000000 
INFO  @ Mon, 11 Mar 2024 10:03:43:  82000000 
INFO  @ Mon, 11 Mar 2024 10:03:47:  83000000 
INFO  @ Mon, 11 Mar 2024 10:03:50:  84000000 
INFO  @ Mon, 11 Mar 2024 10:03:53:  85000000 
INFO  @ Mon, 11 Mar 2024 10:03:56:  86000000 
INFO  @ Mon, 11 Mar 2024 10:03:59:  87000000 
INFO  @ Mon, 11 Mar 2024 10:04:02:  88000000 
INFO  @ Mon, 11 Mar 2024 10:04:05:  89000000 
INFO  @ Mon, 11 Mar 2024 10:04:09:  90000000 
INFO  @ Mon, 11 Mar 2024 10:04:12:  91000000 
INFO  @ Mon, 11 Mar 2024 10:04:15:  92000000 
INFO  @ Mon, 11 Mar 2024 10:04:18:  93000000 
INFO  @ Mon, 11 Mar 2024 10:04:21:  94000000 
INFO  @ Mon, 11 Mar 2024 10:04:24:  95000000 
INFO  @ Mon, 11 Mar 2024 10:04:28:  96000000 
INFO  @ Mon, 11 Mar 2024 10:04:31:  97000000 
INFO  @ Mon, 11 Mar 2024 10:04:34:  98000000 
INFO  @ Mon, 11 Mar 2024 10:04:37:  99000000 
INFO  @ Mon, 11 Mar 2024 10:04:40:  100000000 
INFO  @ Mon, 11 Mar 2024 10:04:43:  101000000 
INFO  @ Mon, 11 Mar 2024 10:04:46:  102000000 
INFO  @ Mon, 11 Mar 2024 10:04:50:  103000000 
INFO  @ Mon, 11 Mar 2024 10:04:52: 103794458 fragments have been read. 
INFO  @ Mon, 11 Mar 2024 10:06:07: #1 mean fragment size is determined as 152.0 bp from treatment 
INFO  @ Mon, 11 Mar 2024 10:06:07: #1 fragment size = 152.0 
INFO  @ Mon, 11 Mar 2024 10:06:07: #1  total fragments in treatment: 103794458 
INFO  @ Mon, 11 Mar 2024 10:06:07: #1 finished! 
INFO  @ Mon, 11 Mar 2024 10:06:07: #2 Build Peak Model... 
INFO  @ Mon, 11 Mar 2024 10:06:07: #2 Skipped... 
INFO  @ Mon, 11 Mar 2024 10:06:07: #3 Call peaks... 
INFO  @ Mon, 11 Mar 2024 10:06:07: #3 Pre-compute pvalue-qvalue table... 
INFO  @ Mon, 11 Mar 2024 10:10:55: #3 In the peak calling step, the following will be performed simultaneously: 
INFO  @ Mon, 11 Mar 2024 10:10:55: #3   Write bedGraph files for treatment pileup (after scaling if necessary)... ./HQ_treat_pileup.bdg 
INFO  @ Mon, 11 Mar 2024 10:10:55: #3   Write bedGraph files for control lambda (after scaling if necessary)... ./HQ_control_lambda.bdg 
INFO  @ Mon, 11 Mar 2024 10:10:55: #3   Pileup will be based on sequencing depth in treatment. 
INFO  @ Mon, 11 Mar 2024 10:10:55: #3 Call peaks for each chromosome... 
INFO  @ Mon, 11 Mar 2024 10:15:18: #4 Write output xls file... ./HQ_peaks.xls 
INFO  @ Mon, 11 Mar 2024 10:15:18: #4 Write peak in narrowPeak format file... ./HQ_peaks.narrowPeak 
INFO  @ Mon, 11 Mar 2024 10:15:18: #4 Write summits bed file... ./HQ_summits.bed 
INFO  @ Mon, 11 Mar 2024 10:15:18: Done! 
