BG
INFO  @ Mon, 11 Mar 2024 09:30:20: 
# Command line: callpeak -f BAMPE -t BG.bam -g mm -n ./BG -B --keep-dup all
# ARGUMENTS LIST:
# name = ./BG
# format = BAMPE
# ChIP-seq file = ['BG.bam']
# control file = None
# effective genome size = 1.87e+09
# band width = 300
# model fold = [5, 50]
# qvalue cutoff = 5.00e-02
# The maximum gap between significant sites is assigned as the read length/tag size.
# The minimum length of peaks is assigned as the predicted fragment length "d".
# Larger dataset will be scaled towards smaller dataset.
# Range for calculating regional lambda is: 10000 bps
# Broad region calling is off
# Paired-End mode is on
 
INFO  @ Mon, 11 Mar 2024 09:30:20: #1 read fragment files... 
INFO  @ Mon, 11 Mar 2024 09:30:20: #1 read treatment fragments... 
INFO  @ Mon, 11 Mar 2024 09:30:23:  1000000 
INFO  @ Mon, 11 Mar 2024 09:30:27:  2000000 
INFO  @ Mon, 11 Mar 2024 09:30:30:  3000000 
INFO  @ Mon, 11 Mar 2024 09:30:33:  4000000 
INFO  @ Mon, 11 Mar 2024 09:30:37:  5000000 
INFO  @ Mon, 11 Mar 2024 09:30:40:  6000000 
INFO  @ Mon, 11 Mar 2024 09:30:43:  7000000 
INFO  @ Mon, 11 Mar 2024 09:30:47:  8000000 
INFO  @ Mon, 11 Mar 2024 09:30:50:  9000000 
INFO  @ Mon, 11 Mar 2024 09:30:53:  10000000 
INFO  @ Mon, 11 Mar 2024 09:30:57:  11000000 
INFO  @ Mon, 11 Mar 2024 09:31:00:  12000000 
INFO  @ Mon, 11 Mar 2024 09:31:03:  13000000 
INFO  @ Mon, 11 Mar 2024 09:31:06:  14000000 
INFO  @ Mon, 11 Mar 2024 09:31:10:  15000000 
INFO  @ Mon, 11 Mar 2024 09:31:13:  16000000 
INFO  @ Mon, 11 Mar 2024 09:31:16:  17000000 
INFO  @ Mon, 11 Mar 2024 09:31:20:  18000000 
INFO  @ Mon, 11 Mar 2024 09:31:23:  19000000 
INFO  @ Mon, 11 Mar 2024 09:31:26:  20000000 
INFO  @ Mon, 11 Mar 2024 09:31:30:  21000000 
INFO  @ Mon, 11 Mar 2024 09:31:33:  22000000 
INFO  @ Mon, 11 Mar 2024 09:31:36:  23000000 
INFO  @ Mon, 11 Mar 2024 09:31:40:  24000000 
INFO  @ Mon, 11 Mar 2024 09:31:43:  25000000 
INFO  @ Mon, 11 Mar 2024 09:31:46:  26000000 
INFO  @ Mon, 11 Mar 2024 09:31:50:  27000000 
INFO  @ Mon, 11 Mar 2024 09:31:53:  28000000 
INFO  @ Mon, 11 Mar 2024 09:31:56:  29000000 
INFO  @ Mon, 11 Mar 2024 09:32:00:  30000000 
INFO  @ Mon, 11 Mar 2024 09:32:03:  31000000 
INFO  @ Mon, 11 Mar 2024 09:32:06:  32000000 
INFO  @ Mon, 11 Mar 2024 09:32:10:  33000000 
INFO  @ Mon, 11 Mar 2024 09:32:13:  34000000 
INFO  @ Mon, 11 Mar 2024 09:32:16:  35000000 
INFO  @ Mon, 11 Mar 2024 09:32:20:  36000000 
INFO  @ Mon, 11 Mar 2024 09:32:23:  37000000 
INFO  @ Mon, 11 Mar 2024 09:32:26:  38000000 
INFO  @ Mon, 11 Mar 2024 09:32:30:  39000000 
INFO  @ Mon, 11 Mar 2024 09:32:33:  40000000 
INFO  @ Mon, 11 Mar 2024 09:32:36:  41000000 
INFO  @ Mon, 11 Mar 2024 09:32:40:  42000000 
INFO  @ Mon, 11 Mar 2024 09:32:43:  43000000 
INFO  @ Mon, 11 Mar 2024 09:32:46:  44000000 
INFO  @ Mon, 11 Mar 2024 09:32:50:  45000000 
INFO  @ Mon, 11 Mar 2024 09:32:53:  46000000 
INFO  @ Mon, 11 Mar 2024 09:32:56:  47000000 
INFO  @ Mon, 11 Mar 2024 09:33:00:  48000000 
INFO  @ Mon, 11 Mar 2024 09:33:03:  49000000 
INFO  @ Mon, 11 Mar 2024 09:33:06:  50000000 
INFO  @ Mon, 11 Mar 2024 09:33:10:  51000000 
INFO  @ Mon, 11 Mar 2024 09:33:13:  52000000 
INFO  @ Mon, 11 Mar 2024 09:33:16:  53000000 
INFO  @ Mon, 11 Mar 2024 09:33:20:  54000000 
INFO  @ Mon, 11 Mar 2024 09:33:23:  55000000 
INFO  @ Mon, 11 Mar 2024 09:33:26:  56000000 
INFO  @ Mon, 11 Mar 2024 09:33:30:  57000000 
INFO  @ Mon, 11 Mar 2024 09:33:33:  58000000 
INFO  @ Mon, 11 Mar 2024 09:33:36:  59000000 
INFO  @ Mon, 11 Mar 2024 09:33:40:  60000000 
INFO  @ Mon, 11 Mar 2024 09:33:43:  61000000 
INFO  @ Mon, 11 Mar 2024 09:33:46:  62000000 
INFO  @ Mon, 11 Mar 2024 09:33:50:  63000000 
INFO  @ Mon, 11 Mar 2024 09:33:53:  64000000 
INFO  @ Mon, 11 Mar 2024 09:33:56:  65000000 
INFO  @ Mon, 11 Mar 2024 09:33:59:  66000000 
INFO  @ Mon, 11 Mar 2024 09:34:03:  67000000 
INFO  @ Mon, 11 Mar 2024 09:34:06:  68000000 
INFO  @ Mon, 11 Mar 2024 09:34:09:  69000000 
INFO  @ Mon, 11 Mar 2024 09:34:13:  70000000 
INFO  @ Mon, 11 Mar 2024 09:34:16:  71000000 
INFO  @ Mon, 11 Mar 2024 09:34:19:  72000000 
INFO  @ Mon, 11 Mar 2024 09:34:23:  73000000 
INFO  @ Mon, 11 Mar 2024 09:34:26:  74000000 
INFO  @ Mon, 11 Mar 2024 09:34:29:  75000000 
INFO  @ Mon, 11 Mar 2024 09:34:33:  76000000 
INFO  @ Mon, 11 Mar 2024 09:34:36:  77000000 
INFO  @ Mon, 11 Mar 2024 09:34:39:  78000000 
INFO  @ Mon, 11 Mar 2024 09:34:43:  79000000 
INFO  @ Mon, 11 Mar 2024 09:34:46:  80000000 
INFO  @ Mon, 11 Mar 2024 09:34:49:  81000000 
INFO  @ Mon, 11 Mar 2024 09:34:53:  82000000 
INFO  @ Mon, 11 Mar 2024 09:34:56:  83000000 
INFO  @ Mon, 11 Mar 2024 09:34:59:  84000000 
INFO  @ Mon, 11 Mar 2024 09:35:03:  85000000 
INFO  @ Mon, 11 Mar 2024 09:35:06:  86000000 
INFO  @ Mon, 11 Mar 2024 09:35:09:  87000000 
INFO  @ Mon, 11 Mar 2024 09:35:13:  88000000 
INFO  @ Mon, 11 Mar 2024 09:35:16:  89000000 
INFO  @ Mon, 11 Mar 2024 09:35:20:  90000000 
INFO  @ Mon, 11 Mar 2024 09:35:23:  91000000 
INFO  @ Mon, 11 Mar 2024 09:35:26:  92000000 
INFO  @ Mon, 11 Mar 2024 09:35:30:  93000000 
INFO  @ Mon, 11 Mar 2024 09:35:33:  94000000 
INFO  @ Mon, 11 Mar 2024 09:35:36:  95000000 
INFO  @ Mon, 11 Mar 2024 09:35:39:  96000000 
INFO  @ Mon, 11 Mar 2024 09:35:43:  97000000 
INFO  @ Mon, 11 Mar 2024 09:35:46:  98000000 
INFO  @ Mon, 11 Mar 2024 09:35:49:  99000000 
INFO  @ Mon, 11 Mar 2024 09:35:53:  100000000 
INFO  @ Mon, 11 Mar 2024 09:35:56:  101000000 
INFO  @ Mon, 11 Mar 2024 09:35:59:  102000000 
INFO  @ Mon, 11 Mar 2024 09:36:03:  103000000 
INFO  @ Mon, 11 Mar 2024 09:36:06:  104000000 
INFO  @ Mon, 11 Mar 2024 09:36:09:  105000000 
INFO  @ Mon, 11 Mar 2024 09:36:13:  106000000 
INFO  @ Mon, 11 Mar 2024 09:36:16:  107000000 
INFO  @ Mon, 11 Mar 2024 09:36:19:  108000000 
INFO  @ Mon, 11 Mar 2024 09:36:23:  109000000 
INFO  @ Mon, 11 Mar 2024 09:36:26:  110000000 
INFO  @ Mon, 11 Mar 2024 09:36:29:  111000000 
INFO  @ Mon, 11 Mar 2024 09:36:32:  112000000 
INFO  @ Mon, 11 Mar 2024 09:36:36:  113000000 
INFO  @ Mon, 11 Mar 2024 09:36:39:  114000000 
INFO  @ Mon, 11 Mar 2024 09:36:42:  115000000 
INFO  @ Mon, 11 Mar 2024 09:36:46:  116000000 
INFO  @ Mon, 11 Mar 2024 09:36:49:  117000000 
INFO  @ Mon, 11 Mar 2024 09:36:52:  118000000 
INFO  @ Mon, 11 Mar 2024 09:36:56:  119000000 
INFO  @ Mon, 11 Mar 2024 09:36:59:  120000000 
INFO  @ Mon, 11 Mar 2024 09:37:02:  121000000 
INFO  @ Mon, 11 Mar 2024 09:37:06:  122000000 
INFO  @ Mon, 11 Mar 2024 09:37:08: 122663465 fragments have been read. 
INFO  @ Mon, 11 Mar 2024 09:38:40: #1 mean fragment size is determined as 171.1 bp from treatment 
INFO  @ Mon, 11 Mar 2024 09:38:40: #1 fragment size = 171.1 
INFO  @ Mon, 11 Mar 2024 09:38:40: #1  total fragments in treatment: 122663465 
INFO  @ Mon, 11 Mar 2024 09:38:40: #1 finished! 
INFO  @ Mon, 11 Mar 2024 09:38:40: #2 Build Peak Model... 
INFO  @ Mon, 11 Mar 2024 09:38:40: #2 Skipped... 
INFO  @ Mon, 11 Mar 2024 09:38:40: #3 Call peaks... 
INFO  @ Mon, 11 Mar 2024 09:38:40: #3 Pre-compute pvalue-qvalue table... 
INFO  @ Mon, 11 Mar 2024 09:44:50: #3 In the peak calling step, the following will be performed simultaneously: 
INFO  @ Mon, 11 Mar 2024 09:44:50: #3   Write bedGraph files for treatment pileup (after scaling if necessary)... ./BG_treat_pileup.bdg 
INFO  @ Mon, 11 Mar 2024 09:44:50: #3   Write bedGraph files for control lambda (after scaling if necessary)... ./BG_control_lambda.bdg 
INFO  @ Mon, 11 Mar 2024 09:44:50: #3   Pileup will be based on sequencing depth in treatment. 
INFO  @ Mon, 11 Mar 2024 09:44:50: #3 Call peaks for each chromosome... 
INFO  @ Mon, 11 Mar 2024 09:50:04: #4 Write output xls file... ./BG_peaks.xls 
INFO  @ Mon, 11 Mar 2024 09:50:05: #4 Write peak in narrowPeak format file... ./BG_peaks.narrowPeak 
INFO  @ Mon, 11 Mar 2024 09:50:05: #4 Write summits bed file... ./BG_summits.bed 
INFO  @ Mon, 11 Mar 2024 09:50:05: Done! 
